{"C:\\Users\\loren\\OneDrive\\Desktop\\PoliTo\\SoftwareEngineering2\\Lab\\SolidarityPurchasingGroup\\SoftwareEngineering\\server\\app.js": {"path":"C:\\Users\\loren\\OneDrive\\Desktop\\PoliTo\\SoftwareEngineering2\\Lab\\SolidarityPurchasingGroup\\SoftwareEngineering\\server\\app.js","statementMap":{"0":{"start":{"line":1,"column":0},"end":{"line":830,"column":2}},"1":{"start":{"line":2,"column":22},"end":{"line":2,"column":55}},"2":{"start":{"line":3,"column":20},"end":{"line":3,"column":46}},"3":{"start":{"line":5,"column":17},"end":{"line":5,"column":34}},"4":{"start":{"line":8,"column":45},"end":{"line":8,"column":73}},"5":{"start":{"line":10,"column":18},"end":{"line":10,"column":36}},"6":{"start":{"line":11,"column":17},"end":{"line":11,"column":34}},"7":{"start":{"line":12,"column":19},"end":{"line":12,"column":38}},"8":{"start":{"line":13,"column":24},"end":{"line":13,"column":58}},"9":{"start":{"line":14,"column":18},"end":{"line":14,"column":44}},"10":{"start":{"line":15,"column":20},"end":{"line":15,"column":44}},"11":{"start":{"line":16,"column":22},"end":{"line":16,"column":50}},"12":{"start":{"line":18,"column":18},"end":{"line":18,"column":42}},"13":{"start":{"line":20,"column":2},"end":{"line":30,"column":4}},"14":{"start":{"line":22,"column":6},"end":{"line":28,"column":9}},"15":{"start":{"line":23,"column":8},"end":{"line":26,"column":13}},"16":{"start":{"line":24,"column":10},"end":{"line":26,"column":13}},"17":{"start":{"line":27,"column":8},"end":{"line":27,"column":32}},"18":{"start":{"line":32,"column":2},"end":{"line":34,"column":5}},"19":{"start":{"line":33,"column":4},"end":{"line":33,"column":24}},"20":{"start":{"line":36,"column":2},"end":{"line":45,"column":5}},"21":{"start":{"line":37,"column":4},"end":{"line":44,"column":9}},"22":{"start":{"line":40,"column":8},"end":{"line":40,"column":25}},"23":{"start":{"line":43,"column":8},"end":{"line":43,"column":24}},"24":{"start":{"line":48,"column":2},"end":{"line":48,"column":25}},"25":{"start":{"line":49,"column":2},"end":{"line":49,"column":26}},"26":{"start":{"line":52,"column":2},"end":{"line":58,"column":4}},"27":{"start":{"line":61,"column":2},"end":{"line":61,"column":33}},"28":{"start":{"line":62,"column":2},"end":{"line":62,"column":30}},"29":{"start":{"line":64,"column":19},"end":{"line":73,"column":3}},"30":{"start":{"line":65,"column":4},"end":{"line":68,"column":5}},"31":{"start":{"line":67,"column":6},"end":{"line":67,"column":20}},"32":{"start":{"line":69,"column":4},"end":{"line":71,"column":5}},"33":{"start":{"line":70,"column":6},"end":{"line":70,"column":20}},"34":{"start":{"line":72,"column":4},"end":{"line":72,"column":64}},"35":{"start":{"line":75,"column":21},"end":{"line":83,"column":3}},"36":{"start":{"line":76,"column":4},"end":{"line":78,"column":5}},"37":{"start":{"line":77,"column":6},"end":{"line":77,"column":20}},"38":{"start":{"line":79,"column":4},"end":{"line":81,"column":5}},"39":{"start":{"line":80,"column":6},"end":{"line":80,"column":20}},"40":{"start":{"line":82,"column":4},"end":{"line":82,"column":66}},"41":{"start":{"line":85,"column":20},"end":{"line":93,"column":3}},"42":{"start":{"line":86,"column":4},"end":{"line":88,"column":5}},"43":{"start":{"line":87,"column":6},"end":{"line":87,"column":20}},"44":{"start":{"line":89,"column":4},"end":{"line":91,"column":5}},"45":{"start":{"line":90,"column":6},"end":{"line":90,"column":20}},"46":{"start":{"line":92,"column":4},"end":{"line":92,"column":66}},"47":{"start":{"line":96,"column":21},"end":{"line":103,"column":3}},"48":{"start":{"line":97,"column":4},"end":{"line":99,"column":5}},"49":{"start":{"line":98,"column":6},"end":{"line":98,"column":20}},"50":{"start":{"line":100,"column":4},"end":{"line":100,"column":45}},"51":{"start":{"line":100,"column":31},"end":{"line":100,"column":45}},"52":{"start":{"line":102,"column":4},"end":{"line":102,"column":64}},"53":{"start":{"line":105,"column":25},"end":{"line":108,"column":3}},"54":{"start":{"line":107,"column":4},"end":{"line":107,"column":43}},"55":{"start":{"line":112,"column":2},"end":{"line":128,"column":5}},"56":{"start":{"line":113,"column":4},"end":{"line":127,"column":23}},"57":{"start":{"line":114,"column":6},"end":{"line":114,"column":32}},"58":{"start":{"line":114,"column":15},"end":{"line":114,"column":32}},"59":{"start":{"line":115,"column":6},"end":{"line":118,"column":7}},"60":{"start":{"line":117,"column":8},"end":{"line":117,"column":42}},"61":{"start":{"line":120,"column":6},"end":{"line":126,"column":9}},"62":{"start":{"line":121,"column":8},"end":{"line":121,"column":34}},"63":{"start":{"line":121,"column":17},"end":{"line":121,"column":34}},"64":{"start":{"line":125,"column":8},"end":{"line":125,"column":34}},"65":{"start":{"line":131,"column":2},"end":{"line":134,"column":5}},"66":{"start":{"line":132,"column":4},"end":{"line":132,"column":17}},"67":{"start":{"line":133,"column":4},"end":{"line":133,"column":14}},"68":{"start":{"line":137,"column":2},"end":{"line":141,"column":5}},"69":{"start":{"line":138,"column":4},"end":{"line":140,"column":68}},"70":{"start":{"line":139,"column":6},"end":{"line":139,"column":37}},"71":{"start":{"line":140,"column":11},"end":{"line":140,"column":68}},"72":{"start":{"line":146,"column":2},"end":{"line":154,"column":5}},"73":{"start":{"line":147,"column":4},"end":{"line":153,"column":5}},"74":{"start":{"line":149,"column":27},"end":{"line":149,"column":64}},"75":{"start":{"line":150,"column":6},"end":{"line":150,"column":41}},"76":{"start":{"line":152,"column":6},"end":{"line":152,"column":28}},"77":{"start":{"line":157,"column":2},"end":{"line":175,"column":5}},"78":{"start":{"line":158,"column":4},"end":{"line":174,"column":5}},"79":{"start":{"line":160,"column":23},"end":{"line":160,"column":44}},"80":{"start":{"line":163,"column":6},"end":{"line":171,"column":7}},"81":{"start":{"line":164,"column":8},"end":{"line":164,"column":30}},"82":{"start":{"line":167,"column":23},"end":{"line":167,"column":68}},"83":{"start":{"line":170,"column":8},"end":{"line":170,"column":37}},"84":{"start":{"line":173,"column":6},"end":{"line":173,"column":28}},"85":{"start":{"line":178,"column":2},"end":{"line":212,"column":5}},"86":{"start":{"line":179,"column":4},"end":{"line":211,"column":5}},"87":{"start":{"line":181,"column":26},"end":{"line":181,"column":28}},"88":{"start":{"line":184,"column":21},"end":{"line":184,"column":54}},"89":{"start":{"line":187,"column":6},"end":{"line":206,"column":7}},"90":{"start":{"line":187,"column":19},"end":{"line":187,"column":20}},"91":{"start":{"line":189,"column":24},"end":{"line":189,"column":36}},"92":{"start":{"line":192,"column":20},"end":{"line":192,"column":64}},"93":{"start":{"line":195,"column":22},"end":{"line":202,"column":9}},"94":{"start":{"line":205,"column":8},"end":{"line":205,"column":32}},"95":{"start":{"line":208,"column":6},"end":{"line":208,"column":40}},"96":{"start":{"line":210,"column":6},"end":{"line":210,"column":28}},"97":{"start":{"line":218,"column":2},"end":{"line":298,"column":4}},"98":{"start":{"line":247,"column":21},"end":{"line":247,"column":42}},"99":{"start":{"line":249,"column":6},"end":{"line":251,"column":7}},"100":{"start":{"line":250,"column":8},"end":{"line":250,"column":64}},"101":{"start":{"line":254,"column":6},"end":{"line":296,"column":7}},"102":{"start":{"line":256,"column":26},"end":{"line":263,"column":9}},"103":{"start":{"line":266,"column":25},"end":{"line":266,"column":75}},"104":{"start":{"line":271,"column":26},"end":{"line":271,"column":44}},"105":{"start":{"line":274,"column":8},"end":{"line":291,"column":9}},"106":{"start":{"line":276,"column":10},"end":{"line":290,"column":11}},"107":{"start":{"line":276,"column":23},"end":{"line":276,"column":24}},"108":{"start":{"line":277,"column":23},"end":{"line":277,"column":35}},"109":{"start":{"line":279,"column":29},"end":{"line":284,"column":13}},"110":{"start":{"line":286,"column":12},"end":{"line":286,"column":55}},"111":{"start":{"line":293,"column":8},"end":{"line":293,"column":52}},"112":{"start":{"line":295,"column":8},"end":{"line":295,"column":30}},"113":{"start":{"line":301,"column":2},"end":{"line":383,"column":4}},"114":{"start":{"line":329,"column":21},"end":{"line":329,"column":42}},"115":{"start":{"line":330,"column":6},"end":{"line":330,"column":42}},"116":{"start":{"line":331,"column":6},"end":{"line":331,"column":26}},"117":{"start":{"line":333,"column":6},"end":{"line":336,"column":7}},"118":{"start":{"line":334,"column":8},"end":{"line":334,"column":32}},"119":{"start":{"line":335,"column":8},"end":{"line":335,"column":64}},"120":{"start":{"line":339,"column":6},"end":{"line":381,"column":7}},"121":{"start":{"line":341,"column":26},"end":{"line":348,"column":9}},"122":{"start":{"line":351,"column":25},"end":{"line":351,"column":75}},"123":{"start":{"line":356,"column":26},"end":{"line":356,"column":44}},"124":{"start":{"line":359,"column":8},"end":{"line":376,"column":9}},"125":{"start":{"line":361,"column":10},"end":{"line":375,"column":11}},"126":{"start":{"line":361,"column":23},"end":{"line":361,"column":24}},"127":{"start":{"line":362,"column":23},"end":{"line":362,"column":35}},"128":{"start":{"line":364,"column":29},"end":{"line":369,"column":13}},"129":{"start":{"line":371,"column":12},"end":{"line":371,"column":55}},"130":{"start":{"line":378,"column":8},"end":{"line":378,"column":52}},"131":{"start":{"line":380,"column":8},"end":{"line":380,"column":30}},"132":{"start":{"line":390,"column":2},"end":{"line":410,"column":4}},"133":{"start":{"line":396,"column":21},"end":{"line":396,"column":42}},"134":{"start":{"line":397,"column":6},"end":{"line":399,"column":7}},"135":{"start":{"line":398,"column":8},"end":{"line":398,"column":64}},"136":{"start":{"line":400,"column":6},"end":{"line":408,"column":7}},"137":{"start":{"line":401,"column":19},"end":{"line":401,"column":32}},"138":{"start":{"line":402,"column":21},"end":{"line":402,"column":59}},"139":{"start":{"line":403,"column":8},"end":{"line":403,"column":44}},"140":{"start":{"line":405,"column":8},"end":{"line":407,"column":63}},"141":{"start":{"line":413,"column":2},"end":{"line":420,"column":5}},"142":{"start":{"line":414,"column":4},"end":{"line":419,"column":5}},"143":{"start":{"line":415,"column":27},"end":{"line":415,"column":61}},"144":{"start":{"line":416,"column":6},"end":{"line":416,"column":41}},"145":{"start":{"line":418,"column":6},"end":{"line":418,"column":28}},"146":{"start":{"line":422,"column":2},"end":{"line":443,"column":4}},"147":{"start":{"line":428,"column":21},"end":{"line":428,"column":42}},"148":{"start":{"line":429,"column":6},"end":{"line":431,"column":7}},"149":{"start":{"line":430,"column":8},"end":{"line":430,"column":64}},"150":{"start":{"line":432,"column":6},"end":{"line":441,"column":7}},"151":{"start":{"line":433,"column":19},"end":{"line":433,"column":32}},"152":{"start":{"line":434,"column":22},"end":{"line":434,"column":38}},"153":{"start":{"line":436,"column":21},"end":{"line":436,"column":74}},"154":{"start":{"line":437,"column":8},"end":{"line":437,"column":44}},"155":{"start":{"line":439,"column":8},"end":{"line":439,"column":26}},"156":{"start":{"line":440,"column":8},"end":{"line":440,"column":80}},"157":{"start":{"line":448,"column":2},"end":{"line":466,"column":5}},"158":{"start":{"line":450,"column":21},"end":{"line":450,"column":48}},"159":{"start":{"line":451,"column":4},"end":{"line":465,"column":5}},"160":{"start":{"line":452,"column":6},"end":{"line":457,"column":44}},"161":{"start":{"line":455,"column":10},"end":{"line":455,"column":29}},"162":{"start":{"line":457,"column":21},"end":{"line":457,"column":42}},"163":{"start":{"line":459,"column":6},"end":{"line":464,"column":44}},"164":{"start":{"line":462,"column":10},"end":{"line":462,"column":29}},"165":{"start":{"line":464,"column":21},"end":{"line":464,"column":42}},"166":{"start":{"line":471,"column":2},"end":{"line":494,"column":4}},"167":{"start":{"line":479,"column":21},"end":{"line":479,"column":42}},"168":{"start":{"line":480,"column":6},"end":{"line":481,"column":64}},"169":{"start":{"line":481,"column":8},"end":{"line":481,"column":64}},"170":{"start":{"line":483,"column":22},"end":{"line":483,"column":30}},"171":{"start":{"line":484,"column":6},"end":{"line":492,"column":7}},"172":{"start":{"line":485,"column":21},"end":{"line":485,"column":74}},"173":{"start":{"line":486,"column":8},"end":{"line":486,"column":44}},"174":{"start":{"line":488,"column":8},"end":{"line":488,"column":25}},"175":{"start":{"line":489,"column":8},"end":{"line":491,"column":11}},"176":{"start":{"line":497,"column":2},"end":{"line":514,"column":4}},"177":{"start":{"line":502,"column":6},"end":{"line":512,"column":7}},"178":{"start":{"line":503,"column":25},"end":{"line":503,"column":38}},"179":{"start":{"line":505,"column":8},"end":{"line":505,"column":30}},"180":{"start":{"line":507,"column":20},"end":{"line":507,"column":69}},"181":{"start":{"line":509,"column":8},"end":{"line":509,"column":34}},"182":{"start":{"line":511,"column":8},"end":{"line":511,"column":30}},"183":{"start":{"line":516,"column":2},"end":{"line":523,"column":5}},"184":{"start":{"line":517,"column":4},"end":{"line":522,"column":5}},"185":{"start":{"line":518,"column":18},"end":{"line":518,"column":52}},"186":{"start":{"line":519,"column":6},"end":{"line":519,"column":32}},"187":{"start":{"line":521,"column":6},"end":{"line":521,"column":28}},"188":{"start":{"line":526,"column":2},"end":{"line":605,"column":4}},"189":{"start":{"line":548,"column":21},"end":{"line":548,"column":42}},"190":{"start":{"line":550,"column":6},"end":{"line":552,"column":7}},"191":{"start":{"line":551,"column":8},"end":{"line":551,"column":64}},"192":{"start":{"line":554,"column":6},"end":{"line":603,"column":7}},"193":{"start":{"line":556,"column":29},"end":{"line":569,"column":9}},"194":{"start":{"line":557,"column":10},"end":{"line":565,"column":11}},"195":{"start":{"line":559,"column":25},"end":{"line":559,"column":57}},"196":{"start":{"line":562,"column":12},"end":{"line":562,"column":53}},"197":{"start":{"line":564,"column":12},"end":{"line":564,"column":31}},"198":{"start":{"line":568,"column":10},"end":{"line":568,"column":22}},"199":{"start":{"line":571,"column":25},"end":{"line":571,"column":62}},"200":{"start":{"line":573,"column":8},"end":{"line":600,"column":9}},"201":{"start":{"line":575,"column":31},"end":{"line":578,"column":11}},"202":{"start":{"line":581,"column":30},"end":{"line":584,"column":11}},"203":{"start":{"line":587,"column":27},"end":{"line":592,"column":11}},"204":{"start":{"line":595,"column":26},"end":{"line":595,"column":71}},"205":{"start":{"line":597,"column":10},"end":{"line":597,"column":52}},"206":{"start":{"line":599,"column":10},"end":{"line":599,"column":32}},"207":{"start":{"line":602,"column":8},"end":{"line":602,"column":30}},"208":{"start":{"line":612,"column":29},"end":{"line":629,"column":3}},"209":{"start":{"line":631,"column":2},"end":{"line":657,"column":5}},"210":{"start":{"line":636,"column":19},"end":{"line":636,"column":40}},"211":{"start":{"line":637,"column":4},"end":{"line":641,"column":5}},"212":{"start":{"line":638,"column":6},"end":{"line":640,"column":9}},"213":{"start":{"line":642,"column":4},"end":{"line":656,"column":9}},"214":{"start":{"line":645,"column":8},"end":{"line":652,"column":13}},"215":{"start":{"line":648,"column":12},"end":{"line":648,"column":53}},"216":{"start":{"line":651,"column":12},"end":{"line":651,"column":40}},"217":{"start":{"line":655,"column":8},"end":{"line":655,"column":47}},"218":{"start":{"line":659,"column":2},"end":{"line":669,"column":5}},"219":{"start":{"line":661,"column":4},"end":{"line":668,"column":9}},"220":{"start":{"line":664,"column":8},"end":{"line":664,"column":39}},"221":{"start":{"line":667,"column":8},"end":{"line":667,"column":43}},"222":{"start":{"line":676,"column":2},"end":{"line":711,"column":4}},"223":{"start":{"line":681,"column":6},"end":{"line":709,"column":7}},"224":{"start":{"line":682,"column":23},"end":{"line":682,"column":56}},"225":{"start":{"line":685,"column":26},"end":{"line":685,"column":60}},"226":{"start":{"line":687,"column":26},"end":{"line":702,"column":10}},"227":{"start":{"line":688,"column":25},"end":{"line":690,"column":11}},"228":{"start":{"line":689,"column":26},"end":{"line":689,"column":58}},"229":{"start":{"line":691,"column":10},"end":{"line":701,"column":12}},"230":{"start":{"line":703,"column":8},"end":{"line":705,"column":10}},"231":{"start":{"line":704,"column":21},"end":{"line":704,"column":55}},"232":{"start":{"line":706,"column":8},"end":{"line":706,"column":42}},"233":{"start":{"line":708,"column":8},"end":{"line":708,"column":30}},"234":{"start":{"line":717,"column":2},"end":{"line":736,"column":5}},"235":{"start":{"line":718,"column":4},"end":{"line":735,"column":5}},"236":{"start":{"line":720,"column":21},"end":{"line":720,"column":23}},"237":{"start":{"line":723,"column":21},"end":{"line":723,"column":73}},"238":{"start":{"line":726,"column":6},"end":{"line":730,"column":7}},"239":{"start":{"line":726,"column":19},"end":{"line":726,"column":20}},"240":{"start":{"line":727,"column":25},"end":{"line":727,"column":87}},"241":{"start":{"line":729,"column":8},"end":{"line":729,"column":86}},"242":{"start":{"line":732,"column":6},"end":{"line":732,"column":35}},"243":{"start":{"line":734,"column":6},"end":{"line":734,"column":28}},"244":{"start":{"line":738,"column":2},"end":{"line":753,"column":5}},"245":{"start":{"line":739,"column":19},"end":{"line":739,"column":40}},"246":{"start":{"line":740,"column":6},"end":{"line":741,"column":64}},"247":{"start":{"line":741,"column":8},"end":{"line":741,"column":64}},"248":{"start":{"line":743,"column":17},"end":{"line":743,"column":28}},"249":{"start":{"line":744,"column":6},"end":{"line":752,"column":7}},"250":{"start":{"line":745,"column":21},"end":{"line":745,"column":57}},"251":{"start":{"line":746,"column":8},"end":{"line":746,"column":44}},"252":{"start":{"line":748,"column":8},"end":{"line":748,"column":25}},"253":{"start":{"line":749,"column":8},"end":{"line":751,"column":11}},"254":{"start":{"line":759,"column":2},"end":{"line":793,"column":5}},"255":{"start":{"line":760,"column":4},"end":{"line":792,"column":5}},"256":{"start":{"line":762,"column":26},"end":{"line":762,"column":28}},"257":{"start":{"line":765,"column":21},"end":{"line":765,"column":56}},"258":{"start":{"line":768,"column":6},"end":{"line":788,"column":7}},"259":{"start":{"line":768,"column":19},"end":{"line":768,"column":20}},"260":{"start":{"line":770,"column":22},"end":{"line":770,"column":34}},"261":{"start":{"line":773,"column":20},"end":{"line":773,"column":68}},"262":{"start":{"line":776,"column":20},"end":{"line":785,"column":9}},"263":{"start":{"line":787,"column":8},"end":{"line":787,"column":32}},"264":{"start":{"line":789,"column":6},"end":{"line":789,"column":40}},"265":{"start":{"line":791,"column":6},"end":{"line":791,"column":28}},"266":{"start":{"line":796,"column":2},"end":{"line":829,"column":4}},"267":{"start":{"line":807,"column":21},"end":{"line":807,"column":42}},"268":{"start":{"line":808,"column":6},"end":{"line":812,"column":7}},"269":{"start":{"line":809,"column":8},"end":{"line":811,"column":11}},"270":{"start":{"line":813,"column":22},"end":{"line":813,"column":33}},"271":{"start":{"line":814,"column":6},"end":{"line":819,"column":7}},"272":{"start":{"line":815,"column":8},"end":{"line":817,"column":11}},"273":{"start":{"line":818,"column":8},"end":{"line":818,"column":15}},"274":{"start":{"line":821,"column":6},"end":{"line":827,"column":7}},"275":{"start":{"line":822,"column":21},"end":{"line":822,"column":72}},"276":{"start":{"line":823,"column":8},"end":{"line":823,"column":37}},"277":{"start":{"line":825,"column":8},"end":{"line":826,"column":35}},"278":{"start":{"line":825,"column":32},"end":{"line":825,"column":54}},"279":{"start":{"line":826,"column":13},"end":{"line":826,"column":35}}},"fnMap":{"0":{"name":"(anonymous_0)","decl":{"start":{"line":1,"column":17},"end":{"line":1,"column":18}},"loc":{"start":{"line":1,"column":46},"end":{"line":830,"column":1}},"line":1},"1":{"name":"(anonymous_1)","decl":{"start":{"line":21,"column":22},"end":{"line":21,"column":23}},"loc":{"start":{"line":21,"column":58},"end":{"line":29,"column":5}},"line":21},"2":{"name":"(anonymous_2)","decl":{"start":{"line":22,"column":51},"end":{"line":22,"column":52}},"loc":{"start":{"line":22,"column":61},"end":{"line":28,"column":7}},"line":22},"3":{"name":"(anonymous_3)","decl":{"start":{"line":32,"column":25},"end":{"line":32,"column":26}},"loc":{"start":{"line":32,"column":41},"end":{"line":34,"column":3}},"line":32},"4":{"name":"(anonymous_4)","decl":{"start":{"line":36,"column":27},"end":{"line":36,"column":28}},"loc":{"start":{"line":36,"column":41},"end":{"line":45,"column":3}},"line":36},"5":{"name":"(anonymous_5)","decl":{"start":{"line":39,"column":12},"end":{"line":39,"column":13}},"loc":{"start":{"line":39,"column":22},"end":{"line":41,"column":7}},"line":39},"6":{"name":"(anonymous_6)","decl":{"start":{"line":42,"column":13},"end":{"line":42,"column":14}},"loc":{"start":{"line":42,"column":22},"end":{"line":44,"column":7}},"line":42},"7":{"name":"(anonymous_7)","decl":{"start":{"line":64,"column":19},"end":{"line":64,"column":20}},"loc":{"start":{"line":64,"column":39},"end":{"line":73,"column":3}},"line":64},"8":{"name":"(anonymous_8)","decl":{"start":{"line":75,"column":21},"end":{"line":75,"column":22}},"loc":{"start":{"line":75,"column":41},"end":{"line":83,"column":3}},"line":75},"9":{"name":"(anonymous_9)","decl":{"start":{"line":85,"column":20},"end":{"line":85,"column":21}},"loc":{"start":{"line":85,"column":40},"end":{"line":93,"column":3}},"line":85},"10":{"name":"(anonymous_10)","decl":{"start":{"line":96,"column":21},"end":{"line":96,"column":22}},"loc":{"start":{"line":96,"column":41},"end":{"line":103,"column":3}},"line":96},"11":{"name":"(anonymous_11)","decl":{"start":{"line":105,"column":25},"end":{"line":105,"column":26}},"loc":{"start":{"line":105,"column":76},"end":{"line":108,"column":3}},"line":105},"12":{"name":"(anonymous_12)","decl":{"start":{"line":112,"column":28},"end":{"line":112,"column":29}},"loc":{"start":{"line":112,"column":54},"end":{"line":128,"column":3}},"line":112},"13":{"name":"(anonymous_13)","decl":{"start":{"line":113,"column":35},"end":{"line":113,"column":36}},"loc":{"start":{"line":113,"column":56},"end":{"line":127,"column":5}},"line":113},"14":{"name":"(anonymous_14)","decl":{"start":{"line":120,"column":22},"end":{"line":120,"column":23}},"loc":{"start":{"line":120,"column":31},"end":{"line":126,"column":7}},"line":120},"15":{"name":"(anonymous_15)","decl":{"start":{"line":131,"column":38},"end":{"line":131,"column":39}},"loc":{"start":{"line":131,"column":52},"end":{"line":134,"column":3}},"line":131},"16":{"name":"(anonymous_16)","decl":{"start":{"line":137,"column":35},"end":{"line":137,"column":36}},"loc":{"start":{"line":137,"column":49},"end":{"line":141,"column":3}},"line":137},"17":{"name":"(anonymous_17)","decl":{"start":{"line":146,"column":31},"end":{"line":146,"column":32}},"loc":{"start":{"line":146,"column":51},"end":{"line":154,"column":3}},"line":146},"18":{"name":"(anonymous_18)","decl":{"start":{"line":157,"column":29},"end":{"line":157,"column":30}},"loc":{"start":{"line":157,"column":49},"end":{"line":175,"column":3}},"line":157},"19":{"name":"(anonymous_19)","decl":{"start":{"line":178,"column":51},"end":{"line":178,"column":52}},"loc":{"start":{"line":178,"column":71},"end":{"line":212,"column":3}},"line":178},"20":{"name":"(anonymous_20)","decl":{"start":{"line":245,"column":4},"end":{"line":245,"column":5}},"loc":{"start":{"line":245,"column":24},"end":{"line":297,"column":5}},"line":245},"21":{"name":"(anonymous_21)","decl":{"start":{"line":327,"column":4},"end":{"line":327,"column":5}},"loc":{"start":{"line":327,"column":24},"end":{"line":382,"column":5}},"line":327},"22":{"name":"(anonymous_22)","decl":{"start":{"line":395,"column":4},"end":{"line":395,"column":5}},"loc":{"start":{"line":395,"column":24},"end":{"line":409,"column":5}},"line":395},"23":{"name":"(anonymous_23)","decl":{"start":{"line":413,"column":54},"end":{"line":413,"column":55}},"loc":{"start":{"line":413,"column":74},"end":{"line":420,"column":3}},"line":413},"24":{"name":"(anonymous_24)","decl":{"start":{"line":427,"column":4},"end":{"line":427,"column":5}},"loc":{"start":{"line":427,"column":24},"end":{"line":442,"column":5}},"line":427},"25":{"name":"(anonymous_25)","decl":{"start":{"line":448,"column":42},"end":{"line":448,"column":43}},"loc":{"start":{"line":448,"column":56},"end":{"line":466,"column":3}},"line":448},"26":{"name":"(anonymous_26)","decl":{"start":{"line":454,"column":14},"end":{"line":454,"column":15}},"loc":{"start":{"line":454,"column":28},"end":{"line":456,"column":9}},"line":454},"27":{"name":"(anonymous_27)","decl":{"start":{"line":457,"column":15},"end":{"line":457,"column":16}},"loc":{"start":{"line":457,"column":21},"end":{"line":457,"column":42}},"line":457},"28":{"name":"(anonymous_28)","decl":{"start":{"line":461,"column":14},"end":{"line":461,"column":15}},"loc":{"start":{"line":461,"column":28},"end":{"line":463,"column":9}},"line":461},"29":{"name":"(anonymous_29)","decl":{"start":{"line":464,"column":15},"end":{"line":464,"column":16}},"loc":{"start":{"line":464,"column":21},"end":{"line":464,"column":42}},"line":464},"30":{"name":"(anonymous_30)","decl":{"start":{"line":478,"column":4},"end":{"line":478,"column":5}},"loc":{"start":{"line":478,"column":24},"end":{"line":493,"column":5}},"line":478},"31":{"name":"(anonymous_31)","decl":{"start":{"line":501,"column":4},"end":{"line":501,"column":5}},"loc":{"start":{"line":501,"column":24},"end":{"line":513,"column":5}},"line":501},"32":{"name":"(anonymous_32)","decl":{"start":{"line":516,"column":53},"end":{"line":516,"column":54}},"loc":{"start":{"line":516,"column":73},"end":{"line":523,"column":3}},"line":516},"33":{"name":"(anonymous_33)","decl":{"start":{"line":546,"column":4},"end":{"line":546,"column":5}},"loc":{"start":{"line":546,"column":24},"end":{"line":604,"column":5}},"line":546},"34":{"name":"(anonymous_34)","decl":{"start":{"line":556,"column":29},"end":{"line":556,"column":30}},"loc":{"start":{"line":556,"column":66},"end":{"line":569,"column":9}},"line":556},"35":{"name":"(anonymous_35)","decl":{"start":{"line":631,"column":58},"end":{"line":631,"column":59}},"loc":{"start":{"line":631,"column":72},"end":{"line":657,"column":3}},"line":631},"36":{"name":"(anonymous_36)","decl":{"start":{"line":644,"column":12},"end":{"line":644,"column":13}},"loc":{"start":{"line":644,"column":18},"end":{"line":653,"column":7}},"line":644},"37":{"name":"(anonymous_37)","decl":{"start":{"line":647,"column":16},"end":{"line":647,"column":17}},"loc":{"start":{"line":647,"column":22},"end":{"line":649,"column":11}},"line":647},"38":{"name":"(anonymous_38)","decl":{"start":{"line":650,"column":17},"end":{"line":650,"column":18}},"loc":{"start":{"line":650,"column":28},"end":{"line":652,"column":11}},"line":650},"39":{"name":"(anonymous_39)","decl":{"start":{"line":654,"column":13},"end":{"line":654,"column":14}},"loc":{"start":{"line":654,"column":24},"end":{"line":656,"column":7}},"line":654},"40":{"name":"(anonymous_40)","decl":{"start":{"line":659,"column":44},"end":{"line":659,"column":45}},"loc":{"start":{"line":659,"column":58},"end":{"line":669,"column":3}},"line":659},"41":{"name":"(anonymous_41)","decl":{"start":{"line":663,"column":12},"end":{"line":663,"column":13}},"loc":{"start":{"line":663,"column":26},"end":{"line":665,"column":7}},"line":663},"42":{"name":"(anonymous_42)","decl":{"start":{"line":666,"column":13},"end":{"line":666,"column":14}},"loc":{"start":{"line":666,"column":24},"end":{"line":668,"column":7}},"line":666},"43":{"name":"(anonymous_43)","decl":{"start":{"line":680,"column":4},"end":{"line":680,"column":5}},"loc":{"start":{"line":680,"column":24},"end":{"line":710,"column":5}},"line":680},"44":{"name":"(anonymous_44)","decl":{"start":{"line":687,"column":37},"end":{"line":687,"column":38}},"loc":{"start":{"line":687,"column":48},"end":{"line":702,"column":9}},"line":687},"45":{"name":"(anonymous_45)","decl":{"start":{"line":689,"column":12},"end":{"line":689,"column":13}},"loc":{"start":{"line":689,"column":26},"end":{"line":689,"column":58}},"line":689},"46":{"name":"(anonymous_46)","decl":{"start":{"line":704,"column":10},"end":{"line":704,"column":11}},"loc":{"start":{"line":704,"column":21},"end":{"line":704,"column":55}},"line":704},"47":{"name":"(anonymous_47)","decl":{"start":{"line":717,"column":35},"end":{"line":717,"column":36}},"loc":{"start":{"line":717,"column":55},"end":{"line":736,"column":3}},"line":717},"48":{"name":"(anonymous_48)","decl":{"start":{"line":738,"column":56},"end":{"line":738,"column":57}},"loc":{"start":{"line":738,"column":76},"end":{"line":753,"column":3}},"line":738},"49":{"name":"(anonymous_49)","decl":{"start":{"line":759,"column":52},"end":{"line":759,"column":53}},"loc":{"start":{"line":759,"column":72},"end":{"line":793,"column":3}},"line":759},"50":{"name":"(anonymous_50)","decl":{"start":{"line":803,"column":4},"end":{"line":803,"column":5}},"loc":{"start":{"line":803,"column":24},"end":{"line":828,"column":5}},"line":803}},"branchMap":{"0":{"loc":{"start":{"line":23,"column":8},"end":{"line":26,"column":13}},"type":"if","locations":[{"start":{"line":23,"column":8},"end":{"line":26,"column":13}},{"start":{},"end":{}}],"line":23},"1":{"loc":{"start":{"line":65,"column":4},"end":{"line":68,"column":5}},"type":"if","locations":[{"start":{"line":65,"column":4},"end":{"line":68,"column":5}},{"start":{},"end":{}}],"line":65},"2":{"loc":{"start":{"line":69,"column":4},"end":{"line":71,"column":5}},"type":"if","locations":[{"start":{"line":69,"column":4},"end":{"line":71,"column":5}},{"start":{},"end":{}}],"line":69},"3":{"loc":{"start":{"line":76,"column":4},"end":{"line":78,"column":5}},"type":"if","locations":[{"start":{"line":76,"column":4},"end":{"line":78,"column":5}},{"start":{},"end":{}}],"line":76},"4":{"loc":{"start":{"line":79,"column":4},"end":{"line":81,"column":5}},"type":"if","locations":[{"start":{"line":79,"column":4},"end":{"line":81,"column":5}},{"start":{},"end":{}}],"line":79},"5":{"loc":{"start":{"line":86,"column":4},"end":{"line":88,"column":5}},"type":"if","locations":[{"start":{"line":86,"column":4},"end":{"line":88,"column":5}},{"start":{},"end":{}}],"line":86},"6":{"loc":{"start":{"line":89,"column":4},"end":{"line":91,"column":5}},"type":"if","locations":[{"start":{"line":89,"column":4},"end":{"line":91,"column":5}},{"start":{},"end":{}}],"line":89},"7":{"loc":{"start":{"line":97,"column":4},"end":{"line":99,"column":5}},"type":"if","locations":[{"start":{"line":97,"column":4},"end":{"line":99,"column":5}},{"start":{},"end":{}}],"line":97},"8":{"loc":{"start":{"line":100,"column":4},"end":{"line":100,"column":45}},"type":"if","locations":[{"start":{"line":100,"column":4},"end":{"line":100,"column":45}},{"start":{},"end":{}}],"line":100},"9":{"loc":{"start":{"line":114,"column":6},"end":{"line":114,"column":32}},"type":"if","locations":[{"start":{"line":114,"column":6},"end":{"line":114,"column":32}},{"start":{},"end":{}}],"line":114},"10":{"loc":{"start":{"line":115,"column":6},"end":{"line":118,"column":7}},"type":"if","locations":[{"start":{"line":115,"column":6},"end":{"line":118,"column":7}},{"start":{},"end":{}}],"line":115},"11":{"loc":{"start":{"line":121,"column":8},"end":{"line":121,"column":34}},"type":"if","locations":[{"start":{"line":121,"column":8},"end":{"line":121,"column":34}},{"start":{},"end":{}}],"line":121},"12":{"loc":{"start":{"line":138,"column":4},"end":{"line":140,"column":68}},"type":"if","locations":[{"start":{"line":138,"column":4},"end":{"line":140,"column":68}},{"start":{"line":140,"column":11},"end":{"line":140,"column":68}}],"line":138},"13":{"loc":{"start":{"line":163,"column":6},"end":{"line":171,"column":7}},"type":"if","locations":[{"start":{"line":163,"column":6},"end":{"line":171,"column":7}},{"start":{"line":165,"column":13},"end":{"line":171,"column":7}}],"line":163},"14":{"loc":{"start":{"line":249,"column":6},"end":{"line":251,"column":7}},"type":"if","locations":[{"start":{"line":249,"column":6},"end":{"line":251,"column":7}},{"start":{},"end":{}}],"line":249},"15":{"loc":{"start":{"line":274,"column":8},"end":{"line":291,"column":9}},"type":"if","locations":[{"start":{"line":274,"column":8},"end":{"line":291,"column":9}},{"start":{},"end":{}}],"line":274},"16":{"loc":{"start":{"line":333,"column":6},"end":{"line":336,"column":7}},"type":"if","locations":[{"start":{"line":333,"column":6},"end":{"line":336,"column":7}},{"start":{},"end":{}}],"line":333},"17":{"loc":{"start":{"line":359,"column":8},"end":{"line":376,"column":9}},"type":"if","locations":[{"start":{"line":359,"column":8},"end":{"line":376,"column":9}},{"start":{},"end":{}}],"line":359},"18":{"loc":{"start":{"line":397,"column":6},"end":{"line":399,"column":7}},"type":"if","locations":[{"start":{"line":397,"column":6},"end":{"line":399,"column":7}},{"start":{},"end":{}}],"line":397},"19":{"loc":{"start":{"line":429,"column":6},"end":{"line":431,"column":7}},"type":"if","locations":[{"start":{"line":429,"column":6},"end":{"line":431,"column":7}},{"start":{},"end":{}}],"line":429},"20":{"loc":{"start":{"line":451,"column":4},"end":{"line":465,"column":5}},"type":"if","locations":[{"start":{"line":451,"column":4},"end":{"line":465,"column":5}},{"start":{"line":458,"column":11},"end":{"line":465,"column":5}}],"line":451},"21":{"loc":{"start":{"line":480,"column":6},"end":{"line":481,"column":64}},"type":"if","locations":[{"start":{"line":480,"column":6},"end":{"line":481,"column":64}},{"start":{},"end":{}}],"line":480},"22":{"loc":{"start":{"line":550,"column":6},"end":{"line":552,"column":7}},"type":"if","locations":[{"start":{"line":550,"column":6},"end":{"line":552,"column":7}},{"start":{},"end":{}}],"line":550},"23":{"loc":{"start":{"line":556,"column":46},"end":{"line":556,"column":61}},"type":"default-arg","locations":[{"start":{"line":556,"column":59},"end":{"line":556,"column":61}}],"line":556},"24":{"loc":{"start":{"line":573,"column":8},"end":{"line":600,"column":9}},"type":"if","locations":[{"start":{"line":573,"column":8},"end":{"line":600,"column":9}},{"start":{"line":598,"column":15},"end":{"line":600,"column":9}}],"line":573},"25":{"loc":{"start":{"line":637,"column":4},"end":{"line":641,"column":5}},"type":"if","locations":[{"start":{"line":637,"column":4},"end":{"line":641,"column":5}},{"start":{},"end":{}}],"line":637},"26":{"loc":{"start":{"line":740,"column":6},"end":{"line":741,"column":64}},"type":"if","locations":[{"start":{"line":740,"column":6},"end":{"line":741,"column":64}},{"start":{},"end":{}}],"line":740},"27":{"loc":{"start":{"line":808,"column":6},"end":{"line":812,"column":7}},"type":"if","locations":[{"start":{"line":808,"column":6},"end":{"line":812,"column":7}},{"start":{},"end":{}}],"line":808},"28":{"loc":{"start":{"line":814,"column":6},"end":{"line":819,"column":7}},"type":"if","locations":[{"start":{"line":814,"column":6},"end":{"line":819,"column":7}},{"start":{},"end":{}}],"line":814},"29":{"loc":{"start":{"line":825,"column":8},"end":{"line":826,"column":35}},"type":"if","locations":[{"start":{"line":825,"column":8},"end":{"line":826,"column":35}},{"start":{"line":826,"column":13},"end":{"line":826,"column":35}}],"line":825}},"s":{"0":1,"1":1,"2":1,"3":1,"4":1,"5":1,"6":1,"7":1,"8":1,"9":1,"10":1,"11":1,"12":1,"13":1,"14":0,"15":0,"16":0,"17":0,"18":1,"19":0,"20":1,"21":0,"22":0,"23":0,"24":1,"25":1,"26":1,"27":1,"28":1,"29":1,"30":12,"31":12,"32":0,"33":0,"34":0,"35":1,"36":12,"37":12,"38":0,"39":0,"40":0,"41":1,"42":0,"43":0,"44":0,"45":0,"46":0,"47":1,"48":1,"49":1,"50":0,"51":0,"52":0,"53":1,"54":0,"55":1,"56":0,"57":0,"58":0,"59":0,"60":0,"61":0,"62":0,"63":0,"64":0,"65":1,"66":0,"67":0,"68":1,"69":0,"70":0,"71":0,"72":1,"73":2,"74":2,"75":2,"76":0,"77":1,"78":2,"79":2,"80":2,"81":1,"82":1,"83":1,"84":0,"85":1,"86":1,"87":1,"88":1,"89":1,"90":1,"91":1,"92":1,"93":1,"94":1,"95":1,"96":0,"97":1,"98":6,"99":6,"100":5,"101":1,"102":1,"103":1,"104":1,"105":1,"106":1,"107":1,"108":1,"109":1,"110":1,"111":1,"112":0,"113":1,"114":0,"115":0,"116":0,"117":0,"118":0,"119":0,"120":0,"121":0,"122":0,"123":0,"124":0,"125":0,"126":0,"127":0,"128":0,"129":0,"130":0,"131":0,"132":1,"133":2,"134":2,"135":1,"136":1,"137":1,"138":1,"139":1,"140":0,"141":1,"142":1,"143":1,"144":0,"145":0,"146":1,"147":0,"148":0,"149":0,"150":0,"151":0,"152":0,"153":0,"154":0,"155":0,"156":0,"157":1,"158":0,"159":0,"160":0,"161":0,"162":0,"163":0,"164":0,"165":0,"166":1,"167":3,"168":3,"169":2,"170":1,"171":1,"172":1,"173":1,"174":0,"175":0,"176":1,"177":1,"178":1,"179":1,"180":1,"181":1,"182":0,"183":1,"184":0,"185":0,"186":0,"187":0,"188":1,"189":0,"190":0,"191":0,"192":0,"193":0,"194":0,"195":0,"196":0,"197":0,"198":0,"199":0,"200":0,"201":0,"202":0,"203":0,"204":0,"205":0,"206":0,"207":0,"208":1,"209":1,"210":6,"211":6,"212":5,"213":1,"214":1,"215":1,"216":0,"217":0,"218":1,"219":1,"220":0,"221":0,"222":1,"223":1,"224":1,"225":1,"226":1,"227":1,"228":1,"229":1,"230":0,"231":0,"232":0,"233":1,"234":1,"235":0,"236":0,"237":0,"238":0,"239":0,"240":0,"241":0,"242":0,"243":0,"244":1,"245":0,"246":0,"247":0,"248":0,"249":0,"250":0,"251":0,"252":0,"253":0,"254":1,"255":0,"256":0,"257":0,"258":0,"259":0,"260":0,"261":0,"262":0,"263":0,"264":0,"265":0,"266":1,"267":0,"268":0,"269":0,"270":0,"271":0,"272":0,"273":0,"274":0,"275":0,"276":0,"277":0,"278":0,"279":0},"f":{"0":1,"1":0,"2":0,"3":0,"4":0,"5":0,"6":0,"7":12,"8":12,"9":0,"10":1,"11":0,"12":0,"13":0,"14":0,"15":0,"16":0,"17":2,"18":2,"19":1,"20":6,"21":0,"22":2,"23":1,"24":0,"25":0,"26":0,"27":0,"28":0,"29":0,"30":3,"31":1,"32":0,"33":0,"34":0,"35":6,"36":1,"37":1,"38":0,"39":0,"40":1,"41":0,"42":0,"43":1,"44":1,"45":1,"46":0,"47":0,"48":0,"49":0,"50":0},"b":{"0":[0,0],"1":[12,0],"2":[0,0],"3":[12,0],"4":[0,0],"5":[0,0],"6":[0,0],"7":[1,0],"8":[0,0],"9":[0,0],"10":[0,0],"11":[0,0],"12":[0,0],"13":[1,1],"14":[5,1],"15":[1,0],"16":[0,0],"17":[0,0],"18":[1,1],"19":[0,0],"20":[0,0],"21":[2,1],"22":[0,0],"23":[0],"24":[0,0],"25":[5,1],"26":[0,0],"27":[0,0],"28":[0,0],"29":[0,0]},"_coverageSchema":"1a1c01bbd47fc00a2c39e90264f33305004495a9","hash":"b9b75f724c0cb89cc56609d5f7cc77f1e60edb9e"}
,"C:\\Users\\loren\\OneDrive\\Desktop\\PoliTo\\SoftwareEngineering2\\Lab\\SolidarityPurchasingGroup\\SoftwareEngineering\\server\\dbTest.js": {"path":"C:\\Users\\loren\\OneDrive\\Desktop\\PoliTo\\SoftwareEngineering2\\Lab\\SolidarityPurchasingGroup\\SoftwareEngineering\\server\\dbTest.js","statementMap":{"0":{"start":{"line":2,"column":15},"end":{"line":2,"column":33}},"1":{"start":{"line":4,"column":15},"end":{"line":6,"column":2}},"2":{"start":{"line":5,"column":2},"end":{"line":5,"column":25}},"3":{"start":{"line":5,"column":13},"end":{"line":5,"column":25}},"4":{"start":{"line":8,"column":0},"end":{"line":8,"column":24}}},"fnMap":{"0":{"name":"(anonymous_0)","decl":{"start":{"line":4,"column":48},"end":{"line":4,"column":49}},"loc":{"start":{"line":4,"column":59},"end":{"line":6,"column":1}},"line":4}},"branchMap":{"0":{"loc":{"start":{"line":5,"column":2},"end":{"line":5,"column":25}},"type":"if","locations":[{"start":{"line":5,"column":2},"end":{"line":5,"column":25}},{"start":{},"end":{}}],"line":5}},"s":{"0":1,"1":1,"2":1,"3":0,"4":1},"f":{"0":1},"b":{"0":[0,1]},"_coverageSchema":"1a1c01bbd47fc00a2c39e90264f33305004495a9","hash":"b165964b12f25a235e6ee38bfe85960a3a3131d7"}
,"C:\\Users\\loren\\OneDrive\\Desktop\\PoliTo\\SoftwareEngineering2\\Lab\\SolidarityPurchasingGroup\\SoftwareEngineering\\server\\Dao\\customerDao.js": {"path":"C:\\Users\\loren\\OneDrive\\Desktop\\PoliTo\\SoftwareEngineering2\\Lab\\SolidarityPurchasingGroup\\SoftwareEngineering\\server\\Dao\\customerDao.js","statementMap":{"0":{"start":{"line":4,"column":0},"end":{"line":21,"column":2}},"1":{"start":{"line":5,"column":2},"end":{"line":20,"column":5}},"2":{"start":{"line":6,"column":16},"end":{"line":6,"column":53}},"3":{"start":{"line":7,"column":4},"end":{"line":19,"column":7}},"4":{"start":{"line":8,"column":6},"end":{"line":11,"column":7}},"5":{"start":{"line":9,"column":8},"end":{"line":9,"column":20}},"6":{"start":{"line":10,"column":8},"end":{"line":10,"column":15}},"7":{"start":{"line":12,"column":6},"end":{"line":18,"column":7}},"8":{"start":{"line":14,"column":8},"end":{"line":14,"column":50}},"9":{"start":{"line":17,"column":8},"end":{"line":17,"column":22}},"10":{"start":{"line":24,"column":0},"end":{"line":41,"column":2}},"11":{"start":{"line":25,"column":2},"end":{"line":40,"column":5}},"12":{"start":{"line":27,"column":6},"end":{"line":27,"column":109}},"13":{"start":{"line":28,"column":4},"end":{"line":28,"column":28}},"14":{"start":{"line":29,"column":4},"end":{"line":39,"column":6}},"15":{"start":{"line":33,"column":8},"end":{"line":36,"column":9}},"16":{"start":{"line":34,"column":10},"end":{"line":34,"column":22}},"17":{"start":{"line":35,"column":10},"end":{"line":35,"column":17}},"18":{"start":{"line":37,"column":8},"end":{"line":37,"column":29}}},"fnMap":{"0":{"name":"(anonymous_0)","decl":{"start":{"line":4,"column":30},"end":{"line":4,"column":31}},"loc":{"start":{"line":4,"column":42},"end":{"line":21,"column":1}},"line":4},"1":{"name":"(anonymous_1)","decl":{"start":{"line":5,"column":21},"end":{"line":5,"column":22}},"loc":{"start":{"line":5,"column":42},"end":{"line":20,"column":3}},"line":5},"2":{"name":"(anonymous_2)","decl":{"start":{"line":7,"column":22},"end":{"line":7,"column":23}},"loc":{"start":{"line":7,"column":37},"end":{"line":19,"column":5}},"line":7},"3":{"name":"(anonymous_3)","decl":{"start":{"line":24,"column":28},"end":{"line":24,"column":29}},"loc":{"start":{"line":24,"column":43},"end":{"line":41,"column":1}},"line":24},"4":{"name":"(anonymous_4)","decl":{"start":{"line":25,"column":21},"end":{"line":25,"column":22}},"loc":{"start":{"line":25,"column":42},"end":{"line":40,"column":3}},"line":25},"5":{"name":"(anonymous_5)","decl":{"start":{"line":32,"column":6},"end":{"line":32,"column":7}},"loc":{"start":{"line":32,"column":21},"end":{"line":38,"column":7}},"line":32}},"branchMap":{"0":{"loc":{"start":{"line":8,"column":6},"end":{"line":11,"column":7}},"type":"if","locations":[{"start":{"line":8,"column":6},"end":{"line":11,"column":7}},{"start":{},"end":{}}],"line":8},"1":{"loc":{"start":{"line":12,"column":6},"end":{"line":18,"column":7}},"type":"if","locations":[{"start":{"line":12,"column":6},"end":{"line":18,"column":7}},{"start":{"line":15,"column":13},"end":{"line":18,"column":7}}],"line":12},"2":{"loc":{"start":{"line":12,"column":10},"end":{"line":12,"column":47}},"type":"binary-expr","locations":[{"start":{"line":12,"column":10},"end":{"line":12,"column":26}},{"start":{"line":12,"column":30},"end":{"line":12,"column":47}}],"line":12},"3":{"loc":{"start":{"line":33,"column":8},"end":{"line":36,"column":9}},"type":"if","locations":[{"start":{"line":33,"column":8},"end":{"line":36,"column":9}},{"start":{},"end":{}}],"line":33}},"s":{"0":1,"1":3,"2":3,"3":3,"4":2,"5":0,"6":0,"7":2,"8":2,"9":0,"10":1,"11":0,"12":0,"13":0,"14":0,"15":0,"16":0,"17":0,"18":0},"f":{"0":3,"1":3,"2":2,"3":0,"4":0,"5":0},"b":{"0":[0,2],"1":[2,0],"2":[2,0],"3":[0,0]},"_coverageSchema":"1a1c01bbd47fc00a2c39e90264f33305004495a9","hash":"fe3ff4b9e373473892559e13aad93c6e6f9201de"}
,"C:\\Users\\loren\\OneDrive\\Desktop\\PoliTo\\SoftwareEngineering2\\Lab\\SolidarityPurchasingGroup\\SoftwareEngineering\\server\\Dao\\dbusers.js": {"path":"C:\\Users\\loren\\OneDrive\\Desktop\\PoliTo\\SoftwareEngineering2\\Lab\\SolidarityPurchasingGroup\\SoftwareEngineering\\server\\Dao\\dbusers.js","statementMap":{"0":{"start":{"line":4,"column":15},"end":{"line":4,"column":32}},"1":{"start":{"line":6,"column":0},"end":{"line":23,"column":2}},"2":{"start":{"line":7,"column":2},"end":{"line":22,"column":5}},"3":{"start":{"line":8,"column":16},"end":{"line":8,"column":50}},"4":{"start":{"line":9,"column":4},"end":{"line":21,"column":7}},"5":{"start":{"line":10,"column":6},"end":{"line":20,"column":7}},"6":{"start":{"line":10,"column":15},"end":{"line":10,"column":27}},"7":{"start":{"line":11,"column":11},"end":{"line":20,"column":7}},"8":{"start":{"line":11,"column":34},"end":{"line":11,"column":73}},"9":{"start":{"line":13,"column":21},"end":{"line":18,"column":9}},"10":{"start":{"line":19,"column":8},"end":{"line":19,"column":22}},"11":{"start":{"line":25,"column":0},"end":{"line":52,"column":2}},"12":{"start":{"line":26,"column":2},"end":{"line":51,"column":5}},"13":{"start":{"line":27,"column":16},"end":{"line":27,"column":56}},"14":{"start":{"line":28,"column":4},"end":{"line":50,"column":7}},"15":{"start":{"line":29,"column":6},"end":{"line":49,"column":7}},"16":{"start":{"line":29,"column":15},"end":{"line":29,"column":27}},"17":{"start":{"line":30,"column":11},"end":{"line":49,"column":7}},"18":{"start":{"line":31,"column":8},"end":{"line":31,"column":44}},"19":{"start":{"line":33,"column":8},"end":{"line":33,"column":23}},"20":{"start":{"line":35,"column":22},"end":{"line":40,"column":9}},"21":{"start":{"line":41,"column":8},"end":{"line":41,"column":27}},"22":{"start":{"line":42,"column":8},"end":{"line":48,"column":11}},"23":{"start":{"line":43,"column":10},"end":{"line":47,"column":30}},"24":{"start":{"line":45,"column":12},"end":{"line":45,"column":27}},"25":{"start":{"line":47,"column":15},"end":{"line":47,"column":30}}},"fnMap":{"0":{"name":"(anonymous_0)","decl":{"start":{"line":6,"column":22},"end":{"line":6,"column":23}},"loc":{"start":{"line":6,"column":34},"end":{"line":23,"column":1}},"line":6},"1":{"name":"(anonymous_1)","decl":{"start":{"line":7,"column":21},"end":{"line":7,"column":22}},"loc":{"start":{"line":7,"column":42},"end":{"line":22,"column":3}},"line":7},"2":{"name":"(anonymous_2)","decl":{"start":{"line":9,"column":22},"end":{"line":9,"column":23}},"loc":{"start":{"line":9,"column":36},"end":{"line":21,"column":5}},"line":9},"3":{"name":"(anonymous_3)","decl":{"start":{"line":25,"column":18},"end":{"line":25,"column":19}},"loc":{"start":{"line":25,"column":46},"end":{"line":52,"column":1}},"line":25},"4":{"name":"(anonymous_4)","decl":{"start":{"line":26,"column":21},"end":{"line":26,"column":22}},"loc":{"start":{"line":26,"column":42},"end":{"line":51,"column":3}},"line":26},"5":{"name":"(anonymous_5)","decl":{"start":{"line":28,"column":28},"end":{"line":28,"column":29}},"loc":{"start":{"line":28,"column":42},"end":{"line":50,"column":5}},"line":28},"6":{"name":"(anonymous_6)","decl":{"start":{"line":42,"column":48},"end":{"line":42,"column":49}},"loc":{"start":{"line":42,"column":60},"end":{"line":48,"column":9}},"line":42}},"branchMap":{"0":{"loc":{"start":{"line":10,"column":6},"end":{"line":20,"column":7}},"type":"if","locations":[{"start":{"line":10,"column":6},"end":{"line":20,"column":7}},{"start":{"line":11,"column":11},"end":{"line":20,"column":7}}],"line":10},"1":{"loc":{"start":{"line":11,"column":11},"end":{"line":20,"column":7}},"type":"if","locations":[{"start":{"line":11,"column":11},"end":{"line":20,"column":7}},{"start":{"line":12,"column":11},"end":{"line":20,"column":7}}],"line":11},"2":{"loc":{"start":{"line":29,"column":6},"end":{"line":49,"column":7}},"type":"if","locations":[{"start":{"line":29,"column":6},"end":{"line":49,"column":7}},{"start":{"line":30,"column":11},"end":{"line":49,"column":7}}],"line":29},"3":{"loc":{"start":{"line":30,"column":11},"end":{"line":49,"column":7}},"type":"if","locations":[{"start":{"line":30,"column":11},"end":{"line":49,"column":7}},{"start":{"line":34,"column":13},"end":{"line":49,"column":7}}],"line":30},"4":{"loc":{"start":{"line":43,"column":10},"end":{"line":47,"column":30}},"type":"if","locations":[{"start":{"line":43,"column":10},"end":{"line":47,"column":30}},{"start":{"line":47,"column":15},"end":{"line":47,"column":30}}],"line":43}},"s":{"0":1,"1":1,"2":0,"3":0,"4":0,"5":0,"6":0,"7":0,"8":0,"9":0,"10":0,"11":1,"12":0,"13":0,"14":0,"15":0,"16":0,"17":0,"18":0,"19":0,"20":0,"21":0,"22":0,"23":0,"24":0,"25":0},"f":{"0":0,"1":0,"2":0,"3":0,"4":0,"5":0,"6":0},"b":{"0":[0,0],"1":[0,0],"2":[0,0],"3":[0,0],"4":[0,0]},"_coverageSchema":"1a1c01bbd47fc00a2c39e90264f33305004495a9","hash":"1f38302615697abd640a867ceda240d24d20cfaa"}
,"C:\\Users\\loren\\OneDrive\\Desktop\\PoliTo\\SoftwareEngineering2\\Lab\\SolidarityPurchasingGroup\\SoftwareEngineering\\server\\Dao\\employeeDBAccess.js": {"path":"C:\\Users\\loren\\OneDrive\\Desktop\\PoliTo\\SoftwareEngineering2\\Lab\\SolidarityPurchasingGroup\\SoftwareEngineering\\server\\Dao\\employeeDBAccess.js","statementMap":{"0":{"start":{"line":5,"column":0},"end":{"line":24,"column":2}},"1":{"start":{"line":6,"column":2},"end":{"line":23,"column":5}},"2":{"start":{"line":8,"column":16},"end":{"line":8,"column":148}},"3":{"start":{"line":9,"column":4},"end":{"line":22,"column":7}},"4":{"start":{"line":10,"column":6},"end":{"line":13,"column":7}},"5":{"start":{"line":11,"column":8},"end":{"line":11,"column":20}},"6":{"start":{"line":12,"column":8},"end":{"line":12,"column":15}},"7":{"start":{"line":14,"column":24},"end":{"line":20,"column":9}},"8":{"start":{"line":14,"column":41},"end":{"line":20,"column":7}},"9":{"start":{"line":21,"column":6},"end":{"line":21,"column":25}},"10":{"start":{"line":27,"column":0},"end":{"line":49,"column":2}},"11":{"start":{"line":28,"column":2},"end":{"line":48,"column":5}},"12":{"start":{"line":31,"column":6},"end":{"line":31,"column":77}},"13":{"start":{"line":33,"column":4},"end":{"line":47,"column":7}},"14":{"start":{"line":34,"column":6},"end":{"line":37,"column":7}},"15":{"start":{"line":35,"column":8},"end":{"line":35,"column":20}},"16":{"start":{"line":36,"column":8},"end":{"line":36,"column":15}},"17":{"start":{"line":38,"column":23},"end":{"line":45,"column":9}},"18":{"start":{"line":38,"column":40},"end":{"line":45,"column":7}},"19":{"start":{"line":46,"column":6},"end":{"line":46,"column":24}},"20":{"start":{"line":52,"column":0},"end":{"line":87,"column":2}},"21":{"start":{"line":53,"column":2},"end":{"line":86,"column":5}},"22":{"start":{"line":55,"column":16},"end":{"line":55,"column":51}},"23":{"start":{"line":58,"column":4},"end":{"line":85,"column":7}},"24":{"start":{"line":60,"column":6},"end":{"line":65,"column":7}},"25":{"start":{"line":62,"column":8},"end":{"line":62,"column":20}},"26":{"start":{"line":64,"column":8},"end":{"line":64,"column":15}},"27":{"start":{"line":68,"column":22},"end":{"line":72,"column":9}},"28":{"start":{"line":68,"column":39},"end":{"line":72,"column":7}},"29":{"start":{"line":75,"column":6},"end":{"line":84,"column":7}},"30":{"start":{"line":76,"column":23},"end":{"line":76,"column":33}},"31":{"start":{"line":79,"column":8},"end":{"line":79,"column":24}},"32":{"start":{"line":81,"column":8},"end":{"line":83,"column":11}},"33":{"start":{"line":90,"column":0},"end":{"line":118,"column":2}},"34":{"start":{"line":91,"column":2},"end":{"line":117,"column":5}},"35":{"start":{"line":93,"column":16},"end":{"line":93,"column":60}},"36":{"start":{"line":96,"column":4},"end":{"line":116,"column":7}},"37":{"start":{"line":98,"column":6},"end":{"line":103,"column":7}},"38":{"start":{"line":100,"column":8},"end":{"line":100,"column":20}},"39":{"start":{"line":102,"column":8},"end":{"line":102,"column":15}},"40":{"start":{"line":106,"column":20},"end":{"line":112,"column":9}},"41":{"start":{"line":106,"column":37},"end":{"line":112,"column":7}},"42":{"start":{"line":115,"column":6},"end":{"line":115,"column":21}},"43":{"start":{"line":121,"column":0},"end":{"line":149,"column":2}},"44":{"start":{"line":122,"column":2},"end":{"line":148,"column":5}},"45":{"start":{"line":124,"column":16},"end":{"line":124,"column":43}},"46":{"start":{"line":127,"column":4},"end":{"line":147,"column":7}},"47":{"start":{"line":129,"column":6},"end":{"line":134,"column":7}},"48":{"start":{"line":131,"column":8},"end":{"line":131,"column":20}},"49":{"start":{"line":133,"column":8},"end":{"line":133,"column":15}},"50":{"start":{"line":137,"column":21},"end":{"line":143,"column":9}},"51":{"start":{"line":137,"column":38},"end":{"line":143,"column":7}},"52":{"start":{"line":144,"column":6},"end":{"line":144,"column":26}},"53":{"start":{"line":146,"column":6},"end":{"line":146,"column":22}},"54":{"start":{"line":151,"column":0},"end":{"line":172,"column":2}},"55":{"start":{"line":152,"column":2},"end":{"line":171,"column":5}},"56":{"start":{"line":153,"column":16},"end":{"line":153,"column":40}},"57":{"start":{"line":155,"column":4},"end":{"line":170,"column":7}},"58":{"start":{"line":156,"column":6},"end":{"line":159,"column":7}},"59":{"start":{"line":157,"column":8},"end":{"line":157,"column":20}},"60":{"start":{"line":158,"column":8},"end":{"line":158,"column":15}},"61":{"start":{"line":161,"column":24},"end":{"line":168,"column":9}},"62":{"start":{"line":161,"column":41},"end":{"line":168,"column":7}},"63":{"start":{"line":169,"column":6},"end":{"line":169,"column":25}},"64":{"start":{"line":174,"column":0},"end":{"line":186,"column":2}},"65":{"start":{"line":175,"column":2},"end":{"line":185,"column":5}},"66":{"start":{"line":176,"column":16},"end":{"line":176,"column":61}},"67":{"start":{"line":178,"column":4},"end":{"line":184,"column":7}},"68":{"start":{"line":179,"column":6},"end":{"line":182,"column":7}},"69":{"start":{"line":180,"column":8},"end":{"line":180,"column":20}},"70":{"start":{"line":181,"column":8},"end":{"line":181,"column":15}},"71":{"start":{"line":183,"column":6},"end":{"line":183,"column":18}},"72":{"start":{"line":188,"column":0},"end":{"line":200,"column":2}},"73":{"start":{"line":189,"column":2},"end":{"line":199,"column":5}},"74":{"start":{"line":190,"column":16},"end":{"line":190,"column":63}},"75":{"start":{"line":192,"column":4},"end":{"line":198,"column":7}},"76":{"start":{"line":193,"column":6},"end":{"line":196,"column":7}},"77":{"start":{"line":194,"column":8},"end":{"line":194,"column":20}},"78":{"start":{"line":195,"column":8},"end":{"line":195,"column":15}},"79":{"start":{"line":197,"column":6},"end":{"line":197,"column":18}},"80":{"start":{"line":203,"column":0},"end":{"line":231,"column":2}},"81":{"start":{"line":204,"column":2},"end":{"line":230,"column":5}},"82":{"start":{"line":206,"column":16},"end":{"line":206,"column":43}},"83":{"start":{"line":209,"column":4},"end":{"line":229,"column":7}},"84":{"start":{"line":211,"column":6},"end":{"line":216,"column":7}},"85":{"start":{"line":213,"column":8},"end":{"line":213,"column":20}},"86":{"start":{"line":215,"column":8},"end":{"line":215,"column":15}},"87":{"start":{"line":219,"column":21},"end":{"line":225,"column":9}},"88":{"start":{"line":219,"column":38},"end":{"line":225,"column":7}},"89":{"start":{"line":228,"column":6},"end":{"line":228,"column":22}},"90":{"start":{"line":234,"column":0},"end":{"line":262,"column":2}},"91":{"start":{"line":235,"column":2},"end":{"line":261,"column":5}},"92":{"start":{"line":237,"column":16},"end":{"line":237,"column":56}},"93":{"start":{"line":240,"column":4},"end":{"line":260,"column":7}},"94":{"start":{"line":242,"column":6},"end":{"line":247,"column":7}},"95":{"start":{"line":244,"column":8},"end":{"line":244,"column":20}},"96":{"start":{"line":246,"column":8},"end":{"line":246,"column":15}},"97":{"start":{"line":250,"column":21},"end":{"line":256,"column":9}},"98":{"start":{"line":250,"column":38},"end":{"line":256,"column":7}},"99":{"start":{"line":259,"column":6},"end":{"line":259,"column":22}},"100":{"start":{"line":265,"column":0},"end":{"line":282,"column":2}},"101":{"start":{"line":266,"column":2},"end":{"line":281,"column":5}},"102":{"start":{"line":268,"column":6},"end":{"line":268,"column":109}},"103":{"start":{"line":269,"column":4},"end":{"line":269,"column":28}},"104":{"start":{"line":270,"column":4},"end":{"line":280,"column":6}},"105":{"start":{"line":274,"column":8},"end":{"line":277,"column":9}},"106":{"start":{"line":275,"column":10},"end":{"line":275,"column":22}},"107":{"start":{"line":276,"column":10},"end":{"line":276,"column":17}},"108":{"start":{"line":278,"column":8},"end":{"line":278,"column":29}},"109":{"start":{"line":285,"column":0},"end":{"line":302,"column":2}},"110":{"start":{"line":286,"column":2},"end":{"line":301,"column":5}},"111":{"start":{"line":288,"column":6},"end":{"line":288,"column":84}},"112":{"start":{"line":290,"column":4},"end":{"line":300,"column":6}},"113":{"start":{"line":294,"column":8},"end":{"line":297,"column":9}},"114":{"start":{"line":295,"column":10},"end":{"line":295,"column":22}},"115":{"start":{"line":296,"column":10},"end":{"line":296,"column":17}},"116":{"start":{"line":298,"column":8},"end":{"line":298,"column":29}},"117":{"start":{"line":305,"column":0},"end":{"line":330,"column":2}},"118":{"start":{"line":306,"column":2},"end":{"line":329,"column":5}},"119":{"start":{"line":308,"column":16},"end":{"line":308,"column":56}},"120":{"start":{"line":311,"column":4},"end":{"line":328,"column":7}},"121":{"start":{"line":313,"column":6},"end":{"line":318,"column":7}},"122":{"start":{"line":315,"column":8},"end":{"line":315,"column":20}},"123":{"start":{"line":317,"column":8},"end":{"line":317,"column":15}},"124":{"start":{"line":320,"column":6},"end":{"line":320,"column":36}},"125":{"start":{"line":323,"column":6},"end":{"line":327,"column":7}},"126":{"start":{"line":324,"column":8},"end":{"line":324,"column":35}},"127":{"start":{"line":326,"column":8},"end":{"line":326,"column":36}},"128":{"start":{"line":335,"column":0},"end":{"line":349,"column":2}},"129":{"start":{"line":336,"column":2},"end":{"line":348,"column":5}},"130":{"start":{"line":337,"column":16},"end":{"line":337,"column":77}},"131":{"start":{"line":339,"column":24},"end":{"line":339,"column":25}},"132":{"start":{"line":341,"column":4},"end":{"line":347,"column":7}},"133":{"start":{"line":342,"column":6},"end":{"line":345,"column":7}},"134":{"start":{"line":343,"column":8},"end":{"line":343,"column":20}},"135":{"start":{"line":344,"column":8},"end":{"line":344,"column":15}},"136":{"start":{"line":346,"column":6},"end":{"line":346,"column":27}},"137":{"start":{"line":352,"column":0},"end":{"line":369,"column":2}},"138":{"start":{"line":353,"column":2},"end":{"line":368,"column":5}},"139":{"start":{"line":355,"column":6},"end":{"line":355,"column":74}},"140":{"start":{"line":357,"column":4},"end":{"line":367,"column":6}},"141":{"start":{"line":361,"column":8},"end":{"line":364,"column":9}},"142":{"start":{"line":362,"column":10},"end":{"line":362,"column":22}},"143":{"start":{"line":363,"column":10},"end":{"line":363,"column":17}},"144":{"start":{"line":365,"column":8},"end":{"line":365,"column":29}}},"fnMap":{"0":{"name":"(anonymous_0)","decl":{"start":{"line":5,"column":23},"end":{"line":5,"column":24}},"loc":{"start":{"line":5,"column":31},"end":{"line":24,"column":1}},"line":5},"1":{"name":"(anonymous_1)","decl":{"start":{"line":6,"column":21},"end":{"line":6,"column":22}},"loc":{"start":{"line":6,"column":42},"end":{"line":23,"column":3}},"line":6},"2":{"name":"(anonymous_2)","decl":{"start":{"line":9,"column":20},"end":{"line":9,"column":21}},"loc":{"start":{"line":9,"column":35},"end":{"line":22,"column":5}},"line":9},"3":{"name":"(anonymous_3)","decl":{"start":{"line":14,"column":33},"end":{"line":14,"column":34}},"loc":{"start":{"line":14,"column":41},"end":{"line":20,"column":7}},"line":14},"4":{"name":"(anonymous_4)","decl":{"start":{"line":27,"column":26},"end":{"line":27,"column":27}},"loc":{"start":{"line":27,"column":34},"end":{"line":49,"column":1}},"line":27},"5":{"name":"(anonymous_5)","decl":{"start":{"line":28,"column":21},"end":{"line":28,"column":22}},"loc":{"start":{"line":28,"column":42},"end":{"line":48,"column":3}},"line":28},"6":{"name":"(anonymous_6)","decl":{"start":{"line":33,"column":20},"end":{"line":33,"column":21}},"loc":{"start":{"line":33,"column":35},"end":{"line":47,"column":5}},"line":33},"7":{"name":"(anonymous_7)","decl":{"start":{"line":38,"column":32},"end":{"line":38,"column":33}},"loc":{"start":{"line":38,"column":40},"end":{"line":45,"column":7}},"line":38},"8":{"name":"(anonymous_8)","decl":{"start":{"line":52,"column":24},"end":{"line":52,"column":25}},"loc":{"start":{"line":52,"column":43},"end":{"line":87,"column":1}},"line":52},"9":{"name":"(anonymous_9)","decl":{"start":{"line":53,"column":21},"end":{"line":53,"column":22}},"loc":{"start":{"line":53,"column":42},"end":{"line":86,"column":3}},"line":53},"10":{"name":"(anonymous_10)","decl":{"start":{"line":58,"column":29},"end":{"line":58,"column":30}},"loc":{"start":{"line":58,"column":44},"end":{"line":85,"column":5}},"line":58},"11":{"name":"(anonymous_11)","decl":{"start":{"line":68,"column":31},"end":{"line":68,"column":32}},"loc":{"start":{"line":68,"column":39},"end":{"line":72,"column":7}},"line":68},"12":{"name":"(anonymous_12)","decl":{"start":{"line":90,"column":24},"end":{"line":90,"column":25}},"loc":{"start":{"line":90,"column":42},"end":{"line":118,"column":1}},"line":90},"13":{"name":"(anonymous_13)","decl":{"start":{"line":91,"column":21},"end":{"line":91,"column":22}},"loc":{"start":{"line":91,"column":42},"end":{"line":117,"column":3}},"line":91},"14":{"name":"(anonymous_14)","decl":{"start":{"line":96,"column":28},"end":{"line":96,"column":29}},"loc":{"start":{"line":96,"column":43},"end":{"line":116,"column":5}},"line":96},"15":{"name":"(anonymous_15)","decl":{"start":{"line":106,"column":29},"end":{"line":106,"column":30}},"loc":{"start":{"line":106,"column":37},"end":{"line":112,"column":7}},"line":106},"16":{"name":"(anonymous_16)","decl":{"start":{"line":121,"column":22},"end":{"line":121,"column":23}},"loc":{"start":{"line":121,"column":30},"end":{"line":149,"column":1}},"line":121},"17":{"name":"(anonymous_17)","decl":{"start":{"line":122,"column":21},"end":{"line":122,"column":22}},"loc":{"start":{"line":122,"column":42},"end":{"line":148,"column":3}},"line":122},"18":{"name":"(anonymous_18)","decl":{"start":{"line":127,"column":20},"end":{"line":127,"column":21}},"loc":{"start":{"line":127,"column":35},"end":{"line":147,"column":5}},"line":127},"19":{"name":"(anonymous_19)","decl":{"start":{"line":137,"column":30},"end":{"line":137,"column":31}},"loc":{"start":{"line":137,"column":38},"end":{"line":143,"column":7}},"line":137},"20":{"name":"(anonymous_20)","decl":{"start":{"line":151,"column":27},"end":{"line":151,"column":28}},"loc":{"start":{"line":151,"column":35},"end":{"line":172,"column":1}},"line":151},"21":{"name":"(anonymous_21)","decl":{"start":{"line":152,"column":21},"end":{"line":152,"column":22}},"loc":{"start":{"line":152,"column":42},"end":{"line":171,"column":3}},"line":152},"22":{"name":"(anonymous_22)","decl":{"start":{"line":155,"column":20},"end":{"line":155,"column":21}},"loc":{"start":{"line":155,"column":35},"end":{"line":170,"column":5}},"line":155},"23":{"name":"(anonymous_23)","decl":{"start":{"line":161,"column":33},"end":{"line":161,"column":34}},"loc":{"start":{"line":161,"column":41},"end":{"line":168,"column":7}},"line":161},"24":{"name":"(anonymous_24)","decl":{"start":{"line":174,"column":31},"end":{"line":174,"column":32}},"loc":{"start":{"line":174,"column":50},"end":{"line":186,"column":1}},"line":174},"25":{"name":"(anonymous_25)","decl":{"start":{"line":175,"column":21},"end":{"line":175,"column":22}},"loc":{"start":{"line":175,"column":42},"end":{"line":185,"column":3}},"line":175},"26":{"name":"(anonymous_26)","decl":{"start":{"line":178,"column":29},"end":{"line":178,"column":30}},"loc":{"start":{"line":178,"column":38},"end":{"line":184,"column":5}},"line":178},"27":{"name":"(anonymous_27)","decl":{"start":{"line":188,"column":23},"end":{"line":188,"column":24}},"loc":{"start":{"line":188,"column":35},"end":{"line":200,"column":1}},"line":188},"28":{"name":"(anonymous_28)","decl":{"start":{"line":189,"column":21},"end":{"line":189,"column":22}},"loc":{"start":{"line":189,"column":42},"end":{"line":199,"column":3}},"line":189},"29":{"name":"(anonymous_29)","decl":{"start":{"line":192,"column":35},"end":{"line":192,"column":36}},"loc":{"start":{"line":192,"column":44},"end":{"line":198,"column":5}},"line":192},"30":{"name":"(anonymous_30)","decl":{"start":{"line":203,"column":22},"end":{"line":203,"column":23}},"loc":{"start":{"line":203,"column":30},"end":{"line":231,"column":1}},"line":203},"31":{"name":"(anonymous_31)","decl":{"start":{"line":204,"column":21},"end":{"line":204,"column":22}},"loc":{"start":{"line":204,"column":42},"end":{"line":230,"column":3}},"line":204},"32":{"name":"(anonymous_32)","decl":{"start":{"line":209,"column":20},"end":{"line":209,"column":21}},"loc":{"start":{"line":209,"column":35},"end":{"line":229,"column":5}},"line":209},"33":{"name":"(anonymous_33)","decl":{"start":{"line":219,"column":30},"end":{"line":219,"column":31}},"loc":{"start":{"line":219,"column":38},"end":{"line":225,"column":7}},"line":219},"34":{"name":"(anonymous_34)","decl":{"start":{"line":234,"column":29},"end":{"line":234,"column":30}},"loc":{"start":{"line":234,"column":50},"end":{"line":262,"column":1}},"line":234},"35":{"name":"(anonymous_35)","decl":{"start":{"line":235,"column":21},"end":{"line":235,"column":22}},"loc":{"start":{"line":235,"column":42},"end":{"line":261,"column":3}},"line":235},"36":{"name":"(anonymous_36)","decl":{"start":{"line":240,"column":31},"end":{"line":240,"column":32}},"loc":{"start":{"line":240,"column":46},"end":{"line":260,"column":5}},"line":240},"37":{"name":"(anonymous_37)","decl":{"start":{"line":250,"column":30},"end":{"line":250,"column":31}},"loc":{"start":{"line":250,"column":38},"end":{"line":256,"column":7}},"line":250},"38":{"name":"(anonymous_38)","decl":{"start":{"line":265,"column":28},"end":{"line":265,"column":29}},"loc":{"start":{"line":265,"column":43},"end":{"line":282,"column":1}},"line":265},"39":{"name":"(anonymous_39)","decl":{"start":{"line":266,"column":21},"end":{"line":266,"column":22}},"loc":{"start":{"line":266,"column":42},"end":{"line":281,"column":3}},"line":266},"40":{"name":"(anonymous_40)","decl":{"start":{"line":273,"column":6},"end":{"line":273,"column":7}},"loc":{"start":{"line":273,"column":21},"end":{"line":279,"column":7}},"line":273},"41":{"name":"(anonymous_41)","decl":{"start":{"line":285,"column":26},"end":{"line":285,"column":27}},"loc":{"start":{"line":285,"column":40},"end":{"line":302,"column":1}},"line":285},"42":{"name":"(anonymous_42)","decl":{"start":{"line":286,"column":21},"end":{"line":286,"column":22}},"loc":{"start":{"line":286,"column":42},"end":{"line":301,"column":3}},"line":286},"43":{"name":"(anonymous_43)","decl":{"start":{"line":293,"column":6},"end":{"line":293,"column":7}},"loc":{"start":{"line":293,"column":21},"end":{"line":299,"column":7}},"line":293},"44":{"name":"(anonymous_44)","decl":{"start":{"line":305,"column":28},"end":{"line":305,"column":29}},"loc":{"start":{"line":305,"column":46},"end":{"line":330,"column":1}},"line":305},"45":{"name":"(anonymous_45)","decl":{"start":{"line":306,"column":21},"end":{"line":306,"column":22}},"loc":{"start":{"line":306,"column":42},"end":{"line":329,"column":3}},"line":306},"46":{"name":"(anonymous_46)","decl":{"start":{"line":311,"column":28},"end":{"line":311,"column":29}},"loc":{"start":{"line":311,"column":43},"end":{"line":328,"column":5}},"line":311},"47":{"name":"(anonymous_47)","decl":{"start":{"line":335,"column":28},"end":{"line":335,"column":29}},"loc":{"start":{"line":335,"column":46},"end":{"line":349,"column":1}},"line":335},"48":{"name":"(anonymous_48)","decl":{"start":{"line":336,"column":21},"end":{"line":336,"column":22}},"loc":{"start":{"line":336,"column":42},"end":{"line":348,"column":3}},"line":336},"49":{"name":"(anonymous_49)","decl":{"start":{"line":341,"column":64},"end":{"line":341,"column":65}},"loc":{"start":{"line":341,"column":79},"end":{"line":347,"column":5}},"line":341},"50":{"name":"(anonymous_50)","decl":{"start":{"line":352,"column":24},"end":{"line":352,"column":25}},"loc":{"start":{"line":352,"column":38},"end":{"line":369,"column":1}},"line":352},"51":{"name":"(anonymous_51)","decl":{"start":{"line":353,"column":21},"end":{"line":353,"column":22}},"loc":{"start":{"line":353,"column":42},"end":{"line":368,"column":3}},"line":353},"52":{"name":"(anonymous_52)","decl":{"start":{"line":360,"column":6},"end":{"line":360,"column":7}},"loc":{"start":{"line":360,"column":21},"end":{"line":366,"column":7}},"line":360}},"branchMap":{"0":{"loc":{"start":{"line":10,"column":6},"end":{"line":13,"column":7}},"type":"if","locations":[{"start":{"line":10,"column":6},"end":{"line":13,"column":7}},{"start":{},"end":{}}],"line":10},"1":{"loc":{"start":{"line":34,"column":6},"end":{"line":37,"column":7}},"type":"if","locations":[{"start":{"line":34,"column":6},"end":{"line":37,"column":7}},{"start":{},"end":{}}],"line":34},"2":{"loc":{"start":{"line":60,"column":6},"end":{"line":65,"column":7}},"type":"if","locations":[{"start":{"line":60,"column":6},"end":{"line":65,"column":7}},{"start":{},"end":{}}],"line":60},"3":{"loc":{"start":{"line":75,"column":6},"end":{"line":84,"column":7}},"type":"if","locations":[{"start":{"line":75,"column":6},"end":{"line":84,"column":7}},{"start":{"line":80,"column":13},"end":{"line":84,"column":7}}],"line":75},"4":{"loc":{"start":{"line":98,"column":6},"end":{"line":103,"column":7}},"type":"if","locations":[{"start":{"line":98,"column":6},"end":{"line":103,"column":7}},{"start":{},"end":{}}],"line":98},"5":{"loc":{"start":{"line":129,"column":6},"end":{"line":134,"column":7}},"type":"if","locations":[{"start":{"line":129,"column":6},"end":{"line":134,"column":7}},{"start":{},"end":{}}],"line":129},"6":{"loc":{"start":{"line":156,"column":6},"end":{"line":159,"column":7}},"type":"if","locations":[{"start":{"line":156,"column":6},"end":{"line":159,"column":7}},{"start":{},"end":{}}],"line":156},"7":{"loc":{"start":{"line":179,"column":6},"end":{"line":182,"column":7}},"type":"if","locations":[{"start":{"line":179,"column":6},"end":{"line":182,"column":7}},{"start":{},"end":{}}],"line":179},"8":{"loc":{"start":{"line":193,"column":6},"end":{"line":196,"column":7}},"type":"if","locations":[{"start":{"line":193,"column":6},"end":{"line":196,"column":7}},{"start":{},"end":{}}],"line":193},"9":{"loc":{"start":{"line":211,"column":6},"end":{"line":216,"column":7}},"type":"if","locations":[{"start":{"line":211,"column":6},"end":{"line":216,"column":7}},{"start":{},"end":{}}],"line":211},"10":{"loc":{"start":{"line":242,"column":6},"end":{"line":247,"column":7}},"type":"if","locations":[{"start":{"line":242,"column":6},"end":{"line":247,"column":7}},{"start":{},"end":{}}],"line":242},"11":{"loc":{"start":{"line":274,"column":8},"end":{"line":277,"column":9}},"type":"if","locations":[{"start":{"line":274,"column":8},"end":{"line":277,"column":9}},{"start":{},"end":{}}],"line":274},"12":{"loc":{"start":{"line":294,"column":8},"end":{"line":297,"column":9}},"type":"if","locations":[{"start":{"line":294,"column":8},"end":{"line":297,"column":9}},{"start":{},"end":{}}],"line":294},"13":{"loc":{"start":{"line":313,"column":6},"end":{"line":318,"column":7}},"type":"if","locations":[{"start":{"line":313,"column":6},"end":{"line":318,"column":7}},{"start":{},"end":{}}],"line":313},"14":{"loc":{"start":{"line":323,"column":6},"end":{"line":327,"column":7}},"type":"if","locations":[{"start":{"line":323,"column":6},"end":{"line":327,"column":7}},{"start":{"line":325,"column":13},"end":{"line":327,"column":7}}],"line":323},"15":{"loc":{"start":{"line":342,"column":6},"end":{"line":345,"column":7}},"type":"if","locations":[{"start":{"line":342,"column":6},"end":{"line":345,"column":7}},{"start":{},"end":{}}],"line":342},"16":{"loc":{"start":{"line":361,"column":8},"end":{"line":364,"column":9}},"type":"if","locations":[{"start":{"line":361,"column":8},"end":{"line":364,"column":9}},{"start":{},"end":{}}],"line":361}},"s":{"0":1,"1":4,"2":4,"3":4,"4":3,"5":0,"6":0,"7":3,"8":2,"9":3,"10":1,"11":2,"12":2,"13":2,"14":2,"15":0,"16":0,"17":2,"18":1,"19":2,"20":1,"21":1,"22":1,"23":1,"24":1,"25":0,"26":0,"27":1,"28":1,"29":1,"30":1,"31":1,"32":0,"33":1,"34":1,"35":1,"36":1,"37":1,"38":0,"39":0,"40":1,"41":0,"42":1,"43":1,"44":0,"45":0,"46":0,"47":0,"48":0,"49":0,"50":0,"51":0,"52":0,"53":0,"54":1,"55":0,"56":0,"57":0,"58":0,"59":0,"60":0,"61":0,"62":0,"63":0,"64":1,"65":0,"66":0,"67":0,"68":0,"69":0,"70":0,"71":0,"72":1,"73":1,"74":1,"75":1,"76":1,"77":0,"78":0,"79":1,"80":1,"81":4,"82":4,"83":4,"84":4,"85":0,"86":0,"87":4,"88":3,"89":4,"90":1,"91":0,"92":0,"93":0,"94":0,"95":0,"96":0,"97":0,"98":0,"99":0,"100":1,"101":3,"102":3,"103":3,"104":3,"105":3,"106":0,"107":0,"108":3,"109":1,"110":0,"111":0,"112":0,"113":0,"114":0,"115":0,"116":0,"117":1,"118":1,"119":1,"120":1,"121":1,"122":0,"123":0,"124":1,"125":1,"126":0,"127":1,"128":1,"129":0,"130":0,"131":0,"132":0,"133":0,"134":0,"135":0,"136":0,"137":1,"138":0,"139":0,"140":0,"141":0,"142":0,"143":0,"144":0},"f":{"0":4,"1":4,"2":3,"3":2,"4":2,"5":2,"6":2,"7":1,"8":1,"9":1,"10":1,"11":1,"12":1,"13":1,"14":1,"15":0,"16":0,"17":0,"18":0,"19":0,"20":0,"21":0,"22":0,"23":0,"24":0,"25":0,"26":0,"27":1,"28":1,"29":1,"30":4,"31":4,"32":4,"33":3,"34":0,"35":0,"36":0,"37":0,"38":3,"39":3,"40":3,"41":0,"42":0,"43":0,"44":1,"45":1,"46":1,"47":0,"48":0,"49":0,"50":0,"51":0,"52":0},"b":{"0":[0,3],"1":[0,2],"2":[0,1],"3":[1,0],"4":[0,1],"5":[0,0],"6":[0,0],"7":[0,0],"8":[0,1],"9":[0,4],"10":[0,0],"11":[0,3],"12":[0,0],"13":[0,1],"14":[0,1],"15":[0,0],"16":[0,0]},"_coverageSchema":"1a1c01bbd47fc00a2c39e90264f33305004495a9","hash":"d33f9bbbb9191caf8c3d2688ef23c4409c343617"}
,"C:\\Users\\loren\\OneDrive\\Desktop\\PoliTo\\SoftwareEngineering2\\Lab\\SolidarityPurchasingGroup\\SoftwareEngineering\\server\\Dao\\farmerDAO.js": {"path":"C:\\Users\\loren\\OneDrive\\Desktop\\PoliTo\\SoftwareEngineering2\\Lab\\SolidarityPurchasingGroup\\SoftwareEngineering\\server\\Dao\\farmerDAO.js","statementMap":{"0":{"start":{"line":13,"column":0},"end":{"line":29,"column":2}},"1":{"start":{"line":14,"column":2},"end":{"line":28,"column":5}},"2":{"start":{"line":15,"column":16},"end":{"line":15,"column":56}},"3":{"start":{"line":16,"column":4},"end":{"line":27,"column":7}},"4":{"start":{"line":17,"column":6},"end":{"line":20,"column":7}},"5":{"start":{"line":18,"column":8},"end":{"line":18,"column":20}},"6":{"start":{"line":19,"column":8},"end":{"line":19,"column":15}},"7":{"start":{"line":21,"column":23},"end":{"line":25,"column":9}},"8":{"start":{"line":21,"column":40},"end":{"line":25,"column":7}},"9":{"start":{"line":26,"column":6},"end":{"line":26,"column":24}},"10":{"start":{"line":32,"column":0},"end":{"line":48,"column":2}},"11":{"start":{"line":33,"column":2},"end":{"line":47,"column":5}},"12":{"start":{"line":34,"column":16},"end":{"line":34,"column":162}},"13":{"start":{"line":35,"column":4},"end":{"line":46,"column":7}},"14":{"start":{"line":36,"column":6},"end":{"line":39,"column":7}},"15":{"start":{"line":37,"column":8},"end":{"line":37,"column":20}},"16":{"start":{"line":38,"column":8},"end":{"line":38,"column":15}},"17":{"start":{"line":40,"column":23},"end":{"line":44,"column":9}},"18":{"start":{"line":40,"column":40},"end":{"line":44,"column":7}},"19":{"start":{"line":45,"column":6},"end":{"line":45,"column":24}},"20":{"start":{"line":52,"column":0},"end":{"line":64,"column":2}},"21":{"start":{"line":53,"column":2},"end":{"line":63,"column":5}},"22":{"start":{"line":55,"column":16},"end":{"line":55,"column":54}},"23":{"start":{"line":56,"column":4},"end":{"line":62,"column":7}},"24":{"start":{"line":57,"column":6},"end":{"line":60,"column":7}},"25":{"start":{"line":58,"column":8},"end":{"line":58,"column":20}},"26":{"start":{"line":59,"column":8},"end":{"line":59,"column":15}},"27":{"start":{"line":61,"column":6},"end":{"line":61,"column":23}},"28":{"start":{"line":67,"column":0},"end":{"line":87,"column":2}},"29":{"start":{"line":68,"column":2},"end":{"line":86,"column":5}},"30":{"start":{"line":69,"column":16},"end":{"line":69,"column":144}},"31":{"start":{"line":70,"column":4},"end":{"line":85,"column":7}},"32":{"start":{"line":71,"column":6},"end":{"line":74,"column":7}},"33":{"start":{"line":72,"column":8},"end":{"line":72,"column":20}},"34":{"start":{"line":73,"column":8},"end":{"line":73,"column":15}},"35":{"start":{"line":75,"column":21},"end":{"line":83,"column":9}},"36":{"start":{"line":75,"column":38},"end":{"line":83,"column":7}},"37":{"start":{"line":84,"column":6},"end":{"line":84,"column":22}},"38":{"start":{"line":90,"column":0},"end":{"line":108,"column":2}},"39":{"start":{"line":91,"column":2},"end":{"line":106,"column":5}},"40":{"start":{"line":92,"column":16},"end":{"line":92,"column":165}},"41":{"start":{"line":93,"column":4},"end":{"line":105,"column":7}},"42":{"start":{"line":94,"column":6},"end":{"line":97,"column":7}},"43":{"start":{"line":95,"column":8},"end":{"line":95,"column":20}},"44":{"start":{"line":96,"column":8},"end":{"line":96,"column":15}},"45":{"start":{"line":98,"column":23},"end":{"line":103,"column":9}},"46":{"start":{"line":98,"column":40},"end":{"line":103,"column":7}},"47":{"start":{"line":104,"column":6},"end":{"line":104,"column":24}},"48":{"start":{"line":111,"column":0},"end":{"line":140,"column":2}},"49":{"start":{"line":112,"column":2},"end":{"line":138,"column":5}},"50":{"start":{"line":114,"column":16},"end":{"line":114,"column":56}},"51":{"start":{"line":115,"column":4},"end":{"line":137,"column":7}},"52":{"start":{"line":116,"column":6},"end":{"line":136,"column":7}},"53":{"start":{"line":117,"column":8},"end":{"line":117,"column":20}},"54":{"start":{"line":118,"column":8},"end":{"line":118,"column":15}},"55":{"start":{"line":120,"column":11},"end":{"line":136,"column":7}},"56":{"start":{"line":121,"column":8},"end":{"line":121,"column":64}},"57":{"start":{"line":125,"column":21},"end":{"line":125,"column":78}},"58":{"start":{"line":126,"column":8},"end":{"line":135,"column":11}},"59":{"start":{"line":127,"column":10},"end":{"line":134,"column":11}},"60":{"start":{"line":128,"column":12},"end":{"line":128,"column":24}},"61":{"start":{"line":129,"column":12},"end":{"line":129,"column":19}},"62":{"start":{"line":132,"column":29},"end":{"line":132,"column":64}},"63":{"start":{"line":133,"column":12},"end":{"line":133,"column":30}},"64":{"start":{"line":144,"column":0},"end":{"line":159,"column":2}},"65":{"start":{"line":145,"column":2},"end":{"line":158,"column":5}},"66":{"start":{"line":146,"column":16},"end":{"line":146,"column":70}},"67":{"start":{"line":147,"column":4},"end":{"line":157,"column":7}},"68":{"start":{"line":148,"column":6},"end":{"line":151,"column":7}},"69":{"start":{"line":149,"column":8},"end":{"line":149,"column":20}},"70":{"start":{"line":150,"column":8},"end":{"line":150,"column":15}},"71":{"start":{"line":152,"column":17},"end":{"line":152,"column":19}},"72":{"start":{"line":153,"column":6},"end":{"line":155,"column":7}},"73":{"start":{"line":154,"column":8},"end":{"line":154,"column":53}},"74":{"start":{"line":156,"column":6},"end":{"line":156,"column":20}},"75":{"start":{"line":162,"column":0},"end":{"line":177,"column":2}},"76":{"start":{"line":163,"column":2},"end":{"line":176,"column":5}},"77":{"start":{"line":164,"column":16},"end":{"line":164,"column":126}},"78":{"start":{"line":165,"column":4},"end":{"line":175,"column":7}},"79":{"start":{"line":166,"column":6},"end":{"line":169,"column":7}},"80":{"start":{"line":167,"column":8},"end":{"line":167,"column":20}},"81":{"start":{"line":168,"column":8},"end":{"line":168,"column":15}},"82":{"start":{"line":170,"column":17},"end":{"line":170,"column":19}},"83":{"start":{"line":171,"column":6},"end":{"line":173,"column":7}},"84":{"start":{"line":172,"column":8},"end":{"line":172,"c
[...]
":"(anonymous_8)","decl":{"start":{"line":42,"column":27},"end":{"line":42,"column":28}},"loc":{"start":{"line":42,"column":48},"end":{"line":53,"column":9}},"line":42},"9":{"name":"(anonymous_9)","decl":{"start":{"line":45,"column":59},"end":{"line":45,"column":60}},"loc":{"start":{"line":45,"column":74},"end":{"line":52,"column":11}},"line":45},"10":{"name":"(anonymous_10)","decl":{"start":{"line":56,"column":11},"end":{"line":56,"column":12}},"loc":{"start":{"line":56,"column":20},"end":{"line":58,"column":5}},"line":56}},"branchMap":{"0":{"loc":{"start":{"line":9,"column":6},"end":{"line":13,"column":7}},"type":"if","locations":[{"start":{"line":9,"column":6},"end":{"line":13,"column":7}},{"start":{"line":10,"column":11},"end":{"line":13,"column":7}}],"line":9},"1":{"loc":{"start":{"line":10,"column":11},"end":{"line":13,"column":7}},"type":"if","locations":[{"start":{"line":10,"column":11},"end":{"line":13,"column":7}},{"start":{"line":11,"column":11},"end":{"line":13,"column":7}}],"line":10},"2":{"loc":{"start":{"line":23,"column":4},"end":{"line":29,"column":5}},"type":"if","locations":[{"start":{"line":23,"column":4},"end":{"line":29,"column":5}},{"start":{"line":26,"column":11},"end":{"line":29,"column":5}}],"line":23},"3":{"loc":{"start":{"line":26,"column":11},"end":{"line":29,"column":5}},"type":"if","locations":[{"start":{"line":26,"column":11},"end":{"line":29,"column":5}},{"start":{},"end":{}}],"line":26},"4":{"loc":{"start":{"line":31,"column":6},"end":{"line":34,"column":7}},"type":"if","locations":[{"start":{"line":31,"column":6},"end":{"line":34,"column":7}},{"start":{},"end":{}}],"line":31},"5":{"loc":{"start":{"line":46,"column":12},"end":{"line":50,"column":13}},"type":"if","locations":[{"start":{"line":46,"column":12},"end":{"line":50,"column":13}},{"start":{},"end":{}}],"line":46}},"s":{"0":1,"1":1,"2":3,"3":3,"4":3,"5":3,"6":0,"7":3,"8":2,"9":1,"10":1,"11":1,"12":1,"13":1,"14":1,"15":1,"16":1,"17":1,"18":0,"19":0,"20":0,"21":1,"22":1,"23":0,"24":0,"25":1,"26":1,"27":1,"28":1,"29":1,"30":1,"31":1,"32":1,"33":0,"34":0,"35":0,"36":1,"37":0},"f":{"0":3,"1":3,"2":3,"3":1,"4":1,"5":1,"6":1,"7":1,"8":1,"9":1,"10":0},"b":{"0":[0,3],"1":[2,1],"2":[1,0],"3":[0,0],"4":[0,1],"5":[0,1]},"_coverageSchema":"1a1c01bbd47fc00a2c39e90264f33305004495a9","hash":"aecec5d04e2dfa26d8da809a536e67ee4e099248"}
,"C:\\Users\\loren\\OneDrive\\Desktop\\PoliTo\\SoftwareEngineering2\\Lab\\SolidarityPurchasingGroup\\SoftwareEngineering\\server\\__test__\\basicFunctions.js": {"path":"C:\\Users\\loren\\OneDrive\\Desktop\\PoliTo\\SoftwareEngineering2\\Lab\\SolidarityPurchasingGroup\\SoftwareEngineering\\server\\__test__\\basicFunctions.js","statementMap":{"0":{"start":{"line":1,"column":11},"end":{"line":1,"column":31}},"1":{"start":{"line":3,"column":0},"end":{"line":13,"column":2}},"2":{"start":{"line":4,"column":2},"end":{"line":12,"column":5}},"3":{"start":{"line":5,"column":16},"end":{"line":5,"column":42}},"4":{"start":{"line":6,"column":4},"end":{"line":11,"column":7}},"5":{"start":{"line":7,"column":6},"end":{"line":10,"column":23}},"6":{"start":{"line":8,"column":8},"end":{"line":8,"column":20}},"7":{"start":{"line":9,"column":8},"end":{"line":9,"column":15}},"8":{"start":{"line":10,"column":13},"end":{"line":10,"column":23}},"9":{"start":{"line":15,"column":0},"end":{"line":25,"column":2}},"10":{"start":{"line":16,"column":2},"end":{"line":24,"column":5}},"11":{"start":{"line":17,"column":16},"end":{"line":17,"column":58}},"12":{"start":{"line":18,"column":4},"end":{"line":23,"column":7}},"13":{"start":{"line":19,"column":6},"end":{"line":22,"column":23}},"14":{"start":{"line":20,"column":8},"end":{"line":20,"column":20}},"15":{"start":{"line":21,"column":8},"end":{"line":21,"column":15}},"16":{"start":{"line":22,"column":13},"end":{"line":22,"column":23}},"17":{"start":{"line":27,"column":0},"end":{"line":42,"column":2}},"18":{"start":{"line":28,"column":2},"end":{"line":41,"column":5}},"19":{"start":{"line":29,"column":16},"end":{"line":29,"column":79}},"20":{"start":{"line":30,"column":4},"end":{"line":40,"column":6}},"21":{"start":{"line":34,"column":8},"end":{"line":37,"column":9}},"22":{"start":{"line":35,"column":10},"end":{"line":35,"column":22}},"23":{"start":{"line":36,"column":10},"end":{"line":36,"column":17}},"24":{"start":{"line":38,"column":8},"end":{"line":38,"column":29}},"25":{"start":{"line":44,"column":0},"end":{"line":55,"column":2}},"26":{"start":{"line":45,"column":2},"end":{"line":54,"column":5}},"27":{"start":{"line":46,"column":16},"end":{"line":46,"column":65}},"28":{"start":{"line":47,"column":4},"end":{"line":53,"column":7}},"29":{"start":{"line":48,"column":6},"end":{"line":51,"column":7}},"30":{"start":{"line":49,"column":8},"end":{"line":49,"column":20}},"31":{"start":{"line":50,"column":8},"end":{"line":50,"column":15}},"32":{"start":{"line":52,"column":6},"end":{"line":52,"column":27}},"33":{"start":{"line":57,"column":0},"end":{"line":68,"column":2}},"34":{"start":{"line":58,"column":2},"end":{"line":67,"column":5}},"35":{"start":{"line":59,"column":16},"end":{"line":59,"column":75}},"36":{"start":{"line":60,"column":4},"end":{"line":66,"column":7}},"37":{"start":{"line":61,"column":6},"end":{"line":64,"column":7}},"38":{"start":{"line":62,"column":8},"end":{"line":62,"column":20}},"39":{"start":{"line":63,"column":8},"end":{"line":63,"column":15}},"40":{"start":{"line":65,"column":6},"end":{"line":65,"column":27}},"41":{"start":{"line":70,"column":0},"end":{"line":81,"column":2}},"42":{"start":{"line":71,"column":2},"end":{"line":80,"column":5}},"43":{"start":{"line":72,"column":16},"end":{"line":72,"column":72}},"44":{"start":{"line":73,"column":4},"end":{"line":79,"column":7}},"45":{"start":{"line":74,"column":6},"end":{"line":77,"column":7}},"46":{"start":{"line":75,"column":8},"end":{"line":75,"column":20}},"47":{"start":{"line":76,"column":8},"end":{"line":76,"column":15}},"48":{"start":{"line":78,"column":6},"end":{"line":78,"column":16}},"49":{"start":{"line":83,"column":0},"end":{"line":95,"column":2}},"50":{"start":{"line":84,"column":2},"end":{"line":94,"column":5}},"51":{"start":{"line":86,"column":6},"end":{"line":86,"column":77}},"52":{"start":{"line":87,"column":4},"end":{"line":93,"column":7}},"53":{"start":{"line":88,"column":6},"end":{"line":91,"column":7}},"54":{"start":{"line":89,"column":8},"end":{"line":89,"column":20}},"55":{"start":{"line":90,"column":8},"end":{"line":90,"column":15}},"56":{"start":{"line":92,"column":6},"end":{"line":92,"column":27}},"57":{"start":{"line":97,"column":0},"end":{"line":127,"column":2}},"58":{"start":{"line":98,"column":2},"end":{"line":126,"column":5}},"59":{"start":{"line":99,"column":17},"end":{"line":99,"column":66}},"60":{"start":{"line":100,"column":4},"end":{"line":125,"column":7}},"61":{"start":{"line":101,"column":6},"end":{"line":104,"column":7}},"62":{"start":{"line":102,"column":8},"end":{"line":102,"column":20}},"63":{"start":{"line":103,"column":8},"end":{"line":103,"column":15}},"64":{"start":{"line":105,"column":6},"end":{"line":105,"column":24}},"65":{"start":{"line":106,"column":19},"end":{"line":106,"column":77}},"66":{"start":{"line":107,"column":6},"end":{"line":123,"column":9}},"67":{"start":{"line":108,"column":8},"end":{"line":111,"column":9}},"68":{"start":{"line":109,"column":10},"end":{"line":109,"column":22}},"69":{"start":{"line":110,"column":10},"end":{"line":110,"column":17}},"70":{"start":{"line":112,"column":8},"end":{"line":112,"column":26}},"71":{"start":{"line":113,"column":21},"end":{"line":113,"column":102}},"72":{"start":{"line":114,"column":8},"end":{"line":121,"column":11}},"73":{"start":{"line":115,"column":10},"end":{"line":118,"column":11}},"74":{"start":{"line":116,"column":12},"end":{"line":116,"column":24}},"75":{"start":{"line":117,"column":12},"end":{"line":117,"column":19}},"76":{"start":{"line":120,"column":10},"end":{"line":120,"column":20}},"77":{"start":{"line":122,"column":8},"end":{"line":122,"column":18}},"78":{"start":{"line":124,"column":6},"end":{"line":124,"column":16}},"79":{"start":{"line":129,"column":0},"end":{"line":141,"column":2}},"80":{"start":{"line":130,"column":2},"end":{"line":140,"column":5}},"81":{"start":{"line":132,"column":6},"end":{"line":132,"column":84}},"82":{"start":{"line":133,"column":4},"end":{"line":139,"column":7}},"83":{"start":{"line":134,"column":6},"end":{"line":137,"column":7}},"84":{"start":{"line":135,"column":8},"end":{"line":135,"column":20}},"85":{"start":{"line":136,"column":8},"end":{"line":136,"column":15}},"86":{"start":{"line":138,"column":6},"end":{"line":138,"column":27}},"87":{"start":{"line":144,"column":0},"end":{"line":155,"column":1}},"88":{"start":{"line":145,"column":2},"end":{"line":154,"column":5}},"89":{"start":{"line":146,"column":16},"end":{"line":146,"column":95}},"90":{"start":{"line":147,"column":4},"end":{"line":153,"column":7}},"91":{"start":{"line":148,"column":0},"end":{"line":151,"column":7}},"92":{"start":{"line":149,"column":8},"end":{"line":149,"column":20}},"93":{"start":{"line":150,"column":8},"end":{"line":150,"column":15}},"94":{"start":{"line":152,"column":6},"end":{"line":152,"column":27}},"95":{"start":{"line":157,"column":0},"end":{"line":168,"column":1}},"96":{"start":{"line":158,"column":2},"end":{"line":167,"column":5}},"97":{"start":{"line":159,"column":16},"end":{"line":159,"column":101}},"98":{"start":{"line":160,"column":4},"end":{"line":166,"column":7}},"99":{"start":{"line":161,"column":6},"end":{"line":164,"column":7}},"100":{"start":{"line":162,"column":8},"end":{"line":162,"column":20}},"101":{"start":{"line":163,"column":8},"end":{"line":163,"column":15}},"102":{"start":{"line":165,"column":6},"end":{"line":165,"column":27}}},"fnMap":{"0":{"name":"(anonymous_0)","decl":{"start":{"line":3,"column":22},"end":{"line":3,"column":23}},"loc":{"start":{"line":3,"column":37},"end":{"line":13,"column":1}},"line":3},"1":{"name":"(anonymous_1)","decl":{"start":{"line":4,"column":21},"end":{"line":4,"column":22}},"loc":{"start":{"line":4,"column":42},"end":{"line":12,"column":3}},"line":4},"2":{"name":"(anonymous_2)","decl":{"start":{"line":6,"column":20},"end":{"line":6,"column":21}},"loc":{"start":{"line":6,"column":29},"end":{"line":11,"column":5}},"line":6},"3":{"name":"(anonymous_3)","decl":{"start":{"line":15,"column":29},"end":{"line":15,"column":30}},"loc":{"start":{"line":15,"column":48},"end":{"line":25,"column":1}},"line":15},"4":{"name":"(anonymous_4)","decl":{"start":{"line":16,"column":21},"end":{"line":16,"column":22}},"loc":{"start":{"line":16,"column":42},"end":{"line":24,"column":3}},"line":16},"5":{"name":"(anonymous_5)","decl":{"start":{"line":18,"column":22},"end":{"line":18,"column":23}},"loc":{"start":{"line":18,"column":31},"end":{"line":23,"column":5}},"line":18},"6":{"name":"(anonymous_6)","decl":{"start":{"line":27,"column":29},"end":{"line":27,"column":30}},"loc":{"start":{"line":27,"column":43},"end":{"line":42,"column":1}},"line":27},"7":{"name":"(anonymous_7)","decl":{"start":{"line":28,"column":21},"end":{"line":28,"column":22}},"loc":{"start":{"line":28,"column":42},"end":{"line":41,"column":3}},"line":28},"8":{"name":"(anonymous_8)","decl":{"start":{"line":33,"column":6},"end":{"line":33,"column":7}},"loc":{"start":{"line":33,"column":21},"end":{"line":39,"column":7}},"line":33},"9":{"name":"(anonymous_9)","decl":{"start":{"line":44,"column":27},"end":{"line":44,"column":28}},"loc":{"start":{"line":44,"column":39},"end":{"line":55,"column":1}},"line":44},"10":{"name":"(anonymous_10)","decl":{"start":{"line":45,"column":21},"end":{"line":45,"column":22}},"loc":{"start":{"line":45,"column":42},"end":{"line":54,"column":3}},"line":45},"11":{"name":"(anonymous_11)","decl":{"start":{"line":47,"column":47},"end":{"line":47,"column":48}},"loc":{"start":{"line":47,"column":62},"end":{"line":53,"column":5}},"line":47},"12":{"name":"(anonymous_12)","decl":{"start":{"line":57,"column":28},"end":{"line":57,"column":29}},"loc":{"start":{"line":57,"column":51},"end":{"line":68,"column":1}},"line":57},"13":{"name":"(anonymous_13)","decl":{"start":{"line":58,"column":21},"end":{"line":58,"column":22}},"loc":{"start":{"line":58,"column":42},"end":{"line":67,"column":3}},"line":58},"14":{"name":"(anonymous_14)","decl":{"start":{"line":60,"column":57},"end":{"line":60,"column":58}},"loc":{"start":{"line":60,"column":72},"end":{"line":66,"column":5}},"line":60},"15":{"name":"(anonymous_15)","decl":{"start":{"line":70,"column":32},"end":{"line":70,"column":33}},"loc":{"start":{"line":70,"column":40},"end":{"line":81,"column":1}},"line":70},"16":{"name":"(anonymous_16)","decl":{"start":{"line":71,"column":21},"end":{"line":71,"column":22}},"loc":{"start":{"line":71,"column":42},"end":{"line":80,"column":3}},"line":71},"17":{"name":"(anonymous_17)","decl":{"start":{"line":73,"column":25},"end":{"line":73,"column":26}},"loc":{"start":{"line":73,"column":40},"end":{"line":79,"column":5}},"line":73},"18":{"name":"(anonymous_18)","decl":{"start":{"line":83,"column":25},"end":{"line":83,"column":26}},"loc":{"start":{"line":83,"column":55},"end":{"line":95,"column":1}},"line":83},"19":{"name":"(anonymous_19)","decl":{"start":{"line":84,"column":21},"end":{"line":84,"column":22}},"loc":{"start":{"line":84,"column":42},"end":{"line":94,"column":3}},"line":84},"20":{"name":"(anonymous_20)","decl":{"start":{"line":87,"column":53},"end":{"line":87,"column":54}},"loc":{"start":{"line":87,"column":68},"end":{"line":93,"column":5}},"line":87},"21":{"name":"(anonymous_21)","decl":{"start":{"line":97,"column":35},"end":{"line":97,"column":36}},"loc":{"start":{"line":97,"column":56},"end":{"line":127,"column":1}},"line":97},"22":{"name":"(anonymous_22)","decl":{"start":{"line":98,"column":21},"end":{"line":98,"column":22}},"loc":{"start":{"line":98,"column":42},"end":{"line":126,"column":3}},"line":98},"23":{"name":"(anonymous_23)","decl":{"start":{"line":100,"column":47},"end":{"line":100,"column":48}},"loc":{"start":{"line":100,"column":62},"end":{"line":125,"column":5}},"line":100},"24":{"name":"(anonymous_24)","decl":{"start":{"line":107,"column":55},"end":{"line":107,"column":56}},"loc":{"start":{"line":107,"column":70},"end":{"line":123,"column":7}},"line":107},"25":{"name":"(anonymous_25)","decl":{"start":{"line":114,"column":37},"end":{"line":114,"column":38}},"loc":{"start":{"line":114,"column":52},"end":{"line":121,"column":9}},"line":114},"26":{"name":"(anonymous_26)","decl":{"start":{"line":129,"column":26},"end":{"line":129,"column":27}},"loc":{"start":{"line":129,"column":32},"end":{"line":141,"column":1}},"line":129},"27":{"name":"(anonymous_27)","decl":{"start":{"line":130,"column":21},"end":{"line":130,"column":22}},"loc":{"start":{"line":130,"column":42},"end":{"line":140,"column":3}},"line":130},"28":{"name":"(anonymous_28)","decl":{"start":{"line":133,"column":50},"end":{"line":133,"column":51}},"loc":{"start":{"line":133,"column":65},"end":{"line":139,"column":5}},"line":133},"29":{"name":"(anonymous_29)","decl":{"start":{"line":144,"column":32},"end":{"line":144,"column":33}},"loc":{"start":{"line":144,"column":53},"end":{"line":155,"column":1}},"line":144},"30":{"name":"(anonymous_30)","decl":{"start":{"line":145,"column":21},"end":{"line":145,"column":22}},"loc":{"start":{"line":145,"column":42},"end":{"line":154,"column":3}},"line":145},"31":{"name":"(anonymous_31)","decl":{"start":{"line":147,"column":70},"end":{"line":147,"column":71}},"loc":{"start":{"line":147,"column":85},"end":{"line":153,"column":5}},"line":147},"32":{"name":"(anonymous_32)","decl":{"start":{"line":157,"column":36},"end":{"line":157,"column":37}},"loc":{"start":{"line":157,"column":58},"end":{"line":168,"column":1}},"line":157},"33":{"name":"(anonymous_33)","decl":{"start":{"line":158,"column":21},"end":{"line":158,"column":22}},"loc":{"start":{"line":158,"column":42},"end":{"line":167,"column":3}},"line":158},"34":{"name":"(anonymous_34)","decl":{"start":{"line":160,"column":72},"end":{"line":160,"column":73}},"loc":{"start":{"line":160,"column":87},"end":{"line":166,"column":5}},"line":160}},"branchMap":{"0":{"loc":{"start":{"line":7,"column":6},"end":{"line":10,"column":23}},"type":"if","locations":[{"start":{"line":7,"column":6},"end":{"line":10,"column":23}},{"start":{"line":10,"column":13},"end":{"line":10,"column":23}}],"line":7},"1":{"loc":{"start":{"line":19,"column":6},"end":{"line":22,"column":23}},"type":"if","locations":[{"start":{"line":19,"column":6},"end":{"line":22,"column":23}},{"start":{"line":22,"column":13},"end":{"line":22,"column":23}}],"line":19},"2":{"loc":{"start":{"line":34,"column":8},"end":{"line":37,"column":9}},"type":"if","locations":[{"start":{"line":34,"column":8},"end":{"line":37,"column":9}},{"start":{},"end":{}}],"line":34},"3":{"loc":{"start":{"line":48,"column":6},"end":{"line":51,"column":7}},"type":"if","locations":[{"start":{"line":48,"column":6},"end":{"line":51,"column":7}},{"start":{},"end":{}}],"line":48},"4":{"loc":{"start":{"line":61,"column":6},"end":{"line":64,"column":7}},"type":"if","locations":[{"start":{"line":61,"column":6},"end":{"line":64,"column":7}},{"start":{},"end":{}}],"line":61},"5":{"loc":{"start":{"line":74,"column":6},"end":{"line":77,"column":7}},"type":"if","locations":[{"start":{"line":74,"column":6},"end":{"line":77,"column":7}},{"start":{},"end":{}}],"line":74},"6":{"loc":{"start":{"line":88,"column":6},"end":{"line":91,"column":7}},"type":"if","locations":[{"start":{"line":88,"column":6},"end":{"line":91,"column":7}},{"start":{},"end":{}}],"line":88},"7":{"loc":{"start":{"line":101,"column":6},"end":{"line":104,"column":7}},"type":"if","locations":[{"start":{"line":101,"column":6},"end":{"line":104,"column":7}},{"start":{},"end":{}}],"line":101},"8":{"loc":{"start":{"line":108,"column":8},"end":{"line":111,"column":9}},"type":"if","locations":[{"start":{"line":108,"column":8},"end":{"line":111,"column":9}},{"start":{},"end":{}}],"line":108},"9":{"loc":{"start":{"line":115,"column":10},"end":{"line":118,"column":11}},"type":"if","locations":[{"start":{"line":115,"column":10},"end":{"line":118,"column":11}},{"start":{},"end":{}}],"line":115},"10":{"loc":{"start":{"line":134,"column":6},"end":{"line":137,"column":7}},"type":"if","locations":[{"start":{"line":134,"column":6},"end":{"line":137,"column":7}},{"start":{},"end":{}}],"line":134},"11":{"loc":{"start":{"line":148,"column":0},"end":{"line":151,"column":7}},"type":"if","locations":[{"start":{"line":148,"column":0},"end":{"line":151,"column":7}},{"start":{},"end":{}}],"line":148},"12":{"loc":{"start":{"line":161,"column":6},"end":{"line":164,"column":7}},"type":"if","locations":[{"start":{"line":161,"column":6},"end":{"line":164,"column":7}},{"start":{},"end":{}}],"line":161}},"s":{"0":1,"1":1,"2":11,"3":11,"4":11,"5":11,"6":0,"7":0,"8":11,"9":1,"10":1,"11":1,"12":1,"13":1,"14":0,"15":0,"16":1,"17":1,"18":2,"19":2,"20":2,"21":2,"22":0,"23":0,"24":2,"25":1,"26":3,"27":3,"28":3,"29":3,"30":0,"31":0,"32":3,"33":1,"34":3,"35":3,"36":3,"37":3,"38":0,"39":0,"40":3,"41":1,"42":1,"43":1,"44":1,"45":1,"46":0,"47":0,"48":1,"49":1,"50":2,"51":2,"52":2,"53":2,"54":0,"55":0,"56":2,"57":1,"58":0,"59":0,"60":0,"61":0,"62":0,"63":0,"64":0,"65":0,"66":0,"67":0,"68":0,"69":0,"70":0,"71":0,"72":0,"73":0,"74":0,"75":0,"76":0,"77":0,"78":0,"79":1,"80":0,"81":0,"82":0,"83":0,"84":0,"85":0,"86":0,"87":1,"88":1,"89":1,"90":1,"91":1,"92":0,"93":0,"94":1,"95":1,"96":1,"97":1,"98":1,"99":1,"100":0,"101":0,"102":1},"f":{"0":11,"1":11,"2":11,"3":1,"4":1,"5":1,"6":2,"7":2,"8":2,"9":3,"10":3,"11":3,"12":3,"13":3,"14":3,"15":1,"16":1,"17":1,"18":2,"19":2,"20":2,"21":0,"22":0,"23":0,"24":0,"25":0,"26":0,"27":0,"28":0,"29":1,"30":1,"31":1,"32":1,"33":1,"34":1},"b":{"0":[0,11],"1":[0,1],"2":[0,2],"3":[0,3],"4":[0,3],"5":[0,1],"6":[0,2],"7":[0,0],"8":[0,0],"9":[0,0],"10":[0,0],"11":[0,1],"12":[0,1]},"_coverageSchema":"1a1c01bbd47fc00a2c39e90264f33305004495a9","hash":"2a0bd75f3c1aeb1a830b23ea8706ea1d916218aa"}
}
