{"C:\\Users\\loren\\OneDrive\\Desktop\\PoliTo\\SoftwareEngineering2\\Lab\\SolidarityPurchasingGroup\\SoftwareEngineering\\server\\app.js": {"path":"C:\\Users\\loren\\OneDrive\\Desktop\\PoliTo\\SoftwareEngineering2\\Lab\\SolidarityPurchasingGroup\\SoftwareEngineering\\server\\app.js","statementMap":{"0":{"start":{"line":1,"column":0},"end":{"line":865,"column":2}},"1":{"start":{"line":2,"column":22},"end":{"line":2,"column":55}},"2":{"start":{"line":3,"column":20},"end":{"line":3,"column":46}},"3":{"start":{"line":5,"column":21},"end":{"line":5,"column":42}},"4":{"start":{"line":7,"column":17},"end":{"line":7,"column":34}},"5":{"start":{"line":10,"column":45},"end":{"line":10,"column":73}},"6":{"start":{"line":12,"column":18},"end":{"line":12,"column":36}},"7":{"start":{"line":13,"column":17},"end":{"line":13,"column":34}},"8":{"start":{"line":14,"column":19},"end":{"line":14,"column":38}},"9":{"start":{"line":15,"column":24},"end":{"line":15,"column":58}},"10":{"start":{"line":16,"column":18},"end":{"line":16,"column":44}},"11":{"start":{"line":17,"column":20},"end":{"line":17,"column":44}},"12":{"start":{"line":18,"column":22},"end":{"line":18,"column":50}},"13":{"start":{"line":20,"column":18},"end":{"line":20,"column":42}},"14":{"start":{"line":28,"column":22},"end":{"line":34,"column":6}},"15":{"start":{"line":35,"column":15},"end":{"line":35,"column":47}},"16":{"start":{"line":36,"column":22},"end":{"line":42,"column":5}},"17":{"start":{"line":43,"column":4},"end":{"line":50,"column":7}},"18":{"start":{"line":44,"column":6},"end":{"line":49,"column":7}},"19":{"start":{"line":45,"column":8},"end":{"line":45,"column":27}},"20":{"start":{"line":46,"column":8},"end":{"line":46,"column":34}},"21":{"start":{"line":48,"column":8},"end":{"line":48,"column":40}},"22":{"start":{"line":53,"column":2},"end":{"line":63,"column":4}},"23":{"start":{"line":55,"column":6},"end":{"line":61,"column":9}},"24":{"start":{"line":56,"column":8},"end":{"line":59,"column":13}},"25":{"start":{"line":57,"column":10},"end":{"line":59,"column":13}},"26":{"start":{"line":60,"column":8},"end":{"line":60,"column":32}},"27":{"start":{"line":65,"column":2},"end":{"line":67,"column":5}},"28":{"start":{"line":66,"column":4},"end":{"line":66,"column":24}},"29":{"start":{"line":69,"column":2},"end":{"line":78,"column":5}},"30":{"start":{"line":70,"column":4},"end":{"line":77,"column":9}},"31":{"start":{"line":73,"column":8},"end":{"line":73,"column":25}},"32":{"start":{"line":76,"column":8},"end":{"line":76,"column":24}},"33":{"start":{"line":81,"column":2},"end":{"line":81,"column":25}},"34":{"start":{"line":82,"column":2},"end":{"line":82,"column":26}},"35":{"start":{"line":85,"column":2},"end":{"line":91,"column":4}},"36":{"start":{"line":94,"column":2},"end":{"line":94,"column":33}},"37":{"start":{"line":95,"column":2},"end":{"line":95,"column":30}},"38":{"start":{"line":97,"column":19},"end":{"line":106,"column":3}},"39":{"start":{"line":98,"column":4},"end":{"line":101,"column":5}},"40":{"start":{"line":100,"column":6},"end":{"line":100,"column":20}},"41":{"start":{"line":102,"column":4},"end":{"line":104,"column":5}},"42":{"start":{"line":103,"column":6},"end":{"line":103,"column":20}},"43":{"start":{"line":105,"column":4},"end":{"line":105,"column":64}},"44":{"start":{"line":108,"column":21},"end":{"line":116,"column":3}},"45":{"start":{"line":109,"column":4},"end":{"line":111,"column":5}},"46":{"start":{"line":110,"column":6},"end":{"line":110,"column":20}},"47":{"start":{"line":112,"column":4},"end":{"line":114,"column":5}},"48":{"start":{"line":113,"column":6},"end":{"line":113,"column":20}},"49":{"start":{"line":115,"column":4},"end":{"line":115,"column":66}},"50":{"start":{"line":118,"column":20},"end":{"line":126,"column":3}},"51":{"start":{"line":119,"column":4},"end":{"line":121,"column":5}},"52":{"start":{"line":120,"column":6},"end":{"line":120,"column":20}},"53":{"start":{"line":122,"column":4},"end":{"line":124,"column":5}},"54":{"start":{"line":123,"column":6},"end":{"line":123,"column":20}},"55":{"start":{"line":125,"column":4},"end":{"line":125,"column":66}},"56":{"start":{"line":129,"column":21},"end":{"line":136,"column":3}},"57":{"start":{"line":130,"column":4},"end":{"line":132,"column":5}},"58":{"start":{"line":131,"column":6},"end":{"line":131,"column":20}},"59":{"start":{"line":133,"column":4},"end":{"line":133,"column":45}},"60":{"start":{"line":133,"column":31},"end":{"line":133,"column":45}},"61":{"start":{"line":135,"column":4},"end":{"line":135,"column":64}},"62":{"start":{"line":138,"column":25},"end":{"line":141,"column":3}},"63":{"start":{"line":140,"column":4},"end":{"line":140,"column":43}},"64":{"start":{"line":145,"column":2},"end":{"line":161,"column":5}},"65":{"start":{"line":146,"column":4},"end":{"line":160,"column":23}},"66":{"start":{"line":147,"column":6},"end":{"line":147,"column":32}},"67":{"start":{"line":147,"column":15},"end":{"line":147,"column":32}},"68":{"start":{"line":148,"column":6},"end":{"line":151,"column":7}},"69":{"start":{"line":150,"column":8},"end":{"line":150,"column":42}},"70":{"start":{"line":153,"column":6},"end":{"line":159,"column":9}},"71":{"start":{"line":154,"column":8},"end":{"line":154,"column":34}},"72":{"start":{"line":154,"column":17},"end":{"line":154,"column":34}},"73":{"start":{"line":158,"column":8},"end":{"line":158,"column":34}},"74":{"start":{"line":164,"column":2},"end":{"line":167,"column":5}},"75":{"start":{"line":165,"column":4},"end":{"line":165,"column":17}},"76":{"start":{"line":166,"column":4},"end":{"line":166,"column":14}},"77":{"start":{"line":170,"column":2},"end":{"line":174,"column":5}},"78":{"start":{"line":171,"column":4},"end":{"line":173,"column":68}},"79":{"start":{"line":172,"column":6},"end":{"line":172,"column":37}},"80":{"start":{"line":173,"column":11},"end":{"line":173,"column":68}},"81":{"start":{"line":179,"column":2},"end":{"line":187,"column":5}},"82":{"start":{"line":180,"column":4},"end":{"line":186,"column":5}},"83":{"start":{"line":182,"column":27},"end":{"line":182,"column":64}},"84":{"start":{"line":183,"column":6},"end":{"line":183,"column":41}},"85":{"start":{"line":185,"column":6},"end":{"line":185,"column":28}},"86":{"start":{"line":190,"column":2},"end":{"line":208,"column":5}},"87":{"start":{"line":191,"column":4},"end":{"line":207,"column":5}},"88":{"start":{"line":193,"column":23},"end":{"line":193,"column":44}},"89":{"start":{"line":196,"column":6},"end":{"line":204,"column":7}},"90":{"start":{"line":197,"column":8},"end":{"line":197,"column":30}},"91":{"start":{"line":200,"column":23},"end":{"line":200,"column":68}},"92":{"start":{"line":203,"column":8},"end":{"line":203,"column":37}},"93":{"start":{"line":206,"column":6},"end":{"line":206,"column":28}},"94":{"start":{"line":211,"column":2},"end":{"line":245,"column":5}},"95":{"start":{"line":212,"column":4},"end":{"line":244,"column":5}},"96":{"start":{"line":214,"column":26},"end":{"line":214,"column":28}},"97":{"start":{"line":217,"column":21},"end":{"line":217,"column":54}},"98":{"start":{"line":220,"column":6},"end":{"line":239,"column":7}},"99":{"start":{"line":220,"column":19},"end":{"line":220,"column":20}},"100":{"start":{"line":222,"column":24},"end":{"line":222,"column":36}},"101":{"start":{"line":225,"column":20},"end":{"line":225,"column":64}},"102":{"start":{"line":228,"column":22},"end":{"line":235,"column":9}},"103":{"start":{"line":238,"column":8},"end":{"line":238,"column":32}},"104":{"start":{"line":241,"column":6},"end":{"line":241,"column":40}},"105":{"start":{"line":243,"column":6},"end":{"line":243,"column":28}},"106":{"start":{"line":251,"column":2},"end":{"line":331,"column":4}},"107":{"start":{"line":280,"column":21},"end":{"line":280,"column":42}},"108":{"start":{"line":282,"column":6},"end":{"line":284,"column":7}},"109":{"start":{"line":283,"column":8},"end":{"line":283,"column":64}},"110":{"start":{"line":287,"column":6},"end":{"line":329,"column":7}},"111":{"start":{"line":289,"column":26},"end":{"line":296,"column":9}},"112":{"start":{"line":299,"column":25},"end":{"line":299,"column":75}},"113":{"start":{"line":304,"column":26},"end":{"line":304,"column":44}},"114":{"start":{"line":307,"column":8},"end":{"line":324,"column":9}},"115":{"start":{"line":309,"column":10},"end":{"line":323,"column":11}},"116":{"start":{"line":309,"column":23},"end":{"line":309,"column":24}},"117":{"start":{"line":310,"column":23},"end":{"line":310,"column":35}},"118":{"start":{"line":312,"column":29},"end":{"line":317,"column":13}},"119":{"start":{"line":319,"column":12},"end":{"line":319,"column":55}},"120":{"start":{"line":326,"column":8},"end":{"line":326,"column":52}},"121":{"start":{"line":328,"column":8},"end":{"line":328,"column":30}},"122":{"start":{"line":334,"column":2},"end":{"line":416,"column":4}},"123":{"start":{"line":362,"column":21},"end":{"line":362,"column":42}},"124":{"start":{"line":363,"column":6},"end":{"line":363,"column":42}},"125":{"start":{"line":364,"column":6},"end":{"line":364,"column":26}},"126":{"start":{"line":366,"column":6},"end":{"line":369,"column":7}},"127":{"start":{"line":367,"column":8},"end":{"line":367,"column":32}},"128":{"start":{"line":368,"column":8},"end":{"line":368,"column":64}},"129":{"start":{"line":372,"column":6},"end":{"line":414,"column":7}},"130":{"start":{"line":374,"column":26},"end":{"line":381,"column":9}},"131":{"start":{"line":384,"column":25},"end":{"line":384,"column":75}},"132":{"start":{"line":389,"column":26},"end":{"line":389,"column":44}},"133":{"start":{"line":392,"column":8},"end":{"line":409,"column":9}},"134":{"start":{"line":394,"column":10},"end":{"line":408,"column":11}},"135":{"start":{"line":394,"column":23},"end":{"line":394,"column":24}},"136":{"start":{"line":395,"column":23},"end":{"line":395,"column":35}},"137":{"start":{"line":397,"column":29},"end":{"line":402,"column":13}},"138":{"start":{"line":404,"column":12},"end":{"line":404,"column":55}},"139":{"start":{"line":411,"column":8},"end":{"line":411,"column":52}},"140":{"start":{"line":413,"column":8},"end":{"line":413,"column":30}},"141":{"start":{"line":423,"column":2},"end":{"line":443,"column":4}},"142":{"start":{"line":429,"column":21},"end":{"line":429,"column":42}},"143":{"start":{"line":430,"column":6},"end":{"line":432,"column":7}},"144":{"start":{"line":431,"column":8},"end":{"line":431,"column":64}},"145":{"start":{"line":433,"column":6},"end":{"line":441,"column":7}},"146":{"start":{"line":434,"column":19},"end":{"line":434,"column":32}},"147":{"start":{"line":435,"column":21},"end":{"line":435,"column":59}},"148":{"start":{"line":436,"column":8},"end":{"line":436,"column":44}},"149":{"start":{"line":438,"column":8},"end":{"line":440,"column":63}},"150":{"start":{"line":446,"column":2},"end":{"line":453,"column":5}},"151":{"start":{"line":447,"column":4},"end":{"line":452,"column":5}},"152":{"start":{"line":448,"column":27},"end":{"line":448,"column":61}},"153":{"start":{"line":449,"column":6},"end":{"line":449,"column":41}},"154":{"start":{"line":451,"column":6},"end":{"line":451,"column":28}},"155":{"start":{"line":455,"column":2},"end":{"line":476,"column":4}},"156":{"start":{"line":461,"column":21},"end":{"line":461,"column":42}},"157":{"start":{"line":462,"column":6},"end":{"line":464,"column":7}},"158":{"start":{"line":463,"column":8},"end":{"line":463,"column":64}},"159":{"start":{"line":465,"column":6},"end":{"line":474,"column":7}},"160":{"start":{"line":466,"column":19},"end":{"line":466,"column":32}},"161":{"start":{"line":467,"column":22},"end":{"line":467,"column":38}},"162":{"start":{"line":469,"column":21},"end":{"line":469,"column":74}},"163":{"start":{"line":470,"column":8},"end":{"line":470,"column":44}},"164":{"start":{"line":472,"column":8},"end":{"line":472,"column":26}},"165":{"start":{"line":473,"column":8},"end":{"line":473,"column":80}},"166":{"start":{"line":481,"column":2},"end":{"line":499,"column":5}},"167":{"start":{"line":483,"column":21},"end":{"line":483,"column":48}},"168":{"start":{"line":484,"column":4},"end":{"line":498,"column":5}},"169":{"start":{"line":485,"column":6},"end":{"line":490,"column":44}},"170":{"start":{"line":488,"column":10},"end":{"line":488,"column":29}},"171":{"start":{"line":490,"column":21},"end":{"line":490,"column":42}},"172":{"start":{"line":492,"column":6},"end":{"line":497,"column":44}},"173":{"start":{"line":495,"column":10},"end":{"line":495,"column":29}},"174":{"start":{"line":497,"column":21},"end":{"line":497,"column":42}},"175":{"start":{"line":504,"column":2},"end":{"line":527,"column":4}},"176":{"start":{"line":512,"column":21},"end":{"line":512,"column":42}},"177":{"start":{"line":513,"column":6},"end":{"line":514,"column":64}},"178":{"start":{"line":514,"column":8},"end":{"line":514,"column":64}},"179":{"start":{"line":516,"column":22},"end":{"line":516,"column":30}},"180":{"start":{"line":517,"column":6},"end":{"line":525,"column":7}},"181":{"start":{"line":518,"column":21},"end":{"line":518,"column":74}},"182":{"start":{"line":519,"column":8},"end":{"line":519,"column":44}},"183":{"start":{"line":521,"column":8},"end":{"line":521,"column":25}},"184":{"start":{"line":522,"column":8},"end":{"line":524,"column":11}},"185":{"start":{"line":530,"column":2},"end":{"line":547,"column":4}},"186":{"start":{"line":535,"column":6},"end":{"line":545,"column":7}},"187":{"start":{"line":536,"column":25},"end":{"line":536,"column":38}},"188":{"start":{"line":538,"column":8},"end":{"line":538,"column":30}},"189":{"start":{"line":540,"column":20},"end":{"line":540,"column":69}},"190":{"start":{"line":542,"column":8},"end":{"line":542,"column":34}},"191":{"start":{"line":544,"column":8},"end":{"line":544,"column":30}},"192":{"start":{"line":549,"column":2},"end":{"line":556,"column":5}},"193":{"start":{"line":550,"column":4},"end":{"line":555,"column":5}},"194":{"start":{"line":551,"column":18},"end":{"line":551,"column":52}},"195":{"start":{"line":552,"column":6},"end":{"line":552,"column":32}},"196":{"start":{"line":554,"column":6},"end":{"line":554,"column":28}},"197":{"start":{"line":559,"column":2},"end":{"line":638,"column":4}},"198":{"start":{"line":581,"column":21},"end":{"line":581,"column":42}},"199":{"start":{"line":583,"column":6},"end":{"line":585,"column":7}},"200":{"start":{"line":584,"column":8},"end":{"line":584,"column":64}},"201":{"start":{"line":587,"column":6},"end":{"line":636,"column":7}},"202":{"start":{"line":589,"column":29},"end":{"line":602,"column":9}},"203":{"start":{"line":590,"column":10},"end":{"line":598,"column":11}},"204":{"start":{"line":592,"column":25},"end":{"line":592,"column":57}},"205":{"start":{"line":595,"column":12},"end":{"line":595,"column":53}},"206":{"start":{"line":597,"column":12},"end":{"line":597,"column":31}},"207":{"start":{"line":601,"column":10},"end":{"line":601,"column":22}},"208":{"start":{"line":604,"column":25},"end":{"line":604,"column":62}},"209":{"start":{"line":606,"column":8},"end":{"line":633,"column":9}},"210":{"start":{"line":608,"column":31},"end":{"line":611,"column":11}},"211":{"start":{"line":614,"column":30},"end":{"line":617,"column":11}},"212":{"start":{"line":620,"column":27},"end":{"line":625,"column":11}},"213":{"start":{"line":628,"column":26},"end":{"line":628,"column":71}},"214":{"start":{"line":630,"column":10},"end":{"line":630,"column":52}},"215":{"start":{"line":632,"column":10},"end":{"line":632,"column":32}},"216":{"start":{"line":635,"column":8},"end":{"line":635,"column":30}},"217":{"start":{"line":645,"column":29},"end":{"line":662,"column":3}},"218":{"start":{"line":664,"column":2},"end":{"line":690,"column":5}},"219":{"start":{"line":669,"column":19},"end":{"line":669,"column":40}},"220":{"start":{"line":670,"column":4},"end":{"line":674,"column":5}},"221":{"start":{"line":671,"column":6},"end":{"line":673,"column":9}},"222":{"start":{"line":675,"column":4},"end":{"line":689,"column":9}},"223":{"start":{"line":678,"column":8},"end":{"line":685,"column":13}},"224":{"start":{"line":681,"column":12},"end":{"line":681,"column":53}},"225":{"start":{"line":684,"column":12},"end":{"line":684,"column":40}},"226":{"start":{"line":688,"column":8},"end":{"line":688,"column":47}},"227":{"start":{"line":692,"column":2},"end":{"line":702,"column":5}},"228":{"start":{"line":694,"column":4},"end":{"line":701,"column":9}},"229":{"start":{"line":697,"column":8},"end":{"line":697,"column":39}},"230":{"start":{"line":700,"column":8},"end":{"line":700,"column":43}},"231":{"start":{"line":709,"column":2},"end":{"line":744,"column":4}},"232":{"start":{"line":714,"column":6},"end":{"line":742,"column":7}},"233":{"start":{"line":715,"column":23},"end":{"line":715,"column":56}},"234":{"start":{"line":718,"column":26},"end":{"line":718,"column":60}},"235":{"start":{"line":720,"column":26},"end":{"line":735,"column":10}},"236":{"start":{"line":721,"column":25},"end":{"line":723,"column":11}},"237":{"start":{"line":722,"column":26},"end":{"line":722,"column":58}},"238":{"start":{"line":724,"column":10},"end":{"line":734,"column":12}},"239":{"start":{"line":736,"column":8},"end":{"line":738,"column":10}},"240":{"start":{"line":737,"column":21},"end":{"line":737,"column":55}},"241":{"start":{"line":739,"column":8},"end":{"line":739,"column":42}},"242":{"start":{"line":741,"column":8},"end":{"line":741,"column":30}},"243":{"start":{"line":750,"column":2},"end":{"line":769,"column":5}},"244":{"start":{"line":751,"column":4},"end":{"line":768,"column":5}},"245":{"start":{"line":753,"column":21},"end":{"line":753,"column":23}},"246":{"start":{"line":756,"column":21},"end":{"line":756,"column":73}},"247":{"start":{"line":759,"column":6},"end":{"line":763,"column":7}},"248":{"start":{"line":759,"column":19},"end":{"line":759,"column":20}},"249":{"start":{"line":760,"column":25},"end":{"line":760,"column":87}},"250":{"start":{"line":762,"column":8},"end":{"line":762,"column":88}},"251":{"start":{"line":765,"column":6},"end":{"line":765,"column":35}},"252":{"start":{"line":767,"column":6},"end":{"line":767,"column":28}},"253":{"start":{"line":771,"column":2},"end":{"line":788,"column":5}},"254":{"start":{"line":772,"column":19},"end":{"line":772,"column":40}},"255":{"start":{"line":773,"column":4},"end":{"line":774,"column":62}},"256":{"start":{"line":774,"column":6},"end":{"line":774,"column":62}},"257":{"start":{"line":776,"column":15},"end":{"line":776,"column":26}},"258":{"start":{"line":777,"column":4},"end":{"line":787,"column":5}},"259":{"start":{"line":778,"column":19},"end":{"line":778,"column":55}},"260":{"start":{"line":779,"column":21},"end":{"line":779,"column":60}},"261":{"start":{"line":781,"column":6},"end":{"line":781,"column":42}},"262":{"start":{"line":783,"column":6},"end":{"line":783,"column":23}},"263":{"start":{"line":784,"column":6},"end":{"line":786,"column":9}},"264":{"start":{"line":794,"column":2},"end":{"line":828,"column":5}},"265":{"start":{"line":795,"column":4},"end":{"line":827,"column":5}},"266":{"start":{"line":797,"column":26},"end":{"line":797,"column":28}},"267":{"start":{"line":800,"column":21},"end":{"line":800,"column":56}},"268":{"start":{"line":803,"column":6},"end":{"line":823,"column":7}},"269":{"start":{"line":803,"column":19},"end":{"line":803,"column":20}},"270":{"start":{"line":805,"column":22},"end":{"line":805,"column":34}},"271":{"start":{"line":808,"column":20},"end":{"line":808,"column":68}},"272":{"start":{"line":811,"column":20},"end":{"line":820,"column":9}},"273":{"start":{"line":822,"column":8},"end":{"line":822,"column":32}},"274":{"start":{"line":824,"column":6},"end":{"line":824,"column":40}},"275":{"start":{"line":826,"column":6},"end":{"line":826,"column":28}},"276":{"start":{"line":831,"column":2},"end":{"line":864,"column":4}},"277":{"start":{"line":842,"column":21},"end":{"line":842,"column":42}},"278":{"start":{"line":843,"column":6},"end":{"line":847,"column":7}},"279":{"start":{"line":844,"column":8},"end":{"line":846,"column":11}},"280":{"start":{"line":848,"column":22},"end":{"line":848,"column":33}},"281":{"start":{"line":849,"column":6},"end":{"line":854,"column":7}},"282":{"start":{"line":850,"column":8},"end":{"line":852,"column":11}},"283":{"start":{"line":853,"column":8},"end":{"line":853,"column":15}},"284":{"start":{"line":856,"column":6},"end":{"line":862,"column":7}},"285":{"start":{"line":857,"column":21},"end":{"line":857,"column":72}},"286":{"start":{"line":858,"column":8},"end":{"line":858,"column":37}},"287":{"start":{"line":860,"column":8},"end":{"line":861,"column":35}},"288":{"start":{"line":860,"column":32},"end":{"line":860,"column":54}},"289":{"start":{"line":861,"column":13},"end":{"line":861,"column":35}}},"fnMap":{"0":{"name":"(anonymous_0)","decl":{"start":{"line":1,"column":17},"end":{"line":1,"column":18}},"loc":{"start":{"line":1,"column":46},"end":{"line":865,"column":1}},"line":1},"1":{"name":"handleMail","decl":{"start":{"line":26,"column":11},"end":{"line":26,"column":21}},"loc":{"start":{"line":26,"column":32},"end":{"line":51,"column":3}},"line":26},"2":{"name":"(anonymous_2)","decl":{"start":{"line":43,"column":38},"end":{"line":43,"column":39}},"loc":{"start":{"line":43,"column":61},"end":{"line":50,"column":5}},"line":43},"3":{"name":"(anonymous_3)","decl":{"start":{"line":54,"column":22},"end":{"line":54,"column":23}},"loc":{"start":{"line":54,"column":58},"end":{"line":62,"column":5}},"line":54},"4":{"name":"(anonymous_4)","decl":{"start":{"line":55,"column":51},"end":{"line":55,"column":52}},"loc":{"start":{"line":55,"column":61},"end":{"line":61,"column":7}},"line":55},"5":{"name":"(anonymous_5)","decl":{"start":{"line":65,"column":25},"end":{"line":65,"column":26}},"loc":{"start":{"line":65,"column":41},"end":{"line":67,"column":3}},"line":65},"6":{"name":"(anonymous_6)","decl":{"start":{"line":69,"column":27},"end":{"line":69,"column":28}},"loc":{"start":{"line":69,"column":41},"end":{"line":78,"column":3}},"line":69},"7":{"name":"(anonymous_7)","decl":{"start":{"line":72,"column":12},"end":{"line":72,"column":13}},"loc":{"start":{"line":72,"column":22},"end":{"line":74,"column":7}},"line":72},"8":{"name":"(anonymous_8)","decl":{"start":{"line":75,"column":13},"end":{"line":75,"column":14}},"loc":{"start":{"line":75,"column":22},"end":{"line":77,"column":7}},"line":75},"9":{"name":"(anonymous_9)","decl":{"start":{"line":97,"column":19},"end":{"line":97,"column":20}},"loc":{"start":{"line":97,"column":39},"end":{"line":106,"column":3}},"line":97},"10":{"name":"(anonymous_10)","decl":{"start":{"line":108,"column":21},"end":{"line":108,"column":22}},"loc":{"start":{"line":108,"column":41},"end":{"line":116,"column":3}},"line":108},"11":{"name":"(anonymous_11)","decl":{"start":{"line":118,"column":20},"end":{"line":118,"column":21}},"loc":{"start":{"line":118,"column":40},"end":{"line":126,"column":3}},"line":118},"12":{"name":"(anonymous_12)","decl":{"start":{"line":129,"column":21},"end":{"line":129,"column":22}},"loc":{"start":{"line":129,"column":41},"end":{"line":136,"column":3}},"line":129},"13":{"name":"(anonymous_13)","decl":{"start":{"line":138,"column":25},"end":{"line":138,"column":26}},"loc":{"start":{"line":138,"column":76},"end":{"line":141,"column":3}},"line":138},"14":{"name":"(anonymous_14)","decl":{"start":{"line":145,"column":28},"end":{"line":145,"column":29}},"loc":{"start":{"line":145,"column":54},"end":{"line":161,"column":3}},"line":145},"15":{"name":"(anonymous_15)","decl":{"start":{"line":146,"column":35},"end":{"line":146,"column":36}},"loc":{"start":{"line":146,"column":56},"end":{"line":160,"column":5}},"line":146},"16":{"name":"(anonymous_16)","decl":{"start":{"line":153,"column":22},"end":{"line":153,"column":23}},"loc":{"start":{"line":153,"column":31},"end":{"line":159,"column":7}},"line":153},"17":{"name":"(anonymous_17)","decl":{"start":{"line":164,"column":38},"end":{"line":164,"column":39}},"loc":{"start":{"line":164,"column":52},"end":{"line":167,"column":3}},"line":164},"18":{"name":"(anonymous_18)","decl":{"start":{"line":170,"column":35},"end":{"line":170,"column":36}},"loc":{"start":{"line":170,"column":49},"end":{"line":174,"column":3}},"line":170},"19":{"name":"(anonymous_19)","decl":{"start":{"line":179,"column":31},"end":{"line":179,"column":32}},"loc":{"start":{"line":179,"column":51},"end":{"line":187,"column":3}},"line":179},"20":{"name":"(anonymous_20)","decl":{"start":{"line":190,"column":29},"end":{"line":190,"column":30}},"loc":{"start":{"line":190,"column":49},"end":{"line":208,"column":3}},"line":190},"21":{"name":"(anonymous_21)","decl":{"start":{"line":211,"column":51},"end":{"line":211,"column":52}},"loc":{"start":{"line":211,"column":71},"end":{"line":245,"column":3}},"line":211},"22":{"name":"(anonymous_22)","decl":{"start":{"line":278,"column":4},"end":{"line":278,"column":5}},"loc":{"start":{"line":278,"column":24},"end":{"line":330,"column":5}},"line":278},"23":{"name":"(anonymous_23)","decl":{"start":{"line":360,"column":4},"end":{"line":360,"column":5}},"loc":{"start":{"line":360,"column":24},"end":{"line":415,"column":5}},"line":360},"24":{"name":"(anonymous_24)","decl":{"start":{"line":428,"column":4},"end":{"line":428,"column":5}},"loc":{"start":{"line":428,"column":24},"end":{"line":442,"column":5}},"line":428},"25":{"name":"(anonymous_25)","decl":{"start":{"line":446,"column":54},"end":{"line":446,"column":55}},"loc":{"start":{"line":446,"column":74},"end":{"line":453,"column":3}},"line":446},"26":{"name":"(anonymous_26)","decl":{"start":{"line":460,"column":4},"end":{"line":460,"column":5}},"loc":{"start":{"line":460,"column":24},"end":{"line":475,"column":5}},"line":460},"27":{"name":"(anonymous_27)","decl":{"start":{"line":481,"column":42},"end":{"line":481,"column":43}},"loc":{"start":{"line":481,"column":56},"end":{"line":499,"column":3}},"line":481},"28":{"name":"(anonymous_28)","decl":{"start":{"line":487,"column":14},"end":{"line":487,"column":15}},"loc":{"start":{"line":487,"column":28},"end":{"line":489,"column":9}},"line":487},"29":{"name":"(anonymous_29)","decl":{"start":{"line":490,"column":15},"end":{"line":490,"column":16}},"loc":{"start":{"line":490,"column":21},"end":{"line":490,"column":42}},"line":490},"30":{"name":"(anonymous_30)","decl":{"start":{"line":494,"column":14},"end":{"line":494,"column":15}},"loc":{"start":{"line":494,"column":28},"end":{"line":496,"column":9}},"line":494},"31":{"name":"(anonymous_31)","decl":{"start":{"line":497,"column":15},"end":{"line":497,"column":16}},"loc":{"start":{"line":497,"column":21},"end":{"line":497,"column":42}},"line":497},"32":{"name":"(anonymous_32)","decl":{"start":{"line":511,"column":4},"end":{"line":511,"column":5}},"loc":{"start":{"line":511,"column":24},"end":{"line":526,"column":5}},"line":511},"33":{"name":"(anonymous_33)","decl":{"start":{"line":534,"column":4},"end":{"line":534,"column":5}},"loc":{"start":{"line":534,"column":24},"end":{"line":546,"column":5}},"line":534},"34":{"name":"(anonymous_34)","decl":{"start":{"line":549,"column":53},"end":{"line":549,"column":54}},"loc":{"start":{"line":549,"column":73},"end":{"line":556,"column":3}},"line":549},"35":{"name":"(anonymous_35)","decl":{"start":{"line":579,"column":4},"end":{"line":579,"column":5}},"loc":{"start":{"line":579,"column":24},"end":{"line":637,"column":5}},"line":579},"36":{"name":"(anonymous_36)","decl":{"start":{"line":589,"column":29},"end":{"line":589,"column":30}},"loc":{"start":{"line":589,"column":66},"end":{"line":602,"column":9}},"line":589},"37":{"name":"(anonymous_37)","decl":{"start":{"line":664,"column":58},"end":{"line":664,"column":59}},"loc":{"start":{"line":664,"column":72},"end":{"line":690,"column":3}},"line":664},"38":{"name":"(anonymous_38)","decl":{"start":{"line":677,"column":12},"end":{"line":677,"column":13}},"loc":{"start":{"line":677,"column":18},"end":{"line":686,"column":7}},"line":677},"39":{"name":"(anonymous_39)","decl":{"start":{"line":680,"column":16},"end":{"line":680,"column":17}},"loc":{"start":{"line":680,"column":22},"end":{"line":682,"column":11}},"line":680},"40":{"name":"(anonymous_40)","decl":{"start":{"line":683,"column":17},"end":{"line":683,"column":18}},"loc":{"start":{"line":683,"column":28},"end":{"line":685,"column":11}},"line":683},"41":{"name":"(anonymous_41)","decl":{"start":{"line":687,"column":13},"end":{"line":687,"column":14}},"loc":{"start":{"line":687,"column":24},"end":{"line":689,"column":7}},"line":687},"42":{"name":"(anonymous_42)","decl":{"start":{"line":692,"column":44},"end":{"line":692,"column":45}},"loc":{"start":{"line":692,"column":58},"end":{"line":702,"column":3}},"line":692},"43":{"name":"(anonymous_43)","decl":{"start":{"line":696,"column":12},"end":{"line":696,"column":13}},"loc":{"start":{"line":696,"column":26},"end":{"line":698,"column":7}},"line":696},"44":{"name":"(anonymous_44)","decl":{"start":{"line":699,"column":13},"end":{"line":699,"column":14}},"loc":{"start":{"line":699,"column":24},"end":{"line":701,"column":7}},"line":699},"45":{"name":"(anonymous_45)","decl":{"start":{"line":713,"column":4},"end":{"line":713,"column":5}},"loc":{"start":{"line":713,"column":24},"end":{"line":743,"column":5}},"line":713},"46":{"name":"(anonymous_46)","decl":{"start":{"line":720,"column":37},"end":{"line":720,"column":38}},"loc":{"start":{"line":720,"column":48},"end":{"line":735,"column":9}},"line":720},"47":{"name":"(anonymous_47)","decl":{"start":{"line":722,"column":12},"end":{"line":722,"column":13}},"loc":{"start":{"line":722,"column":26},"end":{"line":722,"column":58}},"line":722},"48":{"name":"(anonymous_48)","decl":{"start":{"line":737,"column":10},"end":{"line":737,"column":11}},"loc":{"start":{"line":737,"column":21},"end":{"line":737,"column":55}},"line":737},"49":{"name":"(anonymous_49)","decl":{"start":{"line":750,"column":35},"end":{"line":750,"column":36}},"loc":{"start":{"line":750,"column":55},"end":{"line":769,"column":3}},"line":750},"50":{"name":"(anonymous_50)","decl":{"start":{"line":771,"column":56},"end":{"line":771,"column":57}},"loc":{"start":{"line":771,"column":76},"end":{"line":788,"column":3}},"line":771},"51":{"name":"(anonymous_51)","decl":{"start":{"line":794,"column":52},"end":{"line":794,"column":53}},"loc":{"start":{"line":794,"column":72},"end":{"line":828,"column":3}},"line":794},"52":{"name":"(anonymous_52)","decl":{"start":{"line":838,"column":4},"end":{"line":838,"column":5}},"loc":{"start":{"line":838,"column":24},"end":{"line":863,"column":5}},"line":838}},"branchMap":{"0":{"loc":{"start":{"line":44,"column":6},"end":{"line":49,"column":7}},"type":"if","locations":[{"start":{"line":44,"column":6},"end":{"line":49,"column":7}},{"start":{"line":47,"column":13},"end":{"line":49,"column":7}}],"line":44},"1":{"loc":{"start":{"line":56,"column":8},"end":{"line":59,"column":13}},"type":"if","locations":[{"start":{"line":56,"column":8},"end":{"line":59,"column":13}},{"start":{},"end":{}}],"line":56},"2":{"loc":{"start":{"line":98,"column":4},"end":{"line":101,"column":5}},"type":"if","locations":[{"start":{"line":98,"column":4},"end":{"line":101,"column":5}},{"start":{},"end":{}}],"line":98},"3":{"loc":{"start":{"line":102,"column":4},"end":{"line":104,"column":5}},"type":"if","locations":[{"start":{"line":102,"column":4},"end":{"line":104,"column":5}},{"start":{},"end":{}}],"line":102},"4":{"loc":{"start":{"line":109,"column":4},"end":{"line":111,"column":5}},"type":"if","locations":[{"start":{"line":109,"column":4},"end":{"line":111,"column":5}},{"start":{},"end":{}}],"line":109},"5":{"loc":{"start":{"line":112,"column":4},"end":{"line":114,"column":5}},"type":"if","locations":[{"start":{"line":112,"column":4},"end":{"line":114,"column":5}},{"start":{},"end":{}}],"line":112},"6":{"loc":{"start":{"line":119,"column":4},"end":{"line":121,"column":5}},"type":"if","locations":[{"start":{"line":119,"column":4},"end":{"line":121,"column":5}},{"start":{},"end":{}}],"line":119},"7":{"loc":{"start":{"line":122,"column":4},"end":{"line":124,"column":5}},"type":"if","locations":[{"start":{"line":122,"column":4},"end":{"line":124,"column":5}},{"start":{},"end":{}}],"line":122},"8":{"loc":{"start":{"line":130,"column":4},"end":{"line":132,"column":5}},"type":"if","locations":[{"start":{"line":130,"column":4},"end":{"line":132,"column":5}},{"start":{},"end":{}}],"line":130},"9":{"loc":{"start":{"line":133,"column":4},"end":{"line":133,"column":45}},"type":"if","locations":[{"start":{"line":133,"column":4},"end":{"line":133,"column":45}},{"start":{},"end":{}}],"line":133},"10":{"loc":{"start":{"line":147,"column":6},"end":{"line":147,"column":32}},"type":"if","locations":[{"start":{"line":147,"column":6},"end":{"line":147,"column":32}},{"start":{},"end":{}}],"line":147},"11":{"loc":{"start":{"line":148,"column":6},"end":{"line":151,"column":7}},"type":"if","locations":[{"start":{"line":148,"column":6},"end":{"line":151,"column":7}},{"start":{},"end":{}}],"line":148},"12":{"loc":{"start":{"line":154,"column":8},"end":{"line":154,"column":34}},"type":"if","locations":[{"start":{"line":154,"column":8},"end":{"line":154,"column":34}},{"start":{},"end":{}}],"line":154},"13":{"loc":{"start":{"line":171,"column":4},"end":{"line":173,"column":68}},"type":"if","locations":[{"start":{"line":171,"column":4},"end":{"line":173,"column":68}},{"start":{"line":173,"column":11},"end":{"line":173,"column":68}}],"line":171},"14":{"loc":{"start":{"line":196,"column":6},"end":{"line":204,"column":7}},"type":"if","locations":[{"start":{"line":196,"column":6},"end":{"line":204,"column":7}},{"start":{"line":198,"column":13},"end":{"line":204,"column":7}}],"line":196},"15":{"loc":{"start":{"line":282,"column":6},"end":{"line":284,"column":7}},"type":"if","locations":[{"start":{"line":282,"column":6},"end":{"line":284,"column":7}},{"start":{},"end":{}}],"line":282},"16":{"loc":{"start":{"line":307,"column":8},"end":{"line":324,"column":9}},"type":"if","locations":[{"start":{"line":307,"column":8},"end":{"line":324,"column":9}},{"start":{},"end":{}}],"line":307},"17":{"loc":{"start":{"line":366,"column":6},"end":{"line":369,"column":7}},"type":"if","locations":[{"start":{"line":366,"column":6},"end":{"line":369,"column":7}},{"start":{},"end":{}}],"line":366},"18":{"loc":{"start":{"line":392,"column":8},"end":{"line":409,"column":9}},"type":"if","locations":[{"start":{"line":392,"column":8},"end":{"line":409,"column":9}},{"start":{},"end":{}}],"line":392},"19":{"loc":{"start":{"line":430,"column":6},"end":{"line":432,"column":7}},"type":"if","locations":[{"start":{"line":430,"column":6},"end":{"line":432,"column":7}},{"start":{},"end":{}}],"line":430},"20":{"loc":{"start":{"line":462,"column":6},"end":{"line":464,"column":7}},"type":"if","locations":[{"start":{"line":462,"column":6},"end":{"line":464,"column":7}},{"start":{},"end":{}}],"line":462},"21":{"loc":{"start":{"line":484,"column":4},"end":{"line":498,"column":5}},"type":"if","locations":[{"start":{"line":484,"column":4},"end":{"line":498,"column":5}},{"start":{"line":491,"column":11},"end":{"line":498,"column":5}}],"line":484},"22":{"loc":{"start":{"line":513,"column":6},"end":{"line":514,"column":64}},"type":"if","locations":[{"start":{"line":513,"column":6},"end":{"line":514,"column":64}},{"start":{},"end":{}}],"line":513},"23":{"loc":{"start":{"line":583,"column":6},"end":{"line":585,"column":7}},"type":"if","locations":[{"start":{"line":583,"column":6},"end":{"line":585,"column":7}},{"start":{},"end":{}}],"line":583},"24":{"loc":{"start":{"line":589,"column":46},"end":{"line":589,"column":61}},"type":"default-arg","locations":[{"start":{"line":589,"column":59},"end":{"line":589,"column":61}}],"line":589},"25":{"loc":{"start":{"line":606,"column":8},"end":{"line":633,"column":9}},"type":"if","locations":[{"start":{"line":606,"column":8},"end":{"line":633,"column":9}},{"start":{"line":631,"column":15},"end":{"line":633,"column":9}}],"line":606},"26":{"loc":{"start":{"line":670,"column":4},"end":{"line":674,"column":5}},"type":"if","locations":[{"start":{"line":670,"column":4},"end":{"line":674,"column":5}},{"start":{},"end":{}}],"line":670},"27":{"loc":{"start":{"line":773,"column":4},"end":{"line":774,"column":62}},"type":"if","locations":[{"start":{"line":773,"column":4},"end":{"line":774,"column":62}},{"start":{},"end":{}}],"line":773},"28":{"loc":{"start":{"line":843,"column":6},"end":{"line":847,"column":7}},"type":"if","locations":[{"start":{"line":843,"column":6},"end":{"line":847,"column":7}},{"start":{},"end":{}}],"line":843},"29":{"loc":{"start":{"line":849,"column":6},"end":{"line":854,"column":7}},"type":"if","locations":[{"start":{"line":849,"column":6},"end":{"line":854,"column":7}},{"start":{},"end":{}}],"line":849},"30":{"loc":{"start":{"line":860,"column":8},"end":{"line":861,"column":35}},"type":"if","locations":[{"start":{"line":860,"column":8},"end":{"line":861,"column":35}},{"start":{"line":861,"column":13},"end":{"line":861,"column":35}}],"line":860}},"s":{"0":1,"1":1,"2":1,"3":1,"4":1,"5":1,"6":1,"7":1,"8":1,"9":1,"10":1,"11":1,"12":1,"13":1,"14":0,"15":0,"16":0,"17":0,"18":0,"19":0,"20":0,"21":0,"22":1,"23":0,"24":0,"25":0,"26":0,"27":1,"28":0,"29":1,"30":0,"31":0,"32":0,"33":1,"34":1,"35":1,"36":1,"37":1,"38":1,"39":20,"40":20,"41":0,"42":0,"43":0,"44":1,"45":13,"46":13,"47":0,"48":0,"49":0,"50":1,"51":7,"52":7,"53":0,"54":0,"55":0,"56":1,"57":1,"58":1,"59":0,"60":0,"61":0,"62":1,"63":0,"64":1,"65":0,"66":0,"67":0,"68":0,"69":0,"70":0,"71":0,"72":0,"73":0,"74":1,"75":0,"76":0,"77":1,"78":0,"79":0,"80":0,"81":1,"82":2,"83":2,"84":2,"85":0,"86":1,"87":2,"88":2,"89":2,"90":1,"91":1,"92":1,"93":0,"94":1,"95":1,"96":1,"97":1,"98":1,"99":1,"100":1,"101":1,"102":1,"103":1,"104":1,"105":0,"106":1,"107":6,"108":6,"109":5,"110":1,"111":1,"112":1,"113":1,"114":1,"115":1,"116":1,"117":1,"118":1,"119":1,"120":1,"121":0,"122":1,"123":0,"124":0,"125":0,"126":0,"127":0,"128":0,"129":0,"130":0,"131":0,"132":0,"133":0,"134":0,"135":0,"136":0,"137":0,"138":0,"139":0,"140":0,"141":1,"142":2,"143":2,"144":1,"145":1,"146":1,"147":1,"148":1,"149":0,"150":1,"151":1,"152":1,"153":1,"154":0,"155":1,"156":0,"157":0,"158":0,"159":0,"160":0,"161":0,"162":0,"163":0,"164":0,"165":0,"166":1,"167":0,"168":0,"169":0,"170":0,"171":0,"172":0,"173":0,"174":0,"175":1,"176":3,"177":3,"178":2,"179":1,"180":1,"181":1,"182":1,"183":0,"184":0,"185":1,"186":1,"187":1,"188":1,"189":1,"190":1,"191":0,"192":1,"193":1,"194":1,"195":1,"196":0,"197":1,"198":0,"199":0,"200":0,"201":0,"202":0,"203":0,"204":0,"205":0,"206":0,"207":0,"208":0,"209":0,"210":0,"211":0,"212":0,"213":0,"214":0,"215":0,"216":0,"217":1,"218":1,"219":6,"220":6,"221":5,"222":1,"223":1,"224":1,"225":0,"226":0,"227":1,"228":1,"229":0,"230":1,"231":1,"232":1,"233":1,"234":1,"235":1,"236":1,"237":1,"238":1,"239":0,"240":0,"241":0,"242":1,"243":1,"244":0,"245":0,"246":0,"247":0,"248":0,"249":0,"250":0,"251":0,"252":0,"253":1,"254":0,"255":0,"256":0,"257":0,"258":0,"259":0,"260":0,"261":0,"262":0,"263":0,"264":1,"265":2,"266":2,"267":2,"268":2,"269":2,"270":1,"271":1,"272":1,"273":1,"274":2,"275":0,"276":1,"277":5,"278":5,"279":2,"280":3,"281":3,"282":1,"283":1,"284":2,"285":2,"286":1,"287":1,"288":1,"289":0},"f":{"0":1,"1":0,"2":0,"3":0,"4":0,"5":0,"6":0,"7":0,"8":0,"9":20,"10":13,"11":7,"12":1,"13":0,"14":0,"15":0,"16":0,"17":0,"18":0,"19":2,"20":2,"21":1,"22":6,"23":0,"24":2,"25":1,"26":0,"27":0,"28":0,"29":0,"30":0,"31":0,"32":3,"33":1,"34":1,"35":0,"36":0,"37":6,"38":1,"39":1,"40":0,"41":0,"42":1,"43":0,"44":1,"45":1,"46":1,"47":1,"48":0,"49":0,"50":0,"51":2,"52":5},"b":{"0":[0,0],"1":[0,0],"2":[20,0],"3":[0,0],"4":[13,0],"5":[0,0],"6":[7,0],"7":[0,0],"8":[1,0],"9":[0,0],"10":[0,0],"11":[0,0],"12":[0,0],"13":[0,0],"14":[1,1],"15":[5,1],"16":[1,0],"17":[0,0],"18":[0,0],"19":[1,1],"20":[0,0],"21":[0,0],"22":[2,1],"23":[0,0],"24":[0],"25":[0,0],"26":[5,1],"27":[0,0],"28":[2,3],"29":[1,2],"30":[1,0]},"_coverageSchema":"1a1c01bbd47fc00a2c39e90264f33305004495a9","hash":"72b275d95b171faa0a914295cee25a253be8bcd2"}
,"C:\\Users\\loren\\OneDrive\\Desktop\\PoliTo\\SoftwareEngineering2\\Lab\\SolidarityPurchasingGroup\\SoftwareEngineering\\server\\dbTest.js": {"path":"C:\\Users\\loren\\OneDrive\\Desktop\\PoliTo\\SoftwareEngineering2\\Lab\\SolidarityPurchasingGroup\\SoftwareEngineering\\server\\dbTest.js","statementMap":{"0":{"start":{"line":2,"column":15},"end":{"line":2,"column":33}},"1":{"start":{"line":4,"column":15},"end":{"line":6,"column":2}},"2":{"start":{"line":5,"column":2},"end":{"line":5,"column":25}},"3":{"start":{"line":5,"column":13},"end":{"line":5,"column":25}},"4":{"start":{"line":8,"column":0},"end":{"line":8,"column":24}}},"fnMap":{"0":{"name":"(anonymous_0)","decl":{"start":{"line":4,"column":48},"end":{"line":4,"column":49}},"loc":{"start":{"line":4,"column":59},"end":{"line":6,"column":1}},"line":4}},"branchMap":{"0":{"loc":{"start":{"line":5,"column":2},"end":{"line":5,"column":25}},"type":"if","locations":[{"start":{"line":5,"column":2},"end":{"line":5,"column":25}},{"start":{},"end":{}}],"line":5}},"s":{"0":1,"1":1,"2":1,"3":0,"4":1},"f":{"0":1},"b":{"0":[0,1]},"_coverageSchema":"1a1c01bbd47fc00a2c39e90264f33305004495a9","hash":"b165964b12f25a235e6ee38bfe85960a3a3131d7"}
,"C:\\Users\\loren\\OneDrive\\Desktop\\PoliTo\\SoftwareEngineering2\\Lab\\SolidarityPurchasingGroup\\SoftwareEngineering\\server\\Dao\\customerDao.js": {"path":"C:\\Users\\loren\\OneDrive\\Desktop\\PoliTo\\SoftwareEngineering2\\Lab\\SolidarityPurchasingGroup\\SoftwareEngineering\\server\\Dao\\customerDao.js","statementMap":{"0":{"start":{"line":4,"column":0},"end":{"line":21,"column":2}},"1":{"start":{"line":5,"column":2},"end":{"line":20,"column":5}},"2":{"start":{"line":6,"column":16},"end":{"line":6,"column":53}},"3":{"start":{"line":7,"column":4},"end":{"line":19,"column":7}},"4":{"start":{"line":8,"column":6},"end":{"line":11,"column":7}},"5":{"start":{"line":9,"column":8},"end":{"line":9,"column":20}},"6":{"start":{"line":10,"column":8},"end":{"line":10,"column":15}},"7":{"start":{"line":12,"column":6},"end":{"line":18,"column":7}},"8":{"start":{"line":14,"column":8},"end":{"line":14,"column":50}},"9":{"start":{"line":17,"column":8},"end":{"line":17,"column":22}},"10":{"start":{"line":24,"column":0},"end":{"line":41,"column":2}},"11":{"start":{"line":25,"column":2},"end":{"line":40,"column":5}},"12":{"start":{"line":27,"column":6},"end":{"line":27,"column":109}},"13":{"start":{"line":28,"column":4},"end":{"line":28,"column":28}},"14":{"start":{"line":29,"column":4},"end":{"line":39,"column":6}},"15":{"start":{"line":33,"column":8},"end":{"line":36,"column":9}},"16":{"start":{"line":34,"column":10},"end":{"line":34,"column":22}},"17":{"start":{"line":35,"column":10},"end":{"line":35,"column":17}},"18":{"start":{"line":37,"column":8},"end":{"line":37,"column":29}}},"fnMap":{"0":{"name":"(anonymous_0)","decl":{"start":{"line":4,"column":30},"end":{"line":4,"column":31}},"loc":{"start":{"line":4,"column":42},"end":{"line":21,"column":1}},"line":4},"1":{"name":"(anonymous_1)","decl":{"start":{"line":5,"column":21},"end":{"line":5,"column":22}},"loc":{"start":{"line":5,"column":42},"end":{"line":20,"column":3}},"line":5},"2":{"name":"(anonymous_2)","decl":{"start":{"line":7,"column":22},"end":{"line":7,"column":23}},"loc":{"start":{"line":7,"column":37},"end":{"line":19,"column":5}},"line":7},"3":{"name":"(anonymous_3)","decl":{"start":{"line":24,"column":28},"end":{"line":24,"column":29}},"loc":{"start":{"line":24,"column":43},"end":{"line":41,"column":1}},"line":24},"4":{"name":"(anonymous_4)","decl":{"start":{"line":25,"column":21},"end":{"line":25,"column":22}},"loc":{"start":{"line":25,"column":42},"end":{"line":40,"column":3}},"line":25},"5":{"name":"(anonymous_5)","decl":{"start":{"line":32,"column":6},"end":{"line":32,"column":7}},"loc":{"start":{"line":32,"column":21},"end":{"line":38,"column":7}},"line":32}},"branchMap":{"0":{"loc":{"start":{"line":8,"column":6},"end":{"line":11,"column":7}},"type":"if","locations":[{"start":{"line":8,"column":6},"end":{"line":11,"column":7}},{"start":{},"end":{}}],"line":8},"1":{"loc":{"start":{"line":12,"column":6},"end":{"line":18,"column":7}},"type":"if","locations":[{"start":{"line":12,"column":6},"end":{"line":18,"column":7}},{"start":{"line":15,"column":13},"end":{"line":18,"column":7}}],"line":12},"2":{"loc":{"start":{"line":12,"column":10},"end":{"line":12,"column":47}},"type":"binary-expr","locations":[{"start":{"line":12,"column":10},"end":{"line":12,"column":26}},{"start":{"line":12,"column":30},"end":{"line":12,"column":47}}],"line":12},"3":{"loc":{"start":{"line":33,"column":8},"end":{"line":36,"column":9}},"type":"if","locations":[{"start":{"line":33,"column":8},"end":{"line":36,"column":9}},{"start":{},"end":{}}],"line":33}},"s":{"0":1,"1":3,"2":3,"3":3,"4":3,"5":0,"6":0,"7":3,"8":3,"9":0,"10":1,"11":0,"12":0,"13":0,"14":0,"15":0,"16":0,"17":0,"18":0},"f":{"0":3,"1":3,"2":3,"3":0,"4":0,"5":0},"b":{"0":[0,3],"1":[3,0],"2":[3,0],"3":[0,0]},"_coverageSchema":"1a1c01bbd47fc00a2c39e90264f33305004495a9","hash":"fe3ff4b9e373473892559e13aad93c6e6f9201de"}
,"C:\\Users\\loren\\OneDrive\\Desktop\\PoliTo\\SoftwareEngineering2\\Lab\\SolidarityPurchasingGroup\\SoftwareEngineering\\server\\Dao\\dbusers.js": {"path":"C:\\Users\\loren\\OneDrive\\Desktop\\PoliTo\\SoftwareEngineering2\\Lab\\SolidarityPurchasingGroup\\SoftwareEngineering\\server\\Dao\\dbusers.js","statementMap":{"0":{"start":{"line":4,"column":15},"end":{"line":4,"column":32}},"1":{"start":{"line":6,"column":0},"end":{"line":23,"column":2}},"2":{"start":{"line":7,"column":2},"end":{"line":22,"column":5}},"3":{"start":{"line":8,"column":16},"end":{"line":8,"column":50}},"4":{"start":{"line":9,"column":4},"end":{"line":21,"column":7}},"5":{"start":{"line":10,"column":6},"end":{"line":20,"column":7}},"6":{"start":{"line":10,"column":15},"end":{"line":10,"column":27}},"7":{"start":{"line":11,"column":11},"end":{"line":20,"column":7}},"8":{"start":{"line":11,"column":34},"end":{"line":11,"column":73}},"9":{"start":{"line":13,"column":21},"end":{"line":18,"column":9}},"10":{"start":{"line":19,"column":8},"end":{"line":19,"column":22}},"11":{"start":{"line":25,"column":0},"end":{"line":52,"column":2}},"12":{"start":{"line":26,"column":2},"end":{"line":51,"column":5}},"13":{"start":{"line":27,"column":16},"end":{"line":27,"column":56}},"14":{"start":{"line":28,"column":4},"end":{"line":50,"column":7}},"15":{"start":{"line":29,"column":6},"end":{"line":49,"column":7}},"16":{"start":{"line":29,"column":15},"end":{"line":29,"column":27}},"17":{"start":{"line":30,"column":11},"end":{"line":49,"column":7}},"18":{"start":{"line":31,"column":8},"end":{"line":31,"column":44}},"19":{"start":{"line":33,"column":8},"end":{"line":33,"column":23}},"20":{"start":{"line":35,"column":22},"end":{"line":40,"column":9}},"21":{"start":{"line":41,"column":8},"end":{"line":41,"column":27}},"22":{"start":{"line":42,"column":8},"end":{"line":48,"column":11}},"23":{"start":{"line":43,"column":10},"end":{"line":47,"column":30}},"24":{"start":{"line":45,"column":12},"end":{"line":45,"column":27}},"25":{"start":{"line":47,"column":15},"end":{"line":47,"column":30}}},"fnMap":{"0":{"name":"(anonymous_0)","decl":{"start":{"line":6,"column":22},"end":{"line":6,"column":23}},"loc":{"start":{"line":6,"column":34},"end":{"line":23,"column":1}},"line":6},"1":{"name":"(anonymous_1)","decl":{"start":{"line":7,"column":21},"end":{"line":7,"column":22}},"loc":{"start":{"line":7,"column":42},"end":{"line":22,"column":3}},"line":7},"2":{"name":"(anonymous_2)","decl":{"start":{"line":9,"column":22},"end":{"line":9,"column":23}},"loc":{"start":{"line":9,"column":36},"end":{"line":21,"column":5}},"line":9},"3":{"name":"(anonymous_3)","decl":{"start":{"line":25,"column":18},"end":{"line":25,"column":19}},"loc":{"start":{"line":25,"column":46},"end":{"line":52,"column":1}},"line":25},"4":{"name":"(anonymous_4)","decl":{"start":{"line":26,"column":21},"end":{"line":26,"column":22}},"loc":{"start":{"line":26,"column":42},"end":{"line":51,"column":3}},"line":26},"5":{"name":"(anonymous_5)","decl":{"start":{"line":28,"column":28},"end":{"line":28,"column":29}},"loc":{"start":{"line":28,"column":42},"end":{"line":50,"column":5}},"line":28},"6":{"name":"(anonymous_6)","decl":{"start":{"line":42,"column":48},"end":{"line":42,"column":49}},"loc":{"start":{"line":42,"column":60},"end":{"line":48,"column":9}},"line":42}},"branchMap":{"0":{"loc":{"start":{"line":10,"column":6},"end":{"line":20,"column":7}},"type":"if","locations":[{"start":{"line":10,"column":6},"end":{"line":20,"column":7}},{"start":{"line":11,"column":11},"end":{"line":20,"column":7}}],"line":10},"1":{"loc":{"start":{"line":11,"column":11},"end":{"line":20,"column":7}},"type":"if","locations":[{"start":{"line":11,"column":11},"end":{"line":20,"column":7}},{"start":{"line":12,"column":11},"end":{"line":20,"column":7}}],"line":11},"2":{"loc":{"start":{"line":29,"column":6},"end":{"line":49,"column":7}},"type":"if","locations":[{"start":{"line":29,"column":6},"end":{"line":49,"column":7}},{"start":{"line":30,"column":11},"end":{"line":49,"column":7}}],"line":29},"3":{"loc":{"start":{"line":30,"column":11},"end":{"line":49,"column":7}},"type":"if","locations":[{"start":{"line":30,"column":11},"end":{"line":49,"column":7}},{"start":{"line":34,"column":13},"end":{"line":49,"column":7}}],"line":30},"4":{"loc":{"start":{"line":43,"column":10},"end":{"line":47,"column":30}},"type":"if","locations":[{"start":{"line":43,"column":10},"end":{"line":47,"column":30}},{"start":{"line":47,"column":15},"end":{"line":47,"column":30}}],"line":43}},"s":{"0":1,"1":1,"2":0,"3":0,"4":0,"5":0,"6":0,"7":0,"8":0,"9":0,"10":0,"11":1,"12":0,"13":0,"14":0,"15":0,"16":0,"17":0,"18":0,"19":0,"20":0,"21":0,"22":0,"23":0,"24":0,"25":0},"f":{"0":0,"1":0,"2":0,"3":0,"4":0,"5":0,"6":0},"b":{"0":[0,0],"1":[0,0],"2":[0,0],"3":[0,0],"4":[0,0]},"_coverageSchema":"1a1c01bbd47fc00a2c39e90264f33305004495a9","hash":"1f38302615697abd640a867ceda240d24d20cfaa"}
,"C:\\Users\\loren\\OneDrive\\Desktop\\PoliTo\\SoftwareEngineering2\\Lab\\SolidarityPurchasingGroup\\SoftwareEngineering\\server\\Dao\\employeeDBAccess.js": {"path":"C:\\Users\\loren\\OneDrive\\Desktop\\PoliTo\\SoftwareEngineering2\\Lab\\SolidarityPurchasingGroup\\SoftwareEngineering\\server\\Dao\\employeeDBAccess.js","statementMap":{"0":{"start":{"line":5,"column":0},"end":{"line":24,"column":2}},"1":{"start":{"line":6,"column":2},"end":{"line":23,"column":5}},"2":{"start":{"line":8,"column":16},"end":{"line":8,"column":148}},"3":{"start":{"line":9,"column":4},"end":{"line":22,"column":7}},"4":{"start":{"line":10,"column":6},"end":{"line":13,"column":7}},"5":{"start":{"line":11,"column":8},"end":{"line":11,"column":20}},"6":{"start":{"line":12,"column":8},"end":{"line":12,"column":15}},"7":{"start":{"line":14,"column":24},"end":{"line":20,"column":9}},"8":{"start":{"line":14,"column":41},"end":{"line":20,"column":7}},"9":{"start":{"line":21,"column":6},"end":{"line":21,"column":25}},"10":{"start":{"line":27,"column":0},"end":{"line":49,"column":2}},"11":{"start":{"line":28,"column":2},"end":{"line":48,"column":5}},"12":{"start":{"line":31,"column":6},"end":{"line":31,"column":77}},"13":{"start":{"line":33,"column":4},"end":{"line":47,"column":7}},"14":{"start":{"line":34,"column":6},"end":{"line":37,"column":7}},"15":{"start":{"line":35,"column":8},"end":{"line":35,"column":20}},"16":{"start":{"line":36,"column":8},"end":{"line":36,"column":15}},"17":{"start":{"line":38,"column":23},"end":{"line":45,"column":9}},"18":{"start":{"line":38,"column":40},"end":{"line":45,"column":7}},"19":{"start":{"line":46,"column":6},"end":{"line":46,"column":24}},"20":{"start":{"line":52,"column":0},"end":{"line":87,"column":2}},"21":{"start":{"line":53,"column":2},"end":{"line":86,"column":5}},"22":{"start":{"line":55,"column":16},"end":{"line":55,"column":51}},"23":{"start":{"line":58,"column":4},"end":{"line":85,"column":7}},"24":{"start":{"line":60,"column":6},"end":{"line":65,"column":7}},"25":{"start":{"line":62,"column":8},"end":{"line":62,"column":20}},"26":{"start":{"line":64,"column":8},"end":{"line":64,"column":15}},"27":{"start":{"line":68,"column":22},"end":{"line":72,"column":9}},"28":{"start":{"line":68,"column":39},"end":{"line":72,"column":7}},"29":{"start":{"line":75,"column":6},"end":{"line":84,"column":7}},"30":{"start":{"line":76,"column":23},"end":{"line":76,"column":33}},"31":{"start":{"line":79,"column":8},"end":{"line":79,"column":24}},"32":{"start":{"line":81,"column":8},"end":{"line":83,"column":11}},"33":{"start":{"line":90,"column":0},"end":{"line":118,"column":2}},"34":{"start":{"line":91,"column":2},"end":{"line":117,"column":5}},"35":{"start":{"line":93,"column":16},"end":{"line":93,"column":60}},"36":{"start":{"line":96,"column":4},"end":{"line":116,"column":7}},"37":{"start":{"line":98,"column":6},"end":{"line":103,"column":7}},"38":{"start":{"line":100,"column":8},"end":{"line":100,"column":20}},"39":{"start":{"line":102,"column":8},"end":{"line":102,"column":15}},"40":{"start":{"line":106,"column":20},"end":{"line":112,"column":9}},"41":{"start":{"line":106,"column":37},"end":{"line":112,"column":7}},"42":{"start":{"line":115,"column":6},"end":{"line":115,"column":21}},"43":{"start":{"line":121,"column":0},"end":{"line":149,"column":2}},"44":{"start":{"line":122,"column":2},"end":{"line":148,"column":5}},"45":{"start":{"line":124,"column":16},"end":{"line":124,"column":43}},"46":{"start":{"line":127,"column":4},"end":{"line":147,"column":7}},"47":{"start":{"line":129,"column":6},"end":{"line":134,"column":7}},"48":{"start":{"line":131,"column":8},"end":{"line":131,"column":20}},"49":{"start":{"line":133,"column":8},"end":{"line":133,"column":15}},"50":{"start":{"line":137,"column":21},"end":{"line":143,"column":9}},"51":{"start":{"line":137,"column":38},"end":{"line":143,"column":7}},"52":{"start":{"line":144,"column":6},"end":{"line":144,"column":26}},"53":{"start":{"line":146,"column":6},"end":{"line":146,"column":22}},"54":{"start":{"line":151,"column":0},"end":{"line":172,"column":2}},"55":{"start":{"line":152,"column":2},"end":{"line":171,"column":5}},"56":{"start":{"line":153,"column":16},"end":{"line":153,"column":40}},"57":{"start":{"line":155,"column":4},"end":{"line":170,"column":7}},"58":{"start":{"line":156,"column":6},"end":{"line":159,"column":7}},"59":{"start":{"line":157,"column":8},"end":{"line":157,"column":20}},"60":{"start":{"line":158,"column":8},"end":{"line":158,"column":15}},"61":{"start":{"line":161,"column":24},"end":{"line":168,"column":9}},"62":{"start":{"line":161,"column":41},"end":{"line":168,"column":7}},"63":{"start":{"line":169,"column":6},"end":{"line":169,"column":25}},"64":{"start":{"line":174,"column":0},"end":{"line":186,"column":2}},"65":{"start":{"line":175,"column":2},"end":{"line":185,"column":5}},"66":{"start":{"line":176,"column":16},"end":{"line":176,"column":61}},"67":{"start":{"line":178,"column":4},"end":{"line":184,"column":7}},"68":{"start":{"line":179,"column":6},"end":{"line":182,"column":7}},"69":{"start":{"line":180,"column":8},"end":{"line":180,"column":20}},"70":{"start":{"line":181,"column":8},"end":{"line":181,"column":15}},"71":{"start":{"line":183,"column":6},"end":{"line":183,"column":18}},"72":{"start":{"line":188,"column":0},"end":{"line":200,"column":2}},"73":{"start":{"line":189,"column":2},"end":{"line":199,"column":5}},"74":{"start":{"line":190,"column":16},"end":{"line":190,"column":63}},"75":{"start":{"line":192,"column":4},"end":{"line":198,"column":7}},"76":{"start":{"line":193,"column":6},"end":{"line":196,"column":7}},"77":{"start":{"line":194,"column":8},"end":{"line":194,"column":20}},"78":{"start":{"line":195,"column":8},"end":{"line":195,"column":15}},"79":{"start":{"line":197,"column":6},"end":{"line":197,"column":18}},"80":{"start":{"line":203,"column":0},"end":{"line":231,"column":2}},"81":{"start":{"line":204,"column":2},"end":{"line":230,"column":5}},"82":{"start":{"line":206,"column":16},"end":{"line":206,"column":43}},"83":{"start":{"line":209,"column":4},"end":{"line":229,"column":7}},"84":{"start":{"line":211,"column":6},"end":{"line":216,"column":7}},"85":{"start":{"line":213,"column":8},"end":{"line":213,"column":20}},"86":{"start":{"line":215,"column":8},"end":{"line":215,"column":15}},"87":{"start":{"line":219,"column":21},"end":{"line":225,"column":9}},"88":{"start":{"line":219,"column":38},"end":{"line":225,"column":7}},"89":{"start":{"line":228,"column":6},"end":{"line":228,"column":22}},"90":{"start":{"line":234,"column":0},"end":{"line":262,"column":2}},"91":{"start":{"line":235,"column":2},"end":{"line":261,"column":5}},"92":{"start":{"line":237,"column":16},"end":{"line":237,"column":56}},"93":{"start":{"line":240,"column":4},"end":{"line":260,"column":7}},"94":{"start":{"line":242,"column":6},"end":{"line":247,"column":7}},"95":{"start":{"line":244,"column":8},"end":{"line":244,"column":20}},"96":{"start":{"line":246,"column":8},"end":{"line":246,"column":15}},"97":{"start":{"line":250,"column":21},"end":{"line":256,"column":9}},"98":{"start":{"line":250,"column":38},"end":{"line":256,"column":7}},"99":{"start":{"line":259,"column":6},"end":{"line":259,"column":22}},"100":{"start":{"line":265,"column":0},"end":{"line":282,"column":2}},"101":{"start":{"line":266,"column":2},"end":{"line":281,"column":5}},"102":{"start":{"line":268,"column":6},"end":{"line":268,"column":109}},"103":{"start":{"line":269,"column":4},"end":{"line":269,"column":28}},"104":{"start":{"line":270,"column":4},"end":{"line":280,"column":6}},"105":{"start":{"line":274,"column":8},"end":{"line":277,"column":9}},"106":{"start":{"line":275,"column":10},"end":{"line":275,"column":22}},"107":{"start":{"line":276,"column":10},"end":{"line":276,"column":17}},"108":{"start":{"line":278,"column":8},"end":{"line":278,"column":29}},"109":{"start":{"line":285,"column":0},"end":{"line":302,"column":2}},"110":{"start":{"line":286,"column":2},"end":{"line":301,"column":5}},"111":{"start":{"line":288,"column":6},"end":{"line":288,"column":84}},"112":{"start":{"line":290,"column":4},"end":{"line":300,"column":6}},"113":{"start":{"line":294,"column":8},"end":{"line":297,"column":9}},"114":{"start":{"line":295,"column":10},"end":{"line":295,"column":22}},"115":{"start":{"line":296,"column":10},"end":{"line":296,"column":17}},"116":{"start":{"line":298,"column":8},"end":{"line":298,"column":29}},"117":{"start":{"line":305,"column":0},"end":{"line":330,"column":2}},"118":{"start":{"line":306,"column":2},"end":{"line":329,"column":5}},"119":{"start":{"line":308,"column":16},"end":{"line":308,"column":56}},"120":{"start":{"line":311,"column":4},"end":{"line":328,"column":7}},"121":{"start":{"line":313,"column":6},"end":{"line":318,"column":7}},"122":{"start":{"line":315,"column":8},"end":{"line":315,"column":20}},"123":{"start":{"line":317,"column":8},"end":{"line":317,"column":15}},"124":{"start":{"line":320,"column":6},"end":{"line":320,"column":36}},"125":{"start":{"line":323,"column":6},"end":{"line":327,"column":7}},"126":{"start":{"line":324,"column":8},"end":{"line":324,"column":35}},"127":{"start":{"line":326,"column":8},"end":{"line":326,"column":36}},"128":{"start":{"line":335,"column":0},"end":{"line":349,"column":2}},"129":{"start":{"line":336,"column":2},"end":{"line":348,"column":5}},"130":{"start":{"line":337,"column":16},"end":{"line":337,"column":77}},"131":{"start":{"line":339,"column":24},"end":{"line":339,"column":25}},"132":{"start":{"line":341,"column":4},"end":{"line":347,"column":7}},"133":{"start":{"line":342,"column":6},"end":{"line":345,"column":7}},"134":{"start":{"line":343,"column":8},"end":{"line":343,"column":20}},"135":{"start":{"line":344,"column":8},"end":{"line":344,"column":15}},"136":{"start":{"line":346,"column":6},"end":{"line":346,"column":27}},"137":{"start":{"line":352,"column":0},"end":{"line":369,"column":2}},"138":{"start":{"line":353,"column":2},"end":{"line":368,"column":5}},"139":{"start":{"line":355,"column":6},"end":{"line":355,"column":74}},"140":{"start":{"line":357,"column":4},"end":{"line":367,"column":6}},"141":{"start":{"line":361,"column":8},"end":{"line":364,"column":9}},"142":{"start":{"line":362,"column":10},"end":{"line":362,"column":22}},"143":{"start":{"line":363,"column":10},"end":{"line":363,"column":17}},"144":{"start":{"line":365,"column":8},"end":{"line":365,"column":29}}},"fnMap":{"0":{"name":"(anonymous_0)","decl":{"start":{"line":5,"column":23},"end":{"line":5,"column":24}},"loc":{"start":{"line":5,"column":31},"end":{"line":24,"column":1}},"line":5},"1":{"name":"(anonymous_1)","decl":{"start":{"line":6,"column":21},"end":{"line":6,"column":22}},"loc":{"start":{"line":6,"column":42},"end":{"line":23,"column":3}},"line":6},"2":{"name":"(anonymous_2)","decl":{"start":{"line":9,"column":20},"end":{"line":9,"column":21}},"loc":{"start":{"line":9,"column":35},"end":{"line":22,"column":5}},"line":9},"3":{"name":"(anonymous_3)","decl":{"start":{"line":14,"column":33},"end":{"line":14,"column":34}},"loc":{"start":{"line":14,"column":41},"end":{"line":20,"column":7}},"line":14},"4":{"name":"(anonymous_4)","decl":{"start":{"line":27,"column":26},"end":{"line":27,"column":27}},"loc":{"start":{"line":27,"column":34},"end":{"line":49,"column":1}},"line":27},"5":{"name":"(anonymous_5)","decl":{"start":{"line":28,"column":21},"end":{"line":28,"column":22}},"loc":{"start":{"line":28,"column":42},"end":{"line":48,"column":3}},"line":28},"6":{"name":"(anonymous_6)","decl":{"start":{"line":33,"column":20},"end":{"line":33,"column":21}},"loc":{"start":{"line":33,"column":35},"end":{"line":47,"column":5}},"line":33},"7":{"name":"(anonymous_7)","decl":{"start":{"line":38,"column":32},"end":{"line":38,"column":33}},"loc":{"start":{"line":38,"column":40},"end":{"line":45,"column":7}},"line":38},"8":{"name":"(anonymous_8)","decl":{"start":{"line":52,"column":24},"end":{"line":52,"column":25}},"loc":{"start":{"line":52,"column":43},"end":{"line":87,"column":1}},"line":52},"9":{"name":"(anonymous_9)","decl":{"start":{"line":53,"column":21},"end":{"line":53,"column":22}},"loc":{"start":{"line":53,"column":42},"end":{"line":86,"column":3}},"line":53},"10":{"name":"(anonymous_10)","decl":{"start":{"line":58,"column":29},"end":{"line":58,"column":30}},"loc":{"start":{"line":58,"column":44},"end":{"line":85,"column":5}},"line":58},"11":{"name":"(anonymous_11)","decl":{"start":{"line":68,"column":31},"end":{"line":68,"column":32}},"loc":{"start":{"line":68,"column":39},"end":{"line":72,"column":7}},"line":68},"12":{"name":"(anonymous_12)","decl":{"start":{"line":90,"column":24},"end":{"line":90,"column":25}},"loc":{"start":{"line":90,"column":42},"end":{"line":118,"column":1}},"line":90},"13":{"name":"(anonymous_13)","decl":{"start":{"line":91,"column":21},"end":{"line":91,"column":22}},"loc":{"start":{"line":91,"column":42},"end":{"line":117,"column":3}},"line":91},"14":{"name":"(anonymous_14)","decl":{"start":{"line":96,"column":28},"end":{"line":96,"column":29}},"loc":{"start":{"line":96,"column":43},"end":{"line":116,"column":5}},"line":96},"15":{"name":"(anonymous_15)","decl":{"start":{"line":106,"column":29},"end":{"line":106,"column":30}},"loc":{"start":{"line":106,"column":37},"end":{"line":112,"column":7}},"line":106},"16":{"name":"(anonymous_16)","decl":{"start":{"line":121,"column":22},"end":{"line":121,"column":23}},"loc":{"start":{"line":121,"column":30},"end":{"line":149,"column":1}},"line":121},"17":{"name":"(anonymous_17)","decl":{"start":{"line":122,"column":21},"end":{"line":122,"column":22}},"loc":{"start":{"line":122,"column":42},"end":{"line":148,"column":3}},"line":122},"18":{"name":"(anonymous_18)","decl":{"start":{"line":127,"column":20},"end":{"line":127,"column":21}},"loc":{"start":{"line":127,"column":35},"end":{"line":147,"column":5}},"line":127},"19":{"name":"(anonymous_19)","decl":{"start":{"line":137,"column":30},"end":{"line":137,"column":31}},"loc":{"start":{"line":137,"column":38},"end":{"line":143,"column":7}},"line":137},"20":{"name":"(anonymous_20)","decl":{"start":{"line":151,"column":27},"end":{"line":151,"column":28}},"loc":{"start":{"line":151,"column":35},"end":{"line":172,"column":1}},"line":151},"21":{"name":"(anonymous_21)","decl":{"start":{"line":152,"column":21},"end":{"line":152,"column":22}},"loc":{"start":{"line":152,"column":42},"end":{"line":171,"column":3}},"line":152},"22":{"name":"(anonymous_22)","decl":{"start":{"line":155,"column":20},"end":{"line":155,"column":21}},"loc":{"start":{"line":155,"column":35},"end":{"line":170,"column":5}},"line":155},"23":{"name":"(anonymous_23)","decl":{"start":{"line":161,"column":33},"end":{"line":161,"column":34}},"loc":{"start":{"line":161,"column":41},"end":{"line":168,"column":7}},"line":161},"24":{"name":"(anonymous_24)","decl":{"start":{"line":174,"column":31},"end":{"line":174,"column":32}},"loc":{"start":{"line":174,"column":50},"end":{"line":186,"column":1}},"line":174},"25":{"name":"(anonymous_25)","decl":{"start":{"line":175,"column":21},"end":{"line":175,"column":22}},"loc":{"start":{"line":175,"column":42},"end":{"line":185,"column":3}},"line":175},"26":{"name":"(anonymous_26)","decl":{"start":{"line":178,"column":29},"end":{"line":178,"column":30}},"loc":{"start":{"line":178,"column":38},"end":{"line":184,"column":5}},"line":178},"27":{"name":"(anonymous_27)","decl":{"start":{"line":188,"column":23},"end":{"line":188,"column":24}},"loc":{"start":{"line":188,"column":35},"end":{"line":200,"column":1}},"line":188},"28":{"name":"(anonymous_28)","decl":{"start":{"line":189,"column":21},"end":{"line":189,"column":22}},"loc":{"start":{"line":189,"column":42},"end":{"line":199,"column":3}},"line":189},"29":{"name":"(anonymous_29)","decl":{"start":{"line":192,"column":35},"end":{"line":192,"column":36}},"loc":{"start":{"line":192,"column":44},"end":{"line":198,"column":5}},"line":192},"30":{"name":"(anonymous_30)","decl":{"start":{"line":203,"column":22},"end":{"line":203,"column":23}},"loc":{"start":{"line":203,"column":30},"end":{"line":231,"column":1}},"line":203},"31":{"name":"(anonymous_31)","decl":{"start":{"line":204,"column":21},"end":{"line":204,"column":22}},"loc":{"start":{"line":204,"column":42},"end":{"line":230,"column":3}},"line":204},"32":{"name":"(anonymous_32)","decl":{"start":{"line":209,"column":20},"end":{"line":209,"column":21}},"loc":{"start":{"line":209,"column":35},"end":{"line":229,"column":5}},"line":209},"33":{"name":"(anonymous_33)","decl":{"start":{"line":219,"column":30},"end":{"line":219,"column":31}},"loc":{"start":{"line":219,"column":38},"end":{"line":225,"column":7}},"line":219},"34":{"name":"(anonymous_34)","decl":{"start":{"line":234,"column":29},"end":{"line":234,"column":30}},"loc":{"start":{"line":234,"column":50},"end":{"line":262,"column":1}},"line":234},"35":{"name":"(anonymous_35)","decl":{"start":{"line":235,"column":21},"end":{"line":235,"column":22}},"loc":{"start":{"line":235,"column":42},"end":{"line":261,"column":3}},"line":235},"36":{"name":"(anonymous_36)","decl":{"start":{"line":240,"column":31},"end":{"line":240,"column":32}},"loc":{"start":{"line":240,"column":46},"end":{"line":260,"column":5}},"line":240},"37":{"name":"(anonymous_37)","decl":{"start":{"line":250,"column":30},"end":{"line":250,"column":31}},"loc":{"start":{"line":250,"column":38},"end":{"line":256,"column":7}},"line":250},"38":{"name":"(anonymous_38)","decl":{"start":{"line":265,"column":28},"end":{"line":265,"column":29}},"loc":{"start":{"line":265,"column":43},"end":{"line":282,"column":1}},"line":265},"39":{"name":"(anonymous_39)","decl":{"start":{"line":266,"column":21},"end":{"line":266,"column":22}},"loc":{"start":{"line":266,"column":42},"end":{"line":281,"column":3}},"line":266},"40":{"name":"(anonymous_40)","decl":{"start":{"line":273,"column":6},"end":{"line":273,"column":7}},"loc":{"start":{"line":273,"column":21},"end":{"line":279,"column":7}},"line":273},"41":{"name":"(anonymous_41)","decl":{"start":{"line":285,"column":26},"end":{"line":285,"column":27}},"loc":{"start":{"line":285,"column":40},"end":{"line":302,"column":1}},"line":285},"42":{"name":"(anonymous_42)","decl":{"start":{"line":286,"column":21},"end":{"line":286,"column":22}},"loc":{"start":{"line":286,"column":42},"end":{"line":301,"column":3}},"line":286},"43":{"name":"(anonymous_43)","decl":{"start":{"line":293,"column":6},"end":{"line":293,"column":7}},"loc":{"start":{"line":293,"column":21},"end":{"line":299,"column":7}},"line":293},"44":{"name":"(anonymous_44)","decl":{"start":{"line":305,"column":28},"end":{"line":305,"column":29}},"loc":{"start":{"line":305,"column":46},"end":{"line":330,"column":1}},"line":305},"45":{"name":"(anonymous_45)","decl":{"start":{"line":306,"column":21},"end":{"line":306,"column":22}},"loc":{"start":{"line":306,"column":42},"end":{"line":329,"column":3}},"line":306},"46":{"name":"(anonymous_46)","decl":{"start":{"line":311,"column":28},"end":{"line":311,"column":29}},"loc":{"start":{"line":311,"column":43},"end":{"line":328,"column":5}},"line":311},"47":{"name":"(anonymous_47)","decl":{"start":{"line":335,"column":28},"end":{"line":335,"column":29}},"loc":{"start":{"line":335,"column":46},"end":{"line":349,"column":1}},"line":335},"48":{"name":"(anonymous_48)","decl":{"start":{"line":336,"column":21},"end":{"line":336,"column":22}},"loc":{"start":{"line":336,"column":42},"end":{"line":348,"column":3}},"line":336},"49":{"name":"(anonymous_49)","decl":{"start":{"line":341,"column":64},"end":{"line":341,"column":65}},"loc":{"start":{"line":341,"column":79},"end":{"line":347,"column":5}},"line":341},"50":{"name":"(anonymous_50)","decl":{"start":{"line":352,"column":24},"end":{"line":352,"column":25}},"loc":{"start":{"line":352,"column":38},"end":{"line":369,"column":1}},"line":352},"51":{"name":"(anonymous_51)","decl":{"start":{"line":353,"column":21},"end":{"line":353,"column":22}},"loc":{"start":{"line":353,"column":42},"end":{"line":368,"column":3}},"line":353},"52":{"name":"(anonymous_52)","decl":{"start":{"line":360,"column":6},"end":{"line":360,"column":7}},"loc":{"start":{"line":360,"column":21},"end":{"line":366,"column":7}},"line":360}},"branchMap":{"0":{"loc":{"start":{"line":10,"column":6},"end":{"line":13,"column":7}},"type":"if","locations":[{"start":{"line":10,"column":6},"end":{"line":13,"column":7}},{"start":{},"end":{}}],"line":10},"1":{"loc":{"start":{"line":34,"column":6},"end":{"line":37,"column":7}},"type":"if","locations":[{"start":{"line":34,"column":6},"end":{"line":37,"column":7}},{"start":{},"end":{}}],"line":34},"2":{"loc":{"start":{"line":60,"column":6},"end":{"line":65,"column":7}},"type":"if","locations":[{"start":{"line":60,"column":6},"end":{"line":65,"column":7}},{"start":{},"end":{}}],"line":60},"3":{"loc":{"start":{"line":75,"column":6},"end":{"line":84,"column":7}},"type":"if","locations":[{"start":{"line":75,"column":6},"end":{"line":84,"column":7}},{"start":{"line":80,"column":13},"end":{"line":84,"column":7}}],"line":75},"4":{"loc":{"start":{"line":98,"column":6},"end":{"line":103,"column":7}},"type":"if","locations":[{"start":{"line":98,"column":6},"end":{"line":103,"column":7}},{"start":{},"end":{}}],"line":98},"5":{"loc":{"start":{"line":129,"column":6},"end":{"line":134,"column":7}},"type":"if","locations":[{"start":{"line":129,"column":6},"end":{"line":134,"column":7}},{"start":{},"end":{}}],"line":129},"6":{"loc":{"start":{"line":156,"column":6},"end":{"line":159,"column":7}},"type":"if","locations":[{"start":{"line":156,"column":6},"end":{"line":159,"column":7}},{"start":{},"end":{}}],"line":156},"7":{"loc":{"start":{"line":179,"column":6},"end":{"line":182,"column":7}},"type":"if","locations":[{"start":{"line":179,"column":6},"end":{"line":182,"column":7}},{"start":{},"end":{}}],"line":179},"8":{"loc":{"start":{"line":193,"column":6},"end":{"line":196,"column":7}},"type":"if","locations":[{"start":{"line":193,"column":6},"end":{"line":196,"column":7}},{"start":{},"end":{}}],"line":193},"9":{"loc":{"start":{"line":211,"column":6},"end":{"line":216,"column":7}},"type":"if","locations":[{"start":{"line":211,"column":6},"end":{"line":216,"column":7}},{"start":{},"end":{}}],"line":211},"10":{"loc":{"start":{"line":242,"column":6},"end":{"line":247,"column":7}},"type":"if","locations":[{"start":{"line":242,"column":6},"end":{"line":247,"column":7}},{"start":{},"end":{}}],"line":242},"11":{"loc":{"start":{"line":274,"column":8},"end":{"line":277,"column":9}},"type":"if","locations":[{"start":{"line":274,"column":8},"end":{"line":277,"column":9}},{"start":{},"end":{}}],"line":274},"12":{"loc":{"start":{"line":294,"column":8},"end":{"line":297,"column":9}},"type":"if","locations":[{"start":{"line":294,"column":8},"end":{"line":297,"column":9}},{"start":{},"end":{}}],"line":294},"13":{"loc":{"start":{"line":313,"column":6},"end":{"line":318,"column":7}},"type":"if","locations":[{"start":{"line":313,"column":6},"end":{"line":318,"column":7}},{"start":{},"end":{}}],"line":313},"14":{"loc":{"start":{"line":323,"column":6},"end":{"line":327,"column":7}},"type":"if","locations":[{"start":{"line":323,"column":6},"end":{"line":327,"column":7}},{"start":{"line":325,"column":13},"end":{"line":327,"column":7}}],"line":323},"15":{"loc":{"start":{"line":342,"column":6},"end":{"line":345,"column":7}},"type":"if","locations":[{"start":{"line":342,"column":6},"end":{"line":345,"column":7}},{"start":{},"end":{}}],"line":342},"16":{"loc":{"start":{"line":361,"column":8},"end":{"line":364,"column":9}},"type":"if","locations":[{"start":{"line":361,"column":8},"end":{"line":364,"column":9}},{"start":{},"end":{}}],"line":361}},"s":{"0":1,"1":5,"2":5,"3":5,"4":5,"5":0,"6":0,"7":5,"8":2,"9":5,"10":1,"11":4,"12":4,"13":4,"14":4,"15":0,"16":0,"17":4,"18":2,"19":4,"20":1,"21":1,"22":1,"23":1,"24":1,"25":0,"26":0,"27":1,"28":1,"29":1,"30":1,"31":1,"32":0,"33":1,"34":1,"35":1,"36":1,"37":1,"38":0,"39":0,"40":1,"41":0,"42":1,"43":1,"44":0,"45":0,"46":0,"47":0,"48":0,"49":0,"50":0,"51":0,"52":0,"53":0,"54":1,"55":0,"56":0,"57":0,"58":0,"59":0,"60":0,"61":0,"62":0,"63":0,"64":1,"65":1,"66":1,"67":1,"68":1,"69":0,"70":0,"71":1,"72":1,"73":2,"74":2,"75":2,"76":2,"77":0,"78":0,"79":2,"80":1,"81":4,"82":4,"83":4,"84":4,"85":0,"86":0,"87":4,"88":3,"89":4,"90":1,"91":0,"92":0,"93":0,"94":0,"95":0,"96":0,"97":0,"98":0,"99":0,"100":1,"101":5,"102":5,"103":5,"104":5,"105":5,"106":0,"107":0,"108":5,"109":1,"110":1,"111":1,"112":1,"113":1,"114":0,"115":0,"116":1,"117":1,"118":1,"119":1,"120":1,"121":1,"122":0,"123":0,"124":1,"125":1,"126":0,"127":1,"128":1,"129":1,"130":1,"131":1,"132":1,"133":1,"134":0,"135":0,"136":1,"137":1,"138":1,"139":1,"140":1,"141":1,"142":0,"143":0,"144":1},"f":{"0":5,"1":5,"2":5,"3":2,"4":4,"5":4,"6":4,"7":2,"8":1,"9":1,"10":1,"11":1,"12":1,"13":1,"14":1,"15":0,"16":0,"17":0,"18":0,"19":0,"20":0,"21":0,"22":0,"23":0,"24":1,"25":1,"26":1,"27":2,"28":2,"29":2,"30":4,"31":4,"32":4,"33":3,"34":0,"35":0,"36":0,"37":0,"38":5,"39":5,"40":5,"41":1,"42":1,"43":1,"44":1,"45":1,"46":1,"47":1,"48":1,"49":1,"50":1,"51":1,"52":1},"b":{"0":[0,5],"1":[0,4],"2":[0,1],"3":[1,0],"4":[0,1],"5":[0,0],"6":[0,0],"7":[0,1],"8":[0,2],"9":[0,4],"10":[0,0],"11":[0,5],"12":[0,1],"13":[0,1],"14":[0,1],"15":[0,1],"16":[0,1]},"_coverageSchema":"1a1c01bbd47fc00a2c39e90264f33305004495a9","hash":"d33f9bbbb9191caf8c3d2688ef23c4409c343617"}
,"C:\\Users\\loren\\OneDrive\\Desktop\\PoliTo\\SoftwareEngineering2\\Lab\\SolidarityPurchasingGroup\\SoftwareEngineering\\server\\Dao\\farmerDAO.js": {"path":"C:\\Users\\loren\\OneDrive\\Desktop\\PoliTo\\SoftwareEngineering2\\Lab\\SolidarityPurchasingGroup\\SoftwareEngineering\\server\\Dao\\farmerDAO.js","statementMap":{"0":{"start":{"line":13,"column":0},"end":{"line":29,"column":2}},"1":{"start":{"line":14,"column":2},"end":{"line":28,"column":5}},"2":{"start":{"line":15,"column":16},"end":{"line":15,"column":56}},"3":{"start":{"line":16,"column":4},"end":{"line":27,"column":7}},"4":{"start":{"line":17,"column":6},"end":{"line":20,"column":7}},"5":{"start":{"line":18,"column":8},"end":{"line":18,"column":20}},"6":{"start":{"line":19,"column":8},"end":{"line":19,"column":15}},"7":{"start":{"line":21,"column":23},"end":{"line":25,"column":9}},"8":{"start":{"line":21,"column":40},"end":{"line":25,"column":7}},"9":{"start":{"line":26,"column":6},"end":{"line":26,"column":24}},"10":{"start":{"line":32,"column":0},"end":{"line":48,"column":2}},"11":{"start":{"line":33,"column":2},"end":{"line":47,"column":5}},"12":{"start":{"line":34,"column":16},"end":{"line":34,"column":162}},"13":{"start":{"line":35,"column":4},"end":{"line":46,"column":7}},"14":{"start":{"line":36,"column":6},"end":{"line":39,"column":7}},"15":{"start":{"line":37,"column":8},"end":{"line":37,"column":20}},"16":{"start":{"line":38,"column":8},"end":{"line":38,"column":15}},"17":{"start":{"line":40,"column":23},"end":{"line":44,"column":9}},"18":{"start":{"line":40,"column":40},"end":{"line":44,"column":7}},"19":{"start":{"line":45,"column":6},"end":{"line":45,"column":24}},"20":{"start":{"line":52,"column":0},"end":{"line":64,"column":2}},"21":{"start":{"line":53,"column":2},"end":{"line":63,"column":5}},"22":{"start":{"line":55,"column":16},"end":{"line":55,"column":54}},"23":{"start":{"line":56,"column":4},"end":{"line":62,"column":7}},"24":{"start":{"line":57,"column":6},"end":{"line":60,"column":7}},"25":{"start":{"line":58,"column":8},"end":{"line":58,"column":20}},"26":{"start":{"line":59,"column":8},"end":{"line":59,"column":15}},"27":{"start":{"line":61,"column":6},"end":{"line":61,"column":23}},"28":{"start":{"line":67,"column":0},"end":{"line":87,"column":2}},"29":{"start":{"line":68,"column":2},"end":{"line":86,"column":5}},"30":{"start":{"line":69,"column":16},"end":{"line":69,"column":144}},"31":{"start":{"line":70,"column":4},"end":{"line":85,"column":7}},"32":{"start":{"line":71,"column":6},"end":{"line":74,"column":7}},"33":{"start":{"line":72,"column":8},"end":{"line":72,"column":20}},"34":{"start":{"line":73,"column":8},"end":{"line":73,"column":15}},"35":{"start":{"line":75,"column":21},"end":{"line":83,"column":9}},"36":{"start":{"line":75,"column":38},"end":{"line":83,"column":7}},"37":{"start":{"line":84,"column":6},"end":{"line":84,"column":22}},"38":{"start":{"line":90,"column":0},"end":{"line":108,"column":2}},"39":{"start":{"line":91,"column":2},"end":{"line":106,"column":5}},"40":{"start":{"line":92,"column":16},"end":{"line":92,"column":165}},"41":{"start":{"line":93,"column":4},"end":{"line":105,"column":7}},"42":{"start":{"line":94,"column":6},"end":{"line":97,"column":7}},"43":{"start":{"line":95,"column":8},"end":{"line":95,"column":20}},"44":{"start":{"line":96,"column":8},"end":{"line":96,"column":15}},"45":{"start":{"line":98,"column":23},"end":{"line":103,"column":9}},"46":{"start":{"line":98,"column":40},"end":{"line":103,"column":7}},"47":{"start":{"line":104,"column":6},"end":{"line":104,"column":24}},"48":{"start":{"line":111,"column":0},"end":{"line":140,"column":2}},"49":{"start":{"line":112,"column":2},"end":{"line":138,"column":5}},"50":{"start":{"line":114,"column":16},"end":{"line":114,"column":56}},"51":{"start":{"line":115,"column":4},"end":{"line":137,"column":7}},"52":{"start":{"line":116,"column":6},"end":{"line":136,"column":7}},"53":{"start":{"line":117,"column":8},"end":{"line":117,"column":20}},"54":{"start":{"line":118,"column":8},"end":{"line":118,"column":15}},"55":{"start":{"line":120,"column":11},"end":{"line":136,"column":7}},"56":{"start":{"line":121,"column":8},"end":{"line":121,"column":64}},"57":{"start":{"line":125,"column":21},"end":{"line":125,"column":78}},"58":{"start":{"line":126,"column":8},"end":{"line":135,"column":11}},"59":{"start":{"line":127,"column":10},"end":{"line":134,"column":11}},"60":{"start":{"line":128,"column":12},"end":{"line":128,"column":24}},"61":{"start":{"line":129,"column":12},"end":{"line":129,"column":19}},"62":{"start":{"line":132,"column":29},"end":{"line":132,"column":64}},"63":{"start":{"line":133,"column":12},"end":{
[...]
":{"line":10,"column":13},"end":{"line":10,"column":23}},"9":{"start":{"line":15,"column":0},"end":{"line":25,"column":2}},"10":{"start":{"line":16,"column":2},"end":{"line":24,"column":5}},"11":{"start":{"line":17,"column":16},"end":{"line":17,"column":60}},"12":{"start":{"line":18,"column":4},"end":{"line":23,"column":7}},"13":{"start":{"line":19,"column":6},"end":{"line":22,"column":23}},"14":{"start":{"line":20,"column":8},"end":{"line":20,"column":20}},"15":{"start":{"line":21,"column":8},"end":{"line":21,"column":15}},"16":{"start":{"line":22,"column":13},"end":{"line":22,"column":23}},"17":{"start":{"line":27,"column":0},"end":{"line":37,"column":1}},"18":{"start":{"line":28,"column":2},"end":{"line":36,"column":5}},"19":{"start":{"line":29,"column":16},"end":{"line":29,"column":57}},"20":{"start":{"line":30,"column":4},"end":{"line":35,"column":7}},"21":{"start":{"line":31,"column":6},"end":{"line":34,"column":23}},"22":{"start":{"line":32,"column":8},"end":{"line":32,"column":20}},"23":{"start":{"line":33,"column":8},"end":{"line":33,"column":15}},"24":{"start":{"line":34,"column":13},"end":{"line":34,"column":23}},"25":{"start":{"line":39,"column":0},"end":{"line":54,"column":2}},"26":{"start":{"line":40,"column":2},"end":{"line":53,"column":5}},"27":{"start":{"line":41,"column":16},"end":{"line":41,"column":79}},"28":{"start":{"line":42,"column":4},"end":{"line":52,"column":6}},"29":{"start":{"line":46,"column":8},"end":{"line":49,"column":9}},"30":{"start":{"line":47,"column":10},"end":{"line":47,"column":22}},"31":{"start":{"line":48,"column":10},"end":{"line":48,"column":17}},"32":{"start":{"line":50,"column":8},"end":{"line":50,"column":29}},"33":{"start":{"line":56,"column":0},"end":{"line":67,"column":2}},"34":{"start":{"line":57,"column":2},"end":{"line":66,"column":5}},"35":{"start":{"line":58,"column":16},"end":{"line":58,"column":65}},"36":{"start":{"line":59,"column":4},"end":{"line":65,"column":7}},"37":{"start":{"line":60,"column":6},"end":{"line":63,"column":7}},"38":{"start":{"line":61,"column":8},"end":{"line":61,"column":20}},"39":{"start":{"line":62,"column":8},"end":{"line":62,"column":15}},"40":{"start":{"line":64,"column":6},"end":{"line":64,"column":27}},"41":{"start":{"line":69,"column":0},"end":{"line":80,"column":2}},"42":{"start":{"line":70,"column":2},"end":{"line":79,"column":5}},"43":{"start":{"line":71,"column":16},"end":{"line":71,"column":92}},"44":{"start":{"line":72,"column":4},"end":{"line":78,"column":7}},"45":{"start":{"line":73,"column":6},"end":{"line":76,"column":7}},"46":{"start":{"line":74,"column":8},"end":{"line":74,"column":20}},"47":{"start":{"line":75,"column":8},"end":{"line":75,"column":15}},"48":{"start":{"line":77,"column":6},"end":{"line":77,"column":27}},"49":{"start":{"line":82,"column":0},"end":{"line":93,"column":2}},"50":{"start":{"line":83,"column":2},"end":{"line":92,"column":5}},"51":{"start":{"line":84,"column":16},"end":{"line":84,"column":72}},"52":{"start":{"line":85,"column":4},"end":{"line":91,"column":7}},"53":{"start":{"line":86,"column":6},"end":{"line":89,"column":7}},"54":{"start":{"line":87,"column":8},"end":{"line":87,"column":20}},"55":{"start":{"line":88,"column":8},"end":{"line":88,"column":15}},"56":{"start":{"line":90,"column":6},"end":{"line":90,"column":16}},"57":{"start":{"line":95,"column":0},"end":{"line":107,"column":2}},"58":{"start":{"line":96,"column":2},"end":{"line":106,"column":5}},"59":{"start":{"line":98,"column":6},"end":{"line":98,"column":77}},"60":{"start":{"line":99,"column":4},"end":{"line":105,"column":7}},"61":{"start":{"line":100,"column":6},"end":{"line":103,"column":7}},"62":{"start":{"line":101,"column":8},"end":{"line":101,"column":20}},"63":{"start":{"line":102,"column":8},"end":{"line":102,"column":15}},"64":{"start":{"line":104,"column":6},"end":{"line":104,"column":27}},"65":{"start":{"line":109,"column":0},"end":{"line":140,"column":2}},"66":{"start":{"line":110,"column":2},"end":{"line":139,"column":5}},"67":{"start":{"line":111,"column":17},"end":{"line":111,"column":66}},"68":{"start":{"line":112,"column":4},"end":{"line":138,"column":7}},"69":{"start":{"line":113,"column":6},"end":{"line":116,"column":7}},"70":{"start":{"line":114,"column":8},"end":{"line":114,"column":20}},"71":{"start":{"line":115,"column":8},"end":{"line":115,"column":15}},"72":{"start":{"line":117,"column":6},"end":{"line":117,"column":24}},"73":{"start":{"line":118,"column":19},"end":{"line":118,"column":77}},"74":{"start":{"line":119,"column":6},"end":{"line":136,"column":9}},"75":{"start":{"line":120,"column":8},"end":{"line":123,"column":9}},"76":{"start":{"line":121,"column":10},"end":{"line":121,"column":22}},"77":{"start":{"line":122,"column":10},"end":{"line":122,"column":17}},"78":{"start":{"line":124,"column":8},"end":{"line":124,"column":26}},"79":{"start":{"line":126,"column":10},"end":{"line":126,"column":91}},"80":{"start":{"line":127,"column":8},"end":{"line":134,"column":11}},"81":{"start":{"line":128,"column":10},"end":{"line":131,"column":11}},"82":{"start":{"line":129,"column":12},"end":{"line":129,"column":24}},"83":{"start":{"line":130,"column":12},"end":{"line":130,"column":19}},"84":{"start":{"line":133,"column":10},"end":{"line":133,"column":20}},"85":{"start":{"line":135,"column":8},"end":{"line":135,"column":18}},"86":{"start":{"line":137,"column":6},"end":{"line":137,"column":16}},"87":{"start":{"line":142,"column":0},"end":{"line":154,"column":2}},"88":{"start":{"line":143,"column":2},"end":{"line":153,"column":5}},"89":{"start":{"line":145,"column":6},"end":{"line":145,"column":84}},"90":{"start":{"line":146,"column":4},"end":{"line":152,"column":7}},"91":{"start":{"line":147,"column":6},"end":{"line":150,"column":7}},"92":{"start":{"line":148,"column":8},"end":{"line":148,"column":20}},"93":{"start":{"line":149,"column":8},"end":{"line":149,"column":15}},"94":{"start":{"line":151,"column":6},"end":{"line":151,"column":27}},"95":{"start":{"line":156,"column":0},"end":{"line":172,"column":2}},"96":{"start":{"line":157,"column":2},"end":{"line":171,"column":5}},"97":{"start":{"line":159,"column":6},"end":{"line":159,"column":85}},"98":{"start":{"line":160,"column":4},"end":{"line":170,"column":6}},"99":{"start":{"line":164,"column":8},"end":{"line":167,"column":9}},"100":{"start":{"line":165,"column":10},"end":{"line":165,"column":22}},"101":{"start":{"line":166,"column":10},"end":{"line":166,"column":17}},"102":{"start":{"line":168,"column":8},"end":{"line":168,"column":29}},"103":{"start":{"line":174,"column":0},"end":{"line":190,"column":2}},"104":{"start":{"line":175,"column":2},"end":{"line":189,"column":5}},"105":{"start":{"line":177,"column":6},"end":{"line":177,"column":91}},"106":{"start":{"line":178,"column":4},"end":{"line":188,"column":6}},"107":{"start":{"line":182,"column":8},"end":{"line":185,"column":9}},"108":{"start":{"line":183,"column":10},"end":{"line":183,"column":22}},"109":{"start":{"line":184,"column":10},"end":{"line":184,"column":17}},"110":{"start":{"line":186,"column":8},"end":{"line":186,"column":29}},"111":{"start":{"line":192,"column":0},"end":{"line":207,"column":2}},"112":{"start":{"line":193,"column":2},"end":{"line":206,"column":5}},"113":{"start":{"line":194,"column":16},"end":{"line":194,"column":56}},"114":{"start":{"line":195,"column":4},"end":{"line":205,"column":7}},"115":{"start":{"line":196,"column":6},"end":{"line":199,"column":7}},"116":{"start":{"line":197,"column":8},"end":{"line":197,"column":20}},"117":{"start":{"line":198,"column":8},"end":{"line":198,"column":15}},"118":{"start":{"line":200,"column":20},"end":{"line":203,"column":9}},"119":{"start":{"line":200,"column":37},"end":{"line":203,"column":7}},"120":{"start":{"line":204,"column":6},"end":{"line":204,"column":21}}},"fnMap":{"0":{"name":"(anonymous_0)","decl":{"start":{"line":3,"column":22},"end":{"line":3,"column":23}},"loc":{"start":{"line":3,"column":37},"end":{"line":13,"column":1}},"line":3},"1":{"name":"(anonymous_1)","decl":{"start":{"line":4,"column":21},"end":{"line":4,"column":22}},"loc":{"start":{"line":4,"column":42},"end":{"line":12,"column":3}},"line":4},"2":{"name":"(anonymous_2)","decl":{"start":{"line":6,"column":20},"end":{"line":6,"column":21}},"loc":{"start":{"line":6,"column":29},"end":{"line":11,"column":5}},"line":6},"3":{"name":"(anonymous_3)","decl":{"start":{"line":15,"column":29},"end":{"line":15,"column":30}},"loc":{"start":{"line":15,"column":48},"end":{"line":25,"column":1}},"line":15},"4":{"name":"(anonymous_4)","decl":{"start":{"line":16,"column":21},"end":{"line":16,"column":22}},"loc":{"start":{"line":16,"column":42},"end":{"line":24,"column":3}},"line":16},"5":{"name":"(anonymous_5)","decl":{"start":{"line":18,"column":22},"end":{"line":18,"column":23}},"loc":{"start":{"line":18,"column":31},"end":{"line":23,"column":5}},"line":18},"6":{"name":"(anonymous_6)","decl":{"start":{"line":27,"column":37},"end":{"line":27,"column":38}},"loc":{"start":{"line":27,"column":49},"end":{"line":37,"column":1}},"line":27},"7":{"name":"(anonymous_7)","decl":{"start":{"line":28,"column":21},"end":{"line":28,"column":22}},"loc":{"start":{"line":28,"column":42},"end":{"line":36,"column":3}},"line":28},"8":{"name":"(anonymous_8)","decl":{"start":{"line":30,"column":26},"end":{"line":30,"column":27}},"loc":{"start":{"line":30,"column":35},"end":{"line":35,"column":5}},"line":30},"9":{"name":"(anonymous_9)","decl":{"start":{"line":39,"column":29},"end":{"line":39,"column":30}},"loc":{"start":{"line":39,"column":43},"end":{"line":54,"column":1}},"line":39},"10":{"name":"(anonymous_10)","decl":{"start":{"line":40,"column":21},"end":{"line":40,"column":22}},"loc":{"start":{"line":40,"column":42},"end":{"line":53,"column":3}},"line":40},"11":{"name":"(anonymous_11)","decl":{"start":{"line":45,"column":6},"end":{"line":45,"column":7}},"loc":{"start":{"line":45,"column":21},"end":{"line":51,"column":7}},"line":45},"12":{"name":"(anonymous_12)","decl":{"start":{"line":56,"column":27},"end":{"line":56,"column":28}},"loc":{"start":{"line":56,"column":39},"end":{"line":67,"column":1}},"line":56},"13":{"name":"(anonymous_13)","decl":{"start":{"line":57,"column":21},"end":{"line":57,"column":22}},"loc":{"start":{"line":57,"column":42},"end":{"line":66,"column":3}},"line":57},"14":{"name":"(anonymous_14)","decl":{"start":{"line":59,"column":47},"end":{"line":59,"column":48}},"loc":{"start":{"line":59,"column":62},"end":{"line":65,"column":5}},"line":59},"15":{"name":"(anonymous_15)","decl":{"start":{"line":69,"column":28},"end":{"line":69,"column":29}},"loc":{"start":{"line":69,"column":51},"end":{"line":80,"column":1}},"line":69},"16":{"name":"(anonymous_16)","decl":{"start":{"line":70,"column":21},"end":{"line":70,"column":22}},"loc":{"start":{"line":70,"column":42},"end":{"line":79,"column":3}},"line":70},"17":{"name":"(anonymous_17)","decl":{"start":{"line":72,"column":60},"end":{"line":72,"column":61}},"loc":{"start":{"line":72,"column":75},"end":{"line":78,"column":5}},"line":72},"18":{"name":"(anonymous_18)","decl":{"start":{"line":82,"column":32},"end":{"line":82,"column":33}},"loc":{"start":{"line":82,"column":40},"end":{"line":93,"column":1}},"line":82},"19":{"name":"(anonymous_19)","decl":{"start":{"line":83,"column":21},"end":{"line":83,"column":22}},"loc":{"start":{"line":83,"column":42},"end":{"line":92,"column":3}},"line":83},"20":{"name":"(anonymous_20)","decl":{"start":{"line":85,"column":25},"end":{"line":85,"column":26}},"loc":{"start":{"line":85,"column":40},"end":{"line":91,"column":5}},"line":85},"21":{"name":"(anonymous_21)","decl":{"start":{"line":95,"column":25},"end":{"line":95,"column":26}},"loc":{"start":{"line":95,"column":55},"end":{"line":107,"column":1}},"line":95},"22":{"name":"(anonymous_22)","decl":{"start":{"line":96,"column":21},"end":{"line":96,"column":22}},"loc":{"start":{"line":96,"column":42},"end":{"line":106,"column":3}},"line":96},"23":{"name":"(anonymous_23)","decl":{"start":{"line":99,"column":53},"end":{"line":99,"column":54}},"loc":{"start":{"line":99,"column":68},"end":{"line":105,"column":5}},"line":99},"24":{"name":"(anonymous_24)","decl":{"start":{"line":109,"column":35},"end":{"line":109,"column":36}},"loc":{"start":{"line":109,"column":56},"end":{"line":140,"column":1}},"line":109},"25":{"name":"(anonymous_25)","decl":{"start":{"line":110,"column":21},"end":{"line":110,"column":22}},"loc":{"start":{"line":110,"column":42},"end":{"line":139,"column":3}},"line":110},"26":{"name":"(anonymous_26)","decl":{"start":{"line":112,"column":47},"end":{"line":112,"column":48}},"loc":{"start":{"line":112,"column":62},"end":{"line":138,"column":5}},"line":112},"27":{"name":"(anonymous_27)","decl":{"start":{"line":119,"column":55},"end":{"line":119,"column":56}},"loc":{"start":{"line":119,"column":70},"end":{"line":136,"column":7}},"line":119},"28":{"name":"(anonymous_28)","decl":{"start":{"line":127,"column":37},"end":{"line":127,"column":38}},"loc":{"start":{"line":127,"column":52},"end":{"line":134,"column":9}},"line":127},"29":{"name":"(anonymous_29)","decl":{"start":{"line":142,"column":26},"end":{"line":142,"column":27}},"loc":{"start":{"line":142,"column":32},"end":{"line":154,"column":1}},"line":142},"30":{"name":"(anonymous_30)","decl":{"start":{"line":143,"column":21},"end":{"line":143,"column":22}},"loc":{"start":{"line":143,"column":42},"end":{"line":153,"column":3}},"line":143},"31":{"name":"(anonymous_31)","decl":{"start":{"line":146,"column":50},"end":{"line":146,"column":51}},"loc":{"start":{"line":146,"column":65},"end":{"line":152,"column":5}},"line":146},"32":{"name":"(anonymous_32)","decl":{"start":{"line":156,"column":32},"end":{"line":156,"column":33}},"loc":{"start":{"line":156,"column":53},"end":{"line":172,"column":1}},"line":156},"33":{"name":"(anonymous_33)","decl":{"start":{"line":157,"column":21},"end":{"line":157,"column":22}},"loc":{"start":{"line":157,"column":42},"end":{"line":171,"column":3}},"line":157},"34":{"name":"(anonymous_34)","decl":{"start":{"line":163,"column":6},"end":{"line":163,"column":7}},"loc":{"start":{"line":163,"column":21},"end":{"line":169,"column":7}},"line":163},"35":{"name":"(anonymous_35)","decl":{"start":{"line":174,"column":36},"end":{"line":174,"column":37}},"loc":{"start":{"line":174,"column":58},"end":{"line":190,"column":1}},"line":174},"36":{"name":"(anonymous_36)","decl":{"start":{"line":175,"column":21},"end":{"line":175,"column":22}},"loc":{"start":{"line":175,"column":42},"end":{"line":189,"column":3}},"line":175},"37":{"name":"(anonymous_37)","decl":{"start":{"line":181,"column":6},"end":{"line":181,"column":7}},"loc":{"start":{"line":181,"column":21},"end":{"line":187,"column":7}},"line":181},"38":{"name":"(anonymous_38)","decl":{"start":{"line":192,"column":29},"end":{"line":192,"column":30}},"loc":{"start":{"line":192,"column":37},"end":{"line":207,"column":1}},"line":192},"39":{"name":"(anonymous_39)","decl":{"start":{"line":193,"column":21},"end":{"line":193,"column":22}},"loc":{"start":{"line":193,"column":42},"end":{"line":206,"column":3}},"line":193},"40":{"name":"(anonymous_40)","decl":{"start":{"line":195,"column":22},"end":{"line":195,"column":23}},"loc":{"start":{"line":195,"column":37},"end":{"line":205,"column":5}},"line":195},"41":{"name":"(anonymous_41)","decl":{"start":{"line":200,"column":29},"end":{"line":200,"column":30}},"loc":{"start":{"line":200,"column":37},"end":{"line":203,"column":7}},"line":200}},"branchMap":{"0":{"loc":{"start":{"line":7,"column":6},"end":{"line":10,"column":23}},"type":"if","locations":[{"start":{"line":7,"column":6},"end":{"line":10,"column":23}},{"start":{"line":10,"column":13},"end":{"line":10,"column":23}}],"line":7},"1":{"loc":{"start":{"line":19,"column":6},"end":{"line":22,"column":23}},"type":"if","locations":[{"start":{"line":19,"column":6},"end":{"line":22,"column":23}},{"start":{"line":22,"column":13},"end":{"line":22,"column":23}}],"line":19},"2":{"loc":{"start":{"line":31,"column":6},"end":{"line":34,"column":23}},"type":"if","locations":[{"start":{"line":31,"column":6},"end":{"line":34,"column":23}},{"start":{"line":34,"column":13},"end":{"line":34,"column":23}}],"line":31},"3":{"loc":{"start":{"line":46,"column":8},"end":{"line":49,"column":9}},"type":"if","locations":[{"start":{"line":46,"column":8},"end":{"line":49,"column":9}},{"start":{},"end":{}}],"line":46},"4":{"loc":{"start":{"line":60,"column":6},"end":{"line":63,"column":7}},"type":"if","locations":[{"start":{"line":60,"column":6},"end":{"line":63,"column":7}},{"start":{},"end":{}}],"line":60},"5":{"loc":{"start":{"line":73,"column":6},"end":{"line":76,"column":7}},"type":"if","locations":[{"start":{"line":73,"column":6},"end":{"line":76,"column":7}},{"start":{},"end":{}}],"line":73},"6":{"loc":{"start":{"line":86,"column":6},"end":{"line":89,"column":7}},"type":"if","locations":[{"start":{"line":86,"column":6},"end":{"line":89,"column":7}},{"start":{},"end":{}}],"line":86},"7":{"loc":{"start":{"line":100,"column":6},"end":{"line":103,"column":7}},"type":"if","locations":[{"start":{"line":100,"column":6},"end":{"line":103,"column":7}},{"start":{},"end":{}}],"line":100},"8":{"loc":{"start":{"line":113,"column":6},"end":{"line":116,"column":7}},"type":"if","locations":[{"start":{"line":113,"column":6},"end":{"line":116,"column":7}},{"start":{},"end":{}}],"line":113},"9":{"loc":{"start":{"line":120,"column":8},"end":{"line":123,"column":9}},"type":"if","locations":[{"start":{"line":120,"column":8},"end":{"line":123,"column":9}},{"start":{},"end":{}}],"line":120},"10":{"loc":{"start":{"line":128,"column":10},"end":{"line":131,"column":11}},"type":"if","locations":[{"start":{"line":128,"column":10},"end":{"line":131,"column":11}},{"start":{},"end":{}}],"line":128},"11":{"loc":{"start":{"line":147,"column":6},"end":{"line":150,"column":7}},"type":"if","locations":[{"start":{"line":147,"column":6},"end":{"line":150,"column":7}},{"start":{},"end":{}}],"line":147},"12":{"loc":{"start":{"line":164,"column":8},"end":{"line":167,"column":9}},"type":"if","locations":[{"start":{"line":164,"column":8},"end":{"line":167,"column":9}},{"start":{},"end":{}}],"line":164},"13":{"loc":{"start":{"line":182,"column":8},"end":{"line":185,"column":9}},"type":"if","locations":[{"start":{"line":182,"column":8},"end":{"line":185,"column":9}},{"start":{},"end":{}}],"line":182},"14":{"loc":{"start":{"line":196,"column":6},"end":{"line":199,"column":7}},"type":"if","locations":[{"start":{"line":196,"column":6},"end":{"line":199,"column":7}},{"start":{},"end":{}}],"line":196}},"s":{"0":1,"1":1,"2":14,"3":14,"4":14,"5":14,"6":0,"7":0,"8":14,"9":1,"10":9,"11":9,"12":9,"13":9,"14":0,"15":0,"16":9,"17":1,"18":1,"19":1,"20":1,"21":1,"22":0,"23":0,"24":1,"25":1,"26":3,"27":3,"28":3,"29":3,"30":0,"31":0,"32":3,"33":1,"34":6,"35":6,"36":6,"37":6,"38":0,"39":0,"40":6,"41":1,"42":5,"43":5,"44":5,"45":5,"46":0,"47":0,"48":5,"49":1,"50":2,"51":2,"52":2,"53":2,"54":0,"55":0,"56":2,"57":1,"58":2,"59":2,"60":2,"61":2,"62":0,"63":0,"64":2,"65":1,"66":0,"67":0,"68":0,"69":0,"70":0,"71":0,"72":0,"73":0,"74":0,"75":0,"76":0,"77":0,"78":0,"79":0,"80":0,"81":0,"82":0,"83":0,"84":0,"85":0,"86":0,"87":1,"88":0,"89":0,"90":0,"91":0,"92":0,"93":0,"94":0,"95":1,"96":3,"97":3,"98":3,"99":3,"100":0,"101":0,"102":3,"103":1,"104":2,"105":2,"106":2,"107":2,"108":0,"109":0,"110":2,"111":1,"112":1,"113":1,"114":1,"115":1,"116":0,"117":0,"118":1,"119":1,"120":1},"f":{"0":14,"1":14,"2":14,"3":9,"4":9,"5":9,"6":1,"7":1,"8":1,"9":3,"10":3,"11":3,"12":6,"13":6,"14":6,"15":5,"16":5,"17":5,"18":2,"19":2,"20":2,"21":2,"22":2,"23":2,"24":0,"25":0,"26":0,"27":0,"28":0,"29":0,"30":0,"31":0,"32":3,"33":3,"34":3,"35":2,"36":2,"37":2,"38":1,"39":1,"40":1,"41":1},"b":{"0":[0,14],"1":[0,9],"2":[0,1],"3":[0,3],"4":[0,6],"5":[0,5],"6":[0,2],"7":[0,2],"8":[0,0],"9":[0,0],"10":[0,0],"11":[0,0],"12":[0,3],"13":[0,2],"14":[0,1]},"_coverageSchema":"1a1c01bbd47fc00a2c39e90264f33305004495a9","hash":"dbcf160b3fbee3c68d1e6602dc00cd93e40e8bd6"}
}
