TN:
SF:app.js
FN:1,(anonymous_0)
FN:29,(anonymous_1)
FN:40,handleMail
FN:56,(anonymous_3)
FN:67,(anonymous_4)
FN:68,(anonymous_5)
FN:78,(anonymous_6)
FN:82,(anonymous_7)
FN:85,(anonymous_8)
FN:88,(anonymous_9)
FN:110,(anonymous_10)
FN:121,(anonymous_11)
FN:131,(anonymous_12)
FN:141,(anonymous_13)
FN:152,(anonymous_14)
FN:161,(anonymous_15)
FN:168,(anonymous_16)
FN:169,(anonymous_17)
FN:176,(anonymous_18)
FN:187,(anonymous_19)
FN:193,(anonymous_20)
FN:202,(anonymous_21)
FN:213,(anonymous_22)
FN:223,(anonymous_23)
FN:244,(anonymous_24)
FN:312,(anonymous_25)
FN:392,(anonymous_26)
FN:459,(anonymous_27)
FN:477,(anonymous_28)
FN:491,(anonymous_29)
FN:512,(anonymous_30)
FN:518,(anonymous_31)
FN:521,(anonymous_32)
FN:525,(anonymous_33)
FN:528,(anonymous_34)
FN:542,(anonymous_35)
FN:565,(anonymous_36)
FN:601,(anonymous_37)
FN:611,(anonymous_38)
FN:686,(anonymous_39)
FN:699,(anonymous_40)
FN:702,(anonymous_41)
FN:705,(anonymous_42)
FN:709,(anonymous_43)
FN:714,(anonymous_44)
FN:716,(anonymous_45)
FN:717,(anonymous_46)
FN:725,(anonymous_47)
FN:728,(anonymous_48)
FN:733,(anonymous_49)
FN:737,(anonymous_50)
FN:740,(anonymous_51)
FN:754,(anonymous_52)
FN:761,(anonymous_53)
FN:763,(anonymous_54)
FN:778,(anonymous_55)
FN:790,(anonymous_56)
FN:819,(anonymous_57)
FN:841,(anonymous_58)
FN:886,(anonymous_59)
FN:916,(anonymous_60)
FN:981,(anonymous_61)
FNF:62
FNH:25
FNDA:1,(anonymous_0)
FNDA:0,(anonymous_1)
FNDA:0,handleMail
FNDA:0,(anonymous_3)
FNDA:0,(anonymous_4)
FNDA:0,(anonymous_5)
FNDA:0,(anonymous_6)
FNDA:0,(anonymous_7)
FNDA:0,(anonymous_8)
FNDA:0,(anonymous_9)
FNDA:19,(anonymous_10)
FNDA:12,(anonymous_11)
FNDA:0,(anonymous_12)
FNDA:7,(anonymous_13)
FNDA:2,(anonymous_14)
FNDA:0,(anonymous_15)
FNDA:0,(anonymous_16)
FNDA:0,(anonymous_17)
FNDA:0,(anonymous_18)
FNDA:0,(anonymous_19)
FNDA:0,(anonymous_20)
FNDA:2,(anonymous_21)
FNDA:0,(anonymous_22)
FNDA:2,(anonymous_23)
FNDA:1,(anonymous_24)
FNDA:6,(anonymous_25)
FNDA:6,(anonymous_26)
FNDA:2,(anonymous_27)
FNDA:1,(anonymous_28)
FNDA:0,(anonymous_29)
FNDA:0,(anonymous_30)
FNDA:0,(anonymous_31)
FNDA:0,(anonymous_32)
FNDA:0,(anonymous_33)
FNDA:0,(anonymous_34)
FNDA:3,(anonymous_35)
FNDA:1,(anonymous_36)
FNDA:0,(anonymous_37)
FNDA:0,(anonymous_38)
FNDA:6,(anonymous_39)
FNDA:1,(anonymous_40)
FNDA:1,(anonymous_41)
FNDA:0,(anonymous_42)
FNDA:0,(anonymous_43)
FNDA:0,(anonymous_44)
FNDA:0,(anonymous_45)
FNDA:0,(anonymous_46)
FNDA:0,(anonymous_47)
FNDA:0,(anonymous_48)
FNDA:2,(anonymous_49)
FNDA:1,(anonymous_50)
FNDA:1,(anonymous_51)
FNDA:1,(anonymous_52)
FNDA:1,(anonymous_53)
FNDA:1,(anonymous_54)
FNDA:0,(anonymous_55)
FNDA:0,(anonymous_56)
FNDA:0,(anonymous_57)
FNDA:2,(anonymous_58)
FNDA:5,(anonymous_59)
FNDA:0,(anonymous_60)
FNDA:0,(anonymous_61)
DA:1,1
DA:2,1
DA:3,1
DA:5,1
DA:7,1
DA:10,1
DA:12,1
DA:13,1
DA:14,1
DA:15,1
DA:16,1
DA:17,1
DA:18,1
DA:19,1
DA:21,1
DA:27,1
DA:28,1
DA:29,0
DA:31,0
DA:32,0
DA:42,0
DA:49,0
DA:50,0
DA:56,0
DA:57,0
DA:58,0
DA:59,0
DA:61,0
DA:66,1
DA:68,0
DA:69,0
DA:70,0
DA:73,0
DA:78,1
DA:79,0
DA:82,1
DA:83,0
DA:86,0
DA:89,0
DA:94,1
DA:95,1
DA:98,1
DA:107,1
DA:108,1
DA:110,1
DA:111,19
DA:113,19
DA:115,0
DA:116,0
DA:118,0
DA:121,1
DA:122,12
DA:123,12
DA:125,0
DA:126,0
DA:128,0
DA:131,1
DA:132,0
DA:133,0
DA:135,0
DA:136,0
DA:138,0
DA:141,1
DA:142,7
DA:143,7
DA:145,0
DA:146,0
DA:148,0
DA:152,1
DA:153,2
DA:154,2
DA:156,0
DA:158,0
DA:161,1
DA:163,0
DA:168,1
DA:169,0
DA:170,0
DA:171,0
DA:173,0
DA:176,0
DA:177,0
DA:181,0
DA:187,1
DA:188,0
DA:189,0
DA:193,1
DA:194,0
DA:195,0
DA:196,0
DA:202,1
DA:203,2
DA:205,2
DA:206,2
DA:208,0
DA:209,0
DA:213,1
DA:214,0
DA:215,0
DA:216,0
DA:217,0
DA:219,0
DA:223,1
DA:224,2
DA:226,2
DA:229,2
DA:230,1
DA:233,1
DA:236,1
DA:239,0
DA:244,1
DA:245,1
DA:247,1
DA:250,1
DA:251,1
DA:254,1
DA:256,1
DA:259,1
DA:262,1
DA:272,1
DA:275,1
DA:277,0
DA:285,1
DA:314,6
DA:316,6
DA:317,5
DA:319,1
DA:321,1
DA:331,1
DA:336,1
DA:339,1
DA:341,1
DA:342,1
DA:344,1
DA:351,1
DA:358,1
DA:360,0
DA:366,1
DA:394,6
DA:395,6
DA:396,6
DA:398,6
DA:399,5
DA:400,5
DA:403,1
DA:405,1
DA:415,1
DA:420,1
DA:423,1
DA:425,1
DA:426,1
DA:428,1
DA:435,1
DA:442,1
DA:444,0
DA:454,1
DA:460,2
DA:461,2
DA:462,1
DA:464,1
DA:465,1
DA:466,1
DA:467,1
DA:469,0
DA:477,1
DA:478,1
DA:479,1
DA:480,1
DA:482,0
DA:486,1
DA:492,0
DA:493,0
DA:494,0
DA:496,0
DA:497,0
DA:498,0
DA:500,0
DA:501,0
DA:503,0
DA:504,0
DA:512,1
DA:514,0
DA:515,0
DA:516,0
DA:519,0
DA:521,0
DA:523,0
DA:526,0
DA:528,0
DA:535,1
DA:543,3
DA:544,3
DA:545,2
DA:547,1
DA:548,1
DA:549,1
DA:550,1
DA:552,0
DA:553,0
DA:561,1
DA:566,1
DA:567,1
DA:569,1
DA:571,1
DA:573,1
DA:575,0
DA:581,1
DA:603,0
DA:605,0
DA:606,0
DA:609,0
DA:611,0
DA:612,0
DA:614,0
DA:617,0
DA:619,0
DA:623,0
DA:626,0
DA:628,0
DA:630,0
DA:636,0
DA:642,0
DA:650,0
DA:652,0
DA:654,0
DA:657,0
DA:667,1
DA:686,1
DA:691,6
DA:692,6
DA:693,5
DA:697,1
DA:700,1
DA:703,1
DA:706,0
DA:710,0
DA:714,1
DA:715,0
DA:716,0
DA:717,0
DA:718,0
DA:723,0
DA:726,0
DA:729,0
DA:733,1
DA:735,2
DA:738,1
DA:741,1
DA:750,1
DA:755,1
DA:756,1
DA:759,1
DA:761,1
DA:762,1
DA:763,1
DA:765,1
DA:777,0
DA:778,0
DA:780,0
DA:782,1
DA:790,1
DA:791,0
DA:793,0
DA:796,0
DA:799,0
DA:800,0
DA:806,0
DA:813,0
DA:815,0
DA:819,1
DA:820,0
DA:821,0
DA:822,0
DA:824,0
DA:825,0
DA:826,0
DA:827,0
DA:829,0
DA:831,0
DA:832,0
DA:841,1
DA:842,2
DA:844,2
DA:847,2
DA:850,2
DA:852,1
DA:855,1
DA:858,1
DA:869,1
DA:871,2
DA:873,0
DA:878,1
DA:890,5
DA:891,5
DA:892,2
DA:896,3
DA:897,3
DA:898,1
DA:901,1
DA:904,2
DA:905,2
DA:906,1
DA:908,1
DA:909,0
DA:916,1
DA:917,0
DA:919,0
DA:922,0
DA:923,0
DA:927,0
DA:928,0
DA:929,0
DA:930,0
DA:932,0
DA:934,0
DA:935,0
DA:936,0
DA:937,0
DA:938,0
DA:940,0
DA:942,0
DA:943,0
DA:944,0
DA:946,0
DA:952,0
DA:953,0
DA:961,0
DA:962,0
DA:963,0
DA:964,0
DA:973,0
DA:975,0
DA:977,0
DA:981,1
DA:982,0
DA:983,0
DA:984,0
DA:986,0
LF:338
LH:173
BRDA:28,0,0,0
BRDA:28,0,1,1
BRDA:57,1,0,0
BRDA:57,1,1,0
BRDA:69,2,0,0
BRDA:69,2,1,0
BRDA:111,3,0,19
BRDA:111,3,1,0
BRDA:115,4,0,0
BRDA:115,4,1,0
BRDA:122,5,0,12
BRDA:122,5,1,0
BRDA:125,6,0,0
BRDA:125,6,1,0
BRDA:132,7,0,0
BRDA:132,7,1,0
BRDA:135,8,0,0
BRDA:135,8,1,0
BRDA:142,9,0,7
BRDA:142,9,1,0
BRDA:145,10,0,0
BRDA:145,10,1,0
BRDA:153,11,0,2
BRDA:153,11,1,0
BRDA:156,12,0,0
BRDA:156,12,1,0
BRDA:170,13,0,0
BRDA:170,13,1,0
BRDA:171,14,0,0
BRDA:171,14,1,0
BRDA:177,15,0,0
BRDA:177,15,1,0
BRDA:194,16,0,0
BRDA:194,16,1,0
BRDA:229,17,0,1
BRDA:229,17,1,1
BRDA:316,18,0,5
BRDA:316,18,1,1
BRDA:339,19,0,1
BRDA:339,19,1,0
BRDA:398,20,0,5
BRDA:398,20,1,1
BRDA:423,21,0,1
BRDA:423,21,1,0
BRDA:461,22,0,1
BRDA:461,22,1,1
BRDA:493,23,0,0
BRDA:493,23,1,0
BRDA:515,24,0,0
BRDA:515,24,1,0
BRDA:544,25,0,2
BRDA:544,25,1,1
BRDA:605,26,0,0
BRDA:605,26,1,0
BRDA:611,27,0,0
BRDA:628,28,0,0
BRDA:628,28,1,0
BRDA:692,29,0,5
BRDA:692,29,1,1
BRDA:821,30,0,0
BRDA:821,30,1,0
BRDA:891,31,0,2
BRDA:891,31,1,3
BRDA:897,32,0,1
BRDA:897,32,1,2
BRDA:908,33,0,1
BRDA:908,33,1,0
BRDA:940,34,0,0
BRDA:940,34,1,0
BRDA:940,35,0,0
BRDA:940,35,1,0
BRDA:943,36,0,0
BRDA:943,36,1,0
BRDA:952,37,0,0
BRDA:952,37,1,0
BRDA:961,38,0,0
BRDA:961,38,1,0
BRF:77
BRH:24
end_of_record
TN:
SF:dbTest.js
FN:4,(anonymous_0)
FNF:1
FNH:1
FNDA:1,(anonymous_0)
DA:2,1
DA:4,1
DA:5,1
DA:8,1
LF:4
LH:4
BRDA:5,0,0,0
BRDA:5,0,1,1
BRF:2
BRH:1
end_of_record
TN:
SF:Dao\customerDao.js
FN:4,(anonymous_0)
FN:5,(anonymous_1)
FN:7,(anonymous_2)
FN:24,(anonymous_3)
FN:25,(anonymous_4)
FN:32,(anonymous_5)
FNF:6
FNH:6
FNDA:4,(anonymous_0)
FNDA:4,(anonymous_1)
FNDA:4,(anonymous_2)
FNDA:2,(anonymous_3)
FNDA:2,(anonymous_4)
FNDA:2,(anonymous_5)
DA:4,1
DA:5,4
DA:6,4
DA:7,4
DA:8,4
DA:9,0
DA:10,0
DA:12,4
DA:14,2
DA:17,2
DA:24,1
DA:25,2
DA:27,2
DA:28,2
DA:29,2
DA:33,2
DA:34,0
DA:35,0
DA:37,2
LF:19
LH:15
BRDA:8,0,0,0
BRDA:8,0,1,4
BRDA:12,1,0,2
BRDA:12,1,1,2
BRDA:12,2,0,4
BRDA:12,2,1,2
BRDA:33,3,0,0
BRDA:33,3,1,2
BRF:8
BRH:6
end_of_record
TN:
SF:Dao\dbusers.js
FN:6,(anonymous_0)
FN:7,(anonymous_1)
FN:9,(anonymous_2)
FN:24,(anonymous_3)
FN:25,(anonymous_4)
FN:27,(anonymous_5)
FN:38,(anonymous_6)
FN:39,(anonymous_7)
FN:41,(anonymous_8)
FN:55,(anonymous_9)
FNF:10
FNH:0
FNDA:0,(anonymous_0)
FNDA:0,(anonymous_1)
FNDA:0,(anonymous_2)
FNDA:0,(anonymous_3)
FNDA:0,(anonymous_4)
FNDA:0,(anonymous_5)
FNDA:0,(anonymous_6)
FNDA:0,(anonymous_7)
FNDA:0,(anonymous_8)
FNDA:0,(anonymous_9)
DA:4,1
DA:6,1
DA:7,0
DA:8,0
DA:9,0
DA:10,0
DA:11,0
DA:13,0
DA:19,0
DA:24,1
DA:25,0
DA:26,0
DA:27,0
DA:28,0
DA:29,0
DA:31,0
DA:32,0
DA:38,1
DA:39,0
DA:40,0
DA:41,0
DA:42,0
DA:43,0
DA:44,0
DA:46,0
DA:48,0
DA:54,0
DA:55,0
DA:56,0
DA:58,0
DA:60,0
LF:31
LH:4
BRDA:10,0,0,0
BRDA:10,0,1,0
BRDA:11,1,0,0
BRDA:11,1,1,0
BRDA:28,2,0,0
BRDA:28,2,1,0
BRDA:29,3,0,0
BRDA:29,3,1,0
BRDA:42,4,0,0
BRDA:42,4,1,0
BRDA:43,5,0,0
BRDA:43,5,1,0
BRDA:56,6,0,0
BRDA:56,6,1,0
BRF:14
BRH:0
end_of_record
TN:
SF:Dao\employeeDBAccess.js
FN:5,(anonymous_0)
FN:6,(anonymous_1)
FN:9,(anonymous_2)
FN:14,(anonymous_3)
FN:27,(anonymous_4)
FN:28,(anonymous_5)
FN:33,(anonymous_6)
FN:38,(anonymous_7)
FN:52,(anonymous_8)
FN:53,(anonymous_9)
FN:58,(anonymous_10)
FN:68,(anonymous_11)
FN:90,(anonymous_12)
FN:91,(anonymous_13)
FN:96,(anonymous_14)
FN:106,(anonymous_15)
FN:121,(anonymous_16)
FN:122,(anonymous_17)
FN:127,(anonymous_18)
FN:137,(anonymous_19)
FN:150,(anonymous_20)
FN:151,(anonymous_21)
FN:154,(anonymous_22)
FN:160,(anonymous_23)
FN:173,(anonymous_24)
FN:174,(anonymous_25)
FN:177,(anonymous_26)
FN:187,(anonymous_27)
FN:188,(anonymous_28)
FN:191,(anonymous_29)
FN:202,(anonymous_30)
FN:203,(anonymous_31)
FN:208,(anonymous_32)
FN:218,(anonymous_33)
FN:233,(anonymous_34)
FN:234,(anonymous_35)
FN:239,(anonymous_36)
FN:249,(anonymous_37)
FN:264,(anonymous_38)
FN:265,(anonymous_39)
FN:272,(anonymous_40)
FN:284,(anonymous_41)
FN:285,(anonymous_42)
FN:292,(anonymous_43)
FN:304,(anonymous_44)
FN:305,(anonymous_45)
FN:310,(anonymous_46)
FN:334,(anonymous_47)
FN:335,(anonymous_48)
FN:340,(anonymous_49)
FN:351,(anonymous_50)
FN:352,(anonymous_51)
FN:359,(anonymous_52)
FNF:53
FNH:40
FNDA:4,(anonymous_0)
FNDA:4,(anonymous_1)
FNDA:4,(anonymous_2)
FNDA:2,(anonymous_3)
FNDA:4,(anonymous_4)
FNDA:4,(anonymous_5)
FNDA:4,(anonymous_6)
FNDA:2,(anonymous_7)
FNDA:1,(anonymous_8)
FNDA:1,(anonymous_9)
FNDA:1,(anonymous_10)
FNDA:1,(anonymous_11)
FNDA:1,(anonymous_12)
FNDA:1,(anonymous_13)
FNDA:1,(anonymous_14)
FNDA:0,(anonymous_15)
FNDA:0,(anonymous_16)
FNDA:0,(anonymous_17)
FNDA:0,(anonymous_18)
FNDA:0,(anonymous_19)
FNDA:0,(anonymous_20)
FNDA:0,(anonymous_21)
FNDA:0,(anonymous_22)
FNDA:0,(anonymous_23)
FNDA:1,(anonymous_24)
FNDA:1,(anonymous_25)
FNDA:1,(anonymous_26)
FNDA:2,(anonymous_27)
FNDA:2,(anonymous_28)
FNDA:2,(anonymous_29)
FNDA:4,(anonymous_30)
FNDA:4,(anonymous_31)
FNDA:4,(anonymous_32)
FNDA:3,(anonymous_33)
FNDA:0,(anonymous_34)
FNDA:0,(anonymous_35)
FNDA:0,(anonymous_36)
FNDA:0,(anonymous_37)
FNDA:5,(anonymous_38)
FNDA:5,(anonymous_39)
FNDA:5,(anonymous_40)
FNDA:1,(anonymous_41)
FNDA:1,(anonymous_42)
FNDA:1,(anonymous_43)
FNDA:1,(anonymous_44)
FNDA:1,(anonymous_45)
FNDA:1,(anonymous_46)
FNDA:2,(anonymous_47)
FNDA:2,(anonymous_48)
FNDA:2,(anonymous_49)
FNDA:1,(anonymous_50)
FNDA:1,(anonymous_51)
FNDA:1,(anonymous_52)
DA:5,1
DA:6,4
DA:8,4
DA:9,4
DA:10,4
DA:11,0
DA:12,0
DA:14,4
DA:21,4
DA:27,1
DA:28,4
DA:31,4
DA:33,4
DA:34,4
DA:35,0
DA:36,0
DA:38,4
DA:46,4
DA:52,1
DA:53,1
DA:55,1
DA:58,1
DA:60,1
DA:62,0
DA:64,0
DA:68,1
DA:75,1
DA:76,1
DA:79,1
DA:81,0
DA:90,1
DA:91,1
DA:93,1
DA:96,1
DA:98,1
DA:100,0
DA:102,0
DA:106,1
DA:115,1
DA:121,1
DA:122,0
DA:124,0
DA:127,0
DA:129,0
DA:131,0
DA:133,0
DA:137,0
DA:145,0
DA:150,1
DA:151,0
DA:152,0
DA:154,0
DA:155,0
DA:156,0
DA:157,0
DA:160,0
DA:168,0
DA:173,1
DA:174,1
DA:175,1
DA:177,1
DA:178,1
DA:179,0
DA:180,0
DA:182,1
DA:187,1
DA:188,2
DA:189,2
DA:191,2
DA:192,2
DA:193,0
DA:194,0
DA:196,2
DA:202,1
DA:203,4
DA:205,4
DA:208,4
DA:210,4
DA:212,0
DA:214,0
DA:218,4
DA:227,4
DA:233,1
DA:234,0
DA:236,0
DA:239,0
DA:241,0
DA:243,0
DA:245,0
DA:249,0
DA:258,0
DA:264,1
DA:265,5
DA:267,5
DA:268,5
DA:269,5
DA:273,5
DA:274,0
DA:275,0
DA:277,5
DA:284,1
DA:285,1
DA:287,1
DA:289,1
DA:293,1
DA:294,0
DA:295,0
DA:297,1
DA:304,1
DA:305,1
DA:307,1
DA:310,1
DA:312,1
DA:314,0
DA:316,0
DA:319,1
DA:322,1
DA:323,0
DA:325,1
DA:334,1
DA:335,2
DA:336,2
DA:338,2
DA:340,2
DA:341,2
DA:342,0
DA:343,0
DA:345,2
DA:351,1
DA:352,1
DA:354,1
DA:356,1
DA:360,1
DA:361,0
DA:362,0
DA:364,1
LF:136
LH:86
BRDA:10,0,0,0
BRDA:10,0,1,4
BRDA:34,1,0,0
BRDA:34,1,1,4
BRDA:60,2,0,0
BRDA:60,2,1,1
BRDA:75,3,0,1
BRDA:75,3,1,0
BRDA:98,4,0,0
BRDA:98,4,1,1
BRDA:129,5,0,0
BRDA:129,5,1,0
BRDA:155,6,0,0
BRDA:155,6,1,0
BRDA:178,7,0,0
BRDA:178,7,1,1
BRDA:192,8,0,0
BRDA:192,8,1,2
BRDA:210,9,0,0
BRDA:210,9,1,4
BRDA:241,10,0,0
BRDA:241,10,1,0
BRDA:273,11,0,0
BRDA:273,11,1,5
BRDA:293,12,0,0
BRDA:293,12,1,1
BRDA:312,13,0,0
BRDA:312,13,1,1
BRDA:322,14,0,0
BRDA:322,14,1,1
BRDA:341,15,0,0
BRDA:341,15,1,2
BRDA:360,16,0,0
BRDA:360,16,1,1
BRF:34
BRH:14
end_of_record
TN:
SF:Dao\farmerDAO.js
FN:13,(anonymous_0)
FN:14,(anonymous_1)
FN:16,(anonymous_2)
FN:21,(anonymous_3)
FN:32,(anonymous_4)
FN:33,(anonymous_5)
FN:35,(anonymous_6)
FN:40,(anonymous_7)
FN:52,(anonymous_8)
FN:53,(anonymous_9)
FN:56,(anonymous_10)
FN:67,(anonymous_11)
FN:68,(anonymous_12)
FN:70,(anonymous_13)
FN:75,(anonymous_14)
FN:90,(anonymous_15)
FN:91,(anonymous_16)
FN:93,(anonymous_17)
FN:98,(anonymous_18)
FN:111,(anonymous_19)
FN:112,(anonymous_20)
FN:115,(anonymous_21)
FN:126,(anonymous_22)
FN:144,(anonymous_23)
FN:145,(anonymous_24)
FN:148,(anonymous_25)
FN:163,(anonymous_26)
FN:164,(anonymous_27)
FN:166,(anonymous_28)
FN:181,(anonymous_29)
FN:182,(anonymous_30)
FN:184,(anonymous_31)
FN:198,(anonymous_32)
FN:199,(anonymous_33)
FN:201,(anonymous_34)
FNF:35
FNH:19
FNDA:2,(anonymous_0)
FNDA:2,(anonymous_1)
FNDA:2,(anonymous_2)
FNDA:1,(anonymous_3)
FNDA:0,(anonymous_4)
FNDA:0,(anonymous_5)
FNDA:0,(anonymous_6)
FNDA:0,(anonymous_7)
FNDA:2,(anonymous_8)
FNDA:2,(anonymous_9)
FNDA:2,(anonymous_10)
FNDA:4,(anonymous_11)
FNDA:4,(anonymous_12)
FNDA:4,(anonymous_13)
FNDA:2,(anonymous_14)
FNDA:4,(anonymous_15)
FNDA:4,(anonymous_16)
FNDA:4,(anonymous_17)
FNDA:2,(anonymous_18)
FNDA:4,(anonymous_19)
FNDA:4,(anonymous_20)
FNDA:4,(anonymous_21)
FNDA:2,(anonymous_22)
FNDA:0,(anonymous_23)
FNDA:0,(anonymous_24)
FNDA:0,(anonymous_25)
FNDA:0,(anonymous_26)
FNDA:0,(anonymous_27)
FNDA:0,(anonymous_28)
FNDA:0,(anonymous_29)
FNDA:0,(anonymous_30)
FNDA:0,(anonymous_31)
FNDA:0,(anonymous_32)
FNDA:0,(anonymous_33)
FNDA:0,(anonymous_34)
DA:13,1
DA:14,2
DA:15,2
DA:16,2
DA:17,2
DA:18,0
DA:19,0
DA:21,2
DA:26,2
DA:32,1
DA:33,0
DA:34,0
DA:35,0
DA:36,0
DA:37,0
DA:38,0
DA:40,0
DA:45,0
DA:52,1
DA:53,2
DA:55,2
DA:56,2
DA:57,2
DA:58,0
DA:59,0
DA:61,2
DA:67,1
DA:68,4
DA:69,4
DA:70,4
DA:71,4
DA:72,0
DA:73,0
DA:75,4
DA:84,4
DA:90,1
DA:91,4
DA:92,4
DA:93,4
DA:94,4
DA:95,0
DA:96,0
DA:98,4
DA:104,4
DA:111,1
DA:112,4
DA:114,4
DA:115,4
DA:116,4
DA:117,0
DA:118,0
DA:120,4
DA:121,2
DA:125,2
DA:126,2
DA:127,2
DA:128,0
DA:129,0
DA:132,2
DA:133,2
DA:144,1
DA:145,0
DA:146,0
DA:147,0
DA:148,0
DA:149,0
DA:150,0
DA:151,0
DA:153,0
DA:154,0
DA:155,0
DA:157,0
DA:163,1
DA:164,0
DA:165,0
DA:166,0
DA:167,0
DA:168,0
DA:169,0
DA:171,0
DA:172,0
DA:173,0
DA:175,0
DA:181,1
DA:182,0
DA:183,0
DA:184,0
DA:185,0
DA:186,0
DA:187,0
DA:190,0
DA:191,0
DA:198,1
DA:199,0
DA:200,0
DA:201,0
DA:202,0
DA:203,0
DA:204,0
DA:206,0
LF:100
LH:44
BRDA:17,0,0,0
BRDA:17,0,1,2
BRDA:36,1,0,0
BRDA:36,1,1,0
BRDA:57,2,0,0
BRDA:57,2,1,2
BRDA:71,3,0,0
BRDA:71,3,1,4
BRDA:94,4,0,0
BRDA:94,4,1,4
BRDA:116,5,0,0
BRDA:116,5,1,4
BRDA:120,6,0,2
BRDA:120,6,1,2
BRDA:120,7,0,4
BRDA:120,7,1,4
BRDA:127,8,0,0
BRDA:127,8,1,2
BRDA:149,9,0,0
BRDA:149,9,1,0
BRDA:167,10,0,0
BRDA:167,10,1,0
BRDA:185,11,0,0
BRDA:185,11,1,0
BRDA:202,12,0,0
BRDA:202,12,1,0
BRF:26
BRH:10
end_of_record
TN:
SF:Dao\managerDAO.js
FN:5,(anonymous_0)
FN:6,(anonymous_1)
FN:8,(anonymous_2)
FN:13,(anonymous_3)
FN:25,(anonymous_4)
FN:26,(anonymous_5)
FN:28,(anonymous_6)
FN:33,(anonymous_7)
FNF:8
FNH:0
FNDA:0,(anonymous_0)
FNDA:0,(anonymous_1)
FNDA:0,(anonymous_2)
FNDA:0,(anonymous_3)
FNDA:0,(anonymous_4)
FNDA:0,(anonymous_5)
FNDA:0,(anonymous_6)
FNDA:0,(anonymous_7)
DA:5,1
DA:6,0
DA:7,0
DA:8,0
DA:9,0
DA:10,0
DA:11,0
DA:13,0
DA:19,0
DA:25,1
DA:26,0
DA:27,0
DA:28,0
DA:29,0
DA:30,0
DA:31,0
DA:33,0
DA:40,0
LF:18
LH:2
BRDA:9,0,0,0
BRDA:9,0,1,0
BRDA:29,1,0,0
BRDA:29,1,1,0
BRF:4
BRH:0
end_of_record
TN:
SF:Dao\userDao.js
FN:5,(anonymous_0)
FN:6,(anonymous_1)
FN:8,(anonymous_2)
FN:18,(anonymous_3)
FN:19,(anonymous_4)
FN:30,(anonymous_5)
FN:38,(anonymous_6)
FN:41,(anonymous_7)
FN:42,(anonymous_8)
FN:45,(anonymous_9)
FN:56,(anonymous_10)
FNF:11
FNH:10
FNDA:3,(anonymous_0)
FNDA:3,(anonymous_1)
FNDA:3,(anonymous_2)
FNDA:1,(anonymous_3)
FNDA:1,(anonymous_4)
FNDA:1,(anonymous_5)
FNDA:1,(anonymous_6)
FNDA:1,(anonymous_7)
FNDA:1,(anonymous_8)
FNDA:1,(anonymous_9)
FNDA:0,(anonymous_10)
DA:3,1
DA:5,1
DA:6,3
DA:7,3
DA:8,3
DA:9,3
DA:10,3
DA:12,1
DA:18,1
DA:19,1
DA:20,1
DA:21,1
DA:22,1
DA:23,1
DA:24,1
DA:25,1
DA:26,0
DA:27,0
DA:28,0
DA:30,1
DA:31,1
DA:32,0
DA:33,0
DA:35,1
DA:39,1
DA:40,1
DA:41,1
DA:42,1
DA:44,1
DA:45,1
DA:46,1
DA:47,0
DA:48,0
DA:49,0
DA:51,1
DA:57,0
LF:36
LH:27
BRDA:9,0,0,0
BRDA:9,0,1,3
BRDA:10,1,0,2
BRDA:10,1,1,1
BRDA:23,2,0,1
BRDA:23,2,1,0
BRDA:26,3,0,0
BRDA:26,3,1,0
BRDA:31,4,0,0
BRDA:31,4,1,1
BRDA:46,5,0,0
BRDA:46,5,1,1
BRF:12
BRH:6
end_of_record
TN:
SF:__test__\basicFunctions.js
FN:3,(anonymous_0)
FN:4,(anonymous_1)
FN:6,(anonymous_2)
FN:15,(anonymous_3)
FN:16,(anonymous_4)
FN:18,(anonymous_5)
FN:27,(anonymous_6)
FN:28,(anonymous_7)
FN:30,(anonymous_8)
FN:39,(anonymous_9)
FN:40,(anonymous_10)
FN:45,(anonymous_11)
FN:56,(anonymous_12)
FN:57,(anonymous_13)
FN:59,(anonymous_14)
FN:69,(anonymous_15)
FN:70,(anonymous_16)
FN:72,(anonymous_17)
FN:82,(anonymous_18)
FN:83,(anonymous_19)
FN:85,(anonymous_20)
FN:95,(anonymous_21)
FN:96,(anonymous_22)
FN:99,(anonymous_23)
FN:109,(anonymous_24)
FN:110,(anonymous_25)
FN:112,(anonymous_26)
FN:119,(anonymous_27)
FN:127,(anonymous_28)
FN:142,(anonymous_29)
FN:143,(anonymous_30)
FN:146,(anonymous_31)
FN:156,(anonymous_32)
FN:157,(anonymous_33)
FN:163,(anonymous_34)
FN:174,(anonymous_35)
FN:175,(anonymous_36)
FN:181,(anonymous_37)
FN:192,(anonymous_38)
FN:193,(anonymous_39)
FN:195,(anonymous_40)
FN:200,(anonymous_41)
FNF:42
FNH:34
FNDA:13,(anonymous_0)
FNDA:13,(anonymous_1)
FNDA:13,(anonymous_2)
FNDA:10,(anonymous_3)
FNDA:10,(anonymous_4)
FNDA:10,(anonymous_5)
FNDA:1,(anonymous_6)
FNDA:1,(anonymous_7)
FNDA:1,(anonymous_8)
FNDA:3,(anonymous_9)
FNDA:3,(anonymous_10)
FNDA:3,(anonymous_11)
FNDA:6,(anonymous_12)
FNDA:6,(anonymous_13)
FNDA:6,(anonymous_14)
FNDA:5,(anonymous_15)
FNDA:5,(anonymous_16)
FNDA:5,(anonymous_17)
FNDA:2,(anonymous_18)
FNDA:2,(anonymous_19)
FNDA:2,(anonymous_20)
FNDA:2,(anonymous_21)
FNDA:2,(anonymous_22)
FNDA:2,(anonymous_23)
FNDA:0,(anonymous_24)
FNDA:0,(anonymous_25)
FNDA:0,(anonymous_26)
FNDA:0,(anonymous_27)
FNDA:0,(anonymous_28)
FNDA:0,(anonymous_29)
FNDA:0,(anonymous_30)
FNDA:0,(anonymous_31)
FNDA:3,(anonymous_32)
FNDA:3,(anonymous_33)
FNDA:3,(anonymous_34)
FNDA:2,(anonymous_35)
FNDA:2,(anonymous_36)
FNDA:2,(anonymous_37)
FNDA:1,(anonymous_38)
FNDA:1,(anonymous_39)
FNDA:1,(anonymous_40)
FNDA:1,(anonymous_41)
DA:1,1
DA:3,1
DA:4,13
DA:5,13
DA:6,13
DA:7,13
DA:8,0
DA:9,0
DA:10,13
DA:15,1
DA:16,10
DA:17,10
DA:18,10
DA:19,10
DA:20,0
DA:21,0
DA:22,10
DA:27,1
DA:28,1
DA:29,1
DA:30,1
DA:31,1
DA:32,0
DA:33,0
DA:34,1
DA:39,1
DA:40,3
DA:41,3
DA:42,3
DA:46,3
DA:47,0
DA:48,0
DA:50,3
DA:56,1
DA:57,6
DA:58,6
DA:59,6
DA:60,6
DA:61,0
DA:62,0
DA:64,6
DA:69,1
DA:70,5
DA:71,5
DA:72,5
DA:73,5
DA:74,0
DA:75,0
DA:77,5
DA:82,1
DA:83,2
DA:84,2
DA:85,2
DA:86,2
DA:87,0
DA:88,0
DA:90,2
DA:95,1
DA:96,2
DA:98,2
DA:99,2
DA:100,2
DA:101,0
DA:102,0
DA:104,2
DA:109,1
DA:110,0
DA:111,0
DA:112,0
DA:113,0
DA:114,0
DA:115,0
DA:117,0
DA:118,0
DA:119,0
DA:120,0
DA:121,0
DA:122,0
DA:124,0
DA:126,0
DA:127,0
DA:128,0
DA:129,0
DA:130,0
DA:133,0
DA:135,0
DA:137,0
DA:142,1
DA:143,0
DA:145,0
DA:146,0
DA:147,0
DA:148,0
DA:149,0
DA:151,0
DA:156,1
DA:157,3
DA:159,3
DA:160,3
DA:164,3
DA:165,0
DA:166,0
DA:168,3
DA:174,1
DA:175,2
DA:177,2
DA:178,2
DA:182,2
DA:183,0
DA:184,0
DA:186,2
DA:192,1
DA:193,1
DA:194,1
DA:195,1
DA:196,1
DA:197,0
DA:198,0
DA:200,1
DA:204,1
LF:120
LH:70
BRDA:7,0,0,0
BRDA:7,0,1,13
BRDA:19,1,0,0
BRDA:19,1,1,10
BRDA:31,2,0,0
BRDA:31,2,1,1
BRDA:46,3,0,0
BRDA:46,3,1,3
BRDA:60,4,0,0
BRDA:60,4,1,6
BRDA:73,5,0,0
BRDA:73,5,1,5
BRDA:86,6,0,0
BRDA:86,6,1,2
BRDA:100,7,0,0
BRDA:100,7,1,2
BRDA:113,8,0,0
BRDA:113,8,1,0
BRDA:120,9,0,0
BRDA:120,9,1,0
BRDA:128,10,0,0
BRDA:128,10,1,0
BRDA:147,11,0,0
BRDA:147,11,1,0
BRDA:164,12,0,0
BRDA:164,12,1,3
BRDA:182,13,0,0
BRDA:182,13,1,2
BRDA:196,14,0,0
BRDA:196,14,1,1
BRF:30
BRH:11
end_of_record
