TN:
SF:basicFunctions.js
FN:3,(anonymous_0)
FN:4,(anonymous_1)
FN:6,(anonymous_2)
FN:14,(anonymous_3)
FN:15,(anonymous_4)
FN:20,(anonymous_5)
FN:31,(anonymous_6)
FN:32,(anonymous_7)
FN:34,(anonymous_8)
FN:44,(anonymous_9)
FN:45,(anonymous_10)
FN:47,(anonymous_11)
FN:57,(anonymous_12)
FN:58,(anonymous_13)
FN:60,(anonymous_14)
FN:70,(anonymous_15)
FN:71,(anonymous_16)
FN:74,(anonymous_17)
FNF:18
FNH:15
FNDA:5,(anonymous_0)
FNDA:5,(anonymous_1)
FNDA:5,(anonymous_2)
FNDA:2,(anonymous_3)
FNDA:2,(anonymous_4)
FNDA:2,(anonymous_5)
FNDA:2,(anonymous_6)
FNDA:2,(anonymous_7)
FNDA:2,(anonymous_8)
FNDA:1,(anonymous_9)
FNDA:1,(anonymous_10)
FNDA:1,(anonymous_11)
FNDA:0,(anonymous_12)
FNDA:0,(anonymous_13)
FNDA:0,(anonymous_14)
FNDA:3,(anonymous_15)
FNDA:3,(anonymous_16)
FNDA:3,(anonymous_17)
DA:1,1
DA:3,1
DA:4,5
DA:5,5
DA:6,5
DA:7,5
DA:8,5
DA:9,5
DA:10,0
DA:14,1
DA:15,2
DA:16,2
DA:17,2
DA:21,2
DA:22,2
DA:23,2
DA:25,0
DA:31,1
DA:32,2
DA:33,2
DA:34,2
DA:35,2
DA:36,2
DA:37,2
DA:39,0
DA:44,1
DA:45,1
DA:46,1
DA:47,1
DA:48,1
DA:49,1
DA:50,1
DA:52,0
DA:57,1
DA:58,0
DA:59,0
DA:60,0
DA:61,0
DA:62,0
DA:63,0
DA:65,0
DA:70,1
DA:71,3
DA:73,3
DA:74,3
DA:75,3
DA:76,3
DA:77,3
DA:79,0
LF:49
LH:37
BRDA:7,0,0,5
BRDA:7,0,1,0
BRDA:21,1,0,2
BRDA:21,1,1,0
BRDA:35,2,0,2
BRDA:35,2,1,0
BRDA:48,3,0,1
BRDA:48,3,1,0
BRDA:61,4,0,0
BRDA:61,4,1,0
BRDA:75,5,0,3
BRDA:75,5,1,0
BRF:12
BRH:5
end_of_record
