<?xml version="1.0" encoding="UTF-8"?>
<coverage generated="1639400305361" clover="3.2.0">
  <project timestamp="1639400305361" name="All files">
    <metrics statements="318" coveredstatements="155" conditionals="145" coveredconditionals="63" methods="98" coveredmethods="59" elements="561" coveredelements="277" complexity="0" loc="318" ncloc="318" packages="3" files="5" classes="5"/>
    <package name="Customer">
      <metrics statements="24" coveredstatements="20" conditionals="6" coveredconditionals="4" methods="7" coveredmethods="7"/>
      <file name="ProductList.js" path="C:\Users\loren\OneDrive\Desktop\PoliTo\SoftwareEngineering2\Lab\SolidarityPurchasingGroup\SoftwareEngineering\client\src\Site\Customer\ProductList.js">
        <metrics statements="14" coveredstatements="12" conditionals="2" coveredconditionals="2" methods="4" coveredmethods="4"/>
        <line num="9" count="4" type="stmt"/>
        <line num="10" count="4" type="cond" truecount="2" falsecount="0"/>
        <line num="11" count="1" type="stmt"/>
        <line num="14" count="3" type="stmt"/>
        <line num="17" count="3" type="stmt"/>
        <line num="18" count="3" type="stmt"/>
        <line num="19" count="3" type="stmt"/>
        <line num="20" count="3" type="stmt"/>
        <line num="21" count="0" type="stmt"/>
        <line num="24" count="0" type="stmt"/>
        <line num="27" count="3" type="stmt"/>
        <line num="30" count="3" type="stmt"/>
        <line num="31" count="3" type="stmt"/>
        <line num="63" count="3" type="stmt"/>
      </file>
      <file name="customer.js" path="C:\Users\loren\OneDrive\Desktop\PoliTo\SoftwareEngineering2\Lab\SolidarityPurchasingGroup\SoftwareEngineering\client\src\Site\Customer\customer.js">
        <metrics statements="10" coveredstatements="8" conditionals="4" coveredconditionals="2" methods="3" coveredmethods="3"/>
        <line num="9" count="2" type="stmt"/>
        <line num="11" count="2" type="stmt"/>
        <line num="12" count="2" type="stmt"/>
        <line num="13" count="2" type="stmt"/>
        <line num="14" count="2" type="stmt"/>
        <line num="15" count="0" type="stmt"/>
        <line num="17" count="0" type="stmt"/>
        <line num="20" count="2" type="cond" truecount="1" falsecount="1"/>
        <line num="21" count="2" type="stmt"/>
        <line num="25" count="2" type="stmt"/>
      </file>
    </package>
    <package name="Employee">
      <metrics statements="229" coveredstatements="87" conditionals="100" coveredconditionals="33" methods="70" coveredmethods="36"/>
      <file name="ProductListEmployee.js" path="C:\Users\loren\OneDrive\Desktop\PoliTo\SoftwareEngineering2\Lab\SolidarityPurchasingGroup\SoftwareEngineering\client\src\Site\Employee\ProductListEmployee.js">
        <metrics statements="143" coveredstatements="21" conditionals="62" coveredconditionals="6" methods="36" coveredmethods="12"/>
        <line num="11" count="0" type="stmt"/>
        <line num="12" count="0" type="stmt"/>
        <line num="14" count="0" type="stmt"/>
        <line num="16" count="0" type="stmt"/>
        <line num="17" count="0" type="stmt"/>
        <line num="19" count="0" type="stmt"/>
        <line num="21" count="0" type="stmt"/>
        <line num="22" count="0" type="stmt"/>
        <line num="23" count="0" type="stmt"/>
        <line num="24" count="0" type="stmt"/>
        <line num="25" count="0" type="stmt"/>
        <line num="29" count="0" type="stmt"/>
        <line num="30" count="0" type="stmt"/>
        <line num="33" count="0" type="stmt"/>
        <line num="34" count="0" type="stmt"/>
        <line num="38" count="0" type="stmt"/>
        <line num="40" count="0" type="stmt"/>
        <line num="41" count="0" type="stmt"/>
        <line num="42" count="0" type="stmt"/>
        <line num="44" count="0" type="cond" truecount="0" falsecount="4"/>
        <line num="45" count="0" type="stmt"/>
        <line num="46" count="0" type="stmt"/>
        <line num="47" count="0" type="stmt"/>
        <line num="50" count="0" type="cond" truecount="0" falsecount="4"/>
        <line num="51" count="0" type="stmt"/>
        <line num="52" count="0" type="stmt"/>
        <line num="53" count="0" type="stmt"/>
        <line num="56" count="0" type="cond" truecount="0" falsecount="4"/>
        <line num="57" count="0" type="stmt"/>
        <line num="58" count="0" type="stmt"/>
        <line num="59" count="0" type="stmt"/>
        <line num="62" count="0" type="cond" truecount="0" falsecount="5"/>
        <line num="63" count="0" type="stmt"/>
        <line num="64" count="0" type="stmt"/>
        <line num="65" count="0" type="stmt"/>
        <line num="69" count="0" type="stmt"/>
        <line num="73" count="0" type="stmt"/>
        <line num="74" count="0" type="stmt"/>
        <line num="75" count="0" type="stmt"/>
        <line num="76" count="0" type="stmt"/>
        <line num="77" count="0" type="stmt"/>
        <line num="80" count="0" type="stmt"/>
        <line num="83" count="0" type="stmt"/>
        <line num="88" count="0" type="stmt"/>
        <line num="89" count="0" type="stmt"/>
        <line num="90" count="0" type="stmt"/>
        <line num="91" count="0" type="stmt"/>
        <line num="92" count="0" type="stmt"/>
        <line num="93" count="0" type="stmt"/>
        <line num="95" count="0" type="stmt"/>
        <line num="98" count="0" type="stmt"/>
        <line num="103" count="0" type="stmt"/>
        <line num="105" count="0" type="stmt"/>
        <line num="107" count="0" type="cond" truecount="0" falsecount="2"/>
        <line num="108" count="0" type="stmt"/>
        <line num="109" count="0" type="stmt"/>
        <line num="111" count="0" type="stmt"/>
        <line num="116" count="0" type="stmt"/>
        <line num="117" count="0" type="cond" truecount="0" falsecount="2"/>
        <line num="118" count="0" type="stmt"/>
        <line num="121" count="0" type="stmt"/>
        <line num="125" count="0" type="stmt"/>
        <line num="127" count="0" type="cond" truecount="0" falsecount="2"/>
        <line num="128" count="0" type="stmt"/>
        <line num="129" count="0" type="cond" truecount="0" falsecount="2"/>
        <line num="130" count="0" type="stmt"/>
        <line num="133" count="0" type="stmt"/>
        <line num="136" count="0" type="stmt"/>
        <line num="139" count="0" type="stmt"/>
        <line num="144" count="0" type="stmt"/>
        <line num="146" count="0" type="cond" truecount="0" falsecount="2"/>
        <line num="149" count="0" type="stmt"/>
        <line num="151" count="0" type="stmt"/>
        <line num="152" count="0" type="cond" truecount="0" falsecount="4"/>
        <line num="153" count="0" type="stmt"/>
        <line num="154" count="0" type="stmt"/>
        <line num="157" count="0" type="stmt"/>
        <line num="161" count="0" type="cond" truecount="0" falsecount="2"/>
        <line num="163" count="0" type="stmt"/>
        <line num="164" count="0" type="cond" truecount="0" falsecount="2"/>
        <line num="165" count="0" type="stmt"/>
        <line num="168" count="0" type="stmt"/>
        <line num="173" count="0" type="stmt"/>
        <line num="177" count="0" type="stmt"/>
        <line num="179" count="0" type="stmt"/>
        <line num="180" count="0" type="stmt"/>
        <line num="181" count="0" type="stmt"/>
        <line num="182" count="0" type="cond" truecount="0" falsecount="4"/>
        <line num="183" count="0" type="stmt"/>
        <line num="184" count="0" type="stmt"/>
        <line num="186" count="0" type="stmt"/>
        <line num="187" count="0" type="stmt"/>
        <line num="188" count="0" type="stmt"/>
        <line num="189" count="0" type="stmt"/>
        <line num="190" count="0" type="stmt"/>
        <line num="191" count="0" type="stmt"/>
        <line num="193" count="0" type="stmt"/>
        <line num="194" count="0" type="stmt"/>
        <line num="195" count="0" type="stmt"/>
        <line num="196" count="0" type="stmt"/>
        <line num="197" count="0" type="stmt"/>
        <line num="201" count="0" type="stmt"/>
        <line num="202" count="0" type="stmt"/>
        <line num="203" count="0" type="stmt"/>
        <line num="204" count="0" type="stmt"/>
        <line num="208" count="0" type="stmt"/>
        <line num="211" count="0" type="stmt"/>
        <line num="212" count="0" type="stmt"/>
        <line num="213" count="0" type="cond" truecount="0" falsecount="2"/>
        <line num="214" count="0" type="stmt"/>
        <line num="218" count="0" type="stmt"/>
        <line num="221" count="0" type="stmt"/>
        <line num="222" count="0" type="stmt"/>
        <line num="223" count="0" type="stmt"/>
        <line num="224" count="0" type="stmt"/>
        <line num="225" count="0" type="cond" truecount="0" falsecount="5"/>
        <line num="226" count="0" type="stmt"/>
        <line num="228" count="0" type="stmt"/>
        <line num="231" count="0" type="stmt"/>
        <line num="285" count="6" type="stmt"/>
        <line num="294" count="1" type="stmt"/>
        <line num="298" count="1" type="stmt"/>
        <line num="309" count="1" type="stmt"/>
        <line num="317" count="1" type="stmt"/>
        <line num="326" count="1" type="stmt"/>
        <line num="338" count="0" type="stmt"/>
        <line num="339" count="0" type="stmt"/>
        <line num="342" count="0" type="stmt"/>
        <line num="365" count="5" type="stmt"/>
        <line num="366" count="4" type="stmt"/>
        <line num="368" count="4" type="stmt"/>
        <line num="370" count="4" type="stmt"/>
        <line num="378" count="1" type="stmt"/>
        <line num="379" count="1" type="stmt"/>
        <line num="390" count="2" type="stmt"/>
        <line num="414" count="6" type="stmt"/>
        <line num="415" count="6" type="stmt"/>
        <line num="416" count="6" type="stmt"/>
        <line num="417" count="10" type="stmt"/>
        <line num="418" count="10" type="stmt"/>
        <line num="420" count="5" type="stmt"/>
        <line num="421" count="10" type="stmt"/>
        <line num="433" count="5" type="stmt"/>
      </file>
      <file name="employee.js" path="C:\Users\loren\OneDrive\Desktop\PoliTo\SoftwareEngineering2\Lab\SolidarityPurchasingGroup\SoftwareEngineering\client\src\Site\Employee\employee.js">
        <metrics statements="86" coveredstatements="66" conditionals="38" coveredconditionals="27" methods="34" coveredmethods="24"/>
        <line num="53" count="26" type="stmt"/>
        <line num="54" count="26" type="stmt"/>
        <line num="55" count="26" type="stmt"/>
        <line num="56" count="26" type="stmt"/>
        <line num="57" count="26" type="stmt"/>
        <line num="60" count="26" type="stmt"/>
        <line num="61" count="0" type="stmt"/>
        <line num="64" count="26" type="stmt"/>
        <line num="65" count="5" type="stmt"/>
        <line num="67" count="5" type="stmt"/>
        <line num="68" count="5" type="stmt"/>
        <line num="69" count="5" type="stmt"/>
        <line num="71" count="0" type="stmt"/>
        <line num="75" count="26" type="stmt"/>
        <line num="76" count="16" type="cond" truecount="2" falsecount="0"/>
        <line num="77" count="2" type="stmt"/>
        <line num="79" count="2" type="stmt"/>
        <line num="81" count="2" type="stmt"/>
        <line num="82" count="2" type="cond" truecount="1" falsecount="1"/>
        <line num="84" count="2" type="stmt"/>
        <line num="86" count="2" type="stmt"/>
        <line num="88" count="2" type="stmt"/>
        <line num="89" count="2" type="stmt"/>
        <line num="90" count="2" type="stmt"/>
        <line num="93" count="0" type="stmt"/>
        <line num="94" count="0" type="stmt"/>
        <line num="96" count="2" type="stmt"/>
        <line num="100" count="26" type="stmt"/>
        <line num="101" count="1" type="stmt"/>
        <line num="102" count="1" type="stmt"/>
        <line num="103" count="2" type="cond" truecount="2" falsecount="0"/>
        <line num="105" count="1" type="stmt"/>
        <line num="108" count="26" type="stmt"/>
        <line num="117" count="1" type="stmt"/>
        <line num="124" count="18" type="stmt"/>
        <line num="150" count="26" type="stmt"/>
        <line num="151" count="25" type="stmt"/>
        <line num="154" count="3" type="stmt"/>
        <line num="155" count="3" type="stmt"/>
        <line num="156" count="3" type="stmt"/>
        <line num="157" count="4" type="cond" truecount="2" falsecount="0"/>
        <line num="158" count="3" type="stmt"/>
        <line num="159" count="3" type="stmt"/>
        <line num="165" count="25" type="stmt"/>
        <line num="166" count="10" type="cond" truecount="1" falsecount="1"/>
        <line num="167" count="10" type="stmt"/>
        <line num="168" count="3" type="stmt"/>
        <line num="173" count="25" type="stmt"/>
        <line num="179" count="3" type="stmt"/>
        <line num="181" count="3" type="stmt"/>
        <line num="187" count="13" type="stmt"/>
        <line num="188" count="12" type="stmt"/>
        <line num="189" count="12" type="stmt"/>
        <line num="193" count="12" type="stmt"/>
        <line num="194" count="0" type="stmt"/>
        <line num="200" count="12" type="stmt"/>
        <line num="201" count="12" type="stmt"/>
        <line num="202" count="12" type="cond" truecount="4" falsecount="3"/>
        <line num="203" count="0" type="stmt"/>
        <line num="205" count="12" type="stmt"/>
        <line num="208" count="12" type="stmt"/>
        <line num="209" count="6" type="stmt"/>
        <line num="211" count="6" type="stmt"/>
        <line num="212" count="6" type="stmt"/>
        <line num="214" count="0" type="stmt"/>
        <line num="219" count="0" type="stmt"/>
        <line num="221" count="0" type="stmt"/>
        <line num="222" count="0" type="cond" truecount="0" falsecount="2"/>
        <line num="223" count="0" type="stmt"/>
        <line num="224" count="0" type="stmt"/>
        <line num="227" count="0" type="stmt"/>
        <line num="230" count="0" type="stmt"/>
        <line num="231" count="0" type="stmt"/>
        <line num="234" count="12" type="stmt"/>
        <line num="235" count="6" type="cond" truecount="1" falsecount="1"/>
        <line num="236" count="0" type="stmt"/>
        <line num="238" count="0" type="stmt"/>
        <line num="241" count="0" type="stmt"/>
        <line num="243" count="0" type="stmt"/>
        <line num="248" count="12" type="stmt"/>
        <line num="249" count="6" type="cond" truecount="1" falsecount="1"/>
        <line num="250" count="6" type="stmt"/>
        <line num="251" count="3" type="stmt"/>
        <line num="256" count="12" type="stmt"/>
        <line num="261" count="8" type="stmt"/>
        <line num="277" count="0" type="stmt"/>
      </file>
    </package>
    <package name="Manager">
      <metrics statements="65" coveredstatements="48" conditionals="39" coveredconditionals="26" methods="21" coveredmethods="16"/>
      <file name="ManagerPage.js" path="C:\Users\loren\OneDrive\Desktop\PoliTo\SoftwareEngineering2\Lab\SolidarityPurchasingGroup\SoftwareEngineering\client\src\Site\Manager\ManagerPage.js">
        <metrics statements="65" coveredstatements="48" conditionals="39" coveredconditionals="26" methods="21" coveredmethods="16"/>
        <line num="15" count="1" type="stmt"/>
        <line num="28" count="1" type="stmt"/>
        <line num="40" count="35" type="stmt"/>
        <line num="41" count="35" type="stmt"/>
        <line num="42" count="35" type="stmt"/>
        <line num="43" count="35" type="stmt"/>
        <line num="47" count="35" type="stmt"/>
        <line num="48" count="35" type="stmt"/>
        <line num="50" count="35" type="cond" truecount="4" falsecount="0"/>
        <line num="51" count="30" type="stmt"/>
        <line num="52" count="35" type="cond" truecount="2" falsecount="2"/>
        <line num="53" count="0" type="stmt"/>
        <line num="56" count="35" type="stmt"/>
        <line num="57" count="14" type="stmt"/>
        <line num="58" count="14" type="cond" truecount="1" falsecount="1"/>
        <line num="59" count="14" type="stmt"/>
        <line num="60" count="14" type="stmt"/>
        <line num="62" count="0" type="stmt"/>
        <line num="63" count="0" type="cond" truecount="0" falsecount="2"/>
        <line num="64" count="0" type="stmt"/>
        <line num="65" count="0" type="cond" truecount="0" falsecount="2"/>
        <line num="66" count="0" type="stmt"/>
        <line num="67" count="0" type="cond" truecount="0" falsecount="2"/>
        <line num="68" count="0" type="stmt"/>
        <line num="69" count="0" type="cond" truecount="0" falsecount="2"/>
        <line num="70" count="0" type="stmt"/>
        <line num="71" count="0" type="cond" truecount="0" falsecount="2"/>
        <line num="72" count="0" type="stmt"/>
        <line num="75" count="0" type="stmt"/>
        <line num="78" count="0" type="stmt"/>
        <line num="81" count="35" type="stmt"/>
        <line num="82" count="7" type="stmt"/>
        <line num="83" count="7" type="stmt"/>
        <line num="85" count="6" type="stmt"/>
        <line num="86" count="6" type="stmt"/>
        <line num="87" count="6" type="stmt"/>
        <line num="90" count="1" type="stmt"/>
        <line num="91" count="1" type="stmt"/>
        <line num="92" count="1" type="stmt"/>
        <line num="98" count="35" type="stmt"/>
        <line num="113" count="0" type="stmt"/>
        <line num="119" count="7" type="stmt"/>
        <line num="132" count="15" type="stmt"/>
        <line num="133" count="15" type="stmt"/>
        <line num="134" count="15" type="stmt"/>
        <line num="135" count="15" type="stmt"/>
        <line num="137" count="15" type="stmt"/>
        <line num="140" count="15" type="stmt"/>
        <line num="141" count="8" type="cond" truecount="2" falsecount="0"/>
        <line num="142" count="1" type="stmt"/>
        <line num="143" count="0" type="stmt"/>
        <line num="148" count="15" type="stmt"/>
        <line num="149" count="2" type="stmt"/>
        <line num="150" count="2" type="stmt"/>
        <line num="153" count="1" type="stmt"/>
        <line num="154" count="1" type="stmt"/>
        <line num="155" count="1" type="stmt"/>
        <line num="157" count="1" type="stmt"/>
        <line num="160" count="1" type="stmt"/>
        <line num="161" count="1" type="stmt"/>
        <line num="165" count="15" type="stmt"/>
        <line num="181" count="1" type="stmt"/>
        <line num="184" count="0" type="stmt"/>
        <line num="188" count="2" type="stmt"/>
        <line num="213" count="2" type="stmt"/>
      </file>
    </package>
  </project>
</coverage>
