{"C:\\Users\\loren\\OneDrive\\Desktop\\PoliTo\\SoftwareEngineering2\\Lab\\SolidarityPurchasingGroup\\SoftwareEngineering\\client\\src\\API.js": {"path":"C:\\Users\\loren\\OneDrive\\Desktop\\PoliTo\\SoftwareEngineering2\\Lab\\SolidarityPurchasingGroup\\SoftwareEngineering\\client\\src\\API.js","statementMap":{"0":{"start":{"line":9,"column":17},"end":{"line":15,"column":4}},"1":{"start":{"line":16,"column":2},"end":{"line":25,"column":3}},"2":{"start":{"line":17,"column":4},"end":{"line":17,"column":27}},"3":{"start":{"line":19,"column":4},"end":{"line":24,"column":5}},"4":{"start":{"line":20,"column":24},"end":{"line":20,"column":45}},"5":{"start":{"line":21,"column":6},"end":{"line":21,"column":30}},"6":{"start":{"line":23,"column":6},"end":{"line":23,"column":16}},"7":{"start":{"line":29,"column":2},"end":{"line":29,"column":61}},"8":{"start":{"line":33,"column":19},"end":{"line":33,"column":55}},"9":{"start":{"line":34,"column":19},"end":{"line":34,"column":40}},"10":{"start":{"line":35,"column":2},"end":{"line":39,"column":3}},"11":{"start":{"line":36,"column":4},"end":{"line":36,"column":20}},"12":{"start":{"line":38,"column":4},"end":{"line":38,"column":19}},"13":{"start":{"line":42,"column":16},"end":{"line":42,"column":22}},"14":{"start":{"line":65,"column":14},"end":{"line":65,"column":39}},"15":{"start":{"line":67,"column":2},"end":{"line":97,"column":3}},"16":{"start":{"line":68,"column":21},"end":{"line":68,"column":37}},"17":{"start":{"line":70,"column":4},"end":{"line":94,"column":5}},"18":{"start":{"line":71,"column":6},"end":{"line":91,"column":7}},"19":{"start":{"line":72,"column":29},"end":{"line":72,"column":50}},"20":{"start":{"line":73,"column":21},"end":{"line":73,"column":23}},"21":{"start":{"line":74,"column":8},"end":{"line":86,"column":9}},"22":{"start":{"line":75,"column":29},"end":{"line":75,"column":63}},"23":{"start":{"line":76,"column":10},"end":{"line":85,"column":12}},"24":{"start":{"line":87,"column":8},"end":{"line":87,"column":20}},"25":{"start":{"line":89,"column":8},"end":{"line":89,"column":37}},"26":{"start":{"line":90,"column":8},"end":{"line":90,"column":40}},"27":{"start":{"line":93,"column":6},"end":{"line":93,"column":57}},"28":{"start":{"line":96,"column":4},"end":{"line":96,"column":31}},"29":{"start":{"line":111,"column":14},"end":{"line":111,"column":46}},"30":{"start":{"line":113,"column":2},"end":{"line":124,"column":3}},"31":{"start":{"line":114,"column":21},"end":{"line":114,"column":37}},"32":{"start":{"line":116,"column":4},"end":{"line":121,"column":5}},"33":{"start":{"line":117,"column":27},"end":{"line":117,"column":48}},"34":{"start":{"line":118,"column":6},"end":{"line":118,"column":39}},"35":{"start":{"line":120,"column":6},"end":{"line":120,"column":57}},"36":{"start":{"line":123,"column":4},"end":{"line":123,"column":31}},"37":{"start":{"line":133,"column":14},"end":{"line":133,"column":37}},"38":{"start":{"line":134,"column":2},"end":{"line":167,"column":3}},"39":{"start":{"line":135,"column":21},"end":{"line":135,"column":37}},"40":{"start":{"line":137,"column":4},"end":{"line":164,"column":5}},"41":{"start":{"line":138,"column":21},"end":{"line":138,"column":23}},"42":{"start":{"line":139,"column":6},"end":{"line":161,"column":7}},"43":{"start":{"line":140,"column":29},"end":{"line":140,"column":50}},"44":{"start":{"line":141,"column":8},"end":{"line":156,"column":9}},"45":{"start":{"line":142,"column":30},"end":{"line":142,"column":32}},"46":{"start":{"line":143,"column":10},"end":{"line":145,"column":11}},"47":{"start":{"line":144,"column":12},"end":{"line":144,"column":52}},"48":{"start":{"line":146,"column":10},"end":{"line":155,"column":12}},"49":{"start":{"line":157,"column":8},"end":{"line":157,"column":22}},"50":{"start":{"line":159,"column":8},"end":{"line":159,"column":37}},"51":{"start":{"line":160,"column":8},"end":{"line":160,"column":46}},"52":{"start":{"line":163,"column":6},"end":{"line":163,"column":57}},"53":{"start":{"line":166,"column":4},"end":{"line":166,"column":31}},"54":{"start":{"line":194,"column":14},"end":{"line":194,"column":41}},"55":{"start":{"line":196,"column":15},"end":{"line":196,"column":24}},"56":{"start":{"line":197,"column":2},"end":{"line":197,"column":20}},"57":{"start":{"line":199,"column":2},"end":{"line":215,"column":3}},"58":{"start":{"line":200,"column":21},"end":{"line":206,"column":6}},"59":{"start":{"line":208,"column":4},"end":{"line":212,"column":5}},"60":{"start":{"line":209,"column":6},"end":{"line":209,"column":16}},"61":{"start":{"line":211,"column":6},"end":{"line":211,"column":57}},"62":{"start":{"line":214,"column":4},"end":{"line":214,"column":33}},"63":{"start":{"line":219,"column":14},"end":{"line":219,"column":41}},"64":{"start":{"line":221,"column":15},"end":{"line":221,"column":24}},"65":{"start":{"line":222,"column":2},"end":{"line":222,"column":20}},"66":{"start":{"line":224,"column":2},"end":{"line":240,"column":3}},"67":{"start":{"line":225,"column":21},"end":{"line":231,"column":6}},"68":{"start":{"line":233,"column":4},"end":{"line":237,"column":5}},"69":{"start":{"line":234,"column":6},"end":{"line":234,"column":16}},"70":{"start":{"line":236,"column":6},"end":{"line":236,"column":57}},"71":{"start":{"line":239,"column":4},"end":{"line":239,"column":33}},"72":{"start":{"line":249,"column":14},"end":{"line":249,"column":55}},"73":{"start":{"line":250,"column":2},"end":{"line":261,"column":3}},"74":{"start":{"line":251,"column":21},"end":{"line":251,"column":37}},"75":{"start":{"line":253,"column":4},"end":{"line":258,"column":5}},"76":{"start":{"line":254,"column":27},"end":{"line":254,"column":48}},"77":{"start":{"line":255,"column":6},"end":{"line":255,"column":34}},"78":{"start":{"line":257,"column":6},"end":{"line":257,"column":57}},"79":{"start":{"line":260,"column":4},"end":{"line":260,"column":31}},"80":{"start":{"line":264,"column":2},"end":{"line":271,"column":7}},"81":{"start":{"line":267,"column":6},"end":{"line":267,"column":27}},"82":{"start":{"line":270,"column":6},"end":{"line":270,"column":18}},"83":{"start":{"line":276,"column":2},"end":{"line":283,"column":7}},"84":{"start":{"line":279,"column":6},"end":{"line":279,"column":27}},"85":{"start":{"line":282,"column":6},"end":{"line":282,"column":18}},"86":{"start":{"line":287,"column":14},"end":{"line":287,"column":42}},"87":{"start":{"line":288,"column":2},"end":{"line":298,"column":3}},"88":{"start":{"line":289,"column":21},"end":{"line":289,"column":37}},"89":{"start":{"line":290,"column":4},"end":{"line":295,"column":5}},"90":{"start":{"line":291,"column":27},"end":{"line":291,"column":48}},"91":{"start":{"line":292,"column":6},"end":{"line":292,"column":44}},"92":{"start":{"line":294,"column":6},"end":{"line":294,"column":57}},"93":{"start":{"line":297,"column":4},"end":{"line":297,"column":31}},"94":{"start":{"line":302,"column":14},"end":{"line":302,"column":40}},"95":{"start":{"line":303,"column":19},"end":{"line":303,"column":35}},"96":{"start":{"line":305,"column":2},"end":{"line":326,"column":3}},"97":{"start":{"line":306,"column":4},"end":{"line":323,"column":5}},"98":{"start":{"line":307,"column":27},"end":{"line":307,"column":48}},"99":{"start":{"line":308,"column":6},"end":{"line":308,"column":32}},"100":{"start":{"line":309,"column":27},"end":{"line":309,"column":29}},"101":{"start":{"line":310,"column":6},"end":{"line":318,"column":7}},"102":{"start":{"line":311,"column":18},"end":{"line":316,"column":9}},"103":{"start":{"line":317,"column":8},"end":{"line":317,"column":29}},"104":{"start":{"line":319,"column":6},"end":{"line":319,"column":26}},"105":{"start":{"line":321,"column":6},"end":{"line":321,"column":35}},"106":{"start":{"line":322,"column":6},"end":{"line":322,"column":44}},"107":{"start":{"line":325,"column":4},"end":{"line":325,"column":43}},"108":{"start":{"line":343,"column":14},"end":{"line":343,"column":35}},"109":{"start":{"line":345,"column":15},"end":{"line":345,"column":27}},"110":{"start":{"line":347,"column":20},"end":{"line":347,"column":65}},"111":{"start":{"line":349,"column":2},"end":{"line":353,"column":3}},"112":{"start":{"line":350,"column":4},"end":{"line":350,"column":38}},"113":{"start":{"line":351,"column":9},"end":{"line":353,"column":3}},"114":{"start":{"line":352,"column":4},"end":{"line":352,"column":52}},"115":{"start":{"line":355,"column":2},"end":{"line":371,"column":3}},"116":{"start":{"line":356,"column":21},"end":{"line":362,"column":6}},"117":{"start":{"line":364,"column":4},"end":{"line":368,"column":5}},"118":{"start":{"line":365,"column":6},"end":{"line":365,"column":16}},"119":{"start":{"line":367,"column":6},"end":{"line":367,"column":57}},"120":{"start":{"line":370,"column":4},"end":{"line":370,"column":33}},"121":{"start":{"line":375,"column":17},"end":{"line":375,"column":47}},"122":{"start":{"line":376,"column":21},"end":{"line":376,"column":42}},"123":{"start":{"line":377,"column":2},"end":{"line":381,"column":3}},"124":{"start":{"line":378,"column":4},"end":{"line":378,"column":24}},"125":{"start":{"line":380,"column":4},"end":{"line":380,"column":23}},"126":{"start":{"line":385,"column":17},"end":{"line":385,"column":50}},"127":{"start":{"line":386,"column":21},"end":{"line":386,"column":42}},"128":{"start":{"line":387,"column":2},"end":{"line":391,"column":3}},"129":{"start":{"line":388,"column":4},"end":{"line":388,"column":24}},"130":{"start":{"line":390,"column":4},"end":{"line":390,"column":23}},"131":{"start":{"line":395,"column":19},"end":{"line":401,"column":4}},"132":{"start":{"line":402,"column":23},"end":{"line":402,"column":44}},"133":{"start":{"line":403,"column":2},"end":{"line":407,"column":3}},"134":{"start":{"line":404,"column":4},"end":{"line":404,"column":24}},"135":{"start":{"line":406,"column":4},"end":{"line":406,"column":23}},"136":{"start":{"line":411,"column":13},"end":{"line":411,"column":22}},"137":{"start":{"line":412,"column":17},"end":{"line":418,"column":4}},"138":{"start":{"line":419,"column":21},"end":{"line":419,"column":42}},"139":{"start":{"line":420,"column":2},"end":{"line":425,"column":3}},"140":{"start":{"line":421,"column":4},"end":{"line":421,"column":30}},"141":{"start":{"line":422,"column":4},"end":{"line":422,"column":24}},"142":{"start":{"line":424,"column":4},"end":{"line":424,"column":23}},"143":{"start":{"line":430,"column":12},"end":{"line":449,"column":1}}},"fnMap":{"0":{"name":"login","decl":{"start":{"line":8,"column":15},"end":{"line":8,"column":20}},"loc":{"start":{"line":8,"column":34},"end":{"line":26,"column":1}},"line":8},"1":{"name":"logout","decl":{"start":{"line":28,"column":15},"end":{"line":28,"column":21}},"loc":{"start":{"line":28,"column":24},"end":{"line":30,"column":1}},"line":28},"2":{"name":"getAdmin","decl":{"start":{"line":32,"column":15},"end":{"line":32,"column":23}},"loc":{"start":{"line":32,"column":26},"end":{"line":40,"column":1}},"line":32},"3":{"name":"fetchAllProducts","decl":{"start":{"line":64,"column":15},"end":{"line":64,"column":31}},"loc":{"start":{"line":64,"column":34},"end":{"line":98,"column":1}},"line":64},"4":{"name":"fetchFarmerById","decl":{"start":{"line":110,"column":15},"end":{"line":110,"column":30}},"loc":{"start":{"line":110,"column":42},"end":{"line":125,"column":1}},"line":110},"5":{"name":"fetchAllOrders","decl":{"start":{"line":132,"column":15},"end":{"line":132,"column":29}},"loc":{"start":{"line":132,"column":32},"end":{"line":168,"column":1}},"line":132},"6":{"name":"postOrderByEmployee","decl":{"start":{"line":193,"column":15},"end":{"line":193,"column":34}},"loc":{"start":{"line":193,"column":46},"end":{"line":216,"column":1}},"line":193},"7":{"name":"postOrderByCustomer","decl":{"start":{"line":218,"column":15},"end":{"line":218,"column":34}},"loc":{"start":{"line":218,"column":46},"end":{"line":241,"column":1}},"line":218},"8":{"name":"isUsernameAlreadyPresent","decl":{"start":{"line":248,"column":15},"end":{"line":248,"column":39}},"loc":{"start":{"line":248,"column":50},"end":{"line":262,"column":1}},"line":248},"9":{"name":"notifyOfTime","decl":{"start":{"line":263,"column":15},"end":{"line":263,"column":27}},"loc":{"start":{"line":263,"column":30},"end":{"line":272,"column":1}},"line":263},"10":{"name":"(anonymous_10)","decl":{"start":{"line":266,"column":10},"end":{"line":266,"column":11}},"loc":{"start":{"line":266,"column":24},"end":{"line":268,"column":5}},"line":266},"11":{"name":"(anonymous_11)","decl":{"start":{"line":269,"column":11},"end":{"line":269,"column":12}},"loc":{"start":{"line":269,"column":28},"end":{"line":271,"column":5}},"line":269},"12":{"name":"addNewUser","decl":{"start":{"line":275,"column":15},"end":{"line":275,"column":25}},"loc":{"start":{"line":275,"column":32},"end":{"line":284,"column":1}},"line":275},"13":{"name":"(anonymous_13)","decl":{"start":{"line":278,"column":10},"end":{"line":278,"column":11}},"loc":{"start":{"line":278,"column":24},"end":{"line":280,"column":5}},"line":278},"14":{"name":"(anonymous_14)","decl":{"start":{"line":281,"column":11},"end":{"line":281,"column":12}},"loc":{"start":{"line":281,"column":28},"end":{"line":283,"column":5}},"line":281},"15":{"name":"fetchCustomerById","decl":{"start":{"line":286,"column":15},"end":{"line":286,"column":32}},"loc":{"start":{"line":286,"column":37},"end":{"line":299,"column":1}},"line":286},"16":{"name":"fetchAllCustomers","decl":{"start":{"line":301,"column":15},"end":{"line":301,"column":32}},"loc":{"start":{"line":301,"column":35},"end":{"line":327,"column":1}},"line":301},"17":{"name":"postNewCustomer","decl":{"start":{"line":342,"column":15},"end":{"line":342,"column":30}},"loc":{"start":{"line":342,"column":45},"end":{"line":372,"column":1}},"line":342},"18":{"name":"getOrders","decl":{"start":{"line":374,"column":15},"end":{"line":374,"column":24}},"loc":{"start":{"line":374,"column":27},"end":{"line":382,"column":1}},"line":374},"19":{"name":"getCustomers","decl":{"start":{"line":384,"column":15},"end":{"line":384,"column":27}},"loc":{"start":{"line":384,"column":30},"end":{"line":392,"column":1}},"line":384},"20":{"name":"updateCustomerWallet","decl":{"start":{"line":394,"column":15},"end":{"line":394,"column":35}},"loc":{"start":{"line":394,"column":47},"end":{"line":408,"column":1}},"line":394},"21":{"name":"handOutOrder","decl":{"start":{"line":410,"column":15},"end":{"line":410,"column":27}},"loc":{"start":{"line":410,"column":32},"end":{"line":426,"column":1}},"line":410}},"branchMap":{"0":{"loc":{"start":{"line":16,"column":2},"end":{"line":25,"column":3}},"type":"if","locations":[{"start":{"line":16,"column":2},"end":{"line":25,"column":3}},{"start":{"line":18,"column":9},"end":{"line":25,"column":3}}],"line":16},"1":{"loc":{"start":{"line":35,"column":2},"end":{"line":39,"column":3}},"type":"if","locations":[{"start":{"line":35,"column":2},"end":{"line":39,"column":3}},{"start":{"line":37,"column":9},"end":{"line":39,"column":3}}],"line":35},"2":{"loc":{"start":{"line":70,"column":4},"end":{"line":94,"column":5}},"type":"if","locations":[{"start":{"line":70,"column":4},"end":{"line":94,"column":5}},{"start":{"line":92,"column":11},"end":{"line":94,"column":5}}],"line":70},"3":{"loc":{"start":{"line":116,"column":4},"end":{"line":121,"column":5}},"type":"if","locations":[{"start":{"line":116,"column":4},"end":{"line":121,"column":5}},{"start":{"line":119,"column":11},"end":{"line":121,"column":5}}],"line":116},"4":{"loc":{"start":{"line":137,"column":4},"end":{"line":164,"column":5}},"type":"if","locations":[{"start":{"line":137,"column":4},"end":{"line":164,"column":5}},{"start":{"line":162,"column":11},"end":{"line":164,"column":5}}],"line":137},"5":{"loc":{"start":{"line":208,"column":4},"end":{"line":212,"column":5}},"type":"if","locations":[{"start":{"line":208,"column":4},"end":{"line":212,"column":5}},{"start":{"line":210,"column":11},"end":{"line":212,"column":5}}],"line":208},"6":{"loc":{"start":{"line":233,"column":4},"end":{"line":237,"column":5}},"type":"if","locations":[{"start":{"line":233,"column":4},"end":{"line":237,"column":5}},{"start":{"line":235,"column":11},"end":{"line":237,"column":5}}],"line":233},"7":{"loc":{"start":{"line":253,"column":4},"end":{"line":258,"column":5}},"type":"if","locations":[{"start":{"line":253,"column":4},"end":{"line":258,"column":5}},{"start":{"line":256,"column":11},"end":{"line":258,"column":5}}],"line":253},"8":{"loc":{"start":{"line":290,"column":4},"end":{"line":295,"column":5}},"type":"if","locations":[{"start":{"line":290,"column":4},"end":{"line":295,"column":5}},{"start":{"line":293,"column":11},"end":{"line":295,"column":5}}],"line":290},"9":{"loc":{"start":{"line":305,"column":2},"end":{"line":326,"column":3}},"type":"if","locations":[{"start":{"line":305,"column":2},"end":{"line":326,"column":3}},{"start":{"line":324,"column":9},"end":{"line":326,"column":3}}],"line":305},"10":{"loc":{"start":{"line":349,"column":2},"end":{"line":353,"column":3}},"type":"if","locations":[{"start":{"line":349,"column":2},"end":{"line":353,"column":3}},{"start":{"line":351,"column":9},"end":{"line":353,"column":3}}],"line":349},"11":{"loc":{"start":{"line":351,"column":9},"end":{"line":353,"column":3}},"type":"if","locations":[{"start":{"line":351,"column":9},"end":{"line":353,"column":3}},{"start":{},"end":{}}],"line":351},"12":{"loc":{"start":{"line":364,"column":4},"end":{"line":368,"column":5}},"type":"if","locations":[{"start":{"line":364,"column":4},"end":{"line":368,"column":5}},{"start":{"line":366,"column":11},"end":{"line":368,"column":5}}],"line":364},"13":{"loc":{"start":{"line":377,"column":2},"end":{"line":381,"column":3}},"type":"if","locations":[{"start":{"line":377,"column":2},"end":{"line":381,"column":3}},{"start":{"line":379,"column":9},"end":{"line":381,"column":3}}],"line":377},"14":{"loc":{"start":{"line":387,"column":2},"end":{"line":391,"column":3}},"type":"if","locations":[{"start":{"line":387,"column":2},"end":{"line":391,"column":3}},{"start":{"line":389,"column":9},"end":{"line":391,"column":3}}],"line":387},"15":{"loc":{"start":{"line":403,"column":2},"end":{"line":407,"column":3}},"type":"if","locations":[{"start":{"line":403,"column":2},"end":{"line":407,"column":3}},{"start":{"line":405,"column":9},"end":{"line":407,"column":3}}],"line":403},"16":{"loc":{"start":{"line":420,"column":2},"end":{"line":425,"column":3}},"type":"if","locations":[{"start":{"line":420,"column":2},"end":{"line":425,"column":3}},{"start":{"line":423,"column":9},"end":{"line":425,"column":3}}],"line":420}},"s":{"0":0,"1":0,"2":0,"3":0,"4":0,"5":0,"6":0,"7":0,"8":0,"9":0,"10":0,"11":0,"12":0,"13":5,"14":6,"15":6,"16":6,"17":0,"18":0,"19":0,"20":0,"21":0,"22":0,"23":0,"24":0,"25":0,"26":0,"27":0,"28":2,"29":0,"30":0,"31":0,"32":0,"33":0,"34":0,"35":0,"36":0,"37":0,"38":0,"39":0,"40":0,"41":0,"42":0,"43":0,"44":0,"45":0,"46":0,"47":0,"48":0,"49":0,"50":0,"51":0,"52":0,"53":0,"54":0,"55":0,"56":0,"57":0,"58":0,"59":0,"60":0,"61":0,"62":0,"63":0,"64":0,"65":0,"66":0,"67":0,"68":0,"69":0,"70":0,"71":0,"72":0,"73":0,"74":0,"75":0,"76":0,"77":0,"78":0,"79":0,"80":0,"81":0,"82":0,"83":0,"84":0,"85":0,"86":2,"87":2,"88":2,"89":0,"90":0,"91":0,"92":0,"93":0,"94":0,"95":0,"96":0,"97":0,"98":0,"99":0,"100":0,"101":0,"102":0,"103":0,"104":0,"105":0,"106":0,"107":0,"108":0,"109":0,"110":0,"111":0,"112":0,"113":0,"114":0,"115":0,"116":0,"117":0,"118":0,"119":0,"120":0,"121":0,"122":0,"123":0,"124":0,"125":0,"126":0,"127":0,"128":0,"129":0,"130":0,"131":0,"132":0,"133":0,"134":0,"135":0,"136":0,"137":0,"138":0,"139":0,"140":0,"141":0,"142":0,"143":5},"f":{"0":0,"1":0,"2":0,"3":6,"4":0,"5":0,"6":0,"7":0,"8":0,"9":0,"10":0,"11":0,"12":0,"13":0,"14":0,"15":2,"16":0,"17":0,"18":0,"19":0,"20":0,"21":0},"b":{"0":[0,0],"1":[0,0],"2":[0,0],"3":[0,0],"4":[0,0],"5":[0,0],"6":[0,0],"7":[0,0],"8":[0,0],"9":[0,0],"10":[0,0],"11":[0,0],"12":[0,0],"13":[0,0],"14":[0,0],"15":[0,0],"16":[0,0]},"_coverageSchema":"1a1c01bbd47fc00a2c39e90264f33305004495a9","hash":"48d25d56c90f53a09133a383684145c9879ea3c1"}
,"C:\\Users\\loren\\OneDrive\\Desktop\\PoliTo\\SoftwareEngineering2\\Lab\\SolidarityPurchasingGroup\\SoftwareEngineering\\client\\src\\EmployeeAPI.js": {"path":"C:\\Users\\loren\\OneDrive\\Desktop\\PoliTo\\SoftwareEngineering2\\Lab\\SolidarityPurchasingGroup\\SoftwareEngineering\\client\\src\\EmployeeAPI.js","statementMap":{"0":{"start":{"line":3,"column":19},"end":{"line":3,"column":49}},"1":{"start":{"line":4,"column":23},"end":{"line":4,"column":44}},"2":{"start":{"line":5,"column":4},"end":{"line":10,"column":5}},"3":{"start":{"line":6,"column":8},"end":{"line":6,"column":28}},"4":{"start":{"line":9,"column":8},"end":{"line":9,"column":27}},"5":{"start":{"line":14,"column":19},"end":{"line":14,"column":52}},"6":{"start":{"line":15,"column":23},"end":{"line":15,"column":44}},"7":{"start":{"line":16,"column":4},"end":{"line":21,"column":5}},"8":{"start":{"line":17,"column":8},"end":{"line":17,"column":28}},"9":{"start":{"line":20,"column":8},"end":{"line":20,"column":27}},"10":{"start":{"line":26,"column":4},"end":{"line":34,"column":5}},"11":{"start":{"line":27,"column":8},"end":{"line":33,"column":11}},"12":{"start":{"line":35,"column":4},"end":{"line":35,"column":26}},"13":{"start":{"line":36,"column":25},"end":{"line":36,"column":46}},"14":{"start":{"line":37,"column":4},"end":{"line":42,"column":5}},"15":{"start":{"line":38,"column":8},"end":{"line":38,"column":28}},"16":{"start":{"line":41,"column":8},"end":{"line":41,"column":27}},"17":{"start":{"line":46,"column":15},"end":{"line":46,"column":24}},"18":{"start":{"line":47,"column":19},"end":{"line":53,"column":6}},"19":{"start":{"line":54,"column":23},"end":{"line":54,"column":44}},"20":{"start":{"line":55,"column":4},"end":{"line":60,"column":5}},"21":{"start":{"line":56,"column":8},"end":{"line":56,"column":28}},"22":{"start":{"line":59,"column":8},"end":{"line":59,"column":27}},"23":{"start":{"line":64,"column":15},"end":{"line":64,"column":21}},"24":{"start":{"line":65,"column":19},"end":{"line":71,"column":6}},"25":{"start":{"line":72,"column":23},"end":{"line":72,"column":44}},"26":{"start":{"line":73,"column":4},"end":{"line":78,"column":5}},"27":{"start":{"line":74,"column":8},"end":{"line":74,"column":28}},"28":{"start":{"line":77,"column":8},"end":{"line":77,"column":27}},"29":{"start":{"line":82,"column":19},"end":{"line":82,"column":64}},"30":{"start":{"line":83,"column":23},"end":{"line":83,"column":44}},"31":{"start":{"line":84,"column":4},"end":{"line":89,"column":5}},"32":{"start":{"line":85,"column":8},"end":{"line":85,"column":28}},"33":{"start":{"line":88,"column":8},"end":{"line":88,"column":27}},"34":{"start":{"line":93,"column":16},"end":{"line":93,"column":31}},"35":{"start":{"line":94,"column":17},"end":{"line":94,"column":26}},"36":{"start":{"line":96,"column":4},"end":{"line":114,"column":5}},"37":{"start":{"line":97,"column":23},"end":{"line":103,"column":8}},"38":{"start":{"line":105,"column":6},"end":{"line":110,"column":7}},"39":{"start":{"line":106,"column":8},"end":{"line":106,"column":18}},"40":{"start":{"line":109,"column":8},"end":{"line":109,"column":59}},"41":{"start":{"line":113,"column":6},"end":{"line":113,"column":35}},"42":{"start":{"line":118,"column":16},"end":{"line":118,"column":34}},"43":{"start":{"line":119,"column":21},"end":{"line":119,"column":37}},"44":{"start":{"line":120,"column":23},"end":{"line":120,"column":44}},"45":{"start":{"line":121,"column":4},"end":{"line":126,"column":5}},"46":{"start":{"line":122,"column":8},"end":{"line":122,"column":28}},"47":{"start":{"line":125,"column":8},"end":{"line":125,"column":27}},"48":{"start":{"line":131,"column":12},"end":{"line":131,"column":162}}},"fnMap":{"0":{"name":"getOrders","decl":{"start":{"line":2,"column":15},"end":{"line":2,"column":24}},"loc":{"start":{"line":2,"column":27},"end":{"line":11,"column":1}},"line":2},"1":{"name":"getCustomers","decl":{"start":{"line":13,"column":15},"end":{"line":13,"column":27}},"loc":{"start":{"line":13,"column":30},"end":{"line":22,"column":1}},"line":13},"2":{"name":"updateCustomerWallet","decl":{"start":{"line":24,"column":15},"end":{"line":24,"column":35}},"loc":{"start":{"line":24,"column":47},"end":{"line":43,"column":1}},"line":24},"3":{"name":"handOutOrder","decl":{"start":{"line":45,"column":15},"end":{"line":45,"column":27}},"loc":{"start":{"line":45,"column":32},"end":{"line":61,"column":1}},"line":45},"4":{"name":"lostOrderStatus","decl":{"start":{"line":63,"column":15},"end":{"line":63,"column":30}},"loc":{"start":{"line":63,"column":35},"end":{"line":79,"column":1}},"line":63},"5":{"name":"getOrdersWithInsufficientWalletBalance","decl":{"start":{"line":81,"column":15},"end":{"line":81,"column":53}},"loc":{"start":{"line":81,"column":56},"end":{"line":90,"column":1}},"line":81},"6":{"name":"postLostFood","decl":{"start":{"line":92,"column":15},"end":{"line":92,"column":27}},"loc":{"start":{"line":92,"column":39},"end":{"line":115,"column":3}},"line":92},"7":{"name":"getProductById","decl":{"start":{"line":117,"column":15},"end":{"line":117,"column":29}},"loc":{"start":{"line":117,"column":34},"end":{"line":128,"column":1}},"line":117}},"branchMap":{"0":{"loc":{"start":{"line":5,"column":4},"end":{"line":10,"column":5}},"type":"if","locations":[{"start":{"line":5,"column":4},"end":{"line":10,"column":5}},{"start":{"line":8,"column":9},"end":{"line":10,"column":5}}],"line":5},"1":{"loc":{"start":{"line":16,"column":4},"end":{"line":21,"column":5}},"type":"if","locations":[{"start":{"line":16,"column":4},"end":{"line":21,"column":5}},{"start":{"line":19,"column":9},"end":{"line":21,"column":5}}],"line":16},"2":{"loc":{"start":{"line":26,"column":4},"end":{"line":34,"column":5}},"type":"if","locations":[{"start":{"line":26,"column":4},"end":{"line":34,"column":5}},{"start":{},"end":{}}],"line":26},"3":{"loc":{"start":{"line":37,"column":4},"end":{"line":42,"column":5}},"type":"if","locations":[{"start":{"line":37,"column":4},"end":{"line":42,"column":5}},{"start":{"line":40,"column":9},"end":{"line":42,"column":5}}],"line":37},"4":{"loc":{"start":{"line":55,"column":4},"end":{"line":60,"column":5}},"type":"if","locations":[{"start":{"line":55,"column":4},"end":{"line":60,"column":5}},{"start":{"line":58,"column":9},"end":{"line":60,"column":5}}],"line":55},"5":{"loc":{"start":{"line":73,"column":4},"end":{"line":78,"column":5}},"type":"if","locations":[{"start":{"line":73,"column":4},"end":{"line":78,"column":5}},{"start":{"line":76,"column":9},"end":{"line":78,"column":5}}],"line":73},"6":{"loc":{"start":{"line":84,"column":4},"end":{"line":89,"column":5}},"type":"if","locations":[{"start":{"line":84,"column":4},"end":{"line":89,"column":5}},{"start":{"line":87,"column":9},"end":{"line":89,"column":5}}],"line":84},"7":{"loc":{"start":{"line":105,"column":6},"end":{"line":110,"column":7}},"type":"if","locations":[{"start":{"line":105,"column":6},"end":{"line":110,"column":7}},{"start":{"line":108,"column":11},"end":{"line":110,"column":7}}],"line":105},"8":{"loc":{"start":{"line":121,"column":4},"end":{"line":126,"column":5}},"type":"if","locations":[{"start":{"line":121,"column":4},"end":{"line":126,"column":5}},{"start":{"line":124,"column":9},"end":{"line":126,"column":5}}],"line":121}},"s":{"0":2,"1":0,"2":0,"3":0,"4":0,"5":0,"6":0,"7":0,"8":0,"9":0,"10":0,"11":0,"12":0,"13":0,"14":0,"15":0,"16":0,"17":0,"18":0,"19":0,"20":0,"21":0,"22":0,"23":0,"24":0,"25":0,"26":0,"27":0,"28":0,"29":0,"30":0,"31":0,"32":0,"33":0,"34":1,"35":1,"36":1,"37":1,"38":0,"39":0,"40":0,"41":0,"42":0,"43":0,"44":0,"45":0,"46":0,"47":0,"48":2},"f":{"0":2,"1":0,"2":0,"3":0,"4":0,"5":0,"6":1,"7":0},"b":{"0":[0,0],"1":[0,0],"2":[0,0],"3":[0,0],"4":[0,0],"5":[0,0],"6":[0,0],"7":[0,0],"8":[0,0]},"_coverageSchema":"1a1c01bbd47fc00a2c39e90264f33305004495a9","hash":"df64a37957a6267bff56e95cdda0966aea6b3c63"}
,"C:\\Users\\loren\\OneDrive\\Desktop\\PoliTo\\SoftwareEngineering2\\Lab\\SolidarityPurchasingGroup\\SoftwareEngineering\\client\\src\\ManagerAPI.js": {"path":"C:\\Users\\loren\\OneDrive\\Desktop\\PoliTo\\SoftwareEngineering2\\Lab\\SolidarityPurchasingGroup\\SoftwareEngineering\\client\\src\\ManagerAPI.js","statementMap":{"0":{"start":{"line":3,"column":19},"end":{"line":3,"column":51}},"1":{"start":{"line":4,"column":23},"end":{"line":4,"column":44}},"2":{"start":{"line":5,"column":4},"end":{"line":10,"column":5}},"3":{"start":{"line":6,"column":8},"end":{"line":6,"column":28}},"4":{"start":{"line":9,"column":8},"end":{"line":9,"column":27}},"5":{"start":{"line":16,"column":18},"end":{"line":16,"column":54}},"6":{"start":{"line":17,"column":19},"end":{"line":23,"column":8}},"7":{"start":{"line":24,"column":23},"end":{"line":24,"column":44}},"8":{"start":{"line":25,"column":4},"end":{"line":30,"column":5}},"9":{"start":{"line":26,"column":8},"end":{"line":26,"column":28}},"10":{"start":{"line":29,"column":8},"end":{"line":29,"column":27}},"11":{"start":{"line":35,"column":19},"end":{"line":35,"column":53}},"12":{"start":{"line":36,"column":23},"end":{"line":36,"column":44}},"13":{"start":{"line":37,"column":4},"end":{"line":42,"column":5}},"14":{"start":{"line":38,"column":8},"end":{"line":38,"column":28}},"15":{"start":{"line":41,"column":8},"end":{"line":41,"column":27}},"16":{"start":{"line":45,"column":12},"end":{"line":45,"column":66}}},"fnMap":{"0":{"name":"getFarmerOrders","decl":{"start":{"line":2,"column":15},"end":{"line":2,"column":30}},"loc":{"start":{"line":2,"column":33},"end":{"line":11,"column":1}},"line":2},"1":{"name":"ackFarmerOrder","decl":{"start":{"line":14,"column":15},"end":{"line":14,"column":29}},"loc":{"start":{"line":14,"column":39},"end":{"line":31,"column":1}},"line":14},"2":{"name":"getManagerReports","decl":{"start":{"line":34,"column":15},"end":{"line":34,"column":32}},"loc":{"start":{"line":34,"column":35},"end":{"line":43,"column":1}},"line":34}},"branchMap":{"0":{"loc":{"start":{"line":5,"column":4},"end":{"line":10,"column":5}},"type":"if","locations":[{"start":{"line":5,"column":4},"end":{"line":10,"column":5}},{"start":{"line":8,"column":9},"end":{"line":10,"column":5}}],"line":5},"1":{"loc":{"start":{"line":25,"column":4},"end":{"line":30,"column":5}},"type":"if","locations":[{"start":{"line":25,"column":4},"end":{"line":30,"column":5}},{"start":{"line":28,"column":9},"end":{"line":30,"column":5}}],"line":25},"2":{"loc":{"start":{"line":37,"column":4},"end":{"line":42,"column":5}},"type":"if","locations":[{"start":{"line":37,"column":4},"end":{"line":42,"column":5}},{"start":{"line":40,"column":9},"end":{"line":42,"column":5}}],"line":37}},"s":{"0":0,"1":0,"2":0,"3":0,"4":0,"5":0,"6":0,"7":0,"8":0,"9":0,"10":0,"11":0,"12":0,"13":0,"14":0,"15":0,"16":2},"f":{"0":0,"1":0,"2":0},"b":{"0":[0,0],"1":[0,0],"2":[0,0]},"_coverageSchema":"1a1c01bbd47fc00a2c39e90264f33305004495a9","hash":"2bdb9b4ecf5685f3b04e71647b400b050b6635bf"}
,"C:\\Users\\loren\\OneDrive\\Desktop\\PoliTo\\SoftwareEngineering2\\Lab\\SolidarityPurchasingGroup\\SoftwareEngineering\\client\\src\\Site\\Customer\\Basket.js": {"path":"C:\\Users\\loren\\OneDrive\\Desktop\\PoliTo\\SoftwareEngineering2\\Lab\\SolidarityPurchasingGroup\\SoftwareEngineering\\client\\src\\Site\\Customer\\Basket.js","statementMap":{"0":{"start":{"line":20,"column":26},"end":{"line":20,"column":42}},"1":{"start":{"line":21,"column":26},"end":{"line":21,"column":42}},"2":{"start":{"line":22,"column":34},"end":{"line":22,"column":55}},"3":{"start":{"line":23,"column":32},"end":{"line":23,"column":50}},"4":{"start":{"line":24,"column":26},"end":{"line":24,"column":44}},"5":{"start":{"line":25,"column":24},"end":{"line":25,"column":42}},"6":{"start":{"line":26,"column":28},"end":{"line":28,"column":3}},"7":{"start":{"line":29,"column":42},"end":{"line":29,"column":62}},"8":{"start":{"line":30,"column":26},"end":{"line":30,"column":47}},"9":{"start":{"line":32,"column":36},"end":{"line":32,"column":52}},"10":{"start":{"line":33,"column":36},"end":{"line":33,"column":52}},"11":{"start":{"line":36,"column":36},"end":{"line":36,"column":57}},"12":{"start":{"line":37,"column":50},"end":{"line":37,"column":68}},"13":{"start":{"line":39,"column":34},"end":{"line":39,"column":52}},"14":{"start":{"line":41,"column":2},"end":{"line":51,"column":19}},"15":{"start":{"line":42,"column":24},"end":{"line":49,"column":5}},"16":{"start":{"line":43,"column":6},"end":{"line":48,"column":7}},"17":{"start":{"line":44,"column":29},"end":{"line":44,"column":60}},"18":{"start":{"line":45,"column":8},"end":{"line":45,"column":34}},"19":{"start":{"line":47,"column":8},"end":{"line":47,"column":31}},"20":{"start":{"line":50,"column":4},"end":{"line":50,"column":51}},"21":{"start":{"line":50,"column":20},"end":{"line":50,"column":51}},"22":{"start":{"line":53,"column":2},"end":{"line":55,"column":21}},"23":{"start":{"line":54,"column":4},"end":{"line":54,"column":76}},"24":{"start":{"line":57,"column":21},"end":{"line":106,"column":3}},"25":{"start":{"line":58,"column":15},"end":{"line":58,"column":19}},"26":{"start":{"line":59,"column":4},"end":{"line":59,"column":24}},"27":{"start":{"line":60,"column":4},"end":{"line":60,"column":28}},"28":{"start":{"line":61,"column":4},"end":{"line":61,"column":23}},"29":{"start":{"line":63,"column":16},"end":{"line":63,"column":17}},"30":{"start":{"line":65,"column":4},"end":{"line":67,"column":5}},"31":{"start":{"line":66,"column":6},"end":{"line":66,"column":36}},"32":{"start":{"line":69,"column":4},"end":{"line":73,"column":5}},"33":{"start":{"line":70,"column":6},"end":{"line":70,"column":25}},"34":{"start":{"line":71,"column":6},"end":{"line":71,"column":48}},"35":{"start":{"line":72,"column":6},"end":{"line":72,"column":19}},"36":{"start":{"line":75,"column":4},"end":{"line":79,"column":5}},"37":{"start":{"line":76,"column":6},"end":{"line":76,"column":25}},"38":{"start":{"line":77,"column":6},"end":{"line":77,"column":47}},"39":{"start":{"line":78,"column":6},"end":{"line":78,"column":19}},"40":{"start":{"line":81,"column":4},"end":{"line":85,"column":5}},"41":{"start":{"line":82,"column":6},"end":{"line":82,"column":25}},"42":{"start":{"line":83,"column":6},"end":{"line":83,"column":47}},"43":{"start":{"line":84,"column":6},"end":{"line":84,"column":19}},"44":{"start":{"line":87,"column":4},"end":{"line":91,"column":5}},"45":{"start":{"line":88,"column":6},"end":{"line":88,"column":25}},"46":{"start":{"line":89,"column":6},"end":{"line":89,"column":63}},"47":{"start":{"line":90,"column":6},"end":{"line":90,"column":19}},"48":{"start":{"line":93,"column":4},"end":{"line":97,"column":5}},"49":{"start":{"line":94,"column":6},"end":{"line":94,"column":25}},"50":{"start":{"line":95,"column":6},"end":{"line":95,"column":60}},"51":{"start":{"line":96,"column":6},"end":{"line":96,"column":19}},"52":{"start":{"line":99,"column":4},"end":{"line":103,"column":5}},"53":{"start":{"line":100,"column":6},"end":{"line":100,"column":25}},"54":{"start":{"line":101,"column":6},"end":{"line":101,"column":59}},"55":{"start":{"line":102,"column":6},"end":{"line":102,"column":19}},"56":{"start":{"line":105,"column":4},"end":{"line":105,"column":18}},"57":{"start":{"line":108,"column":22},"end":{"line":110,"column":3}},"58":{"start":{"line":109,"column":4},"end":{"line":109,"column":19}},"59":{"start":{"line":112,"column":28},"end":{"line":112,"column":45}},"60":{"start":{"line":115,"column":25},"end":{"line":121,"column":3}},"61":{"start":{"line":116,"column":4},"end":{"line":120,"column":5}},"62":{"start":{"line":117,"column":6},"end":{"line":117,"column":25}},"63":{"start":{"line":119,"column":6},"end":{"line":119,"column":24}},"64":{"start":{"line":123,"column":2},"end":{"line":132,"column":21}},"65":{"start":{"line":124,"column":24},"end":{"line":126,"column":5}},"66":{"start":{"line":127,"column":15},"end":{"line":127,"column":16}},"67":{"start":{"line":128,"column":4},"end":{"line":130,"column":5}},"68":{"start":{"line":128,"column":17},"end":{"line":128,"column":18}},"69":{"start":{"line":129,"column":6},"end":{"line":129,"column":67}},"70":{"start":{"line":131,"column":4},"end":{"line":131,"column":19}},"71":{"start":{"line":134,"column":23},"end":{"line":176,"column":3}},"72":{"start":{"line":135,"column":16},"end":{"line":135,"column":17}},"73":{"start":{"line":138,"column":24},"end":{"line":138,"column":31}},"74":{"start":{"line":139,"column":17},"end":{"line":139,"column":23}},"75":{"start":{"line":140,"column":4},"end":{"line":143,"column":5}},"76":{"start":{"line":141,"column":6},"end":{"line":141,"column":50}},"77":{"start":{"line":142,"column":6},"end":{"line":142,"column":29}},"78":{"start":{"line":144,"column":23},"end":{"line":144,"column":32}},"79":{"start":{"line":145,"column":23},"end":{"line":145,"column":32}},"80":{"start":{"line":146,"column":19},"end":{"line":146,"column":52}},"81":{"start":{"line":147,"column":21},"end":{"line":147,"column":32}},"82":{"start":{"line":148,"column":4},"end":{"line":150,"column":5}},"83":{"start":{"line":149,"column":6},"end":{"line":149,"column":36}},"84":{"start":{"line":151,"column":4},"end":{"line":172,"column":5}},"85":{"start":{"line":152,"column":6},"end":{"line":160,"column":9}},"86":{"start":{"line":161,"column":6},"end":{"line":161,"column":33}},"87":{"start":{"line":162,"column":6},"end":{"line":165,"column":9}},"88":{"start":{"line":167,"column":6},"end":{"line":167,"column":29}},"89":{"start":{"line":168,"column":6},"end":{"line":171,"column":9}},"90":{"start":{"line":175,"column":4},"end":{"line":175,"column":19}},"91":{"start":{"line":178,"column":2},"end":{"line":290,"column":4}},"92":{"start":{"line":201,"column":18},"end":{"line":208,"column":20}},"93":{"start":{"line":295,"column":20},"end":{"line":295,"column":25}},"94":{"start":{"line":296,"column":22},"end":{"line":296,"column":51}},"95":{"start":{"line":297,"column":2},"end":{"line":297,"column":60}},"96":{"start":{"line":298,"column":2},"end":{"line":304,"column":3}},"97":{"start":{"line":302,"column":4},"end":{"line":302,"column":23}},"98":{"start":{"line":305,"column":2},"end":{"line":421,"column":4}},"99":{"start":{"line":323,"column":18},"end":{"line":323,"column":49}},"100":{"start":{"line":324,"column":18},"end":{"line":324,"column":47}},"101":{"start":{"line":337,"column":18},"end":{"line":337,"column":49}},"102":{"start":{"line":338,"column":18},"end":{"line":338,"column":47}},"103":{"start":{"line":351,"column":32},"end":{"line":351,"column":54}},"104":{"start":{"line":364,"column":38},"end":{"line":364,"column":71}},"105":{"start":{"line":375,"column":42},"end":{"line":375,"column":72}},"106":{"start":{"line":386,"column":42},"end":{"line":386,"column":71}},"107":{"start":{"line":405,"column":31},"end":{"line":405,"column":49}},"108":{"start":{"line":425,"column":2},"end":{"line":440,"column":4}},"109":{"start":{"line":444,"column":14},"end":{"line":444,"column":15}},"110":{"start":{"line":445,"column":21},"end":{"line":445,"column":22}},"111":{"start":{"line":446,"column":2},"end":{"line":449,"column":3}},"112":{"start":{"line":447,"column":4},"end":{"line":447,"column":34}},"113":{"start":{"line":448,"column":4},"end":{"line":448,"column":31}},"114":{"start":{"line":450,"column":19},"end":{"line":460,"column":4}},"115":{"start":{"line":451,"column":4},"end":{"line":459,"column":6}},"116":{"start":{"line":462,"column":2},"end":{"line":528,"column":4}},"117":{"start":{"line":532,"column":2},"end":{"line":571,"column":4}},"118":{"start":{"line":576,"column":32},"end":{"line":631,"column":3}},"119":{"start":{"line":577,"column":24},"end":{"line":579,"column":5}},"120":{"start":{"line":581,"column":20},"end":{"line":587,"column":5}},"121":{"start":{"line":588,"column":18},"end":{"line":588,"column":23}},"122":{"start":{"line":589,"column":16},"end":{"line":589,"column":17}},"123":{"start":{"line":591,"column":4},"end":{"line":618,"column":5}},"124":{"start":{"line":591,"column":17},"end":{"line":591,"column":18}},"125":{"start":{"line":592,"column":6},"end":{"line":617,"column":7}},"126":{"start":{"line":593,"column":8},"end":{"line":600,"column":9}},"127":{"start":{"line":594,"column":10},"end":{"line":597,"column":11}},"128":{"start":{"line":595,"column":12},"end":{"line":595,"column":35}},"129":{"start":{"line":596,"column":12},"end":{"line":596,"column":25}},"130":{"start":{"line":598,"column":10},"end":{"line":598,"column":36}},"131":{"start":{"line":599,"column":10},"end":{"line":599,"column":73}},"132":{"start":{"line":601,"column":8},"end":{"line":605,"column":9}},"133":{"start":{"line":602,"column":10},"end":{"line":602,"column":36}},"134":{"start":{"line":603,"column":10},"end":{"line":603,"column":73}},"135":{"start":{"line":604,"column":10},"end":{"line":604,"column":67}},"136":{"start":{"line":604,"column":45},"end":{"line":604,"column":67}},"137":{"start":{"line":606,"column":8},"end":{"line":609,"column":10}},"138":{"start":{"line":608,"column":51},"end":{"line":608,"column":60}},"139":{"start":{"line":610,"column":8},"end":{"line":612,"column":10}},"140":{"start":{"line":613,"column":8},"end":{"line":614,"column":77}},"141":{"start":{"line":614,"column":10},"end":{"line":614,"column":77}},"142":{"start":{"line":614,"column":49},"end":{"line":614,"column":74}},"143":{"start":{"line":615,"column":8},"end":{"line":615,"column":56}},"144":{"start":{"line":615,"column":34},"end":{"line":615,"column":56}},"145":{"start":{"line":616,"column":8},"end":{"line":616,"column":21}},"146":{"start":{"line":620,"column":4},"end":{"line":628,"column":5}},"147":{"start":{"line":621,"column":6},"end":{"line":627,"column":7}},"148":{"start":{"line":622,"column":8},"end":{"line":622,"column":34}},"149":{"start":{"line":623,"column":8},"end":{"line":623,"column":79}},"150":{"start":{"line":624,"column":8},"end":{"line":624,"column":33}},"151":{"start":{"line":625,"column":8},"end":{"line":625,"column":31}},"152":{"start":{"line":626,"column":8},"end":{"line":626,"column":56}},"153":{"start":{"line":626,"column":34},"end":{"line":626,"column":56}},"154":{"start":{"line":629,"column":4},"end":{"line":630,"column":73}},"155":{"start":{"line":630,"column":6},"end":{"line":630,"column":73}},"156":{"start":{"line":630,"column":45},"end":{"line":630,"column":70}},"157":{"start":{"line":633,"column":17},"end":{"line":637,"column":3}},"158":{"start":{"line":634,"column":4},"end":{"line":634,"column":41}},"159":{"start":{"line":635,"column":4},"end":{"line":636,"column":38}},"160":{"start":{"line":636,"column":6},"end":{"line":636,"column":38}},"161":{"start":{"line":636,"column":32},"end":{"line":636,"column":36}},"162":{"start":{"line":639,"column":2},"end":{"line":650,"column":4}},"163":{"start":{"line":645,"column":21},"end":{"line":645,"column":54}},"164":{"start":{"line":654,"column":22},"end":{"line":656,"column":3}},"165":{"start":{"line":657,"column":2},"end":{"line":661,"column":3}},"166":{"start":{"line":657,"column":15},"end":{"line":657,"column":16}},"167":{"start":{"line":658,"column":4},"end":{"line":660,"column":5}},"168":{"start":{"line":659,"column":6},"end":{"line":659,"column":37}},"169":{"start":{"line":662,"column":2},"end":{"line":662,"column":12}}},"fnMap":{"0":{"name":"Basket","decl":{"start":{"line":19,"column":9},"end":{"line":19,"column":15}},"loc":{"start":{"line":19,"column":23},"end":{"line":291,"column":1}},"line":19},"1":{"name":"(anonymous_1)","decl":{"start":{"line":41,"column":18},"end":{"line":41,"column":19}},"loc":{"start":{"line":41,"column":24},"end":{"line":51,"column":3}},"line":41},"2":{"name":"(anonymous_2)","decl":{"start":{"line":42,"column":24},"end":{"line":42,"column":25}},"loc":{"start":{"line":42,"column":38},"end":{"line":49,"column":5}},"line":42},"3":{"name":"(anonymous_3)","decl":{"start":{"line":53,"column":18},"end":{"line":53,"column":19}},"loc":{"start":{"line":53,"column":24},"end":{"line":55,"column":3}},"line":53},"4":{"name":"(anonymous_4)","decl":{"start":{"line":57,"column":21},"end":{"line":57,"column":22}},"loc":{"start":{"line":57,"column":27},"end":{"line":106,"column":3}},"line":57},"5":{"name":"(anonymous_5)","decl":{"start":{"line":108,"column":22},"end":{"line":108,"column":23}},"loc":{"start":{"line":108,"column":28},"end":{"line":110,"column":3}},"line":108},"6":{"name":"(anonymous_6)","decl":{"start":{"line":115,"column":25},"end":{"line":115,"column":26}},"loc":{"start":{"line":115,"column":31},"end":{"line":121,"column":3}},"line":115},"7":{"name":"(anonymous_7)","decl":{"start":{"line":123,"column":18},"end":{"line":123,"column":19}},"loc":{"start":{"line":123,"column":24},"end":{"line":132,"column":3}},"line":123},"8":{"name":"(anonymous_8)","decl":{"start":{"line":134,"column":23},"end":{"line":134,"column":24}},"loc":{"start":{"line":134,"column":35},"end":{"line":176,"column":3}},"line":134},"9":{"name":"(anonymous_9)","decl":{"start":{"line":200,"column":27},"end":{"line":200,"column":28}},"loc":{"start":{"line":201,"column":18},"end":{"line":208,"column":20}},"line":201},"10":{"name":"ConfirmDeliveryPanel","decl":{"start":{"line":294,"column":16},"end":{"line":294,"column":36}},"loc":{"start":{"line":294,"column":44},"end":{"line":422,"column":1}},"line":294},"11":{"name":"(anonymous_11)","decl":{"start":{"line":322,"column":26},"end":{"line":322,"column":27}},"loc":{"start":{"line":322,"column":34},"end":{"line":325,"column":17}},"line":322},"12":{"name":"(anonymous_12)","decl":{"start":{"line":336,"column":26},"end":{"line":336,"column":27}},"loc":{"start":{"line":336,"column":34},"end":{"line":339,"column":17}},"line":336},"13":{"name":"(anonymous_13)","decl":{"start":{"line":351,"column":26},"end":{"line":351,"column":27}},"loc":{"start":{"line":351,"column":32},"end":{"line":351,"column":54}},"line":351},"14":{"name":"(anonymous_14)","decl":{"start":{"line":364,"column":30},"end":{"line":364,"column":31}},"loc":{"start":{"line":364,"column":38},"end":{"line":364,"column":71}},"line":364},"15":{"name":"(anonymous_15)","decl":{"start":{"line":375,"column":34},"end":{"line":375,"column":35}},"loc":{"start":{"line":375,"column":42},"end":{"line":375,"column":72}},"line":375},"16":{"name":"(anonymous_16)","decl":{"start":{"line":386,"column":34},"end":{"line":386,"column":35}},"loc":{"start":{"line":386,"column":42},"end":{"line":386,"column":71}},"line":386},"17":{"name":"(anonymous_17)","decl":{"start":{"line":405,"column":25},"end":{"line":405,"column":26}},"loc":{"start":{"line":405,"column":31},"end":{"line":405,"column":49}},"line":405},"18":{"name":"ErrorCartModal","decl":{"start":{"line":424,"column":16},"end":{"line":424,"column":30}},"loc":{"start":{"line":424,"column":38},"end":{"line":441,"column":1}},"line":424},"19":{"name":"RecapCart","decl":{"start":{"line":443,"column":16},"end":{"line":443,"column":25}},"loc":{"start":{"line":443,"column":33},"end":{"line":529,"column":1}},"line":443},"20":{"name":"(anonymous_20)","decl":{"start":{"line":450,"column":35},"end":{"line":450,"column":36}},"loc":{"start":{"line":450,"column":45},"end":{"line":460,"column":3}},"line":450},"21":{"name":"BasketItem","decl":{"start":{"line":531,"column":16},"end":{"line":531,"column":26}},"loc":{"start":{"line":531,"column":34},"end":{"line":572,"column":1}},"line":531},"22":{"name":"BasketButton","decl":{"start":{"line":575,"column":9},"end":{"line":575,"column":21}},"loc":{"start":{"line":575,"column":29},"end":{"line":651,"column":1}},"line":575},"23":{"name":"(anonymous_23)","decl":{"start":{"line":576,"column":32},"end":{"line":576,"column":33}},"loc":{"start":{"line":576,"column":51},"end":{"line":631,"column":3}},"line":576},"24":{"name":"(anonymous_24)","decl":{"start":{"line":608,"column":44},"end":{"line":608,"column":45}},"loc":{"start":{"line":608,"column":51},"end":{"line":608,"column":60}},"line":608},"25":{"name":"(anonymous_25)","decl":{"start":{"line":614,"column":32},"end":{"line":614,"column":33}},"loc":{"start":{"line":614,"column":49},"end":{"line":614,"column":74}},"line":614},"26":{"name":"(anonymous_26)","decl":{"start":{"line":630,"column":28},"end":{"line":630,"column":29}},"loc":{"start":{"line":630,"column":45},"end":{"line":630,"column":70}},"line":630},"27":{"name":"(anonymous_27)","decl":{"start":{"line":633,"column":17},"end":{"line":633,"column":18}},"loc":{"start":{"line":633,"column":34},"end":{"line":637,"column":3}},"line":633},"28":{"name":"(anonymous_28)","decl":{"start":{"line":636,"column":23},"end":{"line":636,"column":24}},"loc":{"start":{"line":636,"column":32},"end":{"line":636,"column":36}},"line":636},"29":{"name":"(anonymous_29)","decl":{"start":{"line":645,"column":15},"end":{"line":645,"column":16}},"loc":{"start":{"line":645,"column":21},"end":{"line":645,"column":54}},"line":645},"30":{"name":"returnQuantity","decl":{"start":{"line":653,"column":9},"end":{"line":653,"column":23}},"loc":{"start":{"line":653,"column":28},"end":{"line":663,"column":1}},"line":653}},"branchMap":{"0":{"loc":{"start":{"line":27,"column":15},"end":{"line":27,"column":64}},"type":"binary-expr","locations":[{"start":{"line":27,"column":15},"end":{"line":27,"column":56}},{"start":{"line":27,"column":60},"end":{"line":27,"column":64}}],"line":27},"1":{"loc":{"start":{"line":50,"column":4},"end":{"line":50,"column":51}},"type":"if","locations":[{"start":{"line":50,"column":4},"end":{"line":50,"column":51}},{"start":{},"end":{}}],"line":50},"2":{"loc":{"start":{"line":54,"column":24},"end":{"line":54,"column":73}},"type":"binary-expr","locations":[{"start":{"line":54,"column":24},"end":{"line":54,"column":65}},{"start":{"line":54,"column":69},"end":{"line":54,"column":73}}],"line":54},"3":{"loc":{"start":{"line":69,"column":4},"end":{"line":73,"column":5}},"type":"if","locations":[{"start":{"line":69,"column":4},"end":{"line":73,"column":5}},{"start":{},"end":{}}],"line":69},"4":{"loc":{"start":{"line":69,"column":8},"end":{"line":69,"column":33}},"type":"binary-expr","locations":[{"start":{"line":69,"column":8},"end":{"line":69,"column":25}},{"start":{"line":69,"column":29},"end":{"line":69,"column":33}}],"line":69},"5":{"loc":{"start":{"line":75,"column":4},"end":{"line":79,"column":5}},"type":"if","locations":[{"start":{"line":75,"column":4},"end":{"line":79,"column":5}},{"start":{},"end":{}}],"line":75},"6":{"loc":{"start":{"line":75,"column":8},"end":{"line":75,"column":34}},"type":"binary-expr","locations":[{"start":{"line":75,"column":8},"end":{"line":75,"column":26}},{"start":{"line":75,"column":30},"end":{"line":75,"column":34}}],"line":75},"7":{"loc":{"start":{"line":81,"column":4},"end":{"line":85,"column":5}},"type":"if","locations":[{"start":{"line":81,"column":4},"end":{"line":85,"column":5}},{"start":{},"end":{}}],"line":81},"8":{"loc":{"start":{"line":81,"column":8},"end":{"line":81,"column":34}},"type":"binary-expr","locations":[{"start":{"line":81,"column":8},"end":{"line":81,"column":26}},{"start":{"line":81,"column":30},"end":{"line":81,"column":34}}],"line":81},"9":{"loc":{"start":{"line":87,"column":4},"end":{"line":91,"column":5}},"type":"if","locations":[{"start":{"line":87,"column":4},"end":{"line":91,"column":5}},{"start":{},"end":{}}],"line":87},"10":{"loc":{"start":{"line":87,"column":8},"end":{"line":87,"column":42}},"type":"binary-expr","locations":[{"start":{"line":87,"column":8},"end":{"line":87,"column":22}},{"start":{"line":87,"column":26},"end":{"line":87,"column":30}},{"start":{"line":87,"column":34},"end":{"line":87,"column":42}}],"line":87},"11":{"loc":{"start":{"line":93,"column":4},"end":{"line":97,"column":5}},"type":"if","locations":[{"start":{"line":93,"column":4},"end":{"line":97,"column":5}},{"start":{},"end":{}}],"line":93},"12":{"loc":{"start":{"line":93,"column":8},"end":{"line":93,"column":39}},"type":"binary-expr","locations":[{"start":{"line":93,"column":8},"end":{"line":93,"column":19}},{"start":{"line":93,"column":23},"end":{"line":93,"column":27}},{"start":{"line":93,"column":31},"end":{"line":93,"column":39}}],"line":93},"13":{"loc":{"start":{"line":99,"column":4},"end":{"line":103,"column":5}},"type":"if","locations":[{"start":{"line":99,"column":4},"end":{"line":103,"column":5}},{"start":{},"end":{}}],"line":99},"14":{"loc":{"start":{"line":99,"column":8},"end":{"line":99,"column":38}},"type":"binary-expr","locations":[{"start":{"line":99,"column":8},"end":{"line":99,"column":18}},{"start":{"line":99,"column":22},"end":{"line":99,"column":26}},{"start":{"line":99,"column":30},"end":{"line":99,"column":38}}],"line":99},"15":{"loc":{"start":{"line":116,"column":4},"end":{"line":120,"column":5}},"type":"if","locations":[{"start":{"line":116,"column":4},"end":{"line":120,"column":5}},{"start":{"line":118,"column":11},"end":{"line":120,"column":5}}],"line":116},"16":{"loc":{"start":{"line":125,"column":6},"end":{"line":125,"column":55}},"type":"binary-expr","locations":[{"start":{"line":125,"column":6},"end":{"line":125,"column":47}},{"start":{"line":125,"column":51},"end":{"line":125,"column":55}}],"line":125},"17":{"loc":{"start":{"line":140,"column":4},"end":{"line":143,"column":5}},"type":"if","locations":[{"start":{"line":140,"column":4},"end":{"line":143,"column":5}},{"start":{},"end":{}}],"line":140},"18":{"loc":{"start":{"line":140,"column":8},"end":{"line":140,"column":63}},"type":"binary-expr","locations":[{"start":{"line":140,"column":8},"end":{"line":140,"column":16}},{"start":{"line":140,"column":20},"end":{"line":140,"column":34}},{"start":{"line":140,"column":38},"end":{"line":140,"column":49}},{"start":{"line":140,"column":53},"end":{"line":140,"column":63}}],"line":140},"19":{"loc":{"start":{"line":180,"column":7},"end":{"line":288,"column":7}},"type":"cond-expr","locations":[{"start":{"line":181,"column":8},"end":{"line":278,"column":11}},{"start":{"line":280,"column":8},"end":{"line":287,"column":11}}],"line":180},"20":{"loc":{"start":{"line":180,"column":7},"end":{"line":180,"column":63}},"type":"binary-expr","locations":[{"start":{"line":180,"column":7},"end":{"line":180,"column":41}},{"start":{"line":180,"column":45},"end":{"line":180,"column":63}}],"line":180},"21":{"loc":{"start":{"line":183,"column":13},"end":{"line":234,"column":13}},"type":"binary-expr","locations":[{"start":{"line":183,"column":13},"end":{"line":183,"column":18}},{"start":{"line":184,"column":14},"end":{"line":233,"column":26}}],"line":183},"22":{"loc":{"start":{"line":253,"column":13},"end":{"line":276,"column":13}},"type":"cond-expr","locations":[{"start":{"line":254,"column":14},"end":{"line":258,"column":16}},{"start":{"line":260,"column":14},"end":{"line":275,"column":16}}],"line":253},"23":{"loc":{"start":{"line":298,"column":2},"end":{"line":304,"column":3}},"type":"if","locations":[{"start":{"line":298,"column":2},"end":{"line":304,"column":3}},{"start":{},"end":{}}],"line":298},"24":{"loc":{"start":{"line":299,"column":4},"end":{"line":300,"column":55}},"type":"binary-expr","locations":[{"start":{"line":299,"column":5},"end":{"line":299,"column":28}},{"start":{"line":299,"column":32},"end":{"line":299,"column":55}},{"start":{"line":300,"column":5},"end":{"line":300,"column":28}},{"start":{"line":300,"column":32},"end":{"line":300,"column":54}}],"line":299},"25":{"loc":{"start":{"line":356,"column":13},"end":{"line":394,"column":13}},"type":"cond-expr","locations":[{"start":{"line":357,"column":14},"end":{"line":391,"column":17}},{"start":{"line":393,"column":14},"end":{"line":393,"column":19}}],"line":356},"26":{"loc":{"start":{"line":403,"column":26},"end":{"line":403,"column":52}},"type":"cond-expr","locations":[{"start":{"line":403,"column":40},"end":{"line":403,"column":44}},{"start":{"line":403,"column":47},"end":{"line":403,"column":52}}],"line":403},"27":{"loc":{"start":{"line":503,"column":17},"end":{"line":505,"column":41}},"type":"cond-expr","locations":[{"start":{"line":504,"column":20},"end":{"line":504,"column":71}},{"start":{"line":505,"column":20},"end":{"line":505,"column":41}}],"line":503},"28":{"loc":{"start":{"line":534,"column":7},"end":{"line":569,"column":7}},"type":"binary-expr","locations":[{"start":{"line":534,"column":7},"end":{"line":534,"column":20}},{"start":{"line":535,"column":8},"end":{"line":568,"column":25}}],"line":534},"29":{"loc":{"start":{"line":578,"column":6},"end":{"line":578,"column":55}},"type":"binary-expr","locations":[{"start":{"line":578,"column":6},"end":{"line":578,"column":47}},{"start":{"line":578,"column":51},"end":{"line":578,"column":55}}],"line":578},"30":{"loc":{"start":{"line":592,"column":6},"end":{"line":617,"column":7}},"type":"if","locations":[{"start":{"line":592,"column":6},"end":{"line":617,"column":7}},{"start":{},"end":{}}],"line":592},"31":{"loc":{"start":{"line":593,"column":8},"end":{"line":600,"column":9}},"type":"if","locations":[{"start":{"line":593,"column":8},"end":{"line":600,"column":9}},{"start":{},"end":{}}],"line":593},"32":{"loc":{"start":{"line":594,"column":10},"end":{"line":597,"column":11}},"type":"if","locations":[{"start":{"line":594,"column":10},"end":{"line":597,"column":11}},{"start":{},"end":{}}],"line":594},"33":{"loc":{"start":{"line":601,"column":8},"end":{"line":605,"column":9}},"type":"if","locations":[{"start":{"line":601,"column":8},"end":{"line":605,"column":9}},{"start":{},"end":{}}],"line":601},"34":{"loc":{"start":{"line":601,"column":12},"end":{"line":601,"column":61}},"type":"binary-expr","locations":[{"start":{"line":601,"column":12},"end":{"line":601,"column":29}},{"start":{"line":601,"column":33},"end":{"line":601,"column":61}}],"line":601},"35":{"loc":{"start":{"line":604,"column":10},"end":{"line":604,"column":67}},"type":"if","locations":[{"start":{"line":604,"column":10},"end":{"line":604,"column":67}},{"start":{},"end":{}}],"line":604},"36":{"loc":{"start":{"line":611,"column":21},"end":{"line":611,"column":70}},"type":"binary-expr","locations":[{"start":{"line":611,"column":21},"end":{"line":611,"column":62}},{"start":{"line":611,"column":66},"end":{"line":611,"column":70}}],"line":611},"37":{"loc":{"start":{"line":613,"column":8},"end":{"line":614,"column":77}},"type":"if","locations":[{"start":{"line":613,"column":8},"end":{"line":614,"column":77}},{"start":{},"end":{}}],"line":613},"38":{"loc":{"start":{"line":614,"column":49},"end":{"line":614,"column":74}},"type":"cond-expr","locations":[{"start":{"line":614,"column":62},"end":{"line":614,"column":67}},{"start":{"line":614,"column":70},"end":{"line":614,"column":74}}],"line":614},"39":{"loc":{"start":{"line":615,"column":8},"end":{"line":615,"column":56}},"type":"if","locations":[{"start":{"line":615,"column":8},"end":{"line":615,"column":56}},{"start":{},"end":{}}],"line":615},"40":{"loc":{"start":{"line":620,"column":4},"end":{"line":628,"column":5}},"type":"if","locations":[{"start":{"line":620,"column":4},"end":{"line":628,"column":5}},{"start":{},"end":{}}],"line":620},"41":{"loc":{"start":{"line":621,"column":6},"end":{"line":627,"column":7}},"type":"if","locations":[{"start":{"line":621,"column":6},"end":{"line":627,"column":7}},{"start":{},"end":{}}],"line":621},"42":{"loc":{"start":{"line":626,"column":8},"end":{"line":626,"column":56}},"type":"if","locations":[{"start":{"line":626,"column":8},"end":{"line":626,"column":56}},{"start":{},"end":{}}],"line":626},"43":{"loc":{"start":{"line":629,"column":4},"end":{"line":630,"column":73}},"type":"if","locations":[{"start":{"line":629,"column":4},"end":{"line":630,"column":73}},{"start":{},"end":{}}],"line":629},"44":{"loc":{"start":{"line":630,"column":45},"end":{"line":630,"column":70}},"type":"cond-expr","locations":[{"start":{"line":630,"column":58},"end":{"line":630,"column":63}},{"start":{"line":630,"column":66},"end":{"line":630,"column":70}}],"line":630},"45":{"loc":{"start":{"line":635,"column":4},"end":{"line":636,"column":38}},"type":"if","locations":[{"start":{"line":635,"column":4},"end":{"line":636,"column":38}},{"start":{},"end":{}}],"line":635},"46":{"loc":{"start":{"line":648,"column":7},"end":{"line":648,"column":69}},"type":"cond-expr","locations":[{"start":{"line":648,"column":29},"end":{"line":648,"column":46}},{"start":{"line":648,"column":49},"end":{"line":648,"column":69}}],"line":648},"47":{"loc":{"start":{"line":655,"column":4},"end":{"line":655,"column":53}},"type":"binary-expr","locations":[{"start":{"line":655,"column":4},"end":{"line":655,"column":45}},{"start":{"line":655,"column":49},"end":{"line":655,"column":53}}],"line":655},"48":{"loc":{"start":{"line":658,"column":4},"end":{"line":660,"column":5}},"type":"if","locations":[{"start":{"line":658,"column":4},"end":{"line":660,"column":5}},{"start":{},"end":{}}],"line":658}},"s":{"0":4,"1":3,"2":3,"3":3,"4":3,"5":3,"6":3,"7":3,"8":3,"9":3,"10":3,"11":3,"12":3,"13":3,"14":3,"15":1,"16":1,"17":1,"18":1,"19":1,"20":1,"21":1,"22":3,"23":1,"24":3,"25":0,"26":0,"27":0,"28":0,"29":0,"30":0,"31":0,"32":0,"33":0,"34":0,"35":0,"36":0,"37":0,"38":0,"39":0,"40":0,"41":0,"42":0,"43":0,"44":0,"45":0,"46":0,"47":0,"48":0,"49":0,"50":0,"51":0,"52":0,"53":0,"54":0,"55":0,"56":0,"57":3,"58":0,"59":3,"60":3,"61":0,"62":0,"63":0,"64":3,"65":1,"66":1,"67":1,"68":1,"69":1,"70":1,"71":3,"72":0,"73":0,"74":0,"75":0,"76":0,"77":0,"78":0,"79":0,"80":0,"81":0,"82":0,"83":0,"84":0,"85":0,"86":0,"87":0,"88":0,"89":0,"90":0,"91":3,"92":1,"93":9,"94":9,"95":6,"96":6,"97":0,"98":6,"99":1,"100":1,"101":1,"102":1,"103":1,"104":1,"105":1,"106":1,"107":1,"108":2,"109":7,"110":7,"111":7,"112":11,"113":11,"114":6,"115":11,"116":6,"117":3,"118":22,"119":6,"120":6,"121":6,"122":6,"123":6,"124":6,"125":4,"126":4,"127":2,"128":0,"129":0,"130":2,"131":2,"132":4,"133":2,"134":2,"135":2,"136":1,"137":4,"138":3,"139":4,"140":4,"141":4,"142":0,"143":4,"144":1,"145":4,"146":2,"147":2,"148":2,"149":2,"150":2,"151":2,"152":2,"153":0,"154":2,"155":2,"156":0,"157":22,"158":6,"159":6,"160":0,"161":0,"162":22,"163":6,"164":6,"165":6,"166":6,"167":0,"168":0,"169":6},"f":{"0":4,"1":1,"2":1,"3":1,"4":0,"5":0,"6":0,"7":1,"8":0,"9":1,"10":9,"11":1,"12":1,"13":1,"14":1,"15":1,"16":1,"17":1,"18":2,"19":7,"20":11,"21":3,"22":22,"23":6,"24":3,"25":0,"26":0,"27":6,"28":0,"29":6,"30":6},"b":{"0":[3,0],"1":[1,0],"2":[1,0],"3":[0,0],"4":[0,0],"5":[0,0],"6":[0,0],"7":[0,0],"8":[0,0],"9":[0,0],"10":[0,0,0],"11":[0,0],"12":[0,0,0],"13":[0,0],"14":[0,0,0],"15":[0,0],"16":[1,0],"17":[0,0],"18":[0,0,0,0],"19":[1,2],"20":[3,1],"21":[1,1],"22":[0,1],"23":[0,6],"24":[6,0,6,0],"25":[4,2],"26":[0,6],"27":[3,3],"28":[3,3],"29":[6,1],"30":[4,0],"31":[2,2],"32":[0,2],"33":[2,2],"34":[4,2],"35":[1,1],"36":[4,0],"37":[4,0],"38":[0,0],"39":[1,3],"40":[2,0],"41":[2,0],"42":[0,2],"43":[2,0],"44":[0,0],"45":[0,6],"46":[12,10],"47":[6,6],"48":[0,0]},"_coverageSchema":"1a1c01bbd47fc00a2c39e90264f33305004495a9","hash":"49d7e81b7ffbabe46580a5095a815b6a44453c53"}
,"C:\\Users\\loren\\OneDrive\\Desktop\\PoliTo\\SoftwareEngineering2\\Lab\\SolidarityPurchasingGroup\\SoftwareEngineering\\client\\src\\Site\\Customer\\ProductList.js": {"path":"C:\\Users\\loren\\OneDrive\\Desktop\\PoliTo\\SoftwareEngineering2\\Lab\\SolidarityPurchasingGroup\\SoftwareEngineering\\client\\src\\Site\\Customer\\ProductList.js","statementMap":{"0":{"start":{"line":10,"column":2},"end":{"line":29,"column":3}},"1":{"start":{"line":34,"column":31},"end":{"line":34,"column":46}},"2":{"start":{"line":36,"column":22},"end":{"line":36,"column":24}},"3":{"start":{"line":37,"column":2},"end":{"line":39,"column":3}},"4":{"start":{"line":38,"column":4},"end":{"line":38,"column":45}},"5":{"start":{"line":41,"column":34},"end":{"line":41,"column":57}},"6":{"start":{"line":44,"column":2},"end":{"line":56,"column":9}},"7":{"start":{"line":45,"column":24},"end":{"line":54,"column":5}},"8":{"start":{"line":46,"column":6},"end":{"line":53,"column":7}},"9":{"start":{"line":47,"column":29},"end":{"line":47,"column":57}},"10":{"start":{"line":48,"column":8},"end":{"line":48,"column":25}},"11":{"start":{"line":49,"column":8},"end":{"line":49,"column":34}},"12":{"start":{"line":52,"column":8},"end":{"line":52,"column":31}},"13":{"start":{"line":55,"column":4},"end":{"line":55,"column":18}},"14":{"start":{"line":58,"column":22},"end":{"line":91,"column":4}},"15":{"start":{"line":59,"column":4},"end":{"line":90,"column":6}},"16":{"start":{"line":93,"column":2},"end":{"line":111,"column":4}}},"fnMap":{"0":{"name":"Information","decl":{"start":{"line":9,"column":9},"end":{"line":9,"column":20}},"loc":{"start":{"line":9,"column":27},"end":{"line":29,"column":4}},"line":9},"1":{"name":"ProductList","decl":{"start":{"line":33,"column":9},"end":{"line":33,"column":20}},"loc":{"start":{"line":33,"column":28},"end":{"line":112,"column":1}},"line":33},"2":{"name":"(anonymous_2)","decl":{"start":{"line":44,"column":12},"end":{"line":44,"column":13}},"loc":{"start":{"line":44,"column":18},"end":{"line":56,"column":3}},"line":44},"3":{"name":"(anonymous_3)","decl":{"start":{"line":45,"column":24},"end":{"line":45,"column":25}},"loc":{"start":{"line":45,"column":36},"end":{"line":54,"column":5}},"line":45},"4":{"name":"(anonymous_4)","decl":{"start":{"line":58,"column":35},"end":{"line":58,"column":36}},"loc":{"start":{"line":58,"column":49},"end":{"line":91,"column":3}},"line":58}},"branchMap":{"0":{"loc":{"start":{"line":37,"column":2},"end":{"line":39,"column":3}},"type":"if","locations":[{"start":{"line":37,"column":2},"end":{"line":39,"column":3}},{"start":{},"end":{}}],"line":37}},"s":{"0":6,"1":4,"2":4,"3":4,"4":2,"5":4,"6":4,"7":4,"8":4,"9":4,"10":0,"11":0,"12":0,"13":4,"14":4,"15":6,"16":4},"f":{"0":6,"1":4,"2":4,"3":4,"4":6},"b":{"0":[2,2]},"_coverageSchema":"1a1c01bbd47fc00a2c39e90264f33305004495a9","hash":"53ec8265e79c35578e037cbd45c6d81f0a42c2ee"}
,"C:\\Users\\loren\\OneDrive\\Desktop\\PoliTo\\SoftwareEngineering2\\Lab\\SolidarityPurchasingGroup\\SoftwareEngineering\\client\\src\\Site\\Employee\\reportlostfood.js": {"path":"C:\\Users\\loren\\OneDrive\\Desktop\\PoliTo\\SoftwareEngineering2\\Lab\\SolidarityPurchasingGroup\\SoftwareEngineering\\client\\src\\Site\\Employee\\reportlostfood.js","statementMap":{"0":{"start":{"line":8,"column":35},"end":{"line":8,"column":47}},"1":{"start":{"line":9,"column":32},"end":{"line":9,"column":47}},"2":{"start":{"line":10,"column":46},"end":{"line":10,"column":61}},"3":{"start":{"line":11,"column":46},"end":{"line":11,"column":56}},"4":{"start":{"line":12,"column":30},"end":{"line":12,"column":72}},"5":{"start":{"line":13,"column":30},"end":{"line":13,"column":44}},"6":{"start":{"line":15,"column":42},"end":{"line":15,"column":54}},"7":{"start":{"line":17,"column":42},"end":{"line":17,"column":54}},"8":{"start":{"line":18,"column":54},"end":{"line":18,"column":66}},"9":{"start":{"line":19,"column":36},"end":{"line":22,"column":6}},"10":{"start":{"line":21,"column":12},"end":{"line":21,"column":74}},"11":{"start":{"line":23,"column":50},"end":{"line":23,"column":60}},"12":{"start":{"line":27,"column":22},"end":{"line":27,"column":27}},"13":{"start":{"line":28,"column":24},"end":{"line":28,"column":53}},"14":{"start":{"line":29,"column":4},"end":{"line":32,"column":27}},"15":{"start":{"line":30,"column":8},"end":{"line":30,"column":28}},"16":{"start":{"line":32,"column":8},"end":{"line":32,"column":27}},"17":{"start":{"line":34,"column":25},"end":{"line":36,"column":5}},"18":{"start":{"line":35,"column":8},"end":{"line":35,"column":25}},"19":{"start":{"line":38,"column":23},"end":{"line":45,"column":5}},"20":{"start":{"line":39,"column":8},"end":{"line":44,"column":9}},"21":{"start":{"line":40,"column":12},"end":{"line":40,"column":29}},"22":{"start":{"line":43,"column":12},"end":{"line":43,"column":28}},"23":{"start":{"line":47,"column":23},"end":{"line":54,"column":5}},"24":{"start":{"line":48,"column":8},"end":{"line":53,"column":9}},"25":{"start":{"line":49,"column":12},"end":{"line":49,"column":36}},"26":{"start":{"line":52,"column":12},"end":{"line":52,"column":35}},"27":{"start":{"line":56,"column":4},"end":{"line":63,"column":10}},"28":{"start":{"line":57,"column":8},"end":{"line":62,"column":41}},"29":{"start":{"line":59,"column":16},"end":{"line":59,"column":40}},"30":{"start":{"line":60,"column":16},"end":{"line":60,"column":41}},"31":{"start":{"line":62,"column":24},"end":{"line":62,"column":39}},"32":{"start":{"line":65,"column":4},"end":{"line":74,"column":10}},"33":{"start":{"line":66,"column":8},"end":{"line":73,"column":41}},"34":{"start":{"line":68,"column":16},"end":{"line":68,"column":42}},"35":{"start":{"line":70,"column":16},"end":{"line":70,"column":51}},"36":{"start":{"line":71,"column":16},"end":{"line":71,"column":45}},"37":{"start":{"line":73,"column":24},"end":{"line":73,"column":39}},"38":{"start":{"line":76,"column":32},"end":{"line":85,"column":5}},"39":{"start":{"line":77,"column":8},"end":{"line":77,"column":30}},"40":{"start":{"line":78,"column":26},"end":{"line":83,"column":9}},"41":{"start":{"line":79,"column":12},"end":{"line":81,"column":13}},"42":{"start":{"line":80,"column":16},"end":{"line":80,"column":92}},"43":{"start":{"line":84,"column":8},"end":{"line":84,"column":33}},"44":{"start":{"line":87,"column":34},"end":{"line":89,"column":5}},"45":{"start":{"line":88,"column":8},"end":{"line":88,"column":36}},"46":{"start":{"line":91,"column":32},"end":{"line":94,"column":5}},"47":{"start":{"line":92,"column":8},"end":{"line":92,"column":27}},"48":{"start":{"line":93,"column":8},"end":{"line":93,"column":32}},"49":{"start":{"line":96,"column":24},"end":{"line":112,"column":5}},"50":{"start":{"line":97,"column":25},"end":{"line":97,"column":50}},"51":{"start":{"line":98,"column":8},"end":{"line":111,"column":9}},"52":{"start":{"line":99,"column":12},"end":{"line":99,"column":57}},"53":{"start":{"line":101,"column":13},"end":{"line":111,"column":9}},"54":{"start":{"line":102,"column":12},"end":{"line":102,"column":54}},"55":{"start":{"line":104,"column":13},"end":{"line":111,"column":9}},"56":{"start":{"line":105,"column":12},"end":{"line":105,"column":48}},"57":{"start":{"line":108,"column":12},"end":{"line":108,"column":65}},"58":{"start":{"line":109,"column":12},"end":{"line":109,"column":28}},"59":{"start":{"line":110,"column":12},"end":{"line":110,"column":33}},"60":{"start":{"line":114,"column":31},"end":{"line":152,"column":5}},"61":{"start":{"line":115,"column":19},"end":{"line":115,"column":52}},"62":{"start":{"line":116,"column":24},"end":{"line":116,"column":42}},"63":{"start":{"line":118,"column":8},"end":{"line":123,"column":9}},"64":{"start":{"line":118,"column":21},"end":{"line":118,"column":22}},"65":{"start":{"line":119,"column":12},"end":{"line":122,"column":13}},"66":{"start":{"line":120,"column":16},"end":{"line":120,"column":41}},"67":{"start":{"line":121,"column":16},"end":{"line":121,"column":22}},"68":{"start":{"line":124,"column":25},"end":{"line":137,"column":9}},"69":{"start":{"line":139,"column":32},"end":{"line":139,"column":98}},"70":{"start":{"line":142,"column":28},"end":{"line":148,"column":9}},"71":{"start":{"line":149,"column":8},"end":{"line":149,"column":33}},"72":{"start":{"line":150,"column":8},"end":{"line":150,"column":38}},"73":{"start":{"line":154,"column":4},"end":{"line":237,"column":5}},"74":{"start":{"line":170,"column":77},"end":{"line":170,"column":90}},"75":{"start":{"line":170,"column":91},"end":{"line":170,"column":114}},"76":{"start":{"line":183,"column":153},"end":{"line":183,"column":192}},"77":{"start":{"line":187,"column":86},"end":{"line":187,"column":124}},"78":{"start":{"line":202,"column":128},"end":{"line":202,"column":167}},"79":{"start":{"line":221,"column":28},"end":{"line":225,"column":29}},"80":{"start":{"line":222,"column":32},"end":{"line":224,"column":33}},"81":{"start":{"line":241,"column":42},"end":{"line":241,"column":57}},"82":{"start":{"line":242,"column":56},"end":{"line":242,"column":71}},"83":{"start":{"line":243,"column":42},"end":{"line":243,"column":56}},"84":{"start":{"line":244,"column":30},"end":{"line":244,"column":76}},"85":{"start":{"line":245,"column":42},"end":{"line":245,"column":61}},"86":{"start":{"line":247,"column":30},"end":{"line":254,"column":5}},"87":{"start":{"line":248,"column":8},"end":{"line":253,"column":9}},"88":{"start":{"line":249,"column":12},"end":{"line":249,"column":34}},"89":{"start":{"line":252,"column":12},"end":{"line":252,"column":33}},"90":{"start":{"line":256,"column":30},"end":{"line":258,"column":5}},"91":{"start":{"line":257,"column":8},"end":{"line":257,"column":36}},"92":{"start":{"line":260,"column":24},"end":{"line":262,"column":5}},"93":{"start":{"line":261,"column":8},"end":{"line":261,"column":30}},"94":{"start":{"line":264,"column":29},"end":{"line":322,"column":5}},"95":{"start":{"line":265,"column":8},"end":{"line":265,"column":33}},"96":{"start":{"line":267,"column":19},"end":{"line":267,"column":52}},"97":{"start":{"line":268,"column":24},"end":{"line":268,"column":42}},"98":{"start":{"line":270,"column":25},"end":{"line":283,"column":9}},"99":{"start":{"line":285,"column":32},"end":{"line":285,"column":98}},"100":{"start":{"line":287,"column":26},"end":{"line":287,"column":43}},"101":{"start":{"line":288,"column":8},"end":{"line":321,"column":9}},"102":{"start":{"line":289,"column":25},"end":{"line":289,"column":52}},"103":{"start":{"line":290,"column":27},"end":{"line":290,"column":47}},"104":{"start":{"line":291,"column":12},"end":{"line":310,"column":13}},"105":{"start":{"line":291,"column":25},"end":{"line":291,"column":26}},"106":{"start":{"line":292,"column":30},"end":{"line":292,"column":41}},"107":{"start":{"line":293,"column":32},"end":{"line":293,"column":49}},"108":{"start":{"line":295,"column":16},"end":{"line":300,"column":17}},"109":{"start":{"line":295,"column":29},"end":{"line":295,"column":30}},"110":{"start":{"line":296,"column":20},"end":{"line":299,"column":21}},"111":{"start":{"line":297,"column":24},"end":{"line":297,"column":56}},"112":{"start":{"line":298,"column":24},"end":{"line":298,"column":30}},"113":{"start":{"line":301,"column":36},"end":{"line":307,"column":17}},"114":{"start":{"line":308,"column":16},"end":{"line":308,"column":41}},"115":{"start":{"line":309,"column":16},"end":{"line":309,"column":46}},"116":{"start":{"line":311,"column":12},"end":{"line":311,"column":48}},"117":{"start":{"line":312,"column":12},"end":{"line":312,"column":67}},"118":{"start":{"line":313,"column":12},"end":{"line":313,"column":38}},"119":{"start":{"line":319,"column":12},"end":{"line":319,"column":46}},"120":{"start":{"line":320,"column":12},"end":{"line":320,"column":37}},"121":{"start":{"line":324,"column":4},"end":{"line":360,"column":5}},"122":{"start":{"line":353,"column":52},"end":{"line":353,"column":72}},"123":{"start":{"line":353,"column":73},"end":{"line":353,"column":87}},"124":{"start":{"line":353,"column":88},"end":{"line":353,"column":106}}},"fnMap":{"0":{"name":"ReportLostFood","decl":{"start":{"line":7,"column":9},"end":{"line":7,"column":23}},"loc":{"start":{"line":7,"column":31},"end":{"line":238,"column":1}},"line":7},"1":{"name":"(anonymous_1)","decl":{"start":{"line":20,"column":30},"end":{"line":20,"column":31}},"loc":{"start":{"line":20,"column":37},"end":{"line":21,"column":75}},"line":20},"2":{"name":"(anonymous_2)","decl":{"start":{"line":34,"column":25},"end":{"line":34,"column":26}},"loc":{"start":{"line":34,"column":34},"end":{"line":36,"column":5}},"line":34},"3":{"name":"(anonymous_3)","decl":{"start":{"line":38,"column":23},"end":{"line":38,"column":24}},"loc":{"start":{"line":38,"column":29},"end":{"line":45,"column":5}},"line":38},"4":{"name":"(anonymous_4)","decl":{"start":{"line":47,"column":23},"end":{"line":47,"column":24}},"loc":{"start":{"line":47,"column":29},"end":{"line":54,"column":5}},"line":47},"5":{"name":"(anonymous_5)","decl":{"start":{"line":56,"column":14},"end":{"line":56,"column":15}},"loc":{"start":{"line":56,"column":20},"end":{"line":63,"column":5}},"line":56},"6":{"name":"(anonymous_6)","decl":{"start":{"line":58,"column":18},"end":{"line":58,"column":19}},"loc":{"start":{"line":58,"column":32},"end":{"line":61,"column":13}},"line":58},"7":{"name":"(anonymous_7)","decl":{"start":{"line":62,"column":19},"end":{"line":62,"column":20}},"loc":{"start":{"line":62,"column":24},"end":{"line":62,"column":39}},"line":62},"8":{"name":"(anonymous_8)","decl":{"start":{"line":65,"column":14},"end":{"line":65,"column":15}},"loc":{"start":{"line":65,"column":20},"end":{"line":74,"column":5}},"line":65},"9":{"name":"(anonymous_9)","decl":{"start":{"line":67,"column":18},"end":{"line":67,"column":19}},"loc":{"start":{"line":67,"column":34},"end":{"line":72,"column":13}},"line":67},"10":{"name":"(anonymous_10)","decl":{"start":{"line":73,"column":19},"end":{"line":73,"column":20}},"loc":{"start":{"line":73,"column":24},"end":{"line":73,"column":39}},"line":73},"11":{"name":"(anonymous_11)","decl":{"start":{"line":76,"column":32},"end":{"line":76,"column":33}},"loc":{"start":{"line":76,"column":43},"end":{"line":85,"column":5}},"line":76},"12":{"name":"(anonymous_12)","decl":{"start":{"line":78,"column":48},"end":{"line":78,"column":49}},"loc":{"start":{"line":78,"column":59},"end":{"line":82,"column":9}},"line":78},"13":{"name":"(anonymous_13)","decl":{"start":{"line":87,"column":34},"end":{"line":87,"column":35}},"loc":{"start":{"line":87,"column":47},"end":{"line":89,"column":5}},"line":87},"14":{"name":"(anonymous_14)","decl":{"start":{"line":91,"column":32},"end":{"line":91,"column":33}},"loc":{"start":{"line":91,"column":43},"end":{"line":94,"column":5}},"line":91},"15":{"name":"(anonymous_15)","decl":{"start":{"line":96,"column":24},"end":{"line":96,"column":25}},"loc":{"start":{"line":96,"column":30},"end":{"line":112,"column":5}},"line":96},"16":{"name":"(anonymous_16)","decl":{"start":{"line":114,"column":31},"end":{"line":114,"column":32}},"loc":{"start":{"line":114,"column":37},"end":{"line":152,"column":5}},"line":114},"17":{"name":"(anonymous_17)","decl":{"start":{"line":170,"column":70},"end":{"line":170,"column":71}},"loc":{"start":{"line":170,"column":76},"end":{"line":170,"column":115}},"line":170},"18":{"name":"(anonymous_18)","decl":{"start":{"line":183,"column":142},"end":{"line":183,"column":143}},"loc":{"start":{"line":183,"column":153},"end":{"line":183,"column":192}},"line":183},"19":{"name":"(anonymous_19)","decl":{"start":{"line":187,"column":80},"end":{"line":187,"column":81}},"loc":{"start":{"line":187,"column":86},"end":{"line":187,"column":124}},"line":187},"20":{"name":"(anonymous_20)","decl":{"start":{"line":202,"column":117},"end":{"line":202,"column":118}},"loc":{"start":{"line":202,"column":128},"end":{"line":202,"column":167}},"line":202},"21":{"name":"(anonymous_21)","decl":{"start":{"line":220,"column":35},"end":{"line":220,"column":36}},"loc":{"start":{"line":220,"column":44},"end":{"line":226,"column":25}},"line":220},"22":{"name":"DisplayOrder","decl":{"start":{"line":240,"column":9},"end":{"line":240,"column":21}},"loc":{"start":{"line":240,"column":29},"end":{"line":361,"column":1}},"line":240},"23":{"name":"(anonymous_23)","decl":{"start":{"line":247,"column":30},"end":{"line":247,"column":31}},"loc":{"start":{"line":247,"column":36},"end":{"line":254,"column":5}},"line":247},"24":{"name":"(anonymous_24)","decl":{"start":{"line":256,"column":30},"end":{"line":256,"column":31}},"loc":{"start":{"line":256,"column":36},"end":{"line":258,"column":5}},"line":256},"25":{"name":"(anonymous_25)","decl":{"start":{"line":260,"column":24},"end":{"line":260,"column":25}},"loc":{"start":{"line":260,"column":30},"end":{"line":262,"column":5}},"line":260},"26":{"name":"(anonymous_26)","decl":{"start":{"line":264,"column":29},"end":{"line":264,"column":30}},"loc":{"start":{"line":264,"column":35},"end":{"line":322,"column":5}},"line":264},"27":{"name":"(anonymous_27)","decl":{"start":{"line":353,"column":45},"end":{"line":353,"column":46}},"loc":{"start":{"line":353,"column":51},"end":{"line":353,"column":107}},"line":353}},"branchMap":{"0":{"loc":{"start":{"line":29,"column":4},"end":{"line":32,"column":27}},"type":"if","locations":[{"start":{"line":29,"column":4},"end":{"line":32,"column":27}},{"start":{"line":32,"column":8},"end":{"line":32,"column":27}}],"line":29},"1":{"
[...]
270,"column":34}},"85":{"start":{"line":273,"column":16},"end":{"line":273,"column":34}},"86":{"start":{"line":274,"column":16},"end":{"line":274,"column":38}},"87":{"start":{"line":275,"column":16},"end":{"line":275,"column":37}},"88":{"start":{"line":356,"column":4},"end":{"line":360,"column":6}},"89":{"start":{"line":357,"column":8},"end":{"line":359,"column":9}},"90":{"start":{"line":358,"column":12},"end":{"line":358,"column":37}},"91":{"start":{"line":362,"column":4},"end":{"line":412,"column":5}},"92":{"start":{"line":386,"column":32},"end":{"line":388,"column":34}},"93":{"start":{"line":401,"column":32},"end":{"line":403,"column":34}},"94":{"start":{"line":416,"column":28},"end":{"line":416,"column":43}},"95":{"start":{"line":418,"column":30},"end":{"line":420,"column":5}},"96":{"start":{"line":419,"column":8},"end":{"line":419,"column":22}},"97":{"start":{"line":422,"column":24},"end":{"line":424,"column":5}},"98":{"start":{"line":423,"column":8},"end":{"line":423,"column":23}},"99":{"start":{"line":426,"column":17},"end":{"line":426,"column":29}},"100":{"start":{"line":427,"column":20},"end":{"line":427,"column":22}},"101":{"start":{"line":428,"column":16},"end":{"line":428,"column":17}},"102":{"start":{"line":431,"column":21},"end":{"line":444,"column":5}},"103":{"start":{"line":446,"column":26},"end":{"line":446,"column":62}},"104":{"start":{"line":447,"column":24},"end":{"line":447,"column":58}},"105":{"start":{"line":448,"column":27},"end":{"line":448,"column":90}},"106":{"start":{"line":449,"column":25},"end":{"line":449,"column":86}},"107":{"start":{"line":450,"column":25},"end":{"line":450,"column":59}},"108":{"start":{"line":451,"column":23},"end":{"line":451,"column":55}},"109":{"start":{"line":453,"column":25},"end":{"line":453,"column":89}},"110":{"start":{"line":454,"column":25},"end":{"line":454,"column":83}},"111":{"start":{"line":456,"column":4},"end":{"line":464,"column":5}},"112":{"start":{"line":457,"column":8},"end":{"line":460,"column":9}},"113":{"start":{"line":461,"column":8},"end":{"line":461,"column":23}},"114":{"start":{"line":462,"column":8},"end":{"line":462,"column":30}},"115":{"start":{"line":466,"column":4},"end":{"line":517,"column":5}},"116":{"start":{"line":468,"column":66},"end":{"line":468,"column":84}},"117":{"start":{"line":489,"column":32},"end":{"line":494,"column":34}},"118":{"start":{"line":522,"column":28},"end":{"line":522,"column":43}},"119":{"start":{"line":524,"column":30},"end":{"line":526,"column":5}},"120":{"start":{"line":525,"column":8},"end":{"line":525,"column":22}},"121":{"start":{"line":528,"column":24},"end":{"line":530,"column":5}},"122":{"start":{"line":529,"column":8},"end":{"line":529,"column":23}},"123":{"start":{"line":532,"column":17},"end":{"line":532,"column":29}},"124":{"start":{"line":533,"column":20},"end":{"line":533,"column":22}},"125":{"start":{"line":534,"column":16},"end":{"line":534,"column":17}},"126":{"start":{"line":537,"column":4},"end":{"line":545,"column":5}},"127":{"start":{"line":538,"column":8},"end":{"line":541,"column":9}},"128":{"start":{"line":542,"column":8},"end":{"line":542,"column":23}},"129":{"start":{"line":543,"column":8},"end":{"line":543,"column":30}},"130":{"start":{"line":547,"column":21},"end":{"line":560,"column":5}},"131":{"start":{"line":562,"column":4},"end":{"line":612,"column":5}},"132":{"start":{"line":564,"column":66},"end":{"line":564,"column":91}},"133":{"start":{"line":585,"column":32},"end":{"line":590,"column":34}}},"fnMap":{"0":{"name":"ManagerPage","decl":{"start":{"line":13,"column":9},"end":{"line":13,"column":20}},"loc":{"start":{"line":13,"column":28},"end":{"line":29,"column":1}},"line":13},"1":{"name":"SeeFarmerOrdersButton","decl":{"start":{"line":31,"column":9},"end":{"line":31,"column":30}},"loc":{"start":{"line":31,"column":33},"end":{"line":43,"column":1}},"line":31},"2":{"name":"SeeReportsButton","decl":{"start":{"line":45,"column":9},"end":{"line":45,"column":25}},"loc":{"start":{"line":45,"column":28},"end":{"line":58,"column":1}},"line":45},"3":{"name":"ManagerPageFarmerOrders","decl":{"start":{"line":60,"column":9},"end":{"line":60,"column":32}},"loc":{"start":{"line":60,"column":40},"end":{"line":149,"column":1}},"line":60},"4":{"name":"(anonymous_4)","decl":{"start":{"line":77,"column":14},"end":{"line":77,"column":15}},"loc":{"start":{"line":77,"column":20},"end":{"line":99,"column":5}},"line":77},"5":{"name":"(anonymous_5)","decl":{"start":{"line":83,"column":34},"end":{"line":83,"column":35}},"loc":{"start":{"line":83,"column":43},"end":{"line":96,"column":9}},"line":83},"6":{"name":"(anonymous_6)","decl":{"start":{"line":92,"column":42},"end":{"line":92,"column":43}},"loc":{"start":{"line":92,"column":50},"end":{"line":92,"column":105}},"line":92},"7":{"name":"(anonymous_7)","decl":{"start":{"line":101,"column":14},"end":{"line":101,"column":15}},"loc":{"start":{"line":101,"column":20},"end":{"line":115,"column":5}},"line":101},"8":{"name":"(anonymous_8)","decl":{"start":{"line":104,"column":18},"end":{"line":104,"column":19}},"loc":{"start":{"line":104,"column":32},"end":{"line":108,"column":13}},"line":104},"9":{"name":"(anonymous_9)","decl":{"start":{"line":109,"column":19},"end":{"line":109,"column":20}},"loc":{"start":{"line":109,"column":24},"end":{"line":113,"column":13}},"line":109},"10":{"name":"(anonymous_10)","decl":{"start":{"line":133,"column":46},"end":{"line":133,"column":47}},"loc":{"start":{"line":133,"column":57},"end":{"line":133,"column":93}},"line":133},"11":{"name":"(anonymous_11)","decl":{"start":{"line":138,"column":38},"end":{"line":138,"column":39}},"loc":{"start":{"line":138,"column":47},"end":{"line":142,"column":21}},"line":138},"12":{"name":"FarmerOrderItem","decl":{"start":{"line":151,"column":9},"end":{"line":151,"column":24}},"loc":{"start":{"line":151,"column":32},"end":{"line":246,"column":1}},"line":151},"13":{"name":"(anonymous_13)","decl":{"start":{"line":160,"column":14},"end":{"line":160,"column":15}},"loc":{"start":{"line":160,"column":20},"end":{"line":166,"column":5}},"line":160},"14":{"name":"(anonymous_14)","decl":{"start":{"line":162,"column":30},"end":{"line":162,"column":31}},"loc":{"start":{"line":162,"column":36},"end":{"line":164,"column":13}},"line":162},"15":{"name":"(anonymous_15)","decl":{"start":{"line":168,"column":23},"end":{"line":168,"column":24}},"loc":{"start":{"line":168,"column":36},"end":{"line":183,"column":5}},"line":168},"16":{"name":"(anonymous_16)","decl":{"start":{"line":171,"column":18},"end":{"line":171,"column":19}},"loc":{"start":{"line":171,"column":32},"end":{"line":178,"column":13}},"line":171},"17":{"name":"(anonymous_17)","decl":{"start":{"line":179,"column":19},"end":{"line":179,"column":20}},"loc":{"start":{"line":179,"column":24},"end":{"line":182,"column":13}},"line":179},"18":{"name":"(anonymous_18)","decl":{"start":{"line":202,"column":72},"end":{"line":202,"column":73}},"loc":{"start":{"line":202,"column":78},"end":{"line":202,"column":98}},"line":202},"19":{"name":"(anonymous_19)","decl":{"start":{"line":205,"column":76},"end":{"line":205,"column":77}},"loc":{"start":{"line":205,"column":82},"end":{"line":205,"column":103}},"line":205},"20":{"name":"(anonymous_20)","decl":{"start":{"line":208,"column":53},"end":{"line":208,"column":54}},"loc":{"start":{"line":208,"column":64},"end":{"line":214,"column":33}},"line":208},"21":{"name":"(anonymous_21)","decl":{"start":{"line":234,"column":58},"end":{"line":234,"column":59}},"loc":{"start":{"line":234,"column":64},"end":{"line":234,"column":84}},"line":234},"22":{"name":"ManagerReports","decl":{"start":{"line":248,"column":9},"end":{"line":248,"column":23}},"loc":{"start":{"line":248,"column":31},"end":{"line":413,"column":1}},"line":248},"23":{"name":"(anonymous_23)","decl":{"start":{"line":254,"column":14},"end":{"line":254,"column":15}},"loc":{"start":{"line":254,"column":20},"end":{"line":278,"column":5}},"line":254},"24":{"name":"(anonymous_24)","decl":{"start":{"line":257,"column":18},"end":{"line":257,"column":19}},"loc":{"start":{"line":257,"column":33},"end":{"line":271,"column":13}},"line":257},"25":{"name":"(anonymous_25)","decl":{"start":{"line":272,"column":19},"end":{"line":272,"column":20}},"loc":{"start":{"line":272,"column":24},"end":{"line":276,"column":13}},"line":272},"26":{"name":"(anonymous_26)","decl":{"start":{"line":356,"column":14},"end":{"line":356,"column":15}},"loc":{"start":{"line":356,"column":20},"end":{"line":360,"column":5}},"line":356},"27":{"name":"(anonymous_27)","decl":{"start":{"line":385,"column":48},"end":{"line":385,"column":49}},"loc":{"start":{"line":385,"column":58},"end":{"line":389,"column":29}},"line":385},"28":{"name":"(anonymous_28)","decl":{"start":{"line":400,"column":47},"end":{"line":400,"column":48}},"loc":{"start":{"line":400,"column":57},"end":{"line":404,"column":29}},"line":400},"29":{"name":"ReportWeekItem","decl":{"start":{"line":415,"column":9},"end":{"line":415,"column":23}},"loc":{"start":{"line":415,"column":31},"end":{"line":518,"column":1}},"line":415},"30":{"name":"(anonymous_30)","decl":{"start":{"line":418,"column":30},"end":{"line":418,"column":31}},"loc":{"start":{"line":418,"column":36},"end":{"line":420,"column":5}},"line":418},"31":{"name":"(anonymous_31)","decl":{"start":{"line":422,"column":24},"end":{"line":422,"column":25}},"loc":{"start":{"line":422,"column":30},"end":{"line":424,"column":5}},"line":422},"32":{"name":"(anonymous_32)","decl":{"start":{"line":468,"column":60},"end":{"line":468,"column":61}},"loc":{"start":{"line":468,"column":66},"end":{"line":468,"column":84}},"line":468},"33":{"name":"(anonymous_33)","decl":{"start":{"line":488,"column":43},"end":{"line":488,"column":44}},"loc":{"start":{"line":488,"column":51},"end":{"line":495,"column":29}},"line":488},"34":{"name":"ReportMonthItem","decl":{"start":{"line":521,"column":9},"end":{"line":521,"column":24}},"loc":{"start":{"line":521,"column":32},"end":{"line":613,"column":1}},"line":521},"35":{"name":"(anonymous_35)","decl":{"start":{"line":524,"column":30},"end":{"line":524,"column":31}},"loc":{"start":{"line":524,"column":36},"end":{"line":526,"column":5}},"line":524},"36":{"name":"(anonymous_36)","decl":{"start":{"line":528,"column":24},"end":{"line":528,"column":25}},"loc":{"start":{"line":528,"column":30},"end":{"line":530,"column":5}},"line":528},"37":{"name":"(anonymous_37)","decl":{"start":{"line":564,"column":60},"end":{"line":564,"column":61}},"loc":{"start":{"line":564,"column":66},"end":{"line":564,"column":91}},"line":564},"38":{"name":"(anonymous_38)","decl":{"start":{"line":584,"column":43},"end":{"line":584,"column":44}},"loc":{"start":{"line":584,"column":51},"end":{"line":591,"column":29}},"line":584}},"branchMap":{"0":{"loc":{"start":{"line":71,"column":4},"end":{"line":72,"column":25}},"type":"if","locations":[{"start":{"line":71,"column":4},"end":{"line":72,"column":25}},{"start":{},"end":{}}],"line":71},"1":{"loc":{"start":{"line":71,"column":8},"end":{"line":71,"column":57}},"type":"binary-expr","locations":[{"start":{"line":71,"column":8},"end":{"line":71,"column":31}},{"start":{"line":71,"column":35},"end":{"line":71,"column":57}}],"line":71},"2":{"loc":{"start":{"line":73,"column":4},"end":{"line":74,"column":25}},"type":"if","locations":[{"start":{"line":73,"column":4},"end":{"line":74,"column":25}},{"start":{},"end":{}}],"line":73},"3":{"loc":{"start":{"line":73,"column":8},"end":{"line":73,"column":58}},"type":"binary-expr","locations":[{"start":{"line":73,"column":8},"end":{"line":73,"column":31}},{"start":{"line":73,"column":35},"end":{"line":73,"column":58}}],"line":73},"4":{"loc":{"start":{"line":79,"column":8},"end":{"line":82,"column":9}},"type":"if","locations":[{"start":{"line":79,"column":8},"end":{"line":82,"column":9}},{"start":{},"end":{}}],"line":79},"5":{"loc":{"start":{"line":84,"column":12},"end":{"line":93,"column":28}},"type":"if","locations":[{"start":{"line":84,"column":12},"end":{"line":93,"column":28}},{"start":{"line":86,"column":17},"end":{"line":93,"column":28}}],"line":84},"6":{"loc":{"start":{"line":86,"column":17},"end":{"line":93,"column":28}},"type":"if","locations":[{"start":{"line":86,"column":17},"end":{"line":93,"column":28}},{"start":{"line":88,"column":17},"end":{"line":93,"column":28}}],"line":86},"7":{"loc":{"start":{"line":88,"column":17},"end":{"line":93,"column":28}},"type":"if","locations":[{"start":{"line":88,"column":17},"end":{"line":93,"column":28}},{"start":{"line":90,"column":17},"end":{"line":93,"column":28}}],"line":88},"8":{"loc":{"start":{"line":90,"column":17},"end":{"line":93,"column":28}},"type":"if","locations":[{"start":{"line":90,"column":17},"end":{"line":93,"column":28}},{"start":{"line":92,"column":17},"end":{"line":93,"column":28}}],"line":90},"9":{"loc":{"start":{"line":92,"column":17},"end":{"line":93,"column":28}},"type":"if","locations":[{"start":{"line":92,"column":17},"end":{"line":93,"column":28}},{"start":{},"end":{}}],"line":92},"10":{"loc":{"start":{"line":120,"column":13},"end":{"line":120,"column":116}},"type":"binary-expr","locations":[{"start":{"line":120,"column":13},"end":{"line":120,"column":20}},{"start":{"line":120,"column":24},"end":{"line":120,"column":116}}],"line":120},"11":{"loc":{"start":{"line":121,"column":13},"end":{"line":145,"column":66}},"type":"cond-expr","locations":[{"start":{"line":122,"column":16},"end":{"line":144,"column":28}},{"start":{"line":145,"column":18},"end":{"line":145,"column":66}}],"line":121},"12":{"loc":{"start":{"line":121,"column":14},"end":{"line":121,"column":39}},"type":"binary-expr","locations":[{"start":{"line":121,"column":14},"end":{"line":121,"column":27}},{"start":{"line":121,"column":31},"end":{"line":121,"column":39}}],"line":121},"13":{"loc":{"start":{"line":161,"column":8},"end":{"line":165,"column":9}},"type":"if","locations":[{"start":{"line":161,"column":8},"end":{"line":165,"column":9}},{"start":{},"end":{}}],"line":161},"14":{"loc":{"start":{"line":195,"column":32},"end":{"line":195,"column":114}},"type":"cond-expr","locations":[{"start":{"line":195,"column":40},"end":{"line":195,"column":85}},{"start":{"line":195,"column":88},"end":{"line":195,"column":114}}],"line":195},"15":{"loc":{"start":{"line":201,"column":21},"end":{"line":217,"column":27}},"type":"cond-expr","locations":[{"start":{"line":202,"column":24},"end":{"line":202,"column":123}},{"start":{"line":204,"column":24},"end":{"line":217,"column":27}}],"line":201},"16":{"loc":{"start":{"line":233,"column":21},"end":{"line":234,"column":115}},"type":"binary-expr","locations":[{"start":{"line":233,"column":22},"end":{"line":233,"column":47}},{"start":{"line":233,"column":51},"end":{"line":233,"column":66}},{"start":{"line":234,"column":24},"end":{"line":234,"column":115}}],"line":233},"17":{"loc":{"start":{"line":237,"column":24},"end":{"line":237,"column":113}},"type":"binary-expr","locations":[{"start":{"line":237,"column":24},"end":{"line":237,"column":32}},{"start":{"line":237,"column":36},"end":{"line":237,"column":113}}],"line":237},"18":{"loc":{"start":{"line":240,"column":24},"end":{"line":240,"column":115}},"type":"binary-expr","locations":[{"start":{"line":240,"column":24},"end":{"line":240,"column":41}},{"start":{"line":240,"column":45},"end":{"line":240,"column":115}}],"line":240},"19":{"loc":{"start":{"line":261,"column":20},"end":{"line":266,"column":21}},"type":"if","locations":[{"start":{"line":261,"column":20},"end":{"line":266,"column":21}},{"start":{"line":264,"column":25},"end":{"line":266,"column":21}}],"line":261},"20":{"loc":{"start":{"line":264,"column":25},"end":{"line":266,"column":21}},"type":"if","locations":[{"start":{"line":264,"column":25},"end":{"line":266,"column":21}},{"start":{},"end":{}}],"line":264},"21":{"loc":{"start":{"line":357,"column":8},"end":{"line":359,"column":9}},"type":"if","locations":[{"start":{"line":357,"column":8},"end":{"line":359,"column":9}},{"start":{},"end":{}}],"line":357},"22":{"loc":{"start":{"line":357,"column":12},"end":{"line":357,"column":65}},"type":"binary-expr","locations":[{"start":{"line":357,"column":12},"end":{"line":357,"column":36}},{"start":{"line":357,"column":40},"end":{"line":357,"column":65}}],"line":357},"23":{"loc":{"start":{"line":375,"column":13},"end":{"line":375,"column":108}},"type":"binary-expr","locations":[{"start":{"line":375,"column":13},"end":{"line":375,"column":20}},{"start":{"line":375,"column":24},"end":{"line":375,"column":108}}],"line":375},"24":{"loc":{"start":{"line":377,"column":13},"end":{"line":409,"column":67}},"type":"cond-expr","locations":[{"start":{"line":378,"column":16},"end":{"line":408,"column":22}},{"start":{"line":409,"column":18},"end":{"line":409,"column":67}}],"line":377},"25":{"loc":{"start":{"line":377,"column":14},"end":{"line":377,"column":41}},"type":"binary-expr","locations":[{"start":{"line":377,"column":14},"end":{"line":377,"column":22}},{"start":{"line":377,"column":26},"end":{"line":377,"column":41}}],"line":377}},"s":{"0":1,"1":1,"2":1,"3":52,"4":52,"5":52,"6":52,"7":52,"8":52,"9":52,"10":0,"11":52,"12":47,"13":52,"14":22,"15":22,"16":16,"17":16,"18":6,"19":12,"20":1,"21":11,"22":1,"23":10,"24":1,"25":9,"26":2,"27":7,"28":11,"29":1,"30":6,"31":6,"32":52,"33":8,"34":8,"35":7,"36":7,"37":7,"38":1,"39":1,"40":1,"41":52,"42":6,"43":22,"44":31,"45":31,"46":31,"47":31,"48":31,"49":31,"50":14,"51":1,"52":0,"53":31,"54":2,"55":2,"56":1,"57":1,"58":1,"59":1,"60":1,"61":1,"62":31,"63":1,"64":1,"65":2,"66":2,"67":14,"68":14,"69":14,"70":14,"71":14,"72":3,"73":3,"74":3,"75":3,"76":3,"77":3,"78":4,"79":2,"80":2,"81":2,"82":3,"83":3,"84":3,"85":0,"86":0,"87":0,"88":14,"89":12,"90":6,"91":14,"92":4,"93":4,"94":4,"95":4,"96":1,"97":4,"98":1,"99":4,"100":4,"101":4,"102":4,"103":4,"104":4,"105":4,"106":4,"107":4,"108":4,"109":4,"110":4,"111":4,"112":0,"113":0,"114":0,"115":4,"116":1,"117":0,"118":3,"119":3,"120":1,"121":3,"122":0,"123":3,"124":3,"125":3,"126":3,"127":0,"128":0,"129":0,"130":3,"131":3,"132":1,"133":0},"f":{"0":1,"1":1,"2":1,"3":52,"4":22,"5":12,"6":11,"7":8,"8":7,"9":1,"10":6,"11":22,"12":31,"13":14,"14":0,"15":2,"16":1,"17":1,"18":1,"19":1,"20":2,"21":2,"22":14,"23":3,"24":3,"25":0,"26":12,"27":4,"28":4,"29":4,"30":1,"31":1,"32":1,"33":0,"34":3,"35":1,"36":0,"37":1,"38":0},"b":{"0":[0,52],"1":[52,0],"2":[47,5],"3":[52,47],"4":[16,6],"5":[1,11],"6":[1,10],"7":[1,9],"8":[2,7],"9":[1,6],"10":[52,30],"11":[18,34],"12":[52,30],"13":[1,13],"14":[2,29],"15":[30,1],"16":[31,28,26],"17":[31,1],"18":[31,1],"19":[2,2],"20":[2,0],"21":[6,6],"22":[12,8],"23":[14,9],"24":[4,10],"25":[14,5]},"_coverageSchema":"1a1c01bbd47fc00a2c39e90264f33305004495a9","hash":"6543bf4338f89840846f935de7d70fed9d793198"}
,"C:\\Users\\loren\\OneDrive\\Desktop\\PoliTo\\SoftwareEngineering2\\Lab\\SolidarityPurchasingGroup\\SoftwareEngineering\\client\\src\\Site\\data\\customer.js": {"path":"C:\\Users\\loren\\OneDrive\\Desktop\\PoliTo\\SoftwareEngineering2\\Lab\\SolidarityPurchasingGroup\\SoftwareEngineering\\client\\src\\Site\\data\\customer.js","statementMap":{"0":{"start":{"line":3,"column":8},"end":{"line":3,"column":21}},"1":{"start":{"line":4,"column":8},"end":{"line":4,"column":31}},"2":{"start":{"line":5,"column":8},"end":{"line":5,"column":25}},"3":{"start":{"line":6,"column":8},"end":{"line":6,"column":29}},"4":{"start":{"line":10,"column":8},"end":{"line":10,"column":28}},"5":{"start":{"line":11,"column":8},"end":{"line":11,"column":74}}},"fnMap":{"0":{"name":"(anonymous_0)","decl":{"start":{"line":2,"column":4},"end":{"line":2,"column":5}},"loc":{"start":{"line":2,"column":39},"end":{"line":7,"column":5}},"line":2},"1":{"name":"(anonymous_1)","decl":{"start":{"line":9,"column":4},"end":{"line":9,"column":5}},"loc":{"start":{"line":9,"column":21},"end":{"line":12,"column":5}},"line":9}},"branchMap":{},"s":{"0":1,"1":1,"2":1,"3":1,"4":1,"5":1},"f":{"0":1,"1":1},"b":{},"_coverageSchema":"1a1c01bbd47fc00a2c39e90264f33305004495a9","hash":"88488bc99a06a228b2b74f84f4615d76494295be"}
}
