{"C:\\Users\\loren\\OneDrive\\Desktop\\PoliTo\\SoftwareEngineering2\\Lab\\SolidarityPurchasingGroup\\SoftwareEngineering\\client\\src\\ManagerAPI.js": {"path":"C:\\Users\\loren\\OneDrive\\Desktop\\PoliTo\\SoftwareEngineering2\\Lab\\SolidarityPurchasingGroup\\SoftwareEngineering\\client\\src\\ManagerAPI.js","statementMap":{"0":{"start":{"line":3,"column":19},"end":{"line":3,"column":51}},"1":{"start":{"line":4,"column":23},"end":{"line":4,"column":44}},"2":{"start":{"line":5,"column":4},"end":{"line":10,"column":5}},"3":{"start":{"line":6,"column":8},"end":{"line":6,"column":28}},"4":{"start":{"line":9,"column":8},"end":{"line":9,"column":27}},"5":{"start":{"line":16,"column":18},"end":{"line":16,"column":54}},"6":{"start":{"line":17,"column":19},"end":{"line":23,"column":8}},"7":{"start":{"line":24,"column":23},"end":{"line":24,"column":44}},"8":{"start":{"line":25,"column":4},"end":{"line":30,"column":5}},"9":{"start":{"line":26,"column":8},"end":{"line":26,"column":28}},"10":{"start":{"line":29,"column":8},"end":{"line":29,"column":27}},"11":{"start":{"line":34,"column":12},"end":{"line":34,"column":47}}},"fnMap":{"0":{"name":"getFarmerOrders","decl":{"start":{"line":2,"column":15},"end":{"line":2,"column":30}},"loc":{"start":{"line":2,"column":33},"end":{"line":11,"column":1}},"line":2},"1":{"name":"ackFarmerOrder","decl":{"start":{"line":14,"column":15},"end":{"line":14,"column":29}},"loc":{"start":{"line":14,"column":39},"end":{"line":31,"column":1}},"line":14}},"branchMap":{"0":{"loc":{"start":{"line":5,"column":4},"end":{"line":10,"column":5}},"type":"if","locations":[{"start":{"line":5,"column":4},"end":{"line":10,"column":5}},{"start":{"line":8,"column":9},"end":{"line":10,"column":5}}],"line":5},"1":{"loc":{"start":{"line":25,"column":4},"end":{"line":30,"column":5}},"type":"if","locations":[{"start":{"line":25,"column":4},"end":{"line":30,"column":5}},{"start":{"line":28,"column":9},"end":{"line":30,"column":5}}],"line":25}},"s":{"0":0,"1":0,"2":0,"3":0,"4":0,"5":0,"6":0,"7":0,"8":0,"9":0,"10":0,"11":2},"f":{"0":0,"1":0},"b":{"0":[0,0],"1":[0,0]},"_coverageSchema":"1a1c01bbd47fc00a2c39e90264f33305004495a9","hash":"52594c415eb1c47e976a1f1b5236d5e02693103c"}
,"C:\\Users\\loren\\OneDrive\\Desktop\\PoliTo\\SoftwareEngineering2\\Lab\\SolidarityPurchasingGroup\\SoftwareEngineering\\client\\src\\Site\\Manager\\ManagerPage.js": {"path":"C:\\Users\\loren\\OneDrive\\Desktop\\PoliTo\\SoftwareEngineering2\\Lab\\SolidarityPurchasingGroup\\SoftwareEngineering\\client\\src\\Site\\Manager\\ManagerPage.js","statementMap":{"0":{"start":{"line":15,"column":4},"end":{"line":23,"column":7}},"1":{"start":{"line":28,"column":4},"end":{"line":37,"column":5}},"2":{"start":{"line":40,"column":32},"end":{"line":40,"column":44}},"3":{"start":{"line":41,"column":44},"end":{"line":41,"column":56}},"4":{"start":{"line":42,"column":34},"end":{"line":42,"column":48}},"5":{"start":{"line":43,"column":46},"end":{"line":43,"column":58}},"6":{"start":{"line":47,"column":20},"end":{"line":47,"column":25}},"7":{"start":{"line":48,"column":24},"end":{"line":48,"column":53}},"8":{"start":{"line":50,"column":4},"end":{"line":51,"column":25}},"9":{"start":{"line":51,"column":8},"end":{"line":51,"column":25}},"10":{"start":{"line":52,"column":4},"end":{"line":53,"column":25}},"11":{"start":{"line":53,"column":8},"end":{"line":53,"column":25}},"12":{"start":{"line":56,"column":4},"end":{"line":78,"column":32}},"13":{"start":{"line":57,"column":22},"end":{"line":57,"column":35}},"14":{"start":{"line":58,"column":8},"end":{"line":61,"column":9}},"15":{"start":{"line":59,"column":12},"end":{"line":59,"column":36}},"16":{"start":{"line":60,"column":12},"end":{"line":60,"column":19}},"17":{"start":{"line":62,"column":20},"end":{"line":75,"column":10}},"18":{"start":{"line":63,"column":12},"end":{"line":72,"column":28}},"19":{"start":{"line":64,"column":16},"end":{"line":64,"column":28}},"20":{"start":{"line":65,"column":17},"end":{"line":72,"column":28}},"21":{"start":{"line":66,"column":16},"end":{"line":66,"column":28}},"22":{"start":{"line":67,"column":17},"end":{"line":72,"column":28}},"23":{"start":{"line":68,"column":16},"end":{"line":68,"column":28}},"24":{"start":{"line":69,"column":17},"end":{"line":72,"column":28}},"25":{"start":{"line":70,"column":16},"end":{"line":70,"column":28}},"26":{"start":{"line":71,"column":17},"end":{"line":72,"column":28}},"27":{"start":{"line":71,"column":50},"end":{"line":71,"column":105}},"28":{"start":{"line":72,"column":16},"end":{"line":72,"column":28}},"29":{"start":{"line":74,"column":12},"end":{"line":74,"column":25}},"30":{"start":{"line":77,"column":8},"end":{"line":77,"column":29}},"31":{"start":{"line":80,"column":4},"end":{"line":94,"column":12}},"32":{"start":{"line":81,"column":8},"end":{"line":81,"column":25}},"33":{"start":{"line":82,"column":8},"end":{"line":93,"column":14}},"34":{"start":{"line":84,"column":16},"end":{"line":84,"column":38}},"35":{"start":{"line":85,"column":16},"end":{"line":85,"column":44}},"36":{"start":{"line":86,"column":16},"end":{"line":86,"column":34}},"37":{"start":{"line":89,"column":16},"end":{"line":89,"column":34}},"38":{"start":{"line":90,"column":16},"end":{"line":90,"column":30}},"39":{"start":{"line":91,"column":16},"end":{"line":91,"column":36}},"40":{"start":{"line":97,"column":4},"end":{"line":127,"column":5}},"41":{"start":{"line":112,"column":53},"end":{"line":112,"column":89}},"42":{"start":{"line":118,"column":24},"end":{"line":120,"column":26}},"43":{"start":{"line":131,"column":30},"end":{"line":131,"column":45}},"44":{"start":{"line":132,"column":36},"end":{"line":132,"column":51}},"45":{"start":{"line":133,"column":54},"end":{"line":133,"column":69}},"46":{"start":{"line":134,"column":42},"end":{"line":134,"column":57}},"47":{"start":{"line":136,"column":16},"end":{"line":136,"column":27}},"48":{"start":{"line":139,"column":4},"end":{"line":145,"column":30}},"49":{"start":{"line":140,"column":8},"end":{"line":144,"column":9}},"50":{"start":{"line":141,"column":12},"end":{"line":143,"column":21}},"51":{"start":{"line":142,"column":16},"end":{"line":142,"column":44}},"52":{"start":{"line":147,"column":23},"end":{"line":162,"column":5}},"53":{"start":{"line":148,"column":8},"end":{"line":148,"column":23}},"54":{"start":{"line":149,"column":8},"end":{"line":161,"column":14}},"55":{"start":{"line":152,"column":16},"end":{"line":152,"column":45}},"56":{"start":{"line":153,"column":16},"end":{"line":153,"column":32}},"57":{"start":{"line":154,"column":16},"end":{"line":154,"column":35}},"58":{"start":{"line":156,"column":16},"end":{"line":156,"column":43}},"59":{"start":{"line":159,"column":16},"end":{"line":159,"column":32}},"60":{"start":{"line":160,"column":16},"end":{"line":160,"column":34}},"61":{"start":{"line":164,"column":4},"end":{"line":223,"column":5}},"62":{"start":{"line":180,"column":76},"end":{"line":180,"column":96}},"63":{"start":{"line":183,"column":76},"end":{"line":183,"column":97}},"64":{"start":{"line":187,"column":28},"end":{"line":191,"column":33}},"65":{"start":{"line":212,"column":68},"end":{"line":212,"column":88}}},"fnMap":{"0":{"name":"ManagerPage","decl":{"start":{"line":13,"column":9},"end":{"line":13,"column":20}},"loc":{"start":{"line":13,"column":27},"end":{"line":24,"column":1}},"line":13},"1":{"name":"SeeFarmerOrdersButton","decl":{"start":{"line":26,"column":9},"end":{"line":26,"column":30}},"loc":{"start":{"line":26,"column":34},"end":{"line":38,"column":1}},"line":26},"2":{"name":"ManagerPageFarmerOrders","decl":{"start":{"line":39,"column":9},"end":{"line":39,"column":32}},"loc":{"start":{"line":39,"column":41},"end":{"line":128,"column":1}},"line":39},"3":{"name":"(anonymous_3)","decl":{"start":{"line":56,"column":14},"end":{"line":56,"column":15}},"loc":{"start":{"line":56,"column":20},"end":{"line":78,"column":5}},"line":56},"4":{"name":"(anonymous_4)","decl":{"start":{"line":62,"column":35},"end":{"line":62,"column":36}},"loc":{"start":{"line":62,"column":44},"end":{"line":75,"column":9}},"line":62},"5":{"name":"(anonymous_5)","decl":{"start":{"line":71,"column":42},"end":{"line":71,"column":43}},"loc":{"start":{"line":71,"column":50},"end":{"line":71,"column":105}},"line":71},"6":{"name":"(anonymous_6)","decl":{"start":{"line":80,"column":14},"end":{"line":80,"column":15}},"loc":{"start":{"line":80,"column":20},"end":{"line":94,"column":7}},"line":80},"7":{"name":"(anonymous_7)","decl":{"start":{"line":83,"column":18},"end":{"line":83,"column":19}},"loc":{"start":{"line":83,"column":32},"end":{"line":87,"column":13}},"line":83},"8":{"name":"(anonymous_8)","decl":{"start":{"line":88,"column":19},"end":{"line":88,"column":20}},"loc":{"start":{"line":88,"column":24},"end":{"line":92,"column":13}},"line":88},"9":{"name":"(anonymous_9)","decl":{"start":{"line":112,"column":42},"end":{"line":112,"column":43}},"loc":{"start":{"line":112,"column":53},"end":{"line":112,"column":89}},"line":112},"10":{"name":"(anonymous_10)","decl":{"start":{"line":117,"column":38},"end":{"line":117,"column":39}},"loc":{"start":{"line":117,"column":47},"end":{"line":121,"column":21}},"line":117},"11":{"name":"FarmerOrderItem","decl":{"start":{"line":130,"column":9},"end":{"line":130,"column":24}},"loc":{"start":{"line":130,"column":32},"end":{"line":224,"column":1}},"line":130},"12":{"name":"(anonymous_12)","decl":{"start":{"line":139,"column":14},"end":{"line":139,"column":15}},"loc":{"start":{"line":139,"column":20},"end":{"line":145,"column":7}},"line":139},"13":{"name":"(anonymous_13)","decl":{"start":{"line":141,"column":30},"end":{"line":141,"column":31}},"loc":{"start":{"line":141,"column":34},"end":{"line":143,"column":15}},"line":141},"14":{"name":"(anonymous_14)","decl":{"start":{"line":147,"column":23},"end":{"line":147,"column":24}},"loc":{"start":{"line":147,"column":36},"end":{"line":162,"column":5}},"line":147},"15":{"name":"(anonymous_15)","decl":{"start":{"line":150,"column":18},"end":{"line":150,"column":19}},"loc":{"start":{"line":150,"column":32},"end":{"line":157,"column":13}},"line":150},"16":{"name":"(anonymous_16)","decl":{"start":{"line":158,"column":19},"end":{"line":158,"column":20}},"loc":{"start":{"line":158,"column":24},"end":{"line":161,"column":13}},"line":158},"17":{"name":"(anonymous_17)","decl":{"start":{"line":180,"column":70},"end":{"line":180,"column":71}},"loc":{"start":{"line":180,"column":76},"end":{"line":180,"column":96}},"line":180},"18":{"name":"(anonymous_18)","decl":{"start":{"line":183,"column":70},"end":{"line":183,"column":71}},"loc":{"start":{"line":183,"column":76},"end":{"line":183,"column":97}},"line":183},"19":{"name":"(anonymous_19)","decl":{"start":{"line":186,"column":45},"end":{"line":186,"column":46}},"loc":{"start":{"line":186,"column":56},"end":{"line":192,"column":25}},"line":186},"20":{"name":"(anonymous_20)","decl":{"start":{"line":212,"column":62},"end":{"line":212,"column":63}},"loc":{"start":{"line":212,"column":68},"end":{"line":212,"column":88}},"line":212}},"branchMap":{"0":{"loc":{"start":{"line":50,"column":4},"end":{"line":51,"column":25}},"type":"if","locations":[{"start":{"line":50,"column":4},"end":{"line":51,"column":25}},{"start":{},"end":{}}],"line":50},"1":{"loc":{"start":{"line":50,"column":7},"end":{"line":50,"column":56}},"type":"binary-expr","locations":[{"start":{"line":50,"column":7},"end":{"line":50,"column":30}},{"start":{"line":50,"column":34},"end":{"line":50,"column":56}}],"line":50},"2":{"loc":{"start":{"line":52,"column":4},"end":{"line":53,"column":25}},"type":"if","locations":[{"start":{"line":52,"column":4},"end":{"line":53,"column":25}},{"start":{},"end":{}}],"line":52},"3":{"loc":{"start":{"line":52,"column":7},"end":{"line":52,"column":57}},"type":"binary-expr","locations":[{"start":{"line":52,"column":7},"end":{"line":52,"column":30}},{"start":{"line":52,"column":34},"end":{"line":52,"column":57}}],"line":52},"4":{"loc":{"start":{"line":58,"column":8},"end":{"line":61,"column":9}},"type":"if","locations":[{"start":{"line":58,"column":8},"end":{"line":61,"column":9}},{"start":{},"end":{}}],"line":58},"5":{"loc":{"start":{"line":63,"column":12},"end":{"line":72,"column":28}},"type":"if","locations":[{"start":{"line":63,"column":12},"end":{"line":72,"column":28}},{"start":{"line":65,"column":17},"end":{"line":72,"column":28}}],"line":63},"6":{"loc":{"start":{"line":65,"column":17},"end":{"line":72,"column":28}},"type":"if","locations":[{"start":{"line":65,"column":17},"end":{"line":72,"column":28}},{"start":{"line":67,"column":17},"end":{"line":72,"column":28}}],"line":65},"7":{"loc":{"start":{"line":67,"column":17},"end":{"line":72,"column":28}},"type":"if","locations":[{"start":{"line":67,"column":17},"end":{"line":72,"column":28}},{"start":{"line":69,"column":17},"end":{"line":72,"column":28}}],"line":67},"8":{"loc":{"start":{"line":69,"column":17},"end":{"line":72,"column":28}},"type":"if","locations":[{"start":{"line":69,"column":17},"end":{"line":72,"column":28}},{"start":{"line":71,"column":17},"end":{"line":72,"column":28}}],"line":69},"9":{"loc":{"start":{"line":71,"column":17},"end":{"line":72,"column":28}},"type":"if","locations":[{"start":{"line":71,"column":17},"end":{"line":72,"column":28}},{"start":{},"end":{}}],"line":71},"10":{"loc":{"start":{"line":99,"column":13},"end":{"line":99,"column":116}},"type":"binary-expr","locations":[{"start":{"line":99,"column":13},"end":{"line":99,"column":20}},{"start":{"line":99,"column":24},"end":{"line":99,"column":116}}],"line":99},"11":{"loc":{"start":{"line":100,"column":13},"end":{"line":124,"column":62}},"type":"cond-expr","locations":[{"start":{"line":101,"column":16},"end":{"line":123,"column":28}},{"start":{"line":124,"column":14},"end":{"line":124,"column":62}}],"line":100},"12":{"loc":{"start":{"line":100,"column":14},"end":{"line":100,"column":39}},"type":"binary-expr","locations":[{"start":{"line":100,"column":14},"end":{"line":100,"column":27}},{"start":{"line":100,"column":31},"end":{"line":100,"column":39}}],"line":100},"13":{"loc":{"start":{"line":140,"column":8},"end":{"line":144,"column":9}},"type":"if","locations":[{"start":{"line":140,"column":8},"end":{"line":144,"column":9}},{"start":{},"end":{}}],"line":140},"14":{"loc":{"start":{"line":174,"column":28},"end":{"line":174,"column":112}},"type":"cond-expr","locations":[{"start":{"line":174,"column":36},"end":{"line":174,"column":83}},{"start":{"line":174,"column":86},"end":{"line":174,"column":112}}],"line":174},"15":{"loc":{"start":{"line":179,"column":17},"end":{"line":195,"column":23}},"type":"cond-expr","locations":[{"start":{"line":180,"column":20},"end":{"line":180,"column":121}},{"start":{"line":182,"column":20},"end":{"line":195,"column":23}}],"line":179},"16":{"loc":{"start":{"line":211,"column":20},"end":{"line":212,"column":119}},"type":"binary-expr","locations":[{"start":{"line":211,"column":21},"end":{"line":211,"column":46}},{"start":{"line":211,"column":50},"end":{"line":211,"column":65}},{"start":{"line":212,"column":24},"end":{"line":212,"column":119}}],"line":211},"17":{"loc":{"start":{"line":215,"column":20},"end":{"line":215,"column":111}},"type":"binary-expr","locations":[{"start":{"line":215,"column":20},"end":{"line":215,"column":28}},{"start":{"line":215,"column":32},"end":{"line":215,"column":111}}],"line":215},"18":{"loc":{"start":{"line":218,"column":20},"end":{"line":218,"column":113}},"type":"binary-expr","locations":[{"start":{"line":218,"column":20},"end":{"line":218,"column":37}},{"start":{"line":218,"column":41},"end":{"line":218,"column":113}}],"line":218}},"s":{"0":1,"1":1,"2":52,"3":52,"4":52,"5":52,"6":52,"7":52,"8":52,"9":47,"10":52,"11":0,"12":52,"13":22,"14":22,"15":16,"16":16,"17":6,"18":12,"19":1,"20":11,"21":1,"22":10,"23":1,"24":9,"25":2,"26":7,"27":11,"28":1,"29":6,"30":6,"31":52,"32":8,"33":8,"34":7,"35":7,"36":7,"37":1,"38":1,"39":1,"40":52,"41":6,"42":22,"43":31,"44":31,"45":31,"46":31,"47":31,"48":31,"49":14,"50":1,"51":0,"52":31,"53":2,"54":2,"55":1,"56":1,"57":1,"58":1,"59":1,"60":1,"61":31,"62":1,"63":1,"64":2,"65":2},"f":{"0":1,"1":1,"2":52,"3":22,"4":12,"5":11,"6":8,"7":7,"8":1,"9":6,"10":22,"11":31,"12":14,"13":0,"14":2,"15":1,"16":1,"17":1,"18":1,"19":2,"20":2},"b":{"0":[47,5],"1":[52,47],"2":[0,52],"3":[52,0],"4":[16,6],"5":[1,11],"6":[1,10],"7":[1,9],"8":[2,7],"9":[1,6],"10":[52,30],"11":[18,34],"12":[52,30],"13":[1,13],"14":[2,29],"15":[30,1],"16":[31,28,26],"17":[31,1],"18":[31,1]},"_coverageSchema":"1a1c01bbd47fc00a2c39e90264f33305004495a9","hash":"b7dc561c841d0deb203940e835a63faa92846454"}
}
