TN:
SF:src\ManagerAPI.js
FN:2,getFarmerOrders
FN:14,ackFarmerOrder
FNF:2
FNH:0
FNDA:0,getFarmerOrders
FNDA:0,ackFarmerOrder
DA:3,0
DA:4,0
DA:5,0
DA:6,0
DA:9,0
DA:16,0
DA:17,0
DA:24,0
DA:25,0
DA:26,0
DA:29,0
DA:34,2
LF:12
LH:1
BRDA:5,0,0,0
BRDA:5,0,1,0
BRDA:25,1,0,0
BRDA:25,1,1,0
BRF:4
BRH:0
end_of_record
TN:
SF:src\Site\Manager\ManagerPage.js
FN:13,ManagerPage
FN:26,SeeFarmerOrdersButton
FN:39,ManagerPageFarmerOrders
FN:56,(anonymous_3)
FN:62,(anonymous_4)
FN:71,(anonymous_5)
FN:81,(anonymous_6)
FN:84,(anonymous_7)
FN:89,(anonymous_8)
FN:113,(anonymous_9)
FN:118,(anonymous_10)
FN:131,FarmerOrderItem
FN:140,(anonymous_12)
FN:142,(anonymous_13)
FN:148,(anonymous_14)
FN:151,(anonymous_15)
FN:159,(anonymous_16)
FN:181,(anonymous_17)
FN:184,(anonymous_18)
FN:187,(anonymous_19)
FN:213,(anonymous_20)
FNF:21
FNH:15
FNDA:1,ManagerPage
FNDA:1,SeeFarmerOrdersButton
FNDA:30,ManagerPageFarmerOrders
FNDA:12,(anonymous_3)
FNDA:0,(anonymous_4)
FNDA:0,(anonymous_5)
FNDA:6,(anonymous_6)
FNDA:6,(anonymous_7)
FNDA:0,(anonymous_8)
FNDA:0,(anonymous_9)
FNDA:7,(anonymous_10)
FNDA:15,FarmerOrderItem
FNDA:8,(anonymous_12)
FNDA:0,(anonymous_13)
FNDA:2,(anonymous_14)
FNDA:1,(anonymous_15)
FNDA:1,(anonymous_16)
FNDA:1,(anonymous_17)
FNDA:0,(anonymous_18)
FNDA:2,(anonymous_19)
FNDA:2,(anonymous_20)
DA:15,1
DA:28,1
DA:40,30
DA:41,30
DA:42,30
DA:43,30
DA:47,30
DA:48,30
DA:50,30
DA:51,25
DA:52,30
DA:53,0
DA:56,30
DA:57,12
DA:58,12
DA:59,12
DA:60,12
DA:62,0
DA:63,0
DA:64,0
DA:65,0
DA:66,0
DA:67,0
DA:68,0
DA:69,0
DA:70,0
DA:71,0
DA:72,0
DA:75,0
DA:78,0
DA:81,30
DA:82,6
DA:83,6
DA:85,6
DA:86,6
DA:87,6
DA:90,0
DA:91,0
DA:92,0
DA:98,30
DA:113,0
DA:119,7
DA:132,15
DA:133,15
DA:134,15
DA:135,15
DA:137,15
DA:140,15
DA:141,8
DA:142,1
DA:143,0
DA:148,15
DA:149,2
DA:150,2
DA:153,1
DA:154,1
DA:155,1
DA:157,1
DA:160,1
DA:161,1
DA:165,15
DA:181,1
DA:184,0
DA:188,2
DA:213,2
LF:65
LH:45
BRDA:50,0,0,25
BRDA:50,0,1,5
BRDA:50,1,0,30
BRDA:50,1,1,25
BRDA:52,2,0,0
BRDA:52,2,1,30
BRDA:52,3,0,30
BRDA:52,3,1,0
BRDA:58,4,0,12
BRDA:58,4,1,0
BRDA:63,5,0,0
BRDA:63,5,1,0
BRDA:65,6,0,0
BRDA:65,6,1,0
BRDA:67,7,0,0
BRDA:67,7,1,0
BRDA:69,8,0,0
BRDA:69,8,1,0
BRDA:71,9,0,0
BRDA:71,9,1,0
BRDA:100,10,0,30
BRDA:100,10,1,24
BRDA:101,11,0,5
BRDA:101,11,1,25
BRDA:101,12,0,30
BRDA:101,12,1,15
BRDA:141,13,0,1
BRDA:141,13,1,7
BRDA:175,14,0,2
BRDA:175,14,1,13
BRDA:180,15,0,14
BRDA:180,15,1,1
BRDA:212,16,0,15
BRDA:212,16,1,12
BRDA:212,16,2,10
BRDA:216,17,0,15
BRDA:216,17,1,1
BRDA:219,18,0,15
BRDA:219,18,1,1
BRF:39
BRH:26
end_of_record
