TN:
SF:src\Site\Customer\ProductList.js
FN:7,ProductList
FN:17,(anonymous_1)
FN:18,(anonymous_2)
FN:30,(anonymous_3)
FNF:4
FNH:4
FNDA:4,ProductList
FNDA:3,(anonymous_1)
FNDA:3,(anonymous_2)
FNDA:3,(anonymous_3)
DA:9,4
DA:10,4
DA:11,1
DA:14,3
DA:17,3
DA:18,3
DA:19,3
DA:20,3
DA:21,0
DA:24,0
DA:27,3
DA:30,3
DA:31,3
DA:63,3
LF:14
LH:12
BRDA:10,0,0,1
BRDA:10,0,1,2
BRF:2
BRH:2
end_of_record
TN:
SF:src\Site\Customer\customer.js
FN:8,CustomerHome
FN:11,(anonymous_1)
FN:12,(anonymous_2)
FNF:3
FNH:3
FNDA:2,CustomerHome
FNDA:2,(anonymous_1)
FNDA:2,(anonymous_2)
DA:9,2
DA:11,2
DA:12,2
DA:13,2
DA:14,2
DA:15,0
DA:17,0
DA:20,2
DA:21,2
DA:25,2
LF:10
LH:8
BRDA:20,0,0,2
BRDA:20,0,1,0
BRDA:27,1,0,2
BRDA:27,1,1,0
BRF:4
BRH:2
end_of_record
TN:
SF:src\Site\Employee\ProductListEmployee.js
FN:10,ProductListEmployee
FN:33,(anonymous_1)
FN:38,(anonymous_2)
FN:73,(anonymous_3)
FN:74,(anonymous_4)
FN:88,(anonymous_5)
FN:89,(anonymous_6)
FN:103,(anonymous_7)
FN:105,(anonymous_8)
FN:116,(anonymous_9)
FN:125,(anonymous_10)
FN:127,(anonymous_11)
FN:128,(anonymous_12)
FN:144,(anonymous_13)
FN:146,(anonymous_14)
FN:151,(anonymous_15)
FN:163,(anonymous_16)
FN:177,(anonymous_17)
FN:196,(anonymous_18)
FN:203,(anonymous_19)
FN:211,(anonymous_20)
FN:221,(anonymous_21)
FN:284,ConfirmDeliveryPanel
FN:294,(anonymous_23)
FN:298,(anonymous_24)
FN:309,(anonymous_25)
FN:317,(anonymous_26)
FN:326,(anonymous_27)
FN:336,ProductTable
FN:338,(anonymous_29)
FN:363,ProductTableRow
FN:378,(anonymous_31)
FN:379,(anonymous_32)
FN:389,ErrorCartModal
FN:412,RecapCart
FN:420,(anonymous_35)
FNF:36
FNH:12
FNDA:0,ProductListEmployee
FNDA:0,(anonymous_1)
FNDA:0,(anonymous_2)
FNDA:0,(anonymous_3)
FNDA:0,(anonymous_4)
FNDA:0,(anonymous_5)
FNDA:0,(anonymous_6)
FNDA:0,(anonymous_7)
FNDA:0,(anonymous_8)
FNDA:0,(anonymous_9)
FNDA:0,(anonymous_10)
FNDA:0,(anonymous_11)
FNDA:0,(anonymous_12)
FNDA:0,(anonymous_13)
FNDA:0,(anonymous_14)
FNDA:0,(anonymous_15)
FNDA:0,(anonymous_16)
FNDA:0,(anonymous_17)
FNDA:0,(anonymous_18)
FNDA:0,(anonymous_19)
FNDA:0,(anonymous_20)
FNDA:0,(anonymous_21)
FNDA:6,ConfirmDeliveryPanel
FNDA:1,(anonymous_23)
FNDA:1,(anonymous_24)
FNDA:1,(anonymous_25)
FNDA:1,(anonymous_26)
FNDA:1,(anonymous_27)
FNDA:0,ProductTable
FNDA:0,(anonymous_29)
FNDA:5,ProductTableRow
FNDA:1,(anonymous_31)
FNDA:1,(anonymous_32)
FNDA:2,ErrorCartModal
FNDA:6,RecapCart
FNDA:10,(anonymous_35)
DA:11,0
DA:12,0
DA:14,0
DA:16,0
DA:17,0
DA:19,0
DA:21,0
DA:22,0
DA:23,0
DA:24,0
DA:25,0
DA:29,0
DA:30,0
DA:33,0
DA:34,0
DA:38,0
DA:40,0
DA:41,0
DA:42,0
DA:44,0
DA:45,0
DA:46,0
DA:47,0
DA:50,0
DA:51,0
DA:52,0
DA:53,0
DA:56,0
DA:57,0
DA:58,0
DA:59,0
DA:62,0
DA:63,0
DA:64,0
DA:65,0
DA:69,0
DA:73,0
DA:74,0
DA:75,0
DA:76,0
DA:77,0
DA:80,0
DA:83,0
DA:88,0
DA:89,0
DA:90,0
DA:91,0
DA:92,0
DA:93,0
DA:95,0
DA:98,0
DA:103,0
DA:105,0
DA:107,0
DA:108,0
DA:109,0
DA:111,0
DA:116,0
DA:117,0
DA:118,0
DA:121,0
DA:125,0
DA:127,0
DA:128,0
DA:129,0
DA:130,0
DA:133,0
DA:136,0
DA:139,0
DA:144,0
DA:146,0
DA:149,0
DA:151,0
DA:152,0
DA:153,0
DA:154,0
DA:157,0
DA:161,0
DA:163,0
DA:164,0
DA:165,0
DA:168,0
DA:173,0
DA:177,0
DA:179,0
DA:180,0
DA:181,0
DA:182,0
DA:183,0
DA:184,0
DA:186,0
DA:187,0
DA:188,0
DA:189,0
DA:190,0
DA:191,0
DA:193,0
DA:194,0
DA:195,0
DA:196,0
DA:197,0
DA:201,0
DA:202,0
DA:203,0
DA:204,0
DA:208,0
DA:211,0
DA:212,0
DA:213,0
DA:214,0
DA:218,0
DA:221,0
DA:222,0
DA:223,0
DA:224,0
DA:225,0
DA:226,0
DA:228,0
DA:231,0
DA:285,6
DA:294,1
DA:298,1
DA:309,1
DA:317,1
DA:326,1
DA:338,0
DA:339,0
DA:342,0
DA:365,5
DA:366,4
DA:368,4
DA:370,4
DA:378,1
DA:379,1
DA:390,2
DA:414,6
DA:415,6
DA:416,6
DA:417,10
DA:418,10
DA:420,5
DA:421,10
DA:433,5
LF:143
LH:21
BRDA:44,0,0,0
BRDA:44,0,1,0
BRDA:44,1,0,0
BRDA:44,1,1,0
BRDA:50,2,0,0
BRDA:50,2,1,0
BRDA:50,3,0,0
BRDA:50,3,1,0
BRDA:56,4,0,0
BRDA:56,4,1,0
BRDA:56,5,0,0
BRDA:56,5,1,0
BRDA:62,6,0,0
BRDA:62,6,1,0
BRDA:62,7,0,0
BRDA:62,7,1,0
BRDA:62,7,2,0
BRDA:107,8,0,0
BRDA:107,8,1,0
BRDA:117,9,0,0
BRDA:117,9,1,0
BRDA:127,10,0,0
BRDA:127,10,1,0
BRDA:129,11,0,0
BRDA:129,11,1,0
BRDA:146,12,0,0
BRDA:146,12,1,0
BRDA:152,13,0,0
BRDA:152,13,1,0
BRDA:152,14,0,0
BRDA:152,14,1,0
BRDA:161,15,0,0
BRDA:161,15,1,0
BRDA:164,16,0,0
BRDA:164,16,1,0
BRDA:182,17,0,0
BRDA:182,17,1,0
BRDA:182,18,0,0
BRDA:182,18,1,0
BRDA:213,19,0,0
BRDA:213,19,1,0
BRDA:225,20,0,0
BRDA:225,20,1,0
BRDA:225,21,0,0
BRDA:225,21,1,0
BRDA:225,21,2,0
BRDA:234,22,0,0
BRDA:234,22,1,0
BRDA:238,23,0,0
BRDA:238,23,1,0
BRDA:240,24,0,0
BRDA:240,24,1,0
BRDA:249,25,0,0
BRDA:249,25,1,0
BRDA:315,26,0,3
BRDA:315,26,1,2
BRDA:373,27,0,0
BRDA:373,27,1,4
BRDA:380,28,0,0
BRDA:380,28,1,4
BRDA:487,29,0,3
BRDA:487,29,1,2
BRF:62
BRH:6
end_of_record
TN:
SF:src\Site\Employee\employee.js
FN:52,CustomerList
FN:60,(anonymous_1)
FN:64,(anonymous_2)
FN:66,(anonymous_3)
FN:71,(anonymous_4)
FN:75,(anonymous_5)
FN:78,(anonymous_6)
FN:81,(anonymous_7)
FN:92,(anonymous_8)
FN:100,(anonymous_9)
FN:102,(anonymous_10)
FN:117,(anonymous_11)
FN:123,(anonymous_12)
FN:149,CustomerForm
FN:153,walletTopUp
FN:156,(anonymous_15)
FN:165,(anonymous_16)
FN:167,(anonymous_17)
FN:179,(anonymous_18)
FN:181,(anonymous_19)
FN:186,OrderList
FN:193,(anonymous_21)
FN:208,(anonymous_22)
FN:210,(anonymous_23)
FN:214,(anonymous_24)
FN:218,handOutOrder
FN:221,(anonymous_26)
FN:234,(anonymous_27)
FN:237,(anonymous_28)
FN:240,(anonymous_29)
FN:248,(anonymous_30)
FN:250,(anonymous_31)
FN:260,(anonymous_32)
FN:277,(anonymous_33)
FNF:34
FNH:24
FNDA:26,CustomerList
FNDA:0,(anonymous_1)
FNDA:5,(anonymous_2)
FNDA:5,(anonymous_3)
FNDA:0,(anonymous_4)
FNDA:16,(anonymous_5)
FNDA:2,(anonymous_6)
FNDA:2,(anonymous_7)
FNDA:0,(anonymous_8)
FNDA:1,(anonymous_9)
FNDA:2,(anonymous_10)
FNDA:1,(anonymous_11)
FNDA:18,(anonymous_12)
FNDA:26,CustomerForm
FNDA:3,walletTopUp
FNDA:4,(anonymous_15)
FNDA:10,(anonymous_16)
FNDA:3,(anonymous_17)
FNDA:3,(anonymous_18)
FNDA:3,(anonymous_19)
FNDA:13,OrderList
FNDA:0,(anonymous_21)
FNDA:6,(anonymous_22)
FNDA:6,(anonymous_23)
FNDA:0,(anonymous_24)
FNDA:0,handOutOrder
FNDA:0,(anonymous_26)
FNDA:6,(anonymous_27)
FNDA:0,(anonymous_28)
FNDA:0,(anonymous_29)
FNDA:6,(anonymous_30)
FNDA:3,(anonymous_31)
FNDA:8,(anonymous_32)
FNDA:0,(anonymous_33)
DA:53,26
DA:54,26
DA:55,26
DA:56,26
DA:57,26
DA:60,26
DA:61,0
DA:64,26
DA:65,5
DA:67,5
DA:68,5
DA:69,5
DA:71,0
DA:75,26
DA:76,16
DA:77,2
DA:79,2
DA:81,2
DA:82,2
DA:84,2
DA:86,2
DA:88,2
DA:89,2
DA:90,2
DA:93,0
DA:94,0
DA:96,2
DA:100,26
DA:101,1
DA:102,1
DA:103,2
DA:105,1
DA:108,26
DA:117,1
DA:124,18
DA:150,26
DA:151,25
DA:154,3
DA:155,3
DA:156,3
DA:157,4
DA:158,3
DA:159,3
DA:165,25
DA:166,10
DA:167,10
DA:168,3
DA:173,25
DA:179,3
DA:181,3
DA:187,13
DA:188,12
DA:189,12
DA:193,12
DA:194,0
DA:200,12
DA:201,12
DA:202,12
DA:203,0
DA:205,12
DA:208,12
DA:209,6
DA:211,6
DA:212,6
DA:214,0
DA:219,0
DA:221,0
DA:222,0
DA:223,0
DA:224,0
DA:227,0
DA:230,0
DA:231,0
DA:234,12
DA:235,6
DA:236,0
DA:238,0
DA:241,0
DA:243,0
DA:248,12
DA:249,6
DA:250,6
DA:251,3
DA:256,12
DA:261,8
DA:277,0
LF:86
LH:66
BRDA:76,0,0,2
BRDA:76,0,1,14
BRDA:82,1,0,2
BRDA:82,1,1,0
BRDA:103,2,0,2
BRDA:103,2,1,1
BRDA:122,3,0,16
BRDA:122,3,1,10
BRDA:157,4,0,3
BRDA:157,4,1,1
BRDA:166,5,0,10
BRDA:166,5,1,0
BRDA:175,6,0,25
BRDA:175,6,1,2
BRDA:175,6,2,2
BRDA:202,7,0,0
BRDA:202,7,1,12
BRDA:202,8,0,12
BRDA:202,8,1,12
BRDA:202,8,2,0
BRDA:202,8,3,12
BRDA:202,8,4,0
BRDA:222,9,0,0
BRDA:222,9,1,0
BRDA:235,10,0,0
BRDA:235,10,1,6
BRDA:249,11,0,6
BRDA:249,11,1,0
BRDA:259,12,0,6
BRDA:259,12,1,6
BRDA:271,13,0,8
BRDA:271,13,1,8
BRDA:276,14,0,8
BRDA:276,14,1,3
BRDA:276,14,2,0
BRDA:280,15,0,8
BRDA:280,15,1,8
BRDA:280,15,2,0
BRF:38
BRH:27
end_of_record
TN:
SF:src\Site\Manager\ManagerPage.js
FN:13,ManagerPage
FN:26,SeeFarmerOrdersButton
FN:39,ManagerPageFarmerOrders
FN:56,(anonymous_3)
FN:62,(anonymous_4)
FN:71,(anonymous_5)
FN:81,(anonymous_6)
FN:84,(anonymous_7)
FN:89,(anonymous_8)
FN:113,(anonymous_9)
FN:118,(anonymous_10)
FN:131,FarmerOrderItem
FN:140,(anonymous_12)
FN:142,(anonymous_13)
FN:148,(anonymous_14)
FN:151,(anonymous_15)
FN:159,(anonymous_16)
FN:181,(anonymous_17)
FN:184,(anonymous_18)
FN:187,(anonymous_19)
FN:213,(anonymous_20)
FNF:21
FNH:16
FNDA:1,ManagerPage
FNDA:1,SeeFarmerOrdersButton
FNDA:35,ManagerPageFarmerOrders
FNDA:14,(anonymous_3)
FNDA:0,(anonymous_4)
FNDA:0,(anonymous_5)
FNDA:7,(anonymous_6)
FNDA:6,(anonymous_7)
FNDA:1,(anonymous_8)
FNDA:0,(anonymous_9)
FNDA:7,(anonymous_10)
FNDA:15,FarmerOrderItem
FNDA:8,(anonymous_12)
FNDA:0,(anonymous_13)
FNDA:2,(anonymous_14)
FNDA:1,(anonymous_15)
FNDA:1,(anonymous_16)
FNDA:1,(anonymous_17)
FNDA:0,(anonymous_18)
FNDA:2,(anonymous_19)
FNDA:2,(anonymous_20)
DA:15,1
DA:28,1
DA:40,35
DA:41,35
DA:42,35
DA:43,35
DA:47,35
DA:48,35
DA:50,35
DA:51,30
DA:52,35
DA:53,0
DA:56,35
DA:57,14
DA:58,14
DA:59,14
DA:60,14
DA:62,0
DA:63,0
DA:64,0
DA:65,0
DA:66,0
DA:67,0
DA:68,0
DA:69,0
DA:70,0
DA:71,0
DA:72,0
DA:75,0
DA:78,0
DA:81,35
DA:82,7
DA:83,7
DA:85,6
DA:86,6
DA:87,6
DA:90,1
DA:91,1
DA:92,1
DA:98,35
DA:113,0
DA:119,7
DA:132,15
DA:133,15
DA:134,15
DA:135,15
DA:137,15
DA:140,15
DA:141,8
DA:142,1
DA:143,0
DA:148,15
DA:149,2
DA:150,2
DA:153,1
DA:154,1
DA:155,1
DA:157,1
DA:160,1
DA:161,1
DA:165,15
DA:181,1
DA:184,0
DA:188,2
DA:213,2
LF:65
LH:48
BRDA:50,0,0,30
BRDA:50,0,1,5
BRDA:50,1,0,35
BRDA:50,1,1,30
BRDA:52,2,0,0
BRDA:52,2,1,35
BRDA:52,3,0,35
BRDA:52,3,1,0
BRDA:58,4,0,14
BRDA:58,4,1,0
BRDA:63,5,0,0
BRDA:63,5,1,0
BRDA:65,6,0,0
BRDA:65,6,1,0
BRDA:67,7,0,0
BRDA:67,7,1,0
BRDA:69,8,0,0
BRDA:69,8,1,0
BRDA:71,9,0,0
BRDA:71,9,1,0
BRDA:100,10,0,35
BRDA:100,10,1,26
BRDA:101,11,0,5
BRDA:101,11,1,30
BRDA:101,12,0,35
BRDA:101,12,1,15
BRDA:141,13,0,1
BRDA:141,13,1,7
BRDA:175,14,0,2
BRDA:175,14,1,13
BRDA:180,15,0,14
BRDA:180,15,1,1
BRDA:212,16,0,15
BRDA:212,16,1,12
BRDA:212,16,2,10
BRDA:216,17,0,15
BRDA:216,17,1,1
BRDA:219,18,0,15
BRDA:219,18,1,1
BRF:39
BRH:26
end_of_record
